#
# A fatal error has been detected by the Java Runtime Environment:
#
#  EXCEPTION_ACCESS_VIOLATION (0xc0000005) at pc=0x00007ff96a99c9f0, pid=39904, tid=35980
#
# JRE version: OpenJDK Runtime Environment Corretto-17.0.13.11.1 (17.0.13+11) (build 17.0.13+11-LTS)
# Java VM: OpenJDK 64-Bit Server VM Corretto-17.0.13.11.1 (17.0.13+11-LTS, mixed mode, emulated-client, sharing, tiered, compressed oops, compressed class ptrs, g1 gc, windows-amd64)
# Problematic frame:
# V  [jvm.dll+0xc9f0]
#
# No core dump will be written. Minidumps are not enabled by default on client versions of Windows
#
# If you would like to submit a bug report, please visit:
#   https://github.com/corretto/corretto-17/issues/
#

---------------  S U M M A R Y ------------

Command Line: -XX:TieredStopAtLevel=1 -Dspring.output.ansi.enabled=always -Dcom.sun.management.jmxremote -Dspring.jmx.enabled=true -Dspring.liveBeansView.mbeanDomain -Dspring.application.admin.enabled=true -Dmanagement.endpoints.jmx.exposure.include=* -javaagent:C:\Program Files\JetBrains\IntelliJ IDEA 2023.3.6\lib\idea_rt.jar=63280:C:\Program Files\JetBrains\IntelliJ IDEA 2023.3.6\bin -Dfile.encoding=UTF-8 com.freerdp.FreeRDPApplication

Host: 12th Gen Intel(R) Core(TM) i5-12400, 12 cores, 31G,  Windows 10 , 64 bit Build 19041 (10.0.19041.5072)
Time: Tue Nov 19 15:58:44 2024  Windows 10 , 64 bit Build 19041 (10.0.19041.5072) elapsed time: 6.524203 seconds (0d 0h 0m 6s)

---------------  T H R E A D  ---------------

Current thread (0x000001e2e881df60):  JavaThread "Thread-2" [_thread_in_vm, id=35980, stack(0x00000018d7200000,0x00000018d7300000)]

Stack: [0x00000018d7200000,0x00000018d7300000],  sp=0x00000018d72fe5e8,  free space=1017k
Native frames: (J=compiled Java code, j=interpreted, Vv=VM code, C=native code)
V  [jvm.dll+0xc9f0]

Java frames: (J=compiled Java code, j=interpreted, Vv=VM code)
j  com.freerdp.services.LibFreeRDP.freerdp_copy_bitmap(J[BIIII)Z+0
j  com.freerdp.services.LibFreeRDP.copy_bitmap(J[BIIII)Z+9
j  com.freerdp.services.LibFreeRDP.OnGraphicsUpdate(JIIII)V+61
v  ~StubRoutines::call_stub

siginfo: EXCEPTION_ACCESS_VIOLATION (0xc0000005), reading address 0x0000000000000000


Registers:
RAX=0x0000000000000000, RBX=0x000001e2e881df60, RCX=0x0000000000000000, RDX=0x0000000000000000
RSP=0x00000018d72fe5e8, RBP=0x00000018d72fe640, RSI=0x000000000000001c, RDI=0x0000000000000000
R8 =0x000001e2e3e99c00, R9 =0x0000000000000000, R10=0x000001e288e9d079, R11=0x00000006062acd98
R12=0x0000000000000000, R13=0x000001e2e59db498, R14=0x00000018d72fea00, R15=0x000001e2e881df60
RIP=0x00007ff96a99c9f0, EFLAGS=0x0000000000010246


Register to memory mapping:

RIP=0x00007ff96a99c9f0 jvm.dll
RAX=0x0 is NULL
RBX=0x000001e2e881df60 is a thread
RCX=0x0 is NULL
RDX=0x0 is NULL
RSP=0x00000018d72fe5e8 is pointing into the stack for thread: 0x000001e2e881df60
RBP=0x00000018d72fe640 is pointing into the stack for thread: 0x000001e2e881df60
RSI=0x000000000000001c is an unknown value
RDI=0x0 is NULL
R8 =0x000001e2e3e99c00 points into unknown readable memory: 0x000001e2e88bd8f0 | f0 d8 8b e8 e2 01 00 00
R9 =0x0 is NULL
R10=0x000001e288e9d079 is at code_begin+889 in an Interpreter codelet
method entry point (kind = native)  [0x000001e288e9cd00, 0x000001e288e9d660]  2400 bytes
R11=0x00000006062acd98 is an oop: java.lang.Class 
{0x00000006062acd98} - klass: 'java/lang/Class'
 - ---- fields (total size 15 words):
 - private volatile transient 'classRedefinedCount' 'I' @12  0
 - private volatile transient 'cachedConstructor' 'Ljava/lang/reflect/Constructor;' @40  NULL (0)
 - private transient 'name' 'Ljava/lang/String;' @44  "com.freerdp.services.LibFreeRDP"{0x00000006062ace20} (c0c559c4)
 - private transient 'module' 'Ljava/lang/Module;' @48  a 'java/lang/Module'{0x0000000602d01648} (c05a02c9)
 - private final 'classLoader' 'Ljava/lang/ClassLoader;' @52  a 'jdk/internal/loader/ClassLoaders$AppClassLoader'{0x0000000602d01240} (c05a0248)
 - private transient 'classData' 'Ljava/lang/Object;' @56  NULL (0)
 - private transient 'packageName' 'Ljava/lang/String;' @60  "com.freerdp.services"{0x00000006062aa9b0} (c0c55536)
 - private final 'componentType' 'Ljava/lang/Class;' @64  NULL (0)
 - private volatile transient 'reflectionData' 'Ljava/lang/ref/SoftReference;' @68  NULL (0)
 - private volatile transient 'genericInfo' 'Lsun/reflect/generics/repository/ClassRepository;' @72  NULL (0)
 - private volatile transient 'enumConstants' '[Ljava/lang/Object;' @76  NULL (0)
 - private volatile transient 'enumConstantDirectory' 'Ljava/util/Map;' @80  NULL (0)
 - private volatile transient 'annotationData' 'Ljava/lang/Class$AnnotationData;' @84  NULL (0)
 - private volatile transient 'annotationType' 'Lsun/reflect/annotation/AnnotationType;' @88  NULL (0)
 - transient 'classValueMap' 'Ljava/lang/ClassValue$ClassValueMap;' @92  NULL (0)
 - signature: Lcom/freerdp/services/LibFreeRDP;
 - fake entry for mirror: 'com/freerdp/services/LibFreeRDP'
 - fake entry for array: NULL
 - fake entry for oop_size: 15
 - fake entry for static_oop_field_count: 1
 - private static final 'logger' 'Lorg/slf4j/Logger;' @112  a 'ch/qos/logback/classic/Logger'{0x00000006062ad028} (c0c55a05)
R12=0x0 is NULL
R13=0x000001e2e59db498 is pointing into metadata
R14=0x00000018d72fea00 is pointing into the stack for thread: 0x000001e2e881df60
R15=0x000001e2e881df60 is a thread


Top of Stack: (sp=0x00000018d72fe5e8)
0x00000018d72fe5e8:   00007ff96ad7b35a 0000000000000072
0x00000018d72fe5f8:   0000000000000042 00007ffa09e7b00a
0x00000018d72fe608:   00007ff96ad13d6b 0000000000000010
0x00000018d72fe618:   00007ffa09e630b2 000001e2e59db4b8
0x00000018d72fe628:   000000000000001c 000001e2e886cc89
0x00000018d72fe638:   00007ff96b002e00 000001e2e3b637f0
0x00000018d72fe648:   000001e2e3b637f8 000001e2e836ddc0
0x00000018d72fe658:   000001e2e3093380 000001e2e3093390
0x00000018d72fe668:   000001e2e3093768 00000000000003d8
0x00000018d72fe678:   000001e2e59db4b8 00007ff96b2ad4f0
0x00000018d72fe688:   0000000000000000 0000000000000000
0x00000018d72fe698:   0000000000000000 0000000000000000
0x00000018d72fe6a8:   0000000000000000 0000000000000000
0x00000018d72fe6b8:   0000000000000000 0000000000000000
0x00000018d72fe6c8:   000001e2e8000000 00000018d72fe680
0x00000018d72fe6d8:   000001e288eba580 0000000000000000
0x00000018d72fe6e8:   000001e288eba5c2 000001e288eba980
0x00000018d72fe6f8:   0000000000000000 00007ffa09e7b136
0x00000018d72fe708:   0000000000000010 00000018d72fe790
0x00000018d72fe718:   00007ffa09e67e0a 000001e2e881e218
0x00000018d72fe728:   0000000000000000 0000000000000000
0x00000018d72fe738:   0000000000000000 0000000000000000
0x00000018d72fe748:   0000000000000000 0000000000000000
0x00000018d72fe758:   0000000000000000 0000000000000000
0x00000018d72fe768:   00000018d7020000 00000018d72fe680
0x00000018d72fe778:   0000000000000000 0000000000000000
0x00000018d72fe788:   000001e288eba580 000001e200000400
0x00000018d72fe798:   000001e2e3e99c00 00007ff96b2ad490
0x00000018d72fe7a8:   0000000000000000 000001e2e881df60
0x00000018d72fe7b8:   000001e2e8bc38d0 0000000000000000
0x00000018d72fe7c8:   000001e2e881df00 0000000000000000
0x00000018d72fe7d8:   00000000000000b8 0000000000000000 

Instructions: (pc=0x00007ff96a99c9f0)
0x00007ff96a99c8f0:   00 00 00 48 8b 41 38 48 8b 80 68 09 00 00 48 8b
0x00007ff96a99c900:   48 08 48 8b 40 50 48 d3 ea 80 3c 02 01 0f 85 cd
0x00007ff96a99c910:   00 00 00 48 8b 13 0f b6 c2 24 03 3c 03 75 19 48
0x00007ff96a99c920:   83 e2 fc 74 13 48 3b da 74 11 48 8b c2 48 8b 5c
0x00007ff96a99c930:   24 38 48 83 c4 20 5e c3 48 8b d3 48 8b 46 38 0f
0x00007ff96a99c940:   be 88 f1 02 00 00 c1 e9 02 f6 c1 01 74 dc 48 89
0x00007ff96a99c950:   7c 24 30 e8 a8 e3 ff ff 48 8b 0d e9 80 bb 00 48
0x00007ff96a99c960:   8b f8 48 81 c1 70 09 00 00 8b 41 40 0f b6 57 21
0x00007ff96a99c970:   8d 42 01 88 47 21 84 d2 75 0a 48 8b d7 e8 be 39
0x00007ff96a99c980:   70 00 eb 20 80 7f 22 00 75 1a 8b 41 40 85 05 d9
0x00007ff96a99c990:   25 9b 00 74 0f b8 ff ff ff ff f0 0f c1 41 40 e8
0x00007ff96a99c9a0:   ec 39 70 00 48 8b 4e 38 4c 8b c7 48 8b d3 e8 dd
0x00007ff96a99c9b0:   f7 ff ff 0f b6 4f 21 48 8b d8 48 8b 15 87 80 bb
0x00007ff96a99c9c0:   00 8d 41 ff 88 47 21 80 f9 01 77 0f 48 8d 8a 70
0x00007ff96a99c9d0:   09 00 00 48 8b d7 e8 95 39 70 00 48 8b 7c 24 30
0x00007ff96a99c9e0:   48 8b c3 48 8b 5c 24 38 48 83 c4 20 5e c3 cc cc
0x00007ff96a99c9f0:   48 8b 01 c3 cc cc cc cc cc cc cc cc cc cc cc cc
0x00007ff96a99ca00:   4c 8b 01 4c 8b c9 48 8b 0d c3 01 b7 00 ba 44 60
0x00007ff96a99ca10:   08 00 e9 d9 f1 ff ff cc cc cc cc cc cc cc cc cc
0x00007ff96a99ca20:   48 89 5c 24 08 57 48 83 ec 20 48 8b 39 48 8b d9
0x00007ff96a99ca30:   48 85 3d 21 ef bb 00 75 0e 48 8b c7 48 8b 5c 24
0x00007ff96a99ca40:   30 48 83 c4 20 5f c3 48 8b cf e8 c1 d8 85 00 48
0x00007ff96a99ca50:   8b d0 48 85 c0 74 20 48 8b c7 f0 48 0f b1 13 74
0x00007ff96a99ca60:   16 48 85 05 f0 ee bb 00 74 0d 48 8b c8 f0 48 0f
0x00007ff96a99ca70:   b1 13 48 3b c1 75 ea 48 8b 5c 24 30 48 8b c2 48
0x00007ff96a99ca80:   83 c4 20 5f c3 cc cc cc cc cc cc cc cc cc cc cc
0x00007ff96a99ca90:   4c 8b 01 4c 8b c9 48 8b 0d 33 01 b7 00 ba 64 60
0x00007ff96a99caa0:   08 00 e9 49 f1 ff ff cc cc cc cc cc cc cc cc cc
0x00007ff96a99cab0:   8b 05 52 48 b1 00 c3 cc cc cc cc cc cc cc cc cc
0x00007ff96a99cac0:   0f b6 05 52 0a b8 00 48 8b d1 84 c0 74 16 44 8b
0x00007ff96a99cad0:   41 08 8b 0d 30 48 b1 00 49 d3 e0 4c 03 05 1e 48
0x00007ff96a99cae0:   b1 00 eb 04 4c 8b 41 08 45 8b 50 08 45 85 d2 7e 


Stack slot to memory mapping:
stack at sp + 0 slots: 0x00007ff96ad7b35a jvm.dll
stack at sp + 1 slots: 0x0000000000000072 is an unknown value
stack at sp + 2 slots: 0x0000000000000042 is an unknown value
stack at sp + 3 slots: 0x00007ffa09e7b00a JNI.dll
stack at sp + 4 slots: 0x00007ff96ad13d6b jvm.dll
stack at sp + 5 slots: 0x0000000000000010 is an unknown value
stack at sp + 6 slots: 0x00007ffa09e630b2 JNI.dll
stack at sp + 7 slots: {method} {0x000001e2e59db4c0} 'freerdp_copy_bitmap' '(J[BIIII)Z' in 'com/freerdp/services/LibFreeRDP'


---------------  P R O C E S S  ---------------

Threads class SMR info:
_java_thread_list=0x000001e2e8354210, length=33, elements={
0x000001e29f396730, 0x000001e29f397d50, 0x000001e29f3b26e0, 0x000001e29f3b3560,
0x000001e29f3b6f40, 0x000001e29f3b7900, 0x000001e29f3b8980, 0x000001e29f3c0e00,
0x000001e2e3080090, 0x000001e2e3149570, 0x000001e2e338b8d0, 0x000001e2e338bdb0,
0x000001e2e3866ea0, 0x000001e2e8654300, 0x000001e2e86da340, 0x000001e2e8727f90,
0x000001e2e8729df0, 0x000001e2e8727570, 0x000001e2e8727a80, 0x000001e2e87293d0,
0x000001e2e872a300, 0x000001e2e87284a0, 0x000001e2e87289b0, 0x000001e2e8727060,
0x000001e2e8728ec0, 0x000001e2e87298e0, 0x000001e2e872a810, 0x000001e2e881bbf0,
0x000001e2e881acc0, 0x000001e2e8818440, 0x000001e2e881b6e0, 0x000001e2e881cb20,
0x000001e2e881df60
}

Java Threads: ( => current thread )
  0x000001e29f396730 JavaThread "Reference Handler" daemon [_thread_blocked, id=22532, stack(0x00000018d2900000,0x00000018d2a00000)]
  0x000001e29f397d50 JavaThread "Finalizer" daemon [_thread_blocked, id=30136, stack(0x00000018d2a00000,0x00000018d2b00000)]
  0x000001e29f3b26e0 JavaThread "Signal Dispatcher" daemon [_thread_blocked, id=35972, stack(0x00000018d2b00000,0x00000018d2c00000)]
  0x000001e29f3b3560 JavaThread "Attach Listener" daemon [_thread_blocked, id=37948, stack(0x00000018d2c00000,0x00000018d2d00000)]
  0x000001e29f3b6f40 JavaThread "Service Thread" daemon [_thread_blocked, id=8540, stack(0x00000018d2d00000,0x00000018d2e00000)]
  0x000001e29f3b7900 JavaThread "Monitor Deflation Thread" daemon [_thread_blocked, id=36800, stack(0x00000018d2e00000,0x00000018d2f00000)]
  0x000001e29f3b8980 JavaThread "C1 CompilerThread0" daemon [_thread_blocked, id=26920, stack(0x00000018d2f00000,0x00000018d3000000)]
  0x000001e29f3c0e00 JavaThread "Sweeper thread" daemon [_thread_blocked, id=22432, stack(0x00000018d3000000,0x00000018d3100000)]
  0x000001e2e3080090 JavaThread "Common-Cleaner" daemon [_thread_blocked, id=30696, stack(0x00000018d3100000,0x00000018d3200000)]
  0x000001e2e3149570 JavaThread "C1 CompilerThread1" daemon [_thread_blocked, id=3232, stack(0x00000018d3200000,0x00000018d3300000)]
  0x000001e2e338b8d0 JavaThread "Monitor Ctrl-Break" daemon [_thread_in_native, id=34972, stack(0x00000018d3400000,0x00000018d3500000)]
  0x000001e2e338bdb0 JavaThread "Notification Thread" daemon [_thread_blocked, id=34136, stack(0x00000018d3500000,0x00000018d3600000)]
  0x000001e2e3866ea0 JavaThread "RMI TCP Accept-0" daemon [_thread_in_native, id=46876, stack(0x00000018d3600000,0x00000018d3700000)]
  0x000001e2e8654300 JavaThread "RMI TCP Connection(1)-192.168.200.123" daemon [_thread_in_native, id=47660, stack(0x00000018d4400000,0x00000018d4500000)]
  0x000001e2e86da340 JavaThread "RMI Scheduler(0)" daemon [_thread_blocked, id=37900, stack(0x00000018d4500000,0x00000018d4600000)]
  0x000001e2e8727f90 JavaThread "Catalina-utility-1" [_thread_blocked, id=28180, stack(0x00000018d4600000,0x00000018d4700000)]
  0x000001e2e8729df0 JavaThread "Catalina-utility-2" [_thread_blocked, id=11604, stack(0x00000018d4700000,0x00000018d4800000)]
  0x000001e2e8727570 JavaThread "container-0" [_thread_blocked, id=20972, stack(0x00000018d4800000,0x00000018d4900000)]
  0x000001e2e8727a80 JavaThread "http-nio-8080-exec-1" daemon [_thread_blocked, id=36588, stack(0x00000018d4900000,0x00000018d4a00000)]
  0x000001e2e87293d0 JavaThread "http-nio-8080-exec-2" daemon [_thread_blocked, id=5484, stack(0x00000018d4a00000,0x00000018d4b00000)]
  0x000001e2e872a300 JavaThread "http-nio-8080-exec-3" daemon [_thread_blocked, id=41740, stack(0x00000018d4b00000,0x00000018d4c00000)]
  0x000001e2e87284a0 JavaThread "http-nio-8080-exec-4" daemon [_thread_blocked, id=30356, stack(0x00000018d4c00000,0x00000018d4d00000)]
  0x000001e2e87289b0 JavaThread "http-nio-8080-exec-5" daemon [_thread_blocked, id=4508, stack(0x00000018d4d00000,0x00000018d4e00000)]
  0x000001e2e8727060 JavaThread "http-nio-8080-exec-6" daemon [_thread_blocked, id=17372, stack(0x00000018d4e00000,0x00000018d4f00000)]
  0x000001e2e8728ec0 JavaThread "http-nio-8080-exec-7" daemon [_thread_blocked, id=38572, stack(0x00000018d4f00000,0x00000018d5000000)]
  0x000001e2e87298e0 JavaThread "http-nio-8080-exec-8" daemon [_thread_blocked, id=12032, stack(0x00000018d5000000,0x00000018d5100000)]
  0x000001e2e872a810 JavaThread "http-nio-8080-exec-9" daemon [_thread_blocked, id=33328, stack(0x00000018d5100000,0x00000018d5200000)]
  0x000001e2e881bbf0 JavaThread "http-nio-8080-exec-10" daemon [_thread_blocked, id=18384, stack(0x00000018d5200000,0x00000018d5300000)]
  0x000001e2e881acc0 JavaThread "http-nio-8080-Poller" daemon [_thread_in_native, id=27208, stack(0x00000018d5300000,0x00000018d5400000)]
  0x000001e2e8818440 JavaThread "http-nio-8080-Acceptor" daemon [_thread_in_native, id=43508, stack(0x00000018d5400000,0x00000018d5500000)]
  0x000001e2e881b6e0 JavaThread "DestroyJavaVM" [_thread_blocked, id=48264, stack(0x00000018d2200000,0x00000018d2300000)]
  0x000001e2e881cb20 JavaThread "WebSocket background processing" daemon [_thread_blocked, id=32352, stack(0x00000018d6e00000,0x00000018d6f00000)]
=>0x000001e2e881df60 JavaThread "Thread-2" [_thread_in_vm, id=35980, stack(0x00000018d7200000,0x00000018d7300000)]

Other Threads:
  0x000001e29f38c4c0 VMThread "VM Thread" [stack: 0x00000018d2800000,0x00000018d2900000] [id=40352]
  0x000001e2e385e740 WatcherThread [stack: 0x00000018d3700000,0x00000018d3800000] [id=1732]
  0x000001e2ff535470 GCTaskThread "GC Thread#0" [stack: 0x00000018d2300000,0x00000018d2400000] [id=35544]
  0x000001e2e3bd0bc0 GCTaskThread "GC Thread#1" [stack: 0x00000018d3900000,0x00000018d3a00000] [id=26760]
  0x000001e2e3bdc690 GCTaskThread "GC Thread#2" [stack: 0x00000018d3a00000,0x00000018d3b00000] [id=8884]
  0x000001e2e3c01d80 GCTaskThread "GC Thread#3" [stack: 0x00000018d3b00000,0x00000018d3c00000] [id=44956]
  0x000001e2e3c02040 GCTaskThread "GC Thread#4" [stack: 0x00000018d3c00000,0x00000018d3d00000] [id=17548]
  0x000001e2e3c02780 GCTaskThread "GC Thread#5" [stack: 0x00000018d3d00000,0x00000018d3e00000] [id=25500]
  0x000001e2e3c0aa50 GCTaskThread "GC Thread#6" [stack: 0x00000018d3e00000,0x00000018d3f00000] [id=27700]
  0x000001e2e3c0b9b0 GCTaskThread "GC Thread#7" [stack: 0x00000018d3f00000,0x00000018d4000000] [id=31484]
  0x000001e2e3c0c500 GCTaskThread "GC Thread#8" [stack: 0x00000018d4000000,0x00000018d4100000] [id=26332]
  0x000001e2e3c0d460 GCTaskThread "GC Thread#9" [stack: 0x00000018d4100000,0x00000018d4200000] [id=25136]
  0x000001e2ff53e2f0 ConcurrentGCThread "G1 Main Marker" [stack: 0x00000018d2400000,0x00000018d2500000] [id=50956]
  0x000001e2ff53ed10 ConcurrentGCThread "G1 Conc#0" [stack: 0x00000018d2500000,0x00000018d2600000] [id=43036]
  0x000001e2e8511080 ConcurrentGCThread "G1 Conc#1" [stack: 0x00000018d4200000,0x00000018d4300000] [id=31872]
  0x000001e2e8530c00 ConcurrentGCThread "G1 Conc#2" [stack: 0x00000018d4300000,0x00000018d4400000] [id=50704]
  0x000001e29f2c98a0 ConcurrentGCThread "G1 Refine#0" [stack: 0x00000018d2600000,0x00000018d2700000] [id=44748]
  0x000001e29f2ca2d0 ConcurrentGCThread "G1 Service" [stack: 0x00000018d2700000,0x00000018d2800000] [id=16208]

Threads with active compile tasks:

VM state: not at safepoint (normal execution)

VM Mutex/Monitor currently owned by a thread: None

Heap address: 0x0000000602c00000, size: 8148 MB, Compressed Oops mode: Zero based, Oop shift amount: 3

CDS archive(s) mapped at: [0x000001e2a2000000-0x000001e2a2bb0000-0x000001e2a2bb0000), size 12255232, SharedBaseAddress: 0x000001e2a2000000, ArchiveRelocationMode: 1.
Compressed class space mapped at: 0x000001e2a3000000-0x000001e2e3000000, reserved size: 1073741824
Narrow klass base: 0x000001e2a2000000, Narrow klass shift: 0, Narrow klass range: 0x100000000

GC Precious Log:
 CPUs: 12 total, 12 available
 Memory: 32578M
 Large Page Support: Disabled
 NUMA Support: Disabled
 Compressed Oops: Enabled (Zero based)
 Heap Region Size: 4M
 Heap Min Capacity: 8M
 Heap Initial Capacity: 512M
 Heap Max Capacity: 8148M
 Pre-touch: Disabled
 Parallel Workers: 10
 Concurrent Workers: 3
 Concurrent Refinement Workers: 10
 Periodic GC: Disabled

Heap:
 garbage-first heap   total 69632K, used 27604K [0x0000000602c00000, 0x0000000800000000)
  region size 4096K, 5 young (20480K), 1 survivors (4096K)
 Metaspace       used 30724K, committed 31168K, reserved 1114112K
  class space    used 4199K, committed 4416K, reserved 1048576K

Heap Regions: E=young(eden), S=young(survivor), O=old, HS=humongous(starts), HC=humongous(continues), CS=collection set, F=free, OA=open archive, CA=closed archive, TAMS=top-at-mark-start (previous, next)
|   0|0x0000000602c00000, 0x0000000603000000, 0x0000000603000000|100%| O|  |TAMS 0x0000000603000000, 0x0000000602c00000| Untracked 
|   1|0x0000000603000000, 0x0000000603000000, 0x0000000603400000|  0%| F|  |TAMS 0x0000000603000000, 0x0000000603000000| Untracked 
|   2|0x0000000603400000, 0x0000000603400000, 0x0000000603800000|  0%| F|  |TAMS 0x0000000603400000, 0x0000000603400000| Untracked 
|   3|0x0000000603800000, 0x0000000603800000, 0x0000000603c00000|  0%| F|  |TAMS 0x0000000603800000, 0x0000000603800000| Untracked 
|   4|0x0000000603c00000, 0x0000000603c00000, 0x0000000604000000|  0%| F|  |TAMS 0x0000000603c00000, 0x0000000603c00000| Untracked 
|   5|0x0000000604000000, 0x0000000604400000, 0x0000000604400000|100%| O|  |TAMS 0x0000000604000000, 0x0000000604000000| Untracked 
|   6|0x0000000604400000, 0x0000000604800000, 0x0000000604800000|100%| O|  |TAMS 0x0000000604400000, 0x0000000604400000| Untracked 
|   7|0x0000000604800000, 0x0000000604978c00, 0x0000000604c00000| 36%| O|  |TAMS 0x0000000604800000, 0x0000000604800000| Untracked 
|   8|0x0000000604c00000, 0x0000000604c00000, 0x0000000605000000|  0%| F|  |TAMS 0x0000000604c00000, 0x0000000604c00000| Untracked 
|   9|0x0000000605000000, 0x0000000605000000, 0x0000000605400000|  0%| F|  |TAMS 0x0000000605000000, 0x0000000605000000| Untracked 
|  10|0x0000000605400000, 0x0000000605400000, 0x0000000605800000|  0%| F|  |TAMS 0x0000000605400000, 0x0000000605400000| Untracked 
|  11|0x0000000605800000, 0x0000000605800000, 0x0000000605c00000|  0%| F|  |TAMS 0x0000000605800000, 0x0000000605800000| Untracked 
|  12|0x0000000605c00000, 0x0000000605e302c8, 0x0000000606000000| 54%| E|  |TAMS 0x0000000605c00000, 0x0000000605c00000| Complete 
|  13|0x0000000606000000, 0x0000000606400000, 0x0000000606400000|100%| E|CS|TAMS 0x0000000606000000, 0x0000000606000000| Complete 
| 111|0x000000061e800000, 0x000000061ec00000, 0x000000061ec00000|100%| E|CS|TAMS 0x000000061e800000, 0x000000061e800000| Complete 
| 112|0x000000061ec00000, 0x000000061ed7c6c0, 0x000000061f000000| 37%| S|CS|TAMS 0x000000061ec00000, 0x000000061ec00000| Complete 
| 127|0x0000000622800000, 0x0000000622c00000, 0x0000000622c00000|100%| E|CS|TAMS 0x0000000622800000, 0x0000000622800000| Complete 

Card table byte_map: [0x000001e28d2d0000,0x000001e28e2c0000] _byte_map_base: 0x000001e28a2ba000

Marking Bits (Prev, Next): (CMBitMap*) 0x000001e2ff535ad0, (CMBitMap*) 0x000001e2ff535a90
 Prev Bits: [0x000001e297200000, 0x000001e29f150000)
 Next Bits: [0x000001e28f2b0000, 0x000001e297200000)

Polling page: 0x000001e2ff240000

Metaspace:

Usage:
  Non-class:     25.90 MB used.
      Class:      4.10 MB used.
       Both:     30.00 MB used.

Virtual space:
  Non-class space:       64.00 MB reserved,      26.12 MB ( 41%) committed,  1 nodes.
      Class space:        1.00 GB reserved,       4.31 MB ( <1%) committed,  1 nodes.
             Both:        1.06 GB reserved,      30.44 MB (  3%) committed. 

Chunk freelists:
   Non-Class:  5.45 MB
       Class:  11.72 MB
        Both:  17.17 MB

MaxMetaspaceSize: unlimited
CompressedClassSpaceSize: 1.00 GB
Initial GC threshold: 21.00 MB
Current GC threshold: 35.44 MB
CDS: on
MetaspaceReclaimPolicy: balanced
 - commit_granule_bytes: 65536.
 - commit_granule_words: 8192.
 - virtual_space_node_default_size: 8388608.
 - enlarge_chunks_in_place: 1.
 - new_chunks_are_fully_committed: 0.
 - uncommit_free_chunks: 1.
 - use_allocation_guard: 0.
 - handle_deallocations: 1.


Internal statistics:

num_allocs_failed_limit: 3.
num_arena_births: 656.
num_arena_deaths: 0.
num_vsnodes_births: 2.
num_vsnodes_deaths: 0.
num_space_committed: 487.
num_space_uncommitted: 0.
num_chunks_returned_to_freelist: 3.
num_chunks_taken_from_freelist: 1763.
num_chunk_merges: 3.
num_chunk_splits: 1201.
num_chunks_enlarged: 852.
num_inconsistent_stats: 0.

CodeCache: size=49152Kb used=7447Kb max_used=8489Kb free=41704Kb
 bounds [0x000001e288e90000, 0x000001e2896e0000, 0x000001e28be90000]
 total_blobs=4270 nmethods=3714 adapters=482
 compilation: enabled
              stopped_count=0, restarted_count=0
 full_count=0

Compilation events (20 events):
Event: 4.849 Thread 0x000001e29f3b8980 3704       1       java.util.regex.Pattern$Node::<init> (12 bytes)
Event: 4.849 Thread 0x000001e2e3149570 3705       1       java.util.regex.Pattern::next (33 bytes)
Event: 4.850 Thread 0x000001e29f3b8980 nmethod 3704 0x000001e2890ba590 code [0x000001e2890ba720, 0x000001e2890ba858]
Event: 4.850 Thread 0x000001e2e3149570 nmethod 3705 0x000001e2890ba190 code [0x000001e2890ba320, 0x000001e2890ba468]
Event: 4.859 Thread 0x000001e2e3149570 3706       1       jdk.internal.loader.NativeLibraries$NativeLibraryImpl::find (6 bytes)
Event: 4.859 Thread 0x000001e2e3149570 nmethod 3706 0x000001e2890b8c90 code [0x000001e2890b8e20, 0x000001e2890b8f08]
Event: 4.860 Thread 0x000001e2e3149570 3707       1       java.util.Properties$LineReader::readLine (584 bytes)
Event: 4.861 Thread 0x000001e2e3149570 nmethod 3707 0x000001e2890b6f90 code [0x000001e2890b7200, 0x000001e2890b83d8]
Event: 4.861 Thread 0x000001e2e3149570 3708       1       jdk.internal.loader.ClassLoaders::bootLoader (4 bytes)
Event: 4.861 Thread 0x000001e2e3149570 nmethod 3708 0x000001e2890b6c90 code [0x000001e2890b6e20, 0x000001e2890b6ed8]
Event: 4.864 Thread 0x000001e2e3149570 3709       1       java.lang.ClassLoader::getResource (41 bytes)
Event: 4.864 Thread 0x000001e2e3149570 nmethod 3709 0x000001e2890b6790 code [0x000001e2890b6960, 0x000001e2890b6b78]
Event: 4.864 Thread 0x000001e2e3149570 3710       1       org.apache.tomcat.util.http.MimeHeaderField::getValue (5 bytes)
Event: 4.864 Thread 0x000001e2e3149570 nmethod 3710 0x000001e2890b6490 code [0x000001e2890b6620, 0x000001e2890b66f8]
Event: 4.866 Thread 0x000001e29f3b8980 3711   !   1       java.io.StringReader::mark (44 bytes)
Event: 4.866 Thread 0x000001e29f3b8980 nmethod 3711 0x000001e2890b5e10 code [0x000001e2890b5fc0, 0x000001e2890b62d8]
Event: 5.633 Thread 0x000001e29f3b8980 3712       1       java.nio.HeapByteBuffer::put (16 bytes)
Event: 5.633 Thread 0x000001e2e3149570 3713       1       java.nio.Buffer::nextPutIndex (30 bytes)
Event: 5.633 Thread 0x000001e2e3149570 nmethod 3713 0x000001e2890b5710 code [0x000001e2890b58a0, 0x000001e2890b5a28]
Event: 5.633 Thread 0x000001e29f3b8980 nmethod 3712 0x000001e2890b5290 code [0x000001e2890b5440, 0x000001e2890b5608]

GC Heap History (10 events):
Event: 0.369 GC heap before
{Heap before GC invocations=0 (full 0):
 garbage-first heap   total 524288K, used 20480K [0x0000000602c00000, 0x0000000800000000)
  region size 4096K, 6 young (24576K), 0 survivors (0K)
 Metaspace       used 8045K, committed 8256K, reserved 1114112K
  class space    used 1036K, committed 1152K, reserved 1048576K
}
Event: 0.372 GC heap after
{Heap after GC invocations=1 (full 0):
 garbage-first heap   total 524288K, used 5090K [0x0000000602c00000, 0x0000000800000000)
  region size 4096K, 1 young (4096K), 1 survivors (4096K)
 Metaspace       used 8045K, committed 8256K, reserved 1114112K
  class space    used 1036K, committed 1152K, reserved 1048576K
}
Event: 0.510 GC heap before
{Heap before GC invocations=1 (full 0):
 garbage-first heap   total 524288K, used 25570K [0x0000000602c00000, 0x0000000800000000)
  region size 4096K, 6 young (24576K), 1 survivors (4096K)
 Metaspace       used 12097K, committed 12352K, reserved 1114112K
  class space    used 1602K, committed 1728K, reserved 1048576K
}
Event: 0.512 GC heap after
{Heap after GC invocations=2 (full 0):
 garbage-first heap   total 524288K, used 6576K [0x0000000602c00000, 0x0000000800000000)
  region size 4096K, 1 young (4096K), 1 survivors (4096K)
 Metaspace       used 12097K, committed 12352K, reserved 1114112K
  class space    used 1602K, committed 1728K, reserved 1048576K
}
Event: 0.873 GC heap before
{Heap before GC invocations=2 (full 0):
 garbage-first heap   total 524288K, used 59824K [0x0000000602c00000, 0x0000000800000000)
  region size 4096K, 15 young (61440K), 1 survivors (4096K)
 Metaspace       used 21214K, committed 21504K, reserved 1114112K
  class space    used 2886K, committed 3008K, reserved 1048576K
}
Event: 0.876 GC heap after
{Heap after GC invocations=3 (full 0):
 garbage-first heap   total 524288K, used 10933K [0x0000000602c00000, 0x0000000800000000)
  region size 4096K, 2 young (8192K), 2 survivors (8192K)
 Metaspace       used 21214K, committed 21504K, reserved 1114112K
  class space    used 2886K, committed 3008K, reserved 1048576K
}
Event: 1.169 GC heap before
{Heap before GC invocations=4 (full 0):
 garbage-first heap   total 69632K, used 47797K [0x0000000602c00000, 0x0000000800000000)
  region size 4096K, 12 young (49152K), 2 survivors (8192K)
 Metaspace       used 26836K, committed 27328K, reserved 1114112K
  class space    used 3688K, committed 3904K, reserved 1048576K
}
Event: 1.173 GC heap after
{Heap after GC invocations=5 (full 0):
 garbage-first heap   total 69632K, used 14550K [0x0000000602c00000, 0x0000000800000000)
  region size 4096K, 3 young (12288K), 3 survivors (12288K)
 Metaspace       used 26836K, committed 27328K, reserved 1114112K
  class space    used 3688K, committed 3904K, reserved 1048576K
}
Event: 1.211 GC heap before
{Heap before GC invocations=5 (full 0):
 garbage-first heap   total 69632K, used 18646K [0x0000000602c00000, 0x0000000800000000)
  region size 4096K, 4 young (16384K), 3 survivors (12288K)
 Metaspace       used 27645K, committed 28160K, reserved 1114112K
  class space    used 3796K, committed 4032K, reserved 1048576K
}
Event: 1.215 GC heap after
{Heap after GC invocations=6 (full 0):
 garbage-first heap   total 69632K, used 15316K [0x0000000602c00000, 0x0000000800000000)
  region size 4096K, 1 young (4096K), 1 survivors (4096K)
 Metaspace       used 27645K, committed 28160K, reserved 1114112K
  class space    used 3796K, committed 4032K, reserved 1048576K
}

Dll operation events (14 events):
Event: 0.008 Loaded shared library C:\Users\ok10p\.jdks\corretto-17.0.13\bin\java.dll
Event: 0.021 Loaded shared library C:\Users\ok10p\.jdks\corretto-17.0.13\bin\jsvml.dll
Event: 0.067 Loaded shared library C:\Users\ok10p\.jdks\corretto-17.0.13\bin\zip.dll
Event: 0.070 Loaded shared library C:\Users\ok10p\.jdks\corretto-17.0.13\bin\instrument.dll
Event: 0.073 Loaded shared library C:\Users\ok10p\.jdks\corretto-17.0.13\bin\net.dll
Event: 0.075 Loaded shared library C:\Users\ok10p\.jdks\corretto-17.0.13\bin\nio.dll
Event: 0.077 Loaded shared library C:\Users\ok10p\.jdks\corretto-17.0.13\bin\zip.dll
Event: 0.100 Loaded shared library C:\Program Files\JetBrains\IntelliJ IDEA 2023.3.6\bin\breakgen64.dll
Event: 0.102 Loaded shared library C:\Users\ok10p\.jdks\corretto-17.0.13\bin\jimage.dll
Event: 0.107 Loaded shared library C:\Users\ok10p\.jdks\corretto-17.0.13\bin\extnet.dll
Event: 0.114 Loaded shared library C:\Users\ok10p\.jdks\corretto-17.0.13\bin\management.dll
Event: 0.119 Loaded shared library C:\Users\ok10p\.jdks\corretto-17.0.13\bin\management_ext.dll
Event: 0.623 Loaded shared library C:\Users\ok10p\.jdks\corretto-17.0.13\bin\sunmscapi.dll
Event: 4.810 Loaded shared library D:\Dev\Capstone_Design_II\JNI.dll

Deoptimization events (4 events):
Event: 1.070 Thread 0x000001e2ff489000 DEOPT PACKING pc=0x000001e289450709 sp=0x00000018d22fe910
Event: 1.070 Thread 0x000001e2ff489000 DEOPT UNPACKING pc=0x000001e288ee7143 sp=0x00000018d22fdda0 mode 3
Event: 1.070 Thread 0x000001e2e8729df0 DEOPT PACKING pc=0x000001e2893eeb9f sp=0x00000018d47fefe0
Event: 1.070 Thread 0x000001e2e8729df0 DEOPT UNPACKING pc=0x000001e288ee7143 sp=0x00000018d47fe438 mode 3

Classes loaded (20 events):
Event: 4.856 Loading class java/util/Base64$Encoder
Event: 4.856 Loading class java/util/Base64$Encoder done
Event: 4.858 Loading class java/util/zip/DataFormatException
Event: 4.858 Loading class java/util/zip/DataFormatException done
Event: 4.858 Loading class java/util/zip/Deflater
Event: 4.859 Loading class java/util/zip/Deflater done
Event: 4.859 Loading class java/util/zip/Deflater$DeflaterZStreamRef
Event: 4.859 Loading class java/util/zip/Deflater$DeflaterZStreamRef done
Event: 4.860 Loading class sun/security/provider/MD5
Event: 4.860 Loading class sun/security/provider/MD5 done
Event: 4.871 Loading class java/util/concurrent/atomic/AtomicReferenceFieldUpdater
Event: 4.871 Loading class java/util/concurrent/atomic/AtomicReferenceFieldUpdater done
Event: 4.871 Loading class java/util/concurrent/atomic/AtomicReferenceFieldUpdater$AtomicReferenceFieldUpdaterImpl
Event: 4.871 Loading class java/util/concurrent/atomic/AtomicReferenceFieldUpdater$AtomicReferenceFieldUpdaterImpl done
Event: 4.871 Loading class java/util/concurrent/atomic/AtomicReferenceFieldUpdater$AtomicReferenceFieldUpdaterImpl$1
Event: 4.871 Loading class java/util/concurrent/atomic/AtomicReferenceFieldUpdater$AtomicReferenceFieldUpdaterImpl$1 done
Event: 5.641 Loading class java/util/OptionalLong
Event: 5.641 Loading class java/util/OptionalLong done
Event: 5.641 Loading class java/util/OptionalDouble
Event: 5.641 Loading class java/util/OptionalDouble done

Classes unloaded (0 events):
No events

Classes redefined (0 events):
No events

Internal exceptions (20 events):
Event: 0.929 Thread 0x000001e2ff489000 Exception <a 'java/lang/NoSuchMethodError'{0x00000006063d14b8}: 'java.lang.Object java.lang.invoke.DirectMethodHandle$Holder.invokeSpecial(java.lang.Object, java.lang.Object, java.lang.Object, java.lang.Object, int)'> (0x00000006063d14b8) 
thrown [s\src\hotspot\share\interpreter\linkResolver.cpp, line 759]
Event: 0.930 Thread 0x000001e2ff489000 Exception <a 'java/lang/NoSuchMethodError'{0x00000006063d5080}: 'java.lang.Object java.lang.invoke.Invokers$Holder.linkToTargetMethod(java.lang.Object, java.lang.Object, int, java.lang.Object)'> (0x00000006063d5080) 
thrown [s\src\hotspot\share\interpreter\linkResolver.cpp, line 759]
Event: 1.009 Thread 0x000001e2ff489000 Exception <a 'java/lang/NoSuchMethodError'{0x00000006055339b0}: 'java.lang.Object java.lang.invoke.DirectMethodHandle$Holder.invokeSpecial(java.lang.Object, java.lang.Object, long, java.lang.Object, java.lang.Object, java.lang.Object, java.lang.Object, java.lang.Object, java.lang.Object)'> (0x00000006055339b0) 
thrown [s\src\hotspot\share\interpreter\linkResolver.cpp, line 759]
Event: 1.009 Thread 0x000001e2ff489000 Exception <a 'java/lang/NoSuchMethodError'{0x00000006055384d8}: 'java.lang.Object java.lang.invoke.DelegatingMethodHandle$Holder.reinvoke_L(java.lang.Object, long, java.lang.Object, java.lang.Object, java.lang.Object, java.lang.Object, java.lang.Object, java.lang.Object)'> (0x00000006055384d8) 
thrown [s\src\hotspot\share\interpreter\linkResolver.cpp, line 759]
Event: 1.028 Thread 0x000001e2ff489000 Exception <a 'java/io/FileNotFoundException'{0x000000060569def0}> (0x000000060569def0) 
thrown [s\src\hotspot\share\prims\jni.cpp, line 516]
Event: 1.028 Thread 0x000001e2ff489000 Exception <a 'java/io/FileNotFoundException'{0x000000060569f2e0}> (0x000000060569f2e0) 
thrown [s\src\hotspot\share\prims\jni.cpp, line 516]
Event: 1.041 Thread 0x000001e2ff489000 Exception <a 'java/lang/NoSuchMethodError'{0x00000006057cdad8}: 'int java.lang.invoke.DirectMethodHandle$Holder.invokeInterface(java.lang.Object, java.lang.Object, java.lang.Object, java.lang.Object)'> (0x00000006057cdad8) 
thrown [s\src\hotspot\share\interpreter\linkResolver.cpp, line 759]
Event: 1.049 Thread 0x000001e2e8654300 Exception <a 'java/lang/NoSuchMethodError'{0x00000006053ebfc8}: static [B.<clinit>()V> (0x00000006053ebfc8) 
thrown [s\src\hotspot\share\prims\jni.cpp, line 1112]
Event: 1.052 Thread 0x000001e2e8654300 Exception <a 'java/lang/ClassNotFoundException'{0x00000006053f4290}: javax/management/remote/rmi/RMIConnectionImpl_Skel> (0x00000006053f4290) 
thrown [s\src\hotspot\share\classfile\systemDictionary.cpp, line 256]
Event: 1.055 Thread 0x000001e2e8654300 Exception <a 'java/lang/reflect/InvocationTargetException'{0x0000000604f5d7a8}> (0x0000000604f5d7a8) 
thrown [s\src\hotspot\share\runtime\reflection.cpp, line 1128]
Event: 1.057 Thread 0x000001e2e8654300 Exception <a 'java/lang/NoSuchMethodError'{0x0000000604f87280}: static [Ljava/lang/StackTraceElement;.<clinit>()V> (0x0000000604f87280) 
thrown [s\src\hotspot\share\prims\jni.cpp, line 1112]
Event: 1.062 Thread 0x000001e2ff489000 Exception <a 'java/lang/NoSuchMethodError'{0x0000000604dbb3b8}: 'long java.lang.invoke.DirectMethodHandle$Holder.invokeVirtual(java.lang.Object, java.lang.Object)'> (0x0000000604dbb3b8) 
thrown [s\src\hotspot\share\interpreter\linkResolver.cpp, line 759]
Event: 1.080 Thread 0x000001e2ff489000 Exception <a 'sun/nio/fs/WindowsException'{0x00000006049522d8}> (0x00000006049522d8) 
thrown [s\src\hotspot\share\prims\jni.cpp, line 516]
Event: 1.166 Thread 0x000001e2ff489000 Exception <a 'java/lang/IncompatibleClassChangeError'{0x000000060438e390}: Found class java.lang.Object, but interface was expected> (0x000000060438e390) 
thrown [s\src\hotspot\share\interpreter\linkResolver.cpp, line 826]
Event: 1.180 Thread 0x000001e2ff489000 Exception <a 'java/lang/NoSuchMethodError'{0x00000006228b6060}: 'void java.lang.invoke.DirectMethodHandle$Holder.invokeVirtual(java.lang.Object, java.lang.Object, long)'> (0x00000006228b6060) 
thrown [s\src\hotspot\share\interpreter\linkResolver.cpp, line 759]
Event: 1.206 Thread 0x000001e2ff489000 Exception <a 'java/lang/NoSuchMethodError'{0x0000000622bab3a8}: 'int java.lang.invoke.DirectMethodHandle$Holder.invokeStaticInit(java.lang.Object, java.lang.Object, java.lang.Object, java.lang.Object)'> (0x0000000622bab3a8) 
thrown [s\src\hotspot\share\interpreter\linkResolver.cpp, line 759]
Event: 1.239 Thread 0x000001e2ff489000 Exception <a 'java/lang/NoSuchMethodError'{0x0000000622a65d38}: 'java.lang.Object java.lang.invoke.DirectMethodHandle$Holder.newInvokeSpecial(java.lang.Object, java.lang.Object, int, java.lang.Object, java.lang.Object)'> (0x0000000622a65d38) 
thrown [s\src\hotspot\share\interpreter\linkResolver.cpp, line 759]
Event: 4.745 Thread 0x000001e2e8727a80 Exception <a 'java/lang/NoSuchMethodError'{0x000000061eb280c0}: 'java.lang.Object java.lang.invoke.DirectMethodHandle$Holder.invokeSpecial(java.lang.Object, java.lang.Object, java.lang.Object, java.lang.Object, java.lang.Object, long)'> (0x000000061eb280c0) 
thrown [s\src\hotspot\share\interpreter\linkResolver.cpp, line 759]
Event: 4.745 Thread 0x000001e2e8727a80 Exception <a 'java/lang/NoSuchMethodError'{0x000000061eb2bb00}: 'java.lang.Object java.lang.invoke.Invokers$Holder.linkToTargetMethod(java.lang.Object, java.lang.Object, java.lang.Object, long, java.lang.Object)'> (0x000000061eb2bb00) 
thrown [s\src\hotspot\share\interpreter\linkResolver.cpp, line 759]
Event: 4.825 Thread 0x000001e2e87293d0 Exception <a 'java/lang/NoSuchMethodError'{0x0000000622b26ed8}: 'java.lang.Object java.lang.invoke.DirectMethodHandle$Holder.invokeStatic(java.lang.Object, int, int)'> (0x0000000622b26ed8) 
thrown [s\src\hotspot\share\interpreter\linkResolver.cpp, line 759]

VM Operations (20 events):
Event: 1.169 Executing VM operation: G1CollectForAllocation
Event: 1.173 Executing VM operation: G1CollectForAllocation done
Event: 1.189 Executing VM operation: HandshakeAllThreads
Event: 1.189 Executing VM operation: HandshakeAllThreads done
Event: 1.211 Executing VM operation: G1CollectForAllocation
Event: 1.215 Executing VM operation: G1CollectForAllocation done
Event: 2.225 Executing VM operation: Cleanup
Event: 2.225 Executing VM operation: Cleanup done
Event: 4.752 Executing VM operation: HandshakeAllThreads
Event: 4.752 Executing VM operation: HandshakeAllThreads done
Event: 4.815 Executing VM operation: HandshakeAllThreads
Event: 4.815 Executing VM operation: HandshakeAllThreads done
Event: 4.815 Executing VM operation: Cleanup
Event: 4.815 Executing VM operation: Cleanup done
Event: 4.819 Executing VM operation: HandshakeAllThreads
Event: 4.819 Executing VM operation: HandshakeAllThreads done
Event: 4.852 Executing VM operation: HandshakeAllThreads
Event: 4.852 Executing VM operation: HandshakeAllThreads done
Event: 5.644 Executing VM operation: HandshakeAllThreads
Event: 5.644 Executing VM operation: HandshakeAllThreads done

Memory protections (0 events):
No events

Nmethod flushes (0 events):
No events

Events (20 events):
Event: 1.243 Thread 0x000001e2ff489000 Thread added: 0x000001e2e87289b0
Event: 1.243 Thread 0x000001e2ff489000 Thread added: 0x000001e2e8727060
Event: 1.243 Thread 0x000001e2ff489000 Thread added: 0x000001e2e8728ec0
Event: 1.244 Thread 0x000001e2ff489000 Thread added: 0x000001e2e87298e0
Event: 1.244 Thread 0x000001e2ff489000 Thread added: 0x000001e2e872a810
Event: 1.244 Thread 0x000001e2ff489000 Thread added: 0x000001e2e881bbf0
Event: 1.251 Thread 0x000001e2ff489000 Thread added: 0x000001e2e881acc0
Event: 1.252 Thread 0x000001e2ff489000 Thread added: 0x000001e2e8818440
Event: 1.260 Thread 0x000001e2ff489000 Thread exited: 0x000001e2ff489000
Event: 1.260 Thread 0x000001e2e881b6e0 Thread added: 0x000001e2e881b6e0
Event: 1.560 Thread 0x000001e2e8654300 Thread added: 0x000001e2e881da50
Event: 1.568 Thread 0x000001e2e881da50 Thread exited: 0x000001e2e881da50
Event: 1.569 Thread 0x000001e2e8654300 Thread added: 0x000001e2e881da50
Event: 1.574 Thread 0x000001e2e881da50 Thread exited: 0x000001e2e881da50
Event: 1.574 Thread 0x000001e2e8654300 Thread added: 0x000001e2e881df60
Event: 1.578 Thread 0x000001e2e881df60 Thread exited: 0x000001e2e881df60
Event: 4.744 Thread 0x000001e2e314dea0 Thread exited: 0x000001e2e314dea0
Event: 4.744 Thread 0x000001e2e3b8e440 Thread exited: 0x000001e2e3b8e440
Event: 4.875 Thread 0x000001e2e872a300 Thread added: 0x000001e2e881cb20
Event: 6.520 Thread 0x000001e2e881df60 Thread added: 0x000001e2e881df60


Dynamic libraries:
0x00007ff6a0c90000 - 0x00007ff6a0c9e000 	C:\Users\ok10p\.jdks\corretto-17.0.13\bin\java.exe
0x00007ffa3b2d0000 - 0x00007ffa3b4c8000 	C:\Windows\SYSTEM32\ntdll.dll
0x00007ffa3ad90000 - 0x00007ffa3ae52000 	C:\Windows\System32\KERNEL32.DLL
0x00007ffa38e90000 - 0x00007ffa3918e000 	C:\Windows\System32\KERNELBASE.dll
0x00007ffa38970000 - 0x00007ffa38a70000 	C:\Windows\System32\ucrtbase.dll
0x00007ff970cf0000 - 0x00007ff970d07000 	C:\Users\ok10p\.jdks\corretto-17.0.13\bin\jli.dll
0x00007ff96d450000 - 0x00007ff96d46b000 	C:\Users\ok10p\.jdks\corretto-17.0.13\bin\VCRUNTIME140.dll
0x00007ffa3a150000 - 0x00007ffa3a2ed000 	C:\Windows\System32\USER32.dll
0x00007ffa38e10000 - 0x00007ffa38e32000 	C:\Windows\System32\win32u.dll
0x00007ffa3a360000 - 0x00007ffa3a38b000 	C:\Windows\System32\GDI32.dll
0x00007ffa38cf0000 - 0x00007ffa38e07000 	C:\Windows\System32\gdi32full.dll
0x00007ffa2ee90000 - 0x00007ffa2f12a000 	C:\Windows\WinSxS\amd64_microsoft.windows.common-controls_6595b64144ccf1df_6.0.19041.4355_none_60b8b9eb71f62e16\COMCTL32.dll
0x00007ffa38c50000 - 0x00007ffa38ced000 	C:\Windows\System32\msvcp_win.dll
0x00007ffa3ac90000 - 0x00007ffa3ad2e000 	C:\Windows\System32\msvcrt.dll
0x00007ffa3a000000 - 0x00007ffa3a02f000 	C:\Windows\System32\IMM32.DLL
0x00007ffa0be40000 - 0x00007ffa0be4c000 	C:\Users\ok10p\.jdks\corretto-17.0.13\bin\vcruntime140_1.dll
0x00007ff96d270000 - 0x00007ff96d2fd000 	C:\Users\ok10p\.jdks\corretto-17.0.13\bin\msvcp140.dll
0x00007ff96a990000 - 0x00007ff96b5fc000 	C:\Users\ok10p\.jdks\corretto-17.0.13\bin\server\jvm.dll
0x00007ffa3a470000 - 0x00007ffa3a521000 	C:\Windows\System32\ADVAPI32.dll
0x00007ffa3a030000 - 0x00007ffa3a0cf000 	C:\Windows\System32\sechost.dll
0x00007ffa39ed0000 - 0x00007ffa39ff3000 	C:\Windows\System32\RPCRT4.dll
0x00007ffa38a70000 - 0x00007ffa38a97000 	C:\Windows\System32\bcrypt.dll
0x00007ffa3a2f0000 - 0x00007ffa3a35b000 	C:\Windows\System32\WS2_32.dll
0x00007ffa381e0000 - 0x00007ffa3822b000 	C:\Windows\SYSTEM32\POWRPROF.dll
0x00007ffa2cb50000 - 0x00007ffa2cb77000 	C:\Windows\SYSTEM32\WINMM.dll
0x00007ffa31a50000 - 0x00007ffa31a5a000 	C:\Windows\SYSTEM32\VERSION.dll
0x00007ffa380a0000 - 0x00007ffa380b2000 	C:\Windows\SYSTEM32\UMPDC.dll
0x00007ffa367d0000 - 0x00007ffa367e2000 	C:\Windows\SYSTEM32\kernel.appcore.dll
0x00007ffa0bb80000 - 0x00007ffa0bb8a000 	C:\Users\ok10p\.jdks\corretto-17.0.13\bin\jimage.dll
0x00007ffa2c210000 - 0x00007ffa2c3f4000 	C:\Windows\SYSTEM32\DBGHELP.DLL
0x00007ffa27760000 - 0x00007ffa27794000 	C:\Windows\SYSTEM32\dbgcore.DLL
0x00007ffa38b10000 - 0x00007ffa38b92000 	C:\Windows\System32\bcryptPrimitives.dll
0x00007ffa20ba0000 - 0x00007ffa20bae000 	C:\Users\ok10p\.jdks\corretto-17.0.13\bin\instrument.dll
0x00007ff970d40000 - 0x00007ff970d65000 	C:\Users\ok10p\.jdks\corretto-17.0.13\bin\java.dll
0x00007ff96d480000 - 0x00007ff96d557000 	C:\Users\ok10p\.jdks\corretto-17.0.13\bin\jsvml.dll
0x00007ffa39350000 - 0x00007ffa39abd000 	C:\Windows\System32\SHELL32.dll
0x00007ffa369d0000 - 0x00007ffa37174000 	C:\Windows\SYSTEM32\windows.storage.dll
0x00007ffa3ae60000 - 0x00007ffa3b1b3000 	C:\Windows\System32\combase.dll
0x00007ffa382c0000 - 0x00007ffa382ee000 	C:\Windows\SYSTEM32\Wldp.dll
0x00007ffa3b1c0000 - 0x00007ffa3b28d000 	C:\Windows\System32\OLEAUT32.dll
0x00007ffa39cf0000 - 0x00007ffa39d9d000 	C:\Windows\System32\SHCORE.dll
0x00007ffa3ad30000 - 0x00007ffa3ad85000 	C:\Windows\System32\shlwapi.dll
0x00007ffa388a0000 - 0x00007ffa388c4000 	C:\Windows\SYSTEM32\profapi.dll
0x00007ff96d200000 - 0x00007ff96d218000 	C:\Users\ok10p\.jdks\corretto-17.0.13\bin\zip.dll
0x00007ff97a7c0000 - 0x00007ff97a7d9000 	C:\Users\ok10p\.jdks\corretto-17.0.13\bin\net.dll
0x00007ffa33900000 - 0x00007ffa33a0d000 	C:\Windows\SYSTEM32\WINHTTP.dll
0x00007ffa38030000 - 0x00007ffa3809a000 	C:\Windows\system32\mswsock.dll
0x00007ff96d250000 - 0x00007ff96d266000 	C:\Users\ok10p\.jdks\corretto-17.0.13\bin\nio.dll
0x00007ffa0c010000 - 0x00007ffa0c02a000 	C:\Program Files\JetBrains\IntelliJ IDEA 2023.3.6\bin\breakgen64.dll
0x00007ffa37d70000 - 0x00007ffa37e3a000 	C:\Windows\SYSTEM32\DNSAPI.dll
0x00007ffa37d30000 - 0x00007ffa37d6b000 	C:\Windows\SYSTEM32\IPHLPAPI.DLL
0x00007ffa39cd0000 - 0x00007ffa39cd8000 	C:\Windows\System32\NSI.dll
0x00007ffa0b870000 - 0x00007ffa0b879000 	C:\Users\ok10p\.jdks\corretto-17.0.13\bin\extnet.dll
0x00007ffa2f750000 - 0x00007ffa2f75a000 	C:\Windows\System32\rasadhlp.dll
0x00007ffa319d0000 - 0x00007ffa31a50000 	C:\Windows\System32\fwpuclnt.dll
0x00007ffa20b90000 - 0x00007ffa20b99000 	C:\Users\ok10p\.jdks\corretto-17.0.13\bin\management.dll
0x00007ffa1d370000 - 0x00007ffa1d37b000 	C:\Users\ok10p\.jdks\corretto-17.0.13\bin\management_ext.dll
0x00007ffa3a530000 - 0x00007ffa3a538000 	C:\Windows\System32\PSAPI.DLL
0x00007ffa38610000 - 0x00007ffa38628000 	C:\Windows\SYSTEM32\CRYPTSP.dll
0x00007ffa37910000 - 0x00007ffa37944000 	C:\Windows\system32\rsaenh.dll
0x00007ffa38860000 - 0x00007ffa3888e000 	C:\Windows\SYSTEM32\USERENV.dll
0x00007ffa38230000 - 0x00007ffa3823c000 	C:\Windows\SYSTEM32\CRYPTBASE.dll
0x00007ffa33a10000 - 0x00007ffa33a27000 	C:\Windows\SYSTEM32\dhcpcsvc6.DLL
0x00007ffa33780000 - 0x00007ffa3379d000 	C:\Windows\SYSTEM32\dhcpcsvc.DLL
0x00007ffa0ca00000 - 0x00007ffa0ca17000 	C:\Windows\system32\napinsp.dll
0x00007ffa17880000 - 0x00007ffa1789b000 	C:\Windows\system32\pnrpnsp.dll
0x00007ffa1dfd0000 - 0x00007ffa1dfe5000 	C:\Windows\system32\wshbth.dll
0x00007ffa34d00000 - 0x00007ffa34d1d000 	C:\Windows\system32\NLAapi.dll
0x00007ffa178d0000 - 0x00007ffa178e2000 	C:\Windows\System32\winrnr.dll
0x00007ffa350c0000 - 0x00007ffa350ce000 	C:\Users\ok10p\.jdks\corretto-17.0.13\bin\sunmscapi.dll
0x00007ffa39190000 - 0x00007ffa392ec000 	C:\Windows\System32\CRYPT32.dll
0x00007ffa38330000 - 0x00007ffa38357000 	C:\Windows\SYSTEM32\ncrypt.dll
0x00007ffa382f0000 - 0x00007ffa3832b000 	C:\Windows\SYSTEM32\NTASN1.dll
0x00007ffa1dd20000 - 0x00007ffa1dd27000 	C:\Windows\system32\wshunix.dll
0x00007ffa09e50000 - 0x00007ffa09e7f000 	D:\Dev\Capstone_Design_II\JNI.dll
0x00007ff95b830000 - 0x00007ff95b88a000 	D:\Dev\Capstone_Design_II\wfreerdp-client3.dll
0x00007ff94de60000 - 0x00007ff94df6a000 	D:\Dev\Capstone_Design_II\winpr3.dll
0x00007ff945c30000 - 0x00007ff945d4c000 	D:\Dev\Capstone_Design_II\freerdp-client3.dll
0x00007ff945870000 - 0x00007ff945c23000 	D:\Dev\Capstone_Design_II\freerdp3.dll
0x00007ffa3aa40000 - 0x00007ffa3ab6b000 	C:\Windows\System32\ole32.dll
0x00007ff9ed840000 - 0x00007ff9ed86b000 	C:\Windows\SYSTEM32\VCRUNTIME140D.dll
0x00007ffa2f760000 - 0x00007ffa2f767000 	C:\Windows\SYSTEM32\MSIMG32.dll
0x00007ffa1a6e0000 - 0x00007ffa1a6f9000 	C:\Windows\SYSTEM32\credui.dll
0x00007ff943740000 - 0x00007ff943907000 	C:\Windows\SYSTEM32\ucrtbased.dll
0x00007ffa2f350000 - 0x00007ffa2f3f4000 	C:\Windows\SYSTEM32\WINSPOOL.DRV
0x00007ff9ddd70000 - 0x00007ff9dddb0000 	C:\Windows\SYSTEM32\libcjson.dll
0x00007ff94de00000 - 0x00007ff94de54000 	C:\Windows\SYSTEM32\libzlib.dll
0x00007ff943240000 - 0x00007ff943733000 	C:\msys64\mingw64\bin\libcrypto-3-x64.dll
0x00007ff945670000 - 0x00007ff945769000 	C:\msys64\mingw64\bin\libssl-3-x64.dll
0x00007ff9c06f0000 - 0x00007ff9c0714000 	C:\msys64\mingw64\bin\ZLIB1.dll
0x00007ff971ce0000 - 0x00007ff971d07000 	C:\msys64\mingw64\lib\ossl-modules\legacy.dll
0x00007ffa1ce70000 - 0x00007ffa1ce7c000 	C:\Windows\SYSTEM32\secur32.dll
0x00007ffa38820000 - 0x00007ffa38852000 	C:\Windows\SYSTEM32\SSPICLI.DLL
0x00007ffa37fa0000 - 0x00007ffa3802b000 	C:\Windows\system32\msv1_0.DLL
0x00007ffa386a0000 - 0x00007ffa386b4000 	C:\Windows\SYSTEM32\NtlmShared.dll
0x00007ffa38680000 - 0x00007ffa38695000 	C:\Windows\SYSTEM32\cryptdll.dll

dbghelp: loaded successfully - version: 4.0.5 - missing functions: none
symbol engine: initialized successfully - sym options: 0x614 - pdb path: .;C:\Users\ok10p\.jdks\corretto-17.0.13\bin;C:\Windows\SYSTEM32;C:\Windows\WinSxS\amd64_microsoft.windows.common-controls_6595b64144ccf1df_6.0.19041.4355_none_60b8b9eb71f62e16;C:\Users\ok10p\.jdks\corretto-17.0.13\bin\server;C:\Program Files\JetBrains\IntelliJ IDEA 2023.3.6\bin;D:\Dev\Capstone_Design_II;C:\msys64\mingw64\bin;C:\msys64\mingw64\lib\ossl-modules

VM Arguments:
jvm_args: -XX:TieredStopAtLevel=1 -Dspring.output.ansi.enabled=always -Dcom.sun.management.jmxremote -Dspring.jmx.enabled=true -Dspring.liveBeansView.mbeanDomain -Dspring.application.admin.enabled=true -Dmanagement.endpoints.jmx.exposure.include=* -javaagent:C:\Program Files\JetBrains\IntelliJ IDEA 2023.3.6\lib\idea_rt.jar=63280:C:\Program Files\JetBrains\IntelliJ IDEA 2023.3.6\bin -Dfile.encoding=UTF-8 
java_command: com.freerdp.FreeRDPApplication
java_class_path (initial): D:\Dev\Capstone_Design_II\build\classes\java\main;D:\Dev\Capstone_Design_II\build\resources\main;C:\Users\ok10p\.gradle\caches\modules-2\files-2.1\org.projectlombok\lombok\1.18.34\ec547ef414ab1d2c040118fb9c1c265ada63af14\lombok-1.18.34.jar;C:\Users\ok10p\.gradle\caches\modules-2\files-2.1\org.springframework.boot\spring-boot-starter-websocket\3.3.5\f34b2713e59c3717f654eeaea7a4aa0771738d4f\spring-boot-starter-websocket-3.3.5.jar;C:\Users\ok10p\.gradle\caches\modules-2\files-2.1\org.springframework.boot\spring-boot-starter-web\3.3.5\51cc6cd5fb15f4eecfadea4ac689ed290e65c2cc\spring-boot-starter-web-3.3.5.jar;C:\Users\ok10p\.gradle\caches\modules-2\files-2.1\org.springframework\spring-websocket\6.1.14\bb2335356845bf703234fea83fcfa032b759c99\spring-websocket-6.1.14.jar;C:\Users\ok10p\.gradle\caches\modules-2\files-2.1\org.springframework\spring-messaging\6.1.14\97e6f282fc94bfaec4d0146511727186452a0af\spring-messaging-6.1.14.jar;C:\Users\ok10p\.gradle\caches\modules-2\files-2.1\org.springframework.boot\spring-boot-starter-json\3.3.5\a92dd0bc808c9de278bc62bc37db4e409027657a\spring-boot-starter-json-3.3.5.jar;C:\Users\ok10p\.gradle\caches\modules-2\files-2.1\org.springframework.boot\spring-boot-starter\3.3.5\16b7a9acf1918a8f763e871ada3794e9ffd4a980\spring-boot-starter-3.3.5.jar;C:\Users\ok10p\.gradle\caches\modules-2\files-2.1\org.springframework.boot\spring-boot-starter-tomcat\3.3.5\9fcf404e2efc06612af0c194e6d4f4162c6aac24\spring-boot-starter-tomcat-3.3.5.jar;C:\Users\ok10p\.gradle\caches\modules-2\files-2.1\org.springframework\spring-webmvc\6.1.14\804478303aac6f91ea566efd4fef3dc06380528a\spring-webmvc-6.1.14.jar;C:\Users\ok10p\.gradle\caches\modules-2\files-2.1\org.springframework\spring-web\6.1.14\b45eaad7df4f37ce224acdcb555a6a3dd5c246b2\spring-web-6.1.14.jar;C:\Users\ok10p\.gradle\caches\modules-2\files-2.1\org.springframework\spring-context\6.1.14\b3d96fb4310376a608465c3544b7cfb790293787\spring-context-6.1.14.jar;C:\Users\ok10p\.gradle\cache
Launcher Type: SUN_STANDARD

[Global flags]
     intx CICompilerCount                          = 4                                         {product} {ergonomic}
     uint ConcGCThreads                            = 3                                         {product} {ergonomic}
     uint G1ConcRefinementThreads                  = 10                                        {product} {ergonomic}
   size_t G1HeapRegionSize                         = 4194304                                   {product} {ergonomic}
    uintx GCDrainStackTargetSize                   = 64                                        {product} {ergonomic}
   size_t InitialHeapSize                          = 536870912                                 {product} {ergonomic}
     bool ManagementServer                         = true                                      {product} {command line}
   size_t MarkStackSize                            = 4194304                                   {product} {ergonomic}
   size_t MaxHeapSize                              = 8543797248                                {product} {ergonomic}
   size_t MaxNewSize                               = 5125439488                                {product} {ergonomic}
   size_t MinHeapDeltaBytes                        = 4194304                                   {product} {ergonomic}
   size_t MinHeapSize                              = 8388608                                   {product} {ergonomic}
    uintx NonProfiledCodeHeapSize                  = 0                                      {pd product} {ergonomic}
     bool ProfileInterpreter                       = false                                  {pd product} {command line}
    uintx ProfiledCodeHeapSize                     = 0                                      {pd product} {ergonomic}
   size_t SoftMaxHeapSize                          = 8543797248                             {manageable} {ergonomic}
     intx TieredStopAtLevel                        = 1                                         {product} {command line}
     bool UseCompressedClassPointers               = true                           {product lp64_product} {ergonomic}
     bool UseCompressedOops                        = true                           {product lp64_product} {ergonomic}
     bool UseG1GC                                  = true                                      {product} {ergonomic}
     bool UseLargePagesIndividualAllocation        = false                                  {pd product} {ergonomic}

Logging:
Log output configuration:
 #0: stdout all=warning uptime,level,tags
 #1: stderr all=off uptime,level,tags

Environment Variables:
JAVA_HOME=C:\Program Files\Java\jdk-19
CLASSPATH=C:\Program Files\Java\jdk-19\lib
PATH=C:\Program Files\NVIDIA GPU Computing Toolkit\CUDA\v12.3\bin;C:\Program Files\NVIDIA GPU Computing Toolkit\CUDA\v12.3\libnvvp;C:\Windows\system32;C:\Windows;C:\Windows\System32\Wbem;C:\Windows\System32\WindowsPowerShell\v1.0\;C:\Windows\System32\OpenSSH\;C:\Program Files\Bandizip\;C:\Program Files\MATLAB\R2022a\bin;C:\Program Files\Java\jdk-19\bin;C:\Program Files\PuTTY\;C:\Users\ok10p\AppData\Local\Packages\PythonSoftwareFoundation.Python.3.11_qbz5n2kfra8p0\LocalCache\local-packages\Python311\site-packages;C:\Program Files\Docker\Docker\resources\bin;C:\Program Files\NVIDIA Corporation\Nsight Compute 2023.3.0\;C:\Program Files (x86)\NVIDIA Corporation\PhysX\Common;C:\Program Files\NVIDIA Corporation\NVIDIA NvDLISR;C:\Program Files\Git\cmd;C:\msys64;C:\msys64\usr\bin;C:\msys64\mingw64\bin;C:\Program Files\CMake\bin;D:\Dev\install\ffmpeg-2024-10-24-git-153a6dc8fa-full_build\bin;D:\Dev\install\OpenSSL-Win64\bin;C:\Users\ok10p\anaconda3;C:\Users\ok10p\anaconda3\Library\mingw-w64\bin;C:\Users\ok10p\anaconda3\Library\usr\bin;C:\Users\ok10p\anaconda3\Library\bin;C:\Users\ok10p\anaconda3\Scripts;C:\Users\ok10p\AppData\Local\Microsoft\WindowsApps;C:\Users\ok10p\AppData\Local\GitHubDesktop\bin;C:\Users\ok10p\AppData\Local\Programs\Microsoft VS Code\bin;C:\Program Files\Java\jdk-22\bin;C:\Program Files\JetBrains\IntelliJ IDEA 2023.3.6\bin;;C:\msys64\ucrt64\bin;
USERNAME=ok10p
OS=Windows_NT
PROCESSOR_IDENTIFIER=Intel64 Family 6 Model 151 Stepping 5, GenuineIntel
TMP=C:\Users\ok10p\AppData\Local\Temp
TEMP=C:\Users\ok10p\AppData\Local\Temp



Periodic native trim disabled


---------------  S Y S T E M  ---------------

OS:
 Windows 10 , 64 bit Build 19041 (10.0.19041.5072)
OS uptime: 1 days 20:47 hours
Hyper-V role detected

CPU: total 12 (initial active 12) (6 cores per cpu, 2 threads per core) family 6 model 151 stepping 5 microcode 0xf, cx8, cmov, fxsr, ht, mmx, 3dnowpref, sse, sse2, sse3, ssse3, sse4.1, sse4.2, popcnt, lzcnt, tsc, tscinvbit, avx, avx2, aes, erms, clmul, bmi1, bmi2, adx, sha, fma, vzeroupper, clflush, clflushopt, clwb, hv
Processor Information for all 12 processors :
  Max Mhz: 2500, Current Mhz: 2500, Mhz Limit: 2500

Memory: 4k page, system-wide physical 32578M (16755M free)
TotalPageFile size 34626M (AvailPageFile size 10704M)
current process WorkingSet (physical memory assigned to process): 201M, peak: 201M
current process commit charge ("private bytes"): 261M, peak: 649M

vm_info: OpenJDK 64-Bit Server VM (17.0.13+11-LTS) for windows-amd64 JRE (17.0.13+11-LTS), built on Oct 10 2024 19:51:30 by "Administrator" with MS VC++ 16.10 / 16.11 (VS2019)

END.
