#
# A fatal error has been detected by the Java Runtime Environment:
#
#  EXCEPTION_ACCESS_VIOLATION (0xc0000005) at pc=0x00007ffa1329cc8c, pid=52848, tid=57032
#
# JRE version: OpenJDK Runtime Environment Corretto-17.0.13.11.1 (17.0.13+11) (build 17.0.13+11-LTS)
# Java VM: OpenJDK 64-Bit Server VM Corretto-17.0.13.11.1 (17.0.13+11-LTS, mixed mode, emulated-client, sharing, tiered, compressed oops, compressed class ptrs, g1 gc, windows-amd64)
# Problematic frame:
# C  [JNI.dll+0x1cc8c]
#
# No core dump will be written. Minidumps are not enabled by default on client versions of Windows
#
# If you would like to submit a bug report, please visit:
#   https://github.com/corretto/corretto-17/issues/
# The crash happened outside the Java Virtual Machine in native code.
# See problematic frame for where to report the bug.
#

---------------  S U M M A R Y ------------

Command Line: -XX:TieredStopAtLevel=1 -Dspring.output.ansi.enabled=always -Dcom.sun.management.jmxremote -Dspring.jmx.enabled=true -Dspring.liveBeansView.mbeanDomain -Dspring.application.admin.enabled=true -Dmanagement.endpoints.jmx.exposure.include=* -javaagent:C:\Program Files\JetBrains\IntelliJ IDEA 2023.3.6\lib\idea_rt.jar=49865:C:\Program Files\JetBrains\IntelliJ IDEA 2023.3.6\bin -Dfile.encoding=UTF-8 com.freerdp.FreeRDPApplication

Host: 12th Gen Intel(R) Core(TM) i5-12400, 12 cores, 31G,  Windows 10 , 64 bit Build 19041 (10.0.19041.5072)
Time: Wed Nov 20 02:30:47 2024  Windows 10 , 64 bit Build 19041 (10.0.19041.5072) elapsed time: 5.921962 seconds (0d 0h 0m 5s)

---------------  T H R E A D  ---------------

Current thread (0x00000115dae92fd0):  JavaThread "pool-2-thread-1" [_thread_in_native, id=57032, stack(0x0000001370b00000,0x0000001370c00000)]

Stack: [0x0000001370b00000,0x0000001370c00000],  sp=0x0000001370bfecc0,  free space=1019k
Native frames: (J=compiled Java code, j=interpreted, Vv=VM code, C=native code)
C  [JNI.dll+0x1cc8c]

Java frames: (J=compiled Java code, j=interpreted, Vv=VM code)
j  com.freerdp.services.LibFreeRDP.freerdp_copy_bitmap(J[BIIII)Z+0
j  com.freerdp.services.LibFreeRDP.copy_bitmap(J[BIIII)Z+9
j  com.freerdp.services.LibFreeRDP.createBitmapImage()[B+24
j  com.freerdp.config.RDSWebSocketHandler.lambda$afterConnectionEstablished$0(Lorg/springframework/web/socket/WebSocketSession;)V+0
j  com.freerdp.config.RDSWebSocketHandler$$Lambda$857+0x0000011596440ea0.run()V+4
j  java.util.concurrent.Executors$RunnableAdapter.call()Ljava/lang/Object;+4 java.base@17.0.13
j  java.util.concurrent.FutureTask.runAndReset()Z+44 java.base@17.0.13
j  java.util.concurrent.ScheduledThreadPoolExecutor$ScheduledFutureTask.run()V+35 java.base@17.0.13
j  java.util.concurrent.ThreadPoolExecutor.runWorker(Ljava/util/concurrent/ThreadPoolExecutor$Worker;)V+92 java.base@17.0.13
j  java.util.concurrent.ThreadPoolExecutor$Worker.run()V+5 java.base@17.0.13
j  java.lang.Thread.run()V+11 java.base@17.0.13
v  ~StubRoutines::call_stub

siginfo: EXCEPTION_ACCESS_VIOLATION (0xc0000005), reading address 0x0000000000000010


Registers:
RAX=0x0000000000000000, RBX=0x00000115d79d9b10, RCX=0x00000115dae93268, RDX=0x00000115dae93268
RSP=0x0000001370bfecc0, RBP=0x0000001370bfed30, RSI=0x0000000000000000, RDI=0x00000115fa8e94ea
R8 =0x00000000000000e0, R9 =0x00000000000000e0, R10=0x00007ff96d450000, R11=0x00007ff96d4516a9
R12=0x0000000000000000, R13=0x00000115d79d9af0, R14=0x0000001370bfef80, R15=0x00000115dae92fd0
RIP=0x00007ffa1329cc8c, EFLAGS=0x0000000000010206


Register to memory mapping:

RIP=0x00007ffa1329cc8c JNI.dll
RAX=0x0 is NULL
RBX={method} {0x00000115d79d9b18} 'freerdp_copy_bitmap' '(J[BIIII)Z' in 'com/freerdp/services/LibFreeRDP'
RCX=0x00000115dae93268 points into unknown readable memory: 0x0000001370bfee90 | 90 ee bf 70 13 00 00 00
RDX=0x00000115dae93268 points into unknown readable memory: 0x0000001370bfee90 | 90 ee bf 70 13 00 00 00
RSP=0x0000001370bfecc0 is pointing into the stack for thread: 0x00000115dae92fd0
RBP=0x0000001370bfed30 is pointing into the stack for thread: 0x00000115dae92fd0
RSI=0x0 is NULL
RDI=0x00000115fa8e94ea is at code_begin+1098 in an Interpreter codelet
return entry points  [0x00000115fa8e90a0, 0x00000115fa8e98c0]  2080 bytes
R8 =0x00000000000000e0 is an unknown value
R9 =0x00000000000000e0 is an unknown value
R10=0x00007ff96d450000 VCRUNTIME140.dll
R11=0x00007ff96d4516a9 VCRUNTIME140.dll
R12=0x0 is NULL
R13=0x00000115d79d9af0 is pointing into metadata
R14=0x0000001370bfef80 is pointing into the stack for thread: 0x00000115dae92fd0
R15=0x00000115dae92fd0 is a thread


Top of Stack: (sp=0x0000001370bfecc0)
0x0000001370bfecc0:   00000115dae93288 0000001370bfef70
0x0000001370bfecd0:   0000000000000000 0000000000000000
0x0000001370bfece0:   0000000000000000 0000001370020000
0x0000001370bfecf0:   0000001370bfec00 0000000000000000
0x0000001370bfed00:   0000000000000000 00000115fa90a580
0x0000001370bfed10:   0000011500000000 0000001300000000
0x0000001370bfed20:   0000000000000048 0000000000000000
0x0000001370bfed30:   00000115dae92fd0 00000115da7ad770
0x0000001370bfed40:   0000000000000000 00000115dae92f00
0x0000001370bfed50:   0000000000000000 0000000000000000
0x0000001370bfed60:   0000000000000000 0000000000000000
0x0000001370bfed70:   00000115dae92f00 00000115dcbcc040
0x0000001370bfed80:   0000000000000000 0000000000000000
0x0000001370bfed90:   00007ff96b2f9dc8 0000011594155030
0x0000001370bfeda0:   0000001300000004 0000000015555b69
0x0000001370bfedb0:   00000115d79d9b10 00000115dae92fd0
0x0000001370bfedc0:   0000000200000007 0000000000000006
0x0000001370bfedd0:   00000115dacf65d0 0000004800000003
0x0000001370bfede0:   00000115dae92fd0 0000001370bfef80
0x0000001370bfedf0:   0000000000000000 00000115fa8e94ea
0x0000001370bfee00:   0000000000000000 00000115d79d9af0
0x0000001370bfee10:   0000001370bfef30 00007ff96ad16bc2
0x0000001370bfee20:   0000000015555b69 00000115fa90bc64
0x0000001370bfee30:   00000115dae92fd0 00007ff96afbfb9e
0x0000001370bfee40:   00000115d79d9b10 00000115dae92fd0
0x0000001370bfee50:   00000115fa8e94ea 00000115fa8ecf15
0x0000001370bfee60:   00000115d79d9b10 00000115d79d9b10
0x0000001370bfee70:   00000115dae92fd0 00000115fa8e94ea
0x0000001370bfee80:   0000001370bfef30 00000115fa8ed0a8
0x0000001370bfee90:   00000115dae93288 0000001370bfef40
0x0000001370bfeea0:   00000115da7ad770 0000001370bfef70
0x0000001370bfeeb0:   0000011500000000 0000011500000000 

Instructions: (pc=0x00007ffa1329cc8c)
0x00007ffa1329cb8c:   0d a7 87 00 00 e8 c5 48 ff ff 85 c0 74 70 8b 05
0x00007ffa1329cb9c:   cc 84 00 00 83 c0 06 48 98 48 8b 8d 70 01 00 00
0x00007ffa1329cbac:   48 89 4c 24 48 48 8b 8d 68 01 00 00 48 89 4c 24
0x00007ffa1329cbbc:   40 48 8b 8d 60 01 00 00 48 89 4c 24 38 48 8d 0d
0x00007ffa1329cbcc:   90 4d 00 00 48 89 4c 24 30 48 8d 0d c4 4d 00 00
0x00007ffa1329cbdc:   48 89 4c 24 28 48 8d 0d d0 44 00 00 48 89 4c 24
0x00007ffa1329cbec:   20 4c 8b c8 41 b8 05 00 00 00 33 d2 48 8b 0d 39
0x00007ffa1329cbfc:   87 00 00 e8 b9 45 ff ff 33 c0 85 c0 75 90 33 c0
0x00007ffa1329cc0c:   85 c0 0f 85 71 ff ff ff 33 c0 85 c0 0f 85 4a ff
0x00007ffa1329cc1c:   ff ff 32 c0 e9 e3 00 00 00 48 8b 45 08 48 8b 00
0x00007ffa1329cc2c:   48 8b 80 08 01 00 00 48 89 45 28 45 33 c0 48 8b
0x00007ffa1329cc3c:   95 78 01 00 00 48 8b 8d 60 01 00 00 e8 86 48 ff
0x00007ffa1329cc4c:   ff 48 89 45 48 48 83 7d 48 00 75 07 32 c0 e9 a9
0x00007ffa1329cc5c:   00 00 00 48 8b 45 28 48 83 c0 48 c7 44 24 68 00
0x00007ffa1329cc6c:   00 00 00 48 89 44 24 60 8b 85 88 01 00 00 89 44
0x00007ffa1329cc7c:   24 58 8b 85 80 01 00 00 89 44 24 50 48 8b 45 28
0x00007ffa1329cc8c:   8b 40 10 89 44 24 48 48 8b 45 28 8b 40 14 89 44
0x00007ffa1329cc9c:   24 40 48 8b 45 28 48 8b 40 40 48 89 44 24 38 8b
0x00007ffa1329ccac:   85 98 01 00 00 89 44 24 30 8b 85 90 01 00 00 89
0x00007ffa1329ccbc:   44 24 28 8b 85 88 01 00 00 89 44 24 20 44 8b 8d
0x00007ffa1329cccc:   80 01 00 00 48 8b 45 28 44 8b 40 10 ba 88 08 04
0x00007ffa1329ccdc:   20 48 8b 4d 48 ff 15 91 c6 00 00 88 45 64 45 33
0x00007ffa1329ccec:   c9 4c 8b 45 48 48 8b 95 78 01 00 00 48 8b 8d 60
0x00007ffa1329ccfc:   01 00 00 e8 d4 47 ff ff 0f b6 45 64 48 8d a5 48
0x00007ffa1329cd0c:   01 00 00 5f 5d c3 cc cc cc cc cc cc cc cc cc cc
0x00007ffa1329cd1c:   cc cc cc cc cc cc cc cc cc cc cc cc cc cc cc cc
0x00007ffa1329cd2c:   cc cc cc cc cc cc cc cc cc cc cc cc cc cc cc cc
0x00007ffa1329cd3c:   cc cc cc cc cc cc cc cc cc cc cc cc cc cc cc cc
0x00007ffa1329cd4c:   cc cc cc cc cc cc cc cc cc cc cc cc cc cc cc cc
0x00007ffa1329cd5c:   cc cc cc cc cc cc cc cc cc cc cc cc cc cc cc cc
0x00007ffa1329cd6c:   cc cc cc cc cc cc cc cc cc cc cc cc cc cc cc cc
0x00007ffa1329cd7c:   cc cc cc cc cc cc cc cc cc cc cc cc cc cc cc cc 


Stack slot to memory mapping:
stack at sp + 0 slots: 0x00000115dae93288 points into unknown readable memory: 0x00007ff96b4b3820 | 20 38 4b 6b f9 7f 00 00
stack at sp + 1 slots: 0x0000001370bfef70 is pointing into the stack for thread: 0x00000115dae92fd0
stack at sp + 2 slots: 0x0 is NULL
stack at sp + 3 slots: 0x0 is NULL
stack at sp + 4 slots: 0x0 is NULL
stack at sp + 5 slots: 0x0000001370020000 is an unknown value
stack at sp + 6 slots: 0x0000001370bfec00 is pointing into the stack for thread: 0x00000115dae92fd0
stack at sp + 7 slots: 0x0 is NULL


---------------  P R O C E S S  ---------------

Threads class SMR info:
_java_thread_list=0x00000115da1c0ca0, length=34, elements={
0x00000115ff629070, 0x00000115ff629ef0, 0x00000115ff644030, 0x00000115ff644eb0,
0x00000115ff648890, 0x00000115ff64b260, 0x00000115ff64f1d0, 0x00000115ff657be0,
0x0000011594120ef0, 0x00000115941e6fa0, 0x00000115941e74c0, 0x0000011594436c60,
0x0000011594437140, 0x00000115da0f9d40, 0x00000115dacd59b0, 0x00000115dace4b20,
0x00000115dacf1740, 0x00000115dacf1c50, 0x00000115dacf35a0, 0x00000115dacf2670,
0x00000115dacf0300, 0x00000115dacf1230, 0x00000115dacf2160, 0x00000115dacefdf0,
0x00000115dacf3090, 0x00000115dacf2b80, 0x00000115dacf0810, 0x00000115dacf0d20,
0x00000115dae95340, 0x00000115dae976b0, 0x00000115dae98af0, 0x00000115dae939f0,
0x00000115dae92fd0, 0x00000115dae99510
}

Java Threads: ( => current thread )
  0x00000115ff629070 JavaThread "Reference Handler" daemon [_thread_blocked, id=54148, stack(0x000000136c400000,0x000000136c500000)]
  0x00000115ff629ef0 JavaThread "Finalizer" daemon [_thread_blocked, id=40400, stack(0x000000136c500000,0x000000136c600000)]
  0x00000115ff644030 JavaThread "Signal Dispatcher" daemon [_thread_blocked, id=12480, stack(0x000000136c600000,0x000000136c700000)]
  0x00000115ff644eb0 JavaThread "Attach Listener" daemon [_thread_blocked, id=44540, stack(0x000000136c700000,0x000000136c800000)]
  0x00000115ff648890 JavaThread "Service Thread" daemon [_thread_blocked, id=56168, stack(0x000000136c800000,0x000000136c900000)]
  0x00000115ff64b260 JavaThread "Monitor Deflation Thread" daemon [_thread_blocked, id=18736, stack(0x000000136c900000,0x000000136ca00000)]
  0x00000115ff64f1d0 JavaThread "C1 CompilerThread0" daemon [_thread_blocked, id=56576, stack(0x000000136ca00000,0x000000136cb00000)]
  0x00000115ff657be0 JavaThread "Sweeper thread" daemon [_thread_blocked, id=53404, stack(0x000000136cb00000,0x000000136cc00000)]
  0x0000011594120ef0 JavaThread "Common-Cleaner" daemon [_thread_blocked, id=57124, stack(0x000000136cc00000,0x000000136cd00000)]
  0x00000115941e6fa0 JavaThread "C1 CompilerThread1" daemon [_thread_blocked, id=34128, stack(0x000000136cd00000,0x000000136ce00000)]
  0x00000115941e74c0 JavaThread "C1 CompilerThread2" daemon [_thread_blocked, id=3148, stack(0x000000136ce00000,0x000000136cf00000)]
  0x0000011594436c60 JavaThread "Monitor Ctrl-Break" daemon [_thread_in_native, id=18988, stack(0x000000136d000000,0x000000136d100000)]
  0x0000011594437140 JavaThread "Notification Thread" daemon [_thread_blocked, id=15064, stack(0x000000136d100000,0x000000136d200000)]
  0x00000115da0f9d40 JavaThread "RMI TCP Accept-0" daemon [_thread_in_native, id=55744, stack(0x000000136d200000,0x000000136d300000)]
  0x00000115dacd59b0 JavaThread "RMI TCP Connection(1)-192.168.200.123" daemon [_thread_in_native, id=42616, stack(0x000000136df00000,0x000000136e000000)]
  0x00000115dace4b20 JavaThread "RMI Scheduler(0)" daemon [_thread_blocked, id=36056, stack(0x000000136e000000,0x000000136e100000)]
  0x00000115dacf1740 JavaThread "Catalina-utility-1" [_thread_blocked, id=23184, stack(0x000000136e100000,0x000000136e200000)]
  0x00000115dacf1c50 JavaThread "Catalina-utility-2" [_thread_blocked, id=56316, stack(0x000000136e200000,0x000000136e300000)]
  0x00000115dacf35a0 JavaThread "container-0" [_thread_blocked, id=57140, stack(0x000000136e300000,0x000000136e400000)]
  0x00000115dacf2670 JavaThread "http-nio-8080-exec-1" daemon [_thread_blocked, id=16204, stack(0x000000136e500000,0x000000136e600000)]
  0x00000115dacf0300 JavaThread "http-nio-8080-exec-2" daemon [_thread_blocked, id=14216, stack(0x000000136e600000,0x000000136e700000)]
  0x00000115dacf1230 JavaThread "http-nio-8080-exec-3" daemon [_thread_blocked, id=13184, stack(0x000000136e700000,0x000000136e800000)]
  0x00000115dacf2160 JavaThread "http-nio-8080-exec-4" daemon [_thread_in_vm, id=53432, stack(0x000000136e800000,0x000000136e900000)]
  0x00000115dacefdf0 JavaThread "http-nio-8080-exec-5" daemon [_thread_blocked, id=39252, stack(0x000000136e900000,0x000000136ea00000)]
  0x00000115dacf3090 JavaThread "http-nio-8080-exec-6" daemon [_thread_blocked, id=55080, stack(0x000000136ea00000,0x000000136eb00000)]
  0x00000115dacf2b80 JavaThread "http-nio-8080-exec-7" daemon [_thread_blocked, id=46016, stack(0x000000136eb00000,0x000000136ec00000)]
  0x00000115dacf0810 JavaThread "http-nio-8080-exec-8" daemon [_thread_blocked, id=26460, stack(0x000000136ec00000,0x000000136ed00000)]
  0x00000115dacf0d20 JavaThread "http-nio-8080-exec-9" daemon [_thread_blocked, id=25368, stack(0x000000136ed00000,0x000000136ee00000)]
  0x00000115dae95340 JavaThread "http-nio-8080-exec-10" daemon [_thread_blocked, id=54864, stack(0x000000136ee00000,0x000000136ef00000)]
  0x00000115dae976b0 JavaThread "http-nio-8080-Poller" daemon [_thread_in_native, id=37388, stack(0x000000136ef00000,0x000000136f000000)]
  0x00000115dae98af0 JavaThread "http-nio-8080-Acceptor" daemon [_thread_in_native, id=56600, stack(0x000000136f000000,0x000000136f100000)]
  0x00000115dae939f0 JavaThread "DestroyJavaVM" [_thread_blocked, id=25028, stack(0x000000136bd00000,0x000000136be00000)]
=>0x00000115dae92fd0 JavaThread "pool-2-thread-1" [_thread_in_native, id=57032, stack(0x0000001370b00000,0x0000001370c00000)]
  0x00000115dae99510 JavaThread "WebSocket background processing" daemon [_thread_blocked, id=19040, stack(0x0000001370c00000,0x0000001370d00000)]

Other Threads:
  0x00000115ff6239d0 VMThread "VM Thread" [stack: 0x000000136c300000,0x000000136c400000] [id=53208]
  0x00000115f15dc120 WatcherThread [stack: 0x000000136d300000,0x000000136d400000] [id=29792]
  0x00000115ff4b0b90 GCTaskThread "GC Thread#0" [stack: 0x000000136be00000,0x000000136bf00000] [id=42240]
  0x00000115da4c2f00 GCTaskThread "GC Thread#1" [stack: 0x000000136d400000,0x000000136d500000] [id=55708]
  0x00000115da4b70f0 GCTaskThread "GC Thread#2" [stack: 0x000000136d500000,0x000000136d600000] [id=35644]
  0x00000115da4b73b0 GCTaskThread "GC Thread#3" [stack: 0x000000136d600000,0x000000136d700000] [id=31128]
  0x00000115da4c03b0 GCTaskThread "GC Thread#4" [stack: 0x000000136d700000,0x000000136d800000] [id=37460]
  0x00000115da4c7ff0 GCTaskThread "GC Thread#5" [stack: 0x000000136d800000,0x000000136d900000] [id=23656]
  0x00000115da4c82b0 GCTaskThread "GC Thread#6" [stack: 0x000000136d900000,0x000000136da00000] [id=32688]
  0x00000115da4c9210 GCTaskThread "GC Thread#7" [stack: 0x000000136da00000,0x000000136db00000] [id=52700]
  0x00000115da4cd8e0 GCTaskThread "GC Thread#8" [stack: 0x000000136db00000,0x000000136dc00000] [id=30588]
  0x00000115da4d1bb0 GCTaskThread "GC Thread#9" [stack: 0x000000136dc00000,0x000000136dd00000] [id=51808]
  0x00000115f1658460 ConcurrentGCThread "G1 Main Marker" [stack: 0x000000136bf00000,0x000000136c000000] [id=41600]
  0x00000115f1659620 ConcurrentGCThread "G1 Conc#0" [stack: 0x000000136c000000,0x000000136c100000] [id=57120]
  0x00000115dab97030 ConcurrentGCThread "G1 Conc#1" [stack: 0x000000136dd00000,0x000000136de00000] [id=35208]
  0x00000115dabf8030 ConcurrentGCThread "G1 Conc#2" [stack: 0x000000136de00000,0x000000136df00000] [id=25900]
  0x00000115f168e9c0 ConcurrentGCThread "G1 Refine#0" [stack: 0x000000136c100000,0x000000136c200000] [id=35736]
  0x00000115dade69e0 ConcurrentGCThread "G1 Refine#1" [stack: 0x000000136e400000,0x000000136e500000] [id=37176]
  0x00000115ff55e620 ConcurrentGCThread "G1 Service" [stack: 0x000000136c200000,0x000000136c300000] [id=18524]

Threads with active compile tasks:

VM state: not at safepoint (normal execution)

VM Mutex/Monitor currently owned by a thread: None

Heap address: 0x0000000602c00000, size: 8148 MB, Compressed Oops mode: Zero based, Oop shift amount: 3

CDS archive(s) mapped at: [0x0000011595000000-0x0000011595bb0000-0x0000011595bb0000), size 12255232, SharedBaseAddress: 0x0000011595000000, ArchiveRelocationMode: 1.
Compressed class space mapped at: 0x0000011596000000-0x00000115d6000000, reserved size: 1073741824
Narrow klass base: 0x0000011595000000, Narrow klass shift: 0, Narrow klass range: 0x100000000

GC Precious Log:
 CPUs: 12 total, 12 available
 Memory: 32578M
 Large Page Support: Disabled
 NUMA Support: Disabled
 Compressed Oops: Enabled (Zero based)
 Heap Region Size: 4M
 Heap Min Capacity: 8M
 Heap Initial Capacity: 512M
 Heap Max Capacity: 8148M
 Pre-touch: Disabled
 Parallel Workers: 10
 Concurrent Workers: 3
 Concurrent Refinement Workers: 10
 Periodic GC: Disabled

Heap:
 garbage-first heap   total 69632K, used 26919K [0x0000000602c00000, 0x0000000800000000)
  region size 4096K, 4 young (16384K), 1 survivors (4096K)
 Metaspace       used 30621K, committed 31104K, reserved 1114112K
  class space    used 4187K, committed 4416K, reserved 1048576K

Heap Regions: E=young(eden), S=young(survivor), O=old, HS=humongous(starts), HC=humongous(continues), CS=collection set, F=free, OA=open archive, CA=closed archive, TAMS=top-at-mark-start (previous, next)
|   0|0x0000000602c00000, 0x0000000603000000, 0x0000000603000000|100%| O|  |TAMS 0x0000000603000000, 0x0000000602c00000| Untracked 
|   1|0x0000000603000000, 0x0000000603400000, 0x0000000603400000|100%|HS|  |TAMS 0x0000000603000000, 0x0000000603000000| Complete 
|   2|0x0000000603400000, 0x0000000603800000, 0x0000000603800000|100%| O|  |TAMS 0x0000000603400000, 0x0000000603400000| Untracked 
|   3|0x0000000603800000, 0x0000000603c00000, 0x0000000603c00000|100%| O|  |TAMS 0x0000000603800000, 0x0000000603800000| Untracked 
|   4|0x0000000603c00000, 0x0000000603c00000, 0x0000000604000000|  0%| F|  |TAMS 0x0000000603c00000, 0x0000000603c00000| Untracked 
|   5|0x0000000604000000, 0x000000060418d000, 0x0000000604400000| 38%| O|  |TAMS 0x0000000604000000, 0x0000000604000000| Untracked 
|   6|0x0000000604400000, 0x0000000604400000, 0x0000000604800000|  0%| F|  |TAMS 0x0000000604400000, 0x0000000604400000| Untracked 
|   7|0x0000000604800000, 0x0000000604800000, 0x0000000604c00000|  0%| F|  |TAMS 0x0000000604800000, 0x0000000604800000| Untracked 
|   8|0x0000000604c00000, 0x0000000604c00000, 0x0000000605000000|  0%| F|  |TAMS 0x0000000604c00000, 0x0000000604c00000| Untracked 
|   9|0x0000000605000000, 0x0000000605000000, 0x0000000605400000|  0%| F|  |TAMS 0x0000000605000000, 0x0000000605000000| Untracked 
|  10|0x0000000605400000, 0x0000000605400000, 0x0000000605800000|  0%| F|  |TAMS 0x0000000605400000, 0x0000000605400000| Untracked 
|  11|0x0000000605800000, 0x0000000605800000, 0x0000000605c00000|  0%| F|  |TAMS 0x0000000605800000, 0x0000000605800000| Untracked 
|  12|0x0000000605c00000, 0x0000000605c00000, 0x0000000606000000|  0%| F|  |TAMS 0x0000000605c00000, 0x0000000605c00000| Untracked 
|  13|0x0000000606000000, 0x000000060631a1a0, 0x0000000606400000| 77%| E|  |TAMS 0x0000000606000000, 0x0000000606000000| Complete 
| 111|0x000000061e800000, 0x000000061ec00000, 0x000000061ec00000|100%| E|CS|TAMS 0x000000061e800000, 0x000000061e800000| Complete 
| 112|0x000000061ec00000, 0x000000061ecbcfc0, 0x000000061f000000| 18%| S|CS|TAMS 0x000000061ec00000, 0x000000061ec00000| Complete 
| 127|0x0000000622800000, 0x0000000622c00000, 0x0000000622c00000|100%| E|CS|TAMS 0x0000000622800000, 0x0000000622800000| Complete 

Card table byte_map: [0x0000011580000000,0x0000011580ff0000] _byte_map_base: 0x000001157cfea000

Marking Bits (Prev, Next): (CMBitMap*) 0x00000115f1647ce0, (CMBitMap*) 0x00000115f1647ca0
 Prev Bits: [0x0000011589f30000, 0x0000011591e80000)
 Next Bits: [0x0000011581fe0000, 0x0000011589f30000)

Polling page: 0x00000115fa8c0000

Metaspace:

Usage:
  Non-class:     25.84 MB used.
      Class:      4.09 MB used.
       Both:     29.92 MB used.

Virtual space:
  Non-class space:       64.00 MB reserved,      26.06 MB ( 41%) committed,  1 nodes.
      Class space:        1.00 GB reserved,       4.31 MB ( <1%) committed,  1 nodes.
             Both:        1.06 GB reserved,      30.38 MB (  3%) committed. 

Chunk freelists:
   Non-Class:  5.52 MB
       Class:  11.72 MB
        Both:  17.23 MB

MaxMetaspaceSize: unlimited
CompressedClassSpaceSize: 1.00 GB
Initial GC threshold: 21.00 MB
Current GC threshold: 35.44 MB
CDS: on
MetaspaceReclaimPolicy: balanced
 - commit_granule_bytes: 65536.
 - commit_granule_words: 8192.
 - virtual_space_node_default_size: 8388608.
 - enlarge_chunks_in_place: 1.
 - new_chunks_are_fully_committed: 0.
 - uncommit_free_chunks: 1.
 - use_allocation_guard: 0.
 - handle_deallocations: 1.


Internal statistics:

num_allocs_failed_limit: 3.
num_arena_births: 656.
num_arena_deaths: 0.
num_vsnodes_births: 2.
num_vsnodes_deaths: 0.
num_space_committed: 486.
num_space_uncommitted: 0.
num_chunks_returned_to_freelist: 3.
num_chunks_taken_from_freelist: 1751.
num_chunk_merges: 3.
num_chunk_splits: 1192.
num_chunks_enlarged: 857.
num_inconsistent_stats: 0.

CodeCache: size=49152Kb used=8004Kb max_used=8482Kb free=41147Kb
 bounds [0x00000115fa8e0000, 0x00000115fb130000, 0x00000115fd8e0000]
 total_blobs=4269 nmethods=3712 adapters=482
 compilation: enabled
              stopped_count=0, restarted_count=0
 full_count=0

Compilation events (20 events):
Event: 5.873 Thread 0x00000115941e74c0 3702       1       java.nio.charset.CharsetDecoder::implReset (1 bytes)
Event: 5.873 Thread 0x00000115941e74c0 nmethod 3702 0x00000115fab97b10 code [0x00000115fab97ca0, 0x00000115fab97d58]
Event: 5.873 Thread 0x00000115ff64f1d0 nmethod 3701 0x00000115fab97810 code [0x00000115fab979a0, 0x00000115fab97aa8]
Event: 5.873 Thread 0x00000115941e6fa0 nmethod 3699 0x00000115fab96e10 code [0x00000115fab97000, 0x00000115fab97468]
Event: 5.878 Thread 0x00000115941e6fa0 3703       1       java.util.regex.Pattern$Node::<init> (12 bytes)
Event: 5.878 Thread 0x00000115ff64f1d0 3704       1       java.util.regex.Pattern::next (33 bytes)
Event: 5.878 Thread 0x00000115941e6fa0 nmethod 3703 0x00000115fab96790 code [0x00000115fab96920, 0x00000115fab96a58]
Event: 5.878 Thread 0x00000115ff64f1d0 nmethod 3704 0x00000115fab96390 code [0x00000115fab96520, 0x00000115fab96668]
Event: 5.889 Thread 0x00000115ff64f1d0 3705       1       jdk.internal.loader.NativeLibraries$NativeLibraryImpl::find (6 bytes)
Event: 5.889 Thread 0x00000115ff64f1d0 nmethod 3705 0x00000115fab94e90 code [0x00000115fab95020, 0x00000115fab95108]
Event: 5.889 Thread 0x00000115ff64f1d0 3706       1       java.util.Properties$LineReader::readLine (584 bytes)
Event: 5.890 Thread 0x00000115ff64f1d0 nmethod 3706 0x00000115fab93190 code [0x00000115fab93400, 0x00000115fab945d8]
Event: 5.891 Thread 0x00000115ff64f1d0 3707       1       jdk.internal.loader.ClassLoaders::bootLoader (4 bytes)
Event: 5.891 Thread 0x00000115ff64f1d0 nmethod 3707 0x00000115fab92e90 code [0x00000115fab93020, 0x00000115fab930d8]
Event: 5.894 Thread 0x00000115ff64f1d0 3708       1       java.lang.ClassLoader::getResource (41 bytes)
Event: 5.894 Thread 0x00000115ff64f1d0 nmethod 3708 0x00000115fab92990 code [0x00000115fab92b60, 0x00000115fab92d78]
Event: 5.895 Thread 0x00000115ff64f1d0 3709       1       org.apache.tomcat.util.http.MimeHeaderField::getValue (5 bytes)
Event: 5.895 Thread 0x00000115ff64f1d0 nmethod 3709 0x00000115fab92690 code [0x00000115fab92820, 0x00000115fab928f8]
Event: 5.897 Thread 0x00000115ff64f1d0 3710   !   1       java.io.StringReader::mark (44 bytes)
Event: 5.897 Thread 0x00000115ff64f1d0 nmethod 3710 0x00000115fab92010 code [0x00000115fab921c0, 0x00000115fab924d8]

GC Heap History (10 events):
Event: 0.368 GC heap before
{Heap before GC invocations=0 (full 0):
 garbage-first heap   total 524288K, used 24576K [0x0000000602c00000, 0x0000000800000000)
  region size 4096K, 6 young (24576K), 0 survivors (0K)
 Metaspace       used 8105K, committed 8256K, reserved 1114112K
  class space    used 1046K, committed 1152K, reserved 1048576K
}
Event: 0.371 GC heap after
{Heap after GC invocations=1 (full 0):
 garbage-first heap   total 524288K, used 5109K [0x0000000602c00000, 0x0000000800000000)
  region size 4096K, 1 young (4096K), 1 survivors (4096K)
 Metaspace       used 8105K, committed 8256K, reserved 1114112K
  class space    used 1046K, committed 1152K, reserved 1048576K
}
Event: 0.512 GC heap before
{Heap before GC invocations=1 (full 0):
 garbage-first heap   total 524288K, used 21493K [0x0000000602c00000, 0x0000000800000000)
  region size 4096K, 6 young (24576K), 1 survivors (4096K)
 Metaspace       used 12154K, committed 12352K, reserved 1114112K
  class space    used 1613K, committed 1728K, reserved 1048576K
}
Event: 0.514 GC heap after
{Heap after GC invocations=2 (full 0):
 garbage-first heap   total 524288K, used 6540K [0x0000000602c00000, 0x0000000800000000)
  region size 4096K, 1 young (4096K), 1 survivors (4096K)
 Metaspace       used 12154K, committed 12352K, reserved 1114112K
  class space    used 1613K, committed 1728K, reserved 1048576K
}
Event: 0.879 GC heap before
{Heap before GC invocations=2 (full 0):
 garbage-first heap   total 524288K, used 59788K [0x0000000602c00000, 0x0000000800000000)
  region size 4096K, 15 young (61440K), 1 survivors (4096K)
 Metaspace       used 21223K, committed 21504K, reserved 1114112K
  class space    used 2888K, committed 3008K, reserved 1048576K
}
Event: 0.882 GC heap after
{Heap after GC invocations=3 (full 0):
 garbage-first heap   total 524288K, used 10941K [0x0000000602c00000, 0x0000000800000000)
  region size 4096K, 2 young (8192K), 2 survivors (8192K)
 Metaspace       used 21223K, committed 21504K, reserved 1114112K
  class space    used 2888K, committed 3008K, reserved 1048576K
}
Event: 1.210 GC heap before
{Heap before GC invocations=4 (full 0):
 garbage-first heap   total 69632K, used 47805K [0x0000000602c00000, 0x0000000800000000)
  region size 4096K, 12 young (49152K), 2 survivors (8192K)
 Metaspace       used 27416K, committed 27904K, reserved 1114112K
  class space    used 3766K, committed 3968K, reserved 1048576K
}
Event: 1.214 GC heap after
{Heap after GC invocations=5 (full 0):
 garbage-first heap   total 69632K, used 14570K [0x0000000602c00000, 0x0000000800000000)
  region size 4096K, 1 young (4096K), 1 survivors (4096K)
 Metaspace       used 27416K, committed 27904K, reserved 1114112K
  class space    used 3766K, committed 3968K, reserved 1048576K
}
Event: 1.258 GC heap before
{Heap before GC invocations=5 (full 0):
 garbage-first heap   total 69632K, used 18666K [0x0000000602c00000, 0x0000000800000000)
  region size 4096K, 2 young (8192K), 1 survivors (4096K)
 Metaspace       used 28007K, committed 28480K, reserved 1114112K
  class space    used 3852K, committed 4032K, reserved 1048576K
}
Event: 1.259 GC heap after
{Heap after GC invocations=6 (full 0):
 garbage-first heap   total 69632K, used 14631K [0x0000000602c00000, 0x0000000800000000)
  region size 4096K, 1 young (4096K), 1 survivors (4096K)
 Metaspace       used 28007K, committed 28480K, reserved 1114112K
  class space    used 3852K, committed 4032K, reserved 1048576K
}

Dll operation events (14 events):
Event: 0.008 Loaded shared library C:\Users\ok10p\.jdks\corretto-17.0.13\bin\java.dll
Event: 0.020 Loaded shared library C:\Users\ok10p\.jdks\corretto-17.0.13\bin\jsvml.dll
Event: 0.061 Loaded shared library C:\Users\ok10p\.jdks\corretto-17.0.13\bin\zip.dll
Event: 0.063 Loaded shared library C:\Users\ok10p\.jdks\corretto-17.0.13\bin\instrument.dll
Event: 0.066 Loaded shared library C:\Users\ok10p\.jdks\corretto-17.0.13\bin\net.dll
Event: 0.068 Loaded shared library C:\Users\ok10p\.jdks\corretto-17.0.13\bin\nio.dll
Event: 0.070 Loaded shared library C:\Users\ok10p\.jdks\corretto-17.0.13\bin\zip.dll
Event: 0.092 Loaded shared library C:\Program Files\JetBrains\IntelliJ IDEA 2023.3.6\bin\breakgen64.dll
Event: 0.095 Loaded shared library C:\Users\ok10p\.jdks\corretto-17.0.13\bin\jimage.dll
Event: 0.099 Loaded shared library C:\Users\ok10p\.jdks\corretto-17.0.13\bin\extnet.dll
Event: 0.106 Loaded shared library C:\Users\ok10p\.jdks\corretto-17.0.13\bin\management.dll
Event: 0.111 Loaded shared library C:\Users\ok10p\.jdks\corretto-17.0.13\bin\management_ext.dll
Event: 0.630 Loaded shared library C:\Users\ok10p\.jdks\corretto-17.0.13\bin\sunmscapi.dll
Event: 5.801 Loaded shared library D:\Dev\Capstone_Design_II\JNI.dll

Deoptimization events (4 events):
Event: 1.083 Thread 0x00000115f15db2a0 DEOPT PACKING pc=0x00000115fae9c089 sp=0x000000136bdfe7d0
Event: 1.083 Thread 0x00000115f15db2a0 DEOPT UNPACKING pc=0x00000115fa937143 sp=0x000000136bdfdc60 mode 3
Event: 1.083 Thread 0x00000115dacf1c50 DEOPT PACKING pc=0x00000115fae3e91f sp=0x000000136e2ff0f0
Event: 1.083 Thread 0x00000115dacf1c50 DEOPT UNPACKING pc=0x00000115fa937143 sp=0x000000136e2fe548 mode 3

Classes loaded (20 events):
Event: 5.884 Loading class java/util/Base64
Event: 5.884 Loading class java/util/Base64 done
Event: 5.884 Loading class java/util/Base64$Decoder
Event: 5.884 Loading class java/util/Base64$Decoder done
Event: 5.885 Loading class java/util/Base64$Encoder
Event: 5.885 Loading class java/util/Base64$Encoder done
Event: 5.888 Loading class java/util/zip/DataFormatException
Event: 5.888 Loading class java/util/zip/DataFormatException done
Event: 5.888 Loading class java/util/zip/Deflater
Event: 5.888 Loading class java/util/zip/Deflater done
Event: 5.889 Loading class java/util/zip/Deflater$DeflaterZStreamRef
Event: 5.889 Loading class java/util/zip/Deflater$DeflaterZStreamRef done
Event: 5.890 Loading class sun/security/provider/MD5
Event: 5.890 Loading class sun/security/provider/MD5 done
Event: 5.903 Loading class java/util/concurrent/atomic/AtomicReferenceFieldUpdater
Event: 5.903 Loading class java/util/concurrent/atomic/AtomicReferenceFieldUpdater done
Event: 5.903 Loading class java/util/concurrent/atomic/AtomicReferenceFieldUpdater$AtomicReferenceFieldUpdaterImpl
Event: 5.903 Loading class java/util/concurrent/atomic/AtomicReferenceFieldUpdater$AtomicReferenceFieldUpdaterImpl done
Event: 5.903 Loading class java/util/concurrent/atomic/AtomicReferenceFieldUpdater$AtomicReferenceFieldUpdaterImpl$1
Event: 5.903 Loading class java/util/concurrent/atomic/AtomicReferenceFieldUpdater$AtomicReferenceFieldUpdaterImpl$1 done

Classes unloaded (0 events):
No events

Classes redefined (0 events):
No events

Internal exceptions (20 events):
Event: 0.939 Thread 0x00000115f15db2a0 Exception <a 'java/lang/NoSuchMethodError'{0x00000006063485f8}: 'java.lang.Object java.lang.invoke.DirectMethodHandle$Holder.invokeSpecial(java.lang.Object, java.lang.Object, java.lang.Object, java.lang.Object, int)'> (0x00000006063485f8) 
thrown [s\src\hotspot\share\interpreter\linkResolver.cpp, line 759]
Event: 0.939 Thread 0x00000115f15db2a0 Exception <a 'java/lang/NoSuchMethodError'{0x000000060634c1c0}: 'java.lang.Object java.lang.invoke.Invokers$Holder.linkToTargetMethod(java.lang.Object, java.lang.Object, int, java.lang.Object)'> (0x000000060634c1c0) 
thrown [s\src\hotspot\share\interpreter\linkResolver.cpp, line 759]
Event: 1.021 Thread 0x00000115f15db2a0 Exception <a 'java/lang/NoSuchMethodError'{0x00000006054ae288}: 'java.lang.Object java.lang.invoke.DirectMethodHandle$Holder.invokeSpecial(java.lang.Object, java.lang.Object, long, java.lang.Object, java.lang.Object, java.lang.Object, java.lang.Object, java.lang.Object, java.lang.Object)'> (0x00000006054ae288) 
thrown [s\src\hotspot\share\interpreter\linkResolver.cpp, line 759]
Event: 1.021 Thread 0x00000115f15db2a0 Exception <a 'java/lang/NoSuchMethodError'{0x00000006054b2db0}: 'java.lang.Object java.lang.invoke.DelegatingMethodHandle$Holder.reinvoke_L(java.lang.Object, long, java.lang.Object, java.lang.Object, java.lang.Object, java.lang.Object, java.lang.Object, java.lang.Object)'> (0x00000006054b2db0) 
thrown [s\src\hotspot\share\interpreter\linkResolver.cpp, line 759]
Event: 1.031 Thread 0x00000115dacd59b0 Exception <a 'java/lang/NoSuchMethodError'{0x0000000605066dd8}: static [B.<clinit>()V> (0x0000000605066dd8) 
thrown [s\src\hotspot\share\prims\jni.cpp, line 1112]
Event: 1.035 Thread 0x00000115dacd59b0 Exception <a 'java/lang/ClassNotFoundException'{0x00000006050fbe70}: javax/management/remote/rmi/RMIConnectionImpl_Skel> (0x00000006050fbe70) 
thrown [s\src\hotspot\share\classfile\systemDictionary.cpp, line 256]
Event: 1.038 Thread 0x00000115dacd59b0 Exception <a 'java/lang/reflect/InvocationTargetException'{0x000000060512de30}> (0x000000060512de30) 
thrown [s\src\hotspot\share\runtime\reflection.cpp, line 1128]
Event: 1.040 Thread 0x00000115dacd59b0 Exception <a 'java/lang/NoSuchMethodError'{0x0000000605157908}: static [Ljava/lang/StackTraceElement;.<clinit>()V> (0x0000000605157908) 
thrown [s\src\hotspot\share\prims\jni.cpp, line 1112]
Event: 1.041 Thread 0x00000115f15db2a0 Exception <a 'java/io/FileNotFoundException'{0x0000000605216fb0}> (0x0000000605216fb0) 
thrown [s\src\hotspot\share\prims\jni.cpp, line 516]
Event: 1.041 Thread 0x00000115f15db2a0 Exception <a 'java/io/FileNotFoundException'{0x00000006052183a0}> (0x00000006052183a0) 
thrown [s\src\hotspot\share\prims\jni.cpp, line 516]
Event: 1.054 Thread 0x00000115f15db2a0 Exception <a 'java/lang/NoSuchMethodError'{0x0000000605346b98}: 'int java.lang.invoke.DirectMethodHandle$Holder.invokeInterface(java.lang.Object, java.lang.Object, java.lang.Object, java.lang.Object)'> (0x0000000605346b98) 
thrown [s\src\hotspot\share\interpreter\linkResolver.cpp, line 759]
Event: 1.075 Thread 0x00000115f15db2a0 Exception <a 'java/lang/NoSuchMethodError'{0x0000000604d22140}: 'long java.lang.invoke.DirectMethodHandle$Holder.invokeVirtual(java.lang.Object, java.lang.Object)'> (0x0000000604d22140) 
thrown [s\src\hotspot\share\interpreter\linkResolver.cpp, line 759]
Event: 1.094 Thread 0x00000115f15db2a0 Exception <a 'sun/nio/fs/WindowsException'{0x0000000604fdac70}> (0x0000000604fdac70) 
thrown [s\src\hotspot\share\prims\jni.cpp, line 516]
Event: 1.183 Thread 0x00000115f15db2a0 Exception <a 'java/lang/IncompatibleClassChangeError'{0x00000006040e3030}: Found class java.lang.Object, but interface was expected> (0x00000006040e3030) 
thrown [s\src\hotspot\share\interpreter\linkResolver.cpp, line 826]
Event: 1.194 Thread 0x00000115f15db2a0 Exception <a 'java/lang/NoSuchMethodError'{0x000000060420a530}: 'void java.lang.invoke.DirectMethodHandle$Holder.invokeVirtual(java.lang.Object, java.lang.Object, long)'> (0x000000060420a530) 
thrown [s\src\hotspot\share\interpreter\linkResolver.cpp, line 759]
Event: 1.225 Thread 0x00000115f15db2a0 Exception <a 'java/lang/NoSuchMethodError'{0x00000006229009b0}: 'int java.lang.invoke.DirectMethodHandle$Holder.invokeStaticInit(java.lang.Object, java.lang.Object, java.lang.Object, java.lang.Object)'> (0x00000006229009b0) 
thrown [s\src\hotspot\share\interpreter\linkResolver.cpp, line 759]
Event: 1.253 Thread 0x00000115f15db2a0 Exception <a 'java/lang/NoSuchMethodError'{0x0000000622bbc588}: 'java.lang.Object java.lang.invoke.DirectMethodHandle$Holder.newInvokeSpecial(java.lang.Object, java.lang.Object, int, java.lang.Object, java.lang.Object)'> (0x0000000622bbc588) 
thrown [s\src\hotspot\share\interpreter\linkResolver.cpp, line 759]
Event: 5.754 Thread 0x00000115dacf2670 Exception <a 'java/lang/NoSuchMethodError'{0x000000061e842750}: 'java.lang.Object java.lang.invoke.DirectMethodHandle$Holder.invokeSpecial(java.lang.Object, java.lang.Object, java.lang.Object, java.lang.Object, java.lang.Object, long)'> (0x000000061e842750) 
thrown [s\src\hotspot\share\interpreter\linkResolver.cpp, line 759]
Event: 5.754 Thread 0x00000115dacf2670 Exception <a 'java/lang/NoSuchMethodError'{0x000000061e846190}: 'java.lang.Object java.lang.invoke.Invokers$Holder.linkToTargetMethod(java.lang.Object, java.lang.Object, java.lang.Object, long, java.lang.Object)'> (0x000000061e846190) 
thrown [s\src\hotspot\share\interpreter\linkResolver.cpp, line 759]
Event: 5.818 Thread 0x00000115dacf1230 Exception <a 'java/lang/NoSuchMethodError'{0x000000062287fb28}: 'java.lang.Object java.lang.invoke.DirectMethodHandle$Holder.invokeStatic(java.lang.Object, int, int)'> (0x000000062287fb28) 
thrown [s\src\hotspot\share\interpreter\linkResolver.cpp, line 759]

VM Operations (20 events):
Event: 1.170 Executing VM operation: HandshakeAllThreads
Event: 1.170 Executing VM operation: HandshakeAllThreads done
Event: 1.203 Executing VM operation: HandshakeAllThreads
Event: 1.203 Executing VM operation: HandshakeAllThreads done
Event: 1.210 Executing VM operation: G1CollectForAllocation
Event: 1.214 Executing VM operation: G1CollectForAllocation done
Event: 1.257 Executing VM operation: G1CollectForAllocation
Event: 1.259 Executing VM operation: G1CollectForAllocation done
Event: 2.270 Executing VM operation: Cleanup
Event: 2.270 Executing VM operation: Cleanup done
Event: 5.761 Executing VM operation: HandshakeAllThreads
Event: 5.761 Executing VM operation: HandshakeAllThreads done
Event: 5.807 Executing VM operation: HandshakeAllThreads
Event: 5.808 Executing VM operation: HandshakeAllThreads done
Event: 5.808 Executing VM operation: Cleanup
Event: 5.808 Executing VM operation: Cleanup done
Event: 5.811 Executing VM operation: HandshakeAllThreads
Event: 5.811 Executing VM operation: HandshakeAllThreads done
Event: 5.881 Executing VM operation: HandshakeAllThreads
Event: 5.881 Executing VM operation: HandshakeAllThreads done

Memory protections (0 events):
No events

Nmethod flushes (0 events):
No events

Events (20 events):
Event: 1.257 Thread 0x00000115f15db2a0 Thread added: 0x00000115dacf2160
Event: 1.260 Thread 0x00000115f15db2a0 Thread added: 0x00000115dacefdf0
Event: 1.260 Thread 0x00000115f15db2a0 Thread added: 0x00000115dacf3090
Event: 1.260 Thread 0x00000115f15db2a0 Thread added: 0x00000115dacf2b80
Event: 1.260 Thread 0x00000115f15db2a0 Thread added: 0x00000115dacf0810
Event: 1.260 Thread 0x00000115f15db2a0 Thread added: 0x00000115dacf0d20
Event: 1.260 Thread 0x00000115f15db2a0 Thread added: 0x00000115dae95340
Event: 1.280 Thread 0x00000115f15db2a0 Thread added: 0x00000115dae976b0
Event: 1.281 Thread 0x00000115f15db2a0 Thread added: 0x00000115dae98af0
Event: 1.291 Thread 0x00000115f15db2a0 Thread exited: 0x00000115f15db2a0
Event: 1.291 Thread 0x00000115dae939f0 Thread added: 0x00000115dae939f0
Event: 1.544 Thread 0x00000115dacd59b0 Thread added: 0x00000115dae971a0
Event: 1.551 Thread 0x00000115dae971a0 Thread exited: 0x00000115dae971a0
Event: 1.552 Thread 0x00000115dacd59b0 Thread added: 0x00000115dae925b0
Event: 1.556 Thread 0x00000115dae925b0 Thread exited: 0x00000115dae925b0
Event: 1.557 Thread 0x00000115dacd59b0 Thread added: 0x00000115dae93f00
Event: 1.560 Thread 0x00000115dae93f00 Thread exited: 0x00000115dae93f00
Event: 5.753 Thread 0x00000115941e94d0 Thread exited: 0x00000115941e94d0
Event: 5.907 Thread 0x00000115dacf0300 Thread added: 0x00000115dae92fd0
Event: 5.908 Thread 0x00000115dacf0300 Thread added: 0x00000115dae99510


Dynamic libraries:
0x00007ff6a0c90000 - 0x00007ff6a0c9e000 	C:\Users\ok10p\.jdks\corretto-17.0.13\bin\java.exe
0x00007ffa3b2d0000 - 0x00007ffa3b4c8000 	C:\Windows\SYSTEM32\ntdll.dll
0x00007ffa3ad90000 - 0x00007ffa3ae52000 	C:\Windows\System32\KERNEL32.DLL
0x00007ffa38e90000 - 0x00007ffa3918e000 	C:\Windows\System32\KERNELBASE.dll
0x00007ffa38970000 - 0x00007ffa38a70000 	C:\Windows\System32\ucrtbase.dll
0x00007ff970cf0000 - 0x00007ff970d07000 	C:\Users\ok10p\.jdks\corretto-17.0.13\bin\jli.dll
0x00007ff96d450000 - 0x00007ff96d46b000 	C:\Users\ok10p\.jdks\corretto-17.0.13\bin\VCRUNTIME140.dll
0x00007ffa3a150000 - 0x00007ffa3a2ed000 	C:\Windows\System32\USER32.dll
0x00007ffa38e10000 - 0x00007ffa38e32000 	C:\Windows\System32\win32u.dll
0x00007ffa3a360000 - 0x00007ffa3a38b000 	C:\Windows\System32\GDI32.dll
0x00007ffa38cf0000 - 0x00007ffa38e07000 	C:\Windows\System32\gdi32full.dll
0x00007ffa2ee90000 - 0x00007ffa2f12a000 	C:\Windows\WinSxS\amd64_microsoft.windows.common-controls_6595b64144ccf1df_6.0.19041.4355_none_60b8b9eb71f62e16\COMCTL32.dll
0x00007ffa38c50000 - 0x00007ffa38ced000 	C:\Windows\System32\msvcp_win.dll
0x00007ffa3ac90000 - 0x00007ffa3ad2e000 	C:\Windows\System32\msvcrt.dll
0x00007ffa3a000000 - 0x00007ffa3a02f000 	C:\Windows\System32\IMM32.DLL
0x00007ffa0be40000 - 0x00007ffa0be4c000 	C:\Users\ok10p\.jdks\corretto-17.0.13\bin\vcruntime140_1.dll
0x00007ff96d270000 - 0x00007ff96d2fd000 	C:\Users\ok10p\.jdks\corretto-17.0.13\bin\msvcp140.dll
0x00007ff96a990000 - 0x00007ff96b5fc000 	C:\Users\ok10p\.jdks\corretto-17.0.13\bin\server\jvm.dll
0x00007ffa3a470000 - 0x00007ffa3a521000 	C:\Windows\System32\ADVAPI32.dll
0x00007ffa3a030000 - 0x00007ffa3a0cf000 	C:\Windows\System32\sechost.dll
0x00007ffa39ed0000 - 0x00007ffa39ff3000 	C:\Windows\System32\RPCRT4.dll
0x00007ffa38a70000 - 0x00007ffa38a97000 	C:\Windows\System32\bcrypt.dll
0x00007ffa3a2f0000 - 0x00007ffa3a35b000 	C:\Windows\System32\WS2_32.dll
0x00007ffa381e0000 - 0x00007ffa3822b000 	C:\Windows\SYSTEM32\POWRPROF.dll
0x00007ffa2cb50000 - 0x00007ffa2cb77000 	C:\Windows\SYSTEM32\WINMM.dll
0x00007ffa31a50000 - 0x00007ffa31a5a000 	C:\Windows\SYSTEM32\VERSION.dll
0x00007ffa380a0000 - 0x00007ffa380b2000 	C:\Windows\SYSTEM32\UMPDC.dll
0x00007ffa367d0000 - 0x00007ffa367e2000 	C:\Windows\SYSTEM32\kernel.appcore.dll
0x00007ffa0bb80000 - 0x00007ffa0bb8a000 	C:\Users\ok10p\.jdks\corretto-17.0.13\bin\jimage.dll
0x00007ffa2c210000 - 0x00007ffa2c3f4000 	C:\Windows\SYSTEM32\DBGHELP.DLL
0x00007ffa27760000 - 0x00007ffa27794000 	C:\Windows\SYSTEM32\dbgcore.DLL
0x00007ffa38b10000 - 0x00007ffa38b92000 	C:\Windows\System32\bcryptPrimitives.dll
0x00007ffa35fe0000 - 0x00007ffa35fee000 	C:\Users\ok10p\.jdks\corretto-17.0.13\bin\instrument.dll
0x00007ff970d40000 - 0x00007ff970d65000 	C:\Users\ok10p\.jdks\corretto-17.0.13\bin\java.dll
0x00007ff96d480000 - 0x00007ff96d557000 	C:\Users\ok10p\.jdks\corretto-17.0.13\bin\jsvml.dll
0x00007ffa39350000 - 0x00007ffa39abd000 	C:\Windows\System32\SHELL32.dll
0x00007ffa369d0000 - 0x00007ffa37174000 	C:\Windows\SYSTEM32\windows.storage.dll
0x00007ffa3ae60000 - 0x00007ffa3b1b3000 	C:\Windows\System32\combase.dll
0x00007ffa382c0000 - 0x00007ffa382ee000 	C:\Windows\SYSTEM32\Wldp.dll
0x00007ffa3b1c0000 - 0x00007ffa3b28d000 	C:\Windows\System32\OLEAUT32.dll
0x00007ffa39cf0000 - 0x00007ffa39d9d000 	C:\Windows\System32\SHCORE.dll
0x00007ffa3ad30000 - 0x00007ffa3ad85000 	C:\Windows\System32\shlwapi.dll
0x00007ffa388a0000 - 0x00007ffa388c4000 	C:\Windows\SYSTEM32\profapi.dll
0x00007ff96d200000 - 0x00007ff96d218000 	C:\Users\ok10p\.jdks\corretto-17.0.13\bin\zip.dll
0x00007ff97a7c0000 - 0x00007ff97a7d9000 	C:\Users\ok10p\.jdks\corretto-17.0.13\bin\net.dll
0x00007ffa33900000 - 0x00007ffa33a0d000 	C:\Windows\SYSTEM32\WINHTTP.dll
0x00007ffa38030000 - 0x00007ffa3809a000 	C:\Windows\system32\mswsock.dll
0x00007ff96d250000 - 0x00007ff96d266000 	C:\Users\ok10p\.jdks\corretto-17.0.13\bin\nio.dll
0x00007ffa34ff0000 - 0x00007ffa3500a000 	C:\Program Files\JetBrains\IntelliJ IDEA 2023.3.6\bin\breakgen64.dll
0x00007ffa37d70000 - 0x00007ffa37e3a000 	C:\Windows\SYSTEM32\DNSAPI.dll
0x00007ffa37d30000 - 0x00007ffa37d6b000 	C:\Windows\SYSTEM32\IPHLPAPI.DLL
0x00007ffa39cd0000 - 0x00007ffa39cd8000 	C:\Windows\System32\NSI.dll
0x00007ffa0b870000 - 0x00007ffa0b879000 	C:\Users\ok10p\.jdks\corretto-17.0.13\bin\extnet.dll
0x00007ffa2f750000 - 0x00007ffa2f75a000 	C:\Windows\System32\rasadhlp.dll
0x00007ffa319d0000 - 0x00007ffa31a50000 	C:\Windows\System32\fwpuclnt.dll
0x00007ffa1a6d0000 - 0x00007ffa1a6d9000 	C:\Users\ok10p\.jdks\corretto-17.0.13\bin\management.dll
0x00007ffa190a0000 - 0x00007ffa190ab000 	C:\Users\ok10p\.jdks\corretto-17.0.13\bin\management_ext.dll
0x00007ffa3a530000 - 0x00007ffa3a538000 	C:\Windows\System32\PSAPI.DLL
0x00007ffa38610000 - 0x00007ffa38628000 	C:\Windows\SYSTEM32\CRYPTSP.dll
0x00007ffa37910000 - 0x00007ffa37944000 	C:\Windows\system32\rsaenh.dll
0x00007ffa38860000 - 0x00007ffa3888e000 	C:\Windows\SYSTEM32\USERENV.dll
0x00007ffa38230000 - 0x00007ffa3823c000 	C:\Windows\SYSTEM32\CRYPTBASE.dll
0x00007ffa33a10000 - 0x00007ffa33a27000 	C:\Windows\SYSTEM32\dhcpcsvc6.DLL
0x00007ffa33780000 - 0x00007ffa3379d000 	C:\Windows\SYSTEM32\dhcpcsvc.DLL
0x00007ffa0ca00000 - 0x00007ffa0ca17000 	C:\Windows\system32\napinsp.dll
0x00007ffa17880000 - 0x00007ffa1789b000 	C:\Windows\system32\pnrpnsp.dll
0x00007ffa1dfd0000 - 0x00007ffa1dfe5000 	C:\Windows\system32\wshbth.dll
0x00007ffa34d00000 - 0x00007ffa34d1d000 	C:\Windows\system32\NLAapi.dll
0x00007ffa178d0000 - 0x00007ffa178e2000 	C:\Windows\System32\winrnr.dll
0x00007ffa1ff00000 - 0x00007ffa1ff0e000 	C:\Users\ok10p\.jdks\corretto-17.0.13\bin\sunmscapi.dll
0x00007ffa39190000 - 0x00007ffa392ec000 	C:\Windows\System32\CRYPT32.dll
0x00007ffa38330000 - 0x00007ffa38357000 	C:\Windows\SYSTEM32\ncrypt.dll
0x00007ffa382f0000 - 0x00007ffa3832b000 	C:\Windows\SYSTEM32\NTASN1.dll
0x00007ffa1dd20000 - 0x00007ffa1dd27000 	C:\Windows\system32\wshunix.dll
0x00007ffa13280000 - 0x00007ffa132af000 	D:\Dev\Capstone_Design_II\JNI.dll
0x00007ffa12190000 - 0x00007ffa121bb000 	C:\Windows\SYSTEM32\VCRUNTIME140D.dll
0x00007ff926c80000 - 0x00007ff927033000 	D:\Dev\Capstone_Design_II\freerdp3.dll
0x00007ff94f660000 - 0x00007ff94f77c000 	D:\Dev\Capstone_Design_II\freerdp-client3.dll
0x00007ff9dc7f0000 - 0x00007ff9dc8fa000 	D:\Dev\Capstone_Design_II\winpr3.dll
0x00007ff927d70000 - 0x00007ff927f37000 	C:\Windows\SYSTEM32\ucrtbased.dll
0x00007ffa3aa40000 - 0x00007ffa3ab6b000 	C:\Windows\System32\ole32.dll
0x00007ffa0ab00000 - 0x00007ffa0ab54000 	C:\Windows\SYSTEM32\libzlib.dll
0x00007ffa1a6e0000 - 0x00007ffa1a6f9000 	C:\Windows\SYSTEM32\credui.dll
0x00007ffa2f350000 - 0x00007ffa2f3f4000 	C:\Windows\SYSTEM32\WINSPOOL.DRV
0x00007ff9468c0000 - 0x00007ff9469b9000 	C:\msys64\mingw64\bin\libssl-3-x64.dll
0x00007ff926780000 - 0x00007ff926c73000 	C:\msys64\mingw64\bin\libcrypto-3-x64.dll
0x00007ffa0a860000 - 0x00007ffa0a8a0000 	C:\Windows\SYSTEM32\libcjson.dll
0x00007ffa0a830000 - 0x00007ffa0a854000 	C:\msys64\mingw64\bin\ZLIB1.dll
0x00007ffa0a650000 - 0x00007ffa0a677000 	C:\msys64\mingw64\lib\ossl-modules\legacy.dll

dbghelp: loaded successfully - version: 4.0.5 - missing functions: none
symbol engine: initialized successfully - sym options: 0x614 - pdb path: .;C:\Users\ok10p\.jdks\corretto-17.0.13\bin;C:\Windows\SYSTEM32;C:\Windows\WinSxS\amd64_microsoft.windows.common-controls_6595b64144ccf1df_6.0.19041.4355_none_60b8b9eb71f62e16;C:\Users\ok10p\.jdks\corretto-17.0.13\bin\server;C:\Program Files\JetBrains\IntelliJ IDEA 2023.3.6\bin;D:\Dev\Capstone_Design_II;C:\msys64\mingw64\bin;C:\msys64\mingw64\lib\ossl-modules

VM Arguments:
jvm_args: -XX:TieredStopAtLevel=1 -Dspring.output.ansi.enabled=always -Dcom.sun.management.jmxremote -Dspring.jmx.enabled=true -Dspring.liveBeansView.mbeanDomain -Dspring.application.admin.enabled=true -Dmanagement.endpoints.jmx.exposure.include=* -javaagent:C:\Program Files\JetBrains\IntelliJ IDEA 2023.3.6\lib\idea_rt.jar=49865:C:\Program Files\JetBrains\IntelliJ IDEA 2023.3.6\bin -Dfile.encoding=UTF-8 
java_command: com.freerdp.FreeRDPApplication
java_class_path (initial): D:\Dev\Capstone_Design_II\build\classes\java\main;D:\Dev\Capstone_Design_II\build\resources\main;C:\Users\ok10p\.gradle\caches\modules-2\files-2.1\org.projectlombok\lombok\1.18.34\ec547ef414ab1d2c040118fb9c1c265ada63af14\lombok-1.18.34.jar;C:\Users\ok10p\.gradle\caches\modules-2\files-2.1\org.springframework.boot\spring-boot-starter-websocket\3.3.5\f34b2713e59c3717f654eeaea7a4aa0771738d4f\spring-boot-starter-websocket-3.3.5.jar;C:\Users\ok10p\.gradle\caches\modules-2\files-2.1\org.springframework.boot\spring-boot-starter-web\3.3.5\51cc6cd5fb15f4eecfadea4ac689ed290e65c2cc\spring-boot-starter-web-3.3.5.jar;C:\Users\ok10p\.gradle\caches\modules-2\files-2.1\org.springframework\spring-websocket\6.1.14\bb2335356845bf703234fea83fcfa032b759c99\spring-websocket-6.1.14.jar;C:\Users\ok10p\.gradle\caches\modules-2\files-2.1\org.springframework\spring-messaging\6.1.14\97e6f282fc94bfaec4d0146511727186452a0af\spring-messaging-6.1.14.jar;C:\Users\ok10p\.gradle\caches\modules-2\files-2.1\org.springframework.boot\spring-boot-starter-json\3.3.5\a92dd0bc808c9de278bc62bc37db4e409027657a\spring-boot-starter-json-3.3.5.jar;C:\Users\ok10p\.gradle\caches\modules-2\files-2.1\org.springframework.boot\spring-boot-starter\3.3.5\16b7a9acf1918a8f763e871ada3794e9ffd4a980\spring-boot-starter-3.3.5.jar;C:\Users\ok10p\.gradle\caches\modules-2\files-2.1\org.springframework.boot\spring-boot-starter-tomcat\3.3.5\9fcf404e2efc06612af0c194e6d4f4162c6aac24\spring-boot-starter-tomcat-3.3.5.jar;C:\Users\ok10p\.gradle\caches\modules-2\files-2.1\org.springframework\spring-webmvc\6.1.14\804478303aac6f91ea566efd4fef3dc06380528a\spring-webmvc-6.1.14.jar;C:\Users\ok10p\.gradle\caches\modules-2\files-2.1\org.springframework\spring-web\6.1.14\b45eaad7df4f37ce224acdcb555a6a3dd5c246b2\spring-web-6.1.14.jar;C:\Users\ok10p\.gradle\caches\modules-2\files-2.1\org.springframework\spring-context\6.1.14\b3d96fb4310376a608465c3544b7cfb790293787\spring-context-6.1.14.jar;C:\Users\ok10p\.gradle\cache
Launcher Type: SUN_STANDARD

[Global flags]
     intx CICompilerCount                          = 4                                         {product} {ergonomic}
     uint ConcGCThreads                            = 3                                         {product} {ergonomic}
     uint G1ConcRefinementThreads                  = 10                                        {product} {ergonomic}
   size_t G1HeapRegionSize                         = 4194304                                   {product} {ergonomic}
    uintx GCDrainStackTargetSize                   = 64                                        {product} {ergonomic}
   size_t InitialHeapSize                          = 536870912                                 {product} {ergonomic}
     bool ManagementServer                         = true                                      {product} {command line}
   size_t MarkStackSize                            = 4194304                                   {product} {ergonomic}
   size_t MaxHeapSize                              = 8543797248                                {product} {ergonomic}
   size_t MaxNewSize                               = 5125439488                                {product} {ergonomic}
   size_t MinHeapDeltaBytes                        = 4194304                                   {product} {ergonomic}
   size_t MinHeapSize                              = 8388608                                   {product} {ergonomic}
    uintx NonProfiledCodeHeapSize                  = 0                                      {pd product} {ergonomic}
     bool ProfileInterpreter                       = false                                  {pd product} {command line}
    uintx ProfiledCodeHeapSize                     = 0                                      {pd product} {ergonomic}
   size_t SoftMaxHeapSize                          = 8543797248                             {manageable} {ergonomic}
     intx TieredStopAtLevel                        = 1                                         {product} {command line}
     bool UseCompressedClassPointers               = true                           {product lp64_product} {ergonomic}
     bool UseCompressedOops                        = true                           {product lp64_product} {ergonomic}
     bool UseG1GC                                  = true                                      {product} {ergonomic}
     bool UseLargePagesIndividualAllocation        = false                                  {pd product} {ergonomic}

Logging:
Log output configuration:
 #0: stdout all=warning uptime,level,tags
 #1: stderr all=off uptime,level,tags

Environment Variables:
JAVA_HOME=C:\Program Files\Java\jdk-19
CLASSPATH=C:\Program Files\Java\jdk-19\lib
PATH=C:\Program Files\NVIDIA GPU Computing Toolkit\CUDA\v12.3\bin;C:\Program Files\NVIDIA GPU Computing Toolkit\CUDA\v12.3\libnvvp;C:\Windows\system32;C:\Windows;C:\Windows\System32\Wbem;C:\Windows\System32\WindowsPowerShell\v1.0\;C:\Windows\System32\OpenSSH\;C:\Program Files\Bandizip\;C:\Program Files\MATLAB\R2022a\bin;C:\Program Files\Java\jdk-19\bin;C:\Program Files\PuTTY\;C:\Users\ok10p\AppData\Local\Packages\PythonSoftwareFoundation.Python.3.11_qbz5n2kfra8p0\LocalCache\local-packages\Python311\site-packages;C:\Program Files\Docker\Docker\resources\bin;C:\Program Files\NVIDIA Corporation\Nsight Compute 2023.3.0\;C:\Program Files (x86)\NVIDIA Corporation\PhysX\Common;C:\Program Files\NVIDIA Corporation\NVIDIA NvDLISR;C:\Program Files\Git\cmd;C:\msys64;C:\msys64\usr\bin;C:\msys64\mingw64\bin;C:\Program Files\CMake\bin;D:\Dev\install\ffmpeg-2024-10-24-git-153a6dc8fa-full_build\bin;D:\Dev\install\OpenSSL-Win64\bin;C:\Users\ok10p\anaconda3;C:\Users\ok10p\anaconda3\Library\mingw-w64\bin;C:\Users\ok10p\anaconda3\Library\usr\bin;C:\Users\ok10p\anaconda3\Library\bin;C:\Users\ok10p\anaconda3\Scripts;C:\Users\ok10p\AppData\Local\Microsoft\WindowsApps;C:\Users\ok10p\AppData\Local\GitHubDesktop\bin;C:\Users\ok10p\AppData\Local\Programs\Microsoft VS Code\bin;C:\Program Files\Java\jdk-22\bin;C:\Program Files\JetBrains\IntelliJ IDEA 2023.3.6\bin;;C:\msys64\ucrt64\bin;
USERNAME=ok10p
OS=Windows_NT
PROCESSOR_IDENTIFIER=Intel64 Family 6 Model 151 Stepping 5, GenuineIntel
TMP=C:\Users\ok10p\AppData\Local\Temp
TEMP=C:\Users\ok10p\AppData\Local\Temp



Periodic native trim disabled


---------------  S Y S T E M  ---------------

OS:
 Windows 10 , 64 bit Build 19041 (10.0.19041.5072)
OS uptime: 2 days 7:19 hours
Hyper-V role detected

CPU: total 12 (initial active 12) (6 cores per cpu, 2 threads per core) family 6 model 151 stepping 5 microcode 0xf, cx8, cmov, fxsr, ht, mmx, 3dnowpref, sse, sse2, sse3, ssse3, sse4.1, sse4.2, popcnt, lzcnt, tsc, tscinvbit, avx, avx2, aes, erms, clmul, bmi1, bmi2, adx, sha, fma, vzeroupper, clflush, clflushopt, clwb, hv
Processor Information for all 12 processors :
  Max Mhz: 2500, Current Mhz: 2500, Mhz Limit: 2500

Memory: 4k page, system-wide physical 32578M (14331M free)
TotalPageFile size 37434M (AvailPageFile size 5107M)
current process WorkingSet (physical memory assigned to process): 184M, peak: 184M
current process commit charge ("private bytes"): 234M, peak: 649M

vm_info: OpenJDK 64-Bit Server VM (17.0.13+11-LTS) for windows-amd64 JRE (17.0.13+11-LTS), built on Oct 10 2024 19:51:30 by "Administrator" with MS VC++ 16.10 / 16.11 (VS2019)

END.
