#
# A fatal error has been detected by the Java Runtime Environment:
#
#  EXCEPTION_ACCESS_VIOLATION (0xc0000005) at pc=0x00007ff96a99c9f0, pid=5076, tid=43676
#
# JRE version: OpenJDK Runtime Environment Corretto-17.0.13.11.1 (17.0.13+11) (build 17.0.13+11-LTS)
# Java VM: OpenJDK 64-Bit Server VM Corretto-17.0.13.11.1 (17.0.13+11-LTS, mixed mode, emulated-client, sharing, tiered, compressed oops, compressed class ptrs, g1 gc, windows-amd64)
# Problematic frame:
# V  [jvm.dll+0xc9f0]
#
# No core dump will be written. Minidumps are not enabled by default on client versions of Windows
#
# If you would like to submit a bug report, please visit:
#   https://github.com/corretto/corretto-17/issues/
#

---------------  S U M M A R Y ------------

Command Line: -XX:TieredStopAtLevel=1 -Dspring.output.ansi.enabled=always -Dcom.sun.management.jmxremote -Dspring.jmx.enabled=true -Dspring.liveBeansView.mbeanDomain -Dspring.application.admin.enabled=true -Dmanagement.endpoints.jmx.exposure.include=* -javaagent:C:\Program Files\JetBrains\IntelliJ IDEA 2023.3.6\lib\idea_rt.jar=63224:C:\Program Files\JetBrains\IntelliJ IDEA 2023.3.6\bin -Dfile.encoding=UTF-8 com.freerdp.FreeRDPApplication

Host: 12th Gen Intel(R) Core(TM) i5-12400, 12 cores, 31G,  Windows 10 , 64 bit Build 19041 (10.0.19041.5072)
Time: Tue Nov 19 15:57:19 2024  Windows 10 , 64 bit Build 19041 (10.0.19041.5072) elapsed time: 7.772463 seconds (0d 0h 0m 7s)

---------------  T H R E A D  ---------------

Current thread (0x0000020e5b181830):  JavaThread "Thread-2" [_thread_in_vm, id=43676, stack(0x000000e038b00000,0x000000e038c00000)]

Stack: [0x000000e038b00000,0x000000e038c00000],  sp=0x000000e038bfe038,  free space=1016k
Native frames: (J=compiled Java code, j=interpreted, Vv=VM code, C=native code)
V  [jvm.dll+0xc9f0]

Java frames: (J=compiled Java code, j=interpreted, Vv=VM code)
j  com.freerdp.services.LibFreeRDP.freerdp_copy_bitmap(J[BIIII)Z+0
j  com.freerdp.services.LibFreeRDP.copy_bitmap(J[BIIII)Z+9
j  com.freerdp.services.LibFreeRDP.OnGraphicsUpdate(JIIII)V+61
v  ~StubRoutines::call_stub

siginfo: EXCEPTION_ACCESS_VIOLATION (0xc0000005), reading address 0x0000000000000000


Registers:
RAX=0x0000000000000000, RBX=0x0000020e5b181830, RCX=0x0000000000000000, RDX=0x0000000000000000
RSP=0x000000e038bfe038, RBP=0x000000e038bfe090, RSI=0x000000000000001d, RDI=0x0000000000000000
R8 =0x0000020e5accadf0, R9 =0x0000000000000000, R10=0x0000020e7b1ad079, R11=0x0000000605de0b08
R12=0x0000000000000000, R13=0x0000020e579dab20, R14=0x000000e038bfe450, R15=0x0000020e5b181830
RIP=0x00007ff96a99c9f0, EFLAGS=0x0000000000010246


Register to memory mapping:

RIP=0x00007ff96a99c9f0 jvm.dll
RAX=0x0 is NULL
RBX=0x0000020e5b181830 is a thread
RCX=0x0 is NULL
RDX=0x0 is NULL
RSP=0x000000e038bfe038 is pointing into the stack for thread: 0x0000020e5b181830
RBP=0x000000e038bfe090 is pointing into the stack for thread: 0x0000020e5b181830
RSI=0x000000000000001d is an unknown value
RDI=0x0 is NULL
R8 =0x0000020e5accadf0 points into unknown readable memory: 0x0000020e5b211ae0 | e0 1a 21 5b 0e 02 00 00
R9 =0x0 is NULL
R10=0x0000020e7b1ad079 is at code_begin+889 in an Interpreter codelet
method entry point (kind = native)  [0x0000020e7b1acd00, 0x0000020e7b1ad660]  2400 bytes
R11=0x0000000605de0b08 is an oop: java.lang.Class 
{0x0000000605de0b08} - klass: 'java/lang/Class'
 - ---- fields (total size 15 words):
 - private volatile transient 'classRedefinedCount' 'I' @12  0
 - private volatile transient 'cachedConstructor' 'Ljava/lang/reflect/Constructor;' @40  NULL (0)
 - private transient 'name' 'Ljava/lang/String;' @44  "com.freerdp.services.LibFreeRDP"{0x0000000605de0b90} (c0bbc172)
 - private transient 'module' 'Ljava/lang/Module;' @48  a 'java/lang/Module'{0x0000000602d2f640} (c05a5ec8)
 - private final 'classLoader' 'Ljava/lang/ClassLoader;' @52  a 'jdk/internal/loader/ClassLoaders$AppClassLoader'{0x0000000602d071e8} (c05a0e3d)
 - private transient 'classData' 'Ljava/lang/Object;' @56  NULL (0)
 - private transient 'packageName' 'Ljava/lang/String;' @60  "com.freerdp.services"{0x0000000605dde720} (c0bbbce4)
 - private final 'componentType' 'Ljava/lang/Class;' @64  NULL (0)
 - private volatile transient 'reflectionData' 'Ljava/lang/ref/SoftReference;' @68  NULL (0)
 - private volatile transient 'genericInfo' 'Lsun/reflect/generics/repository/ClassRepository;' @72  NULL (0)
 - private volatile transient 'enumConstants' '[Ljava/lang/Object;' @76  NULL (0)
 - private volatile transient 'enumConstantDirectory' 'Ljava/util/Map;' @80  NULL (0)
 - private volatile transient 'annotationData' 'Ljava/lang/Class$AnnotationData;' @84  NULL (0)
 - private volatile transient 'annotationType' 'Lsun/reflect/annotation/AnnotationType;' @88  NULL (0)
 - transient 'classValueMap' 'Ljava/lang/ClassValue$ClassValueMap;' @92  NULL (0)
 - signature: Lcom/freerdp/services/LibFreeRDP;
 - fake entry for mirror: 'com/freerdp/services/LibFreeRDP'
 - fake entry for array: NULL
 - fake entry for oop_size: 15
 - fake entry for static_oop_field_count: 1
 - private static final 'logger' 'Lorg/slf4j/Logger;' @112  a 'ch/qos/logback/classic/Logger'{0x0000000605de0d98} (c0bbc1b3)
R12=0x0 is NULL
R13=0x0000020e579dab20 is pointing into metadata
R14=0x000000e038bfe450 is pointing into the stack for thread: 0x0000020e5b181830
R15=0x0000020e5b181830 is a thread


Top of Stack: (sp=0x000000e038bfe038)
0x000000e038bfe038:   00007ff96ad7b35a 0000000000000073
0x000000e038bfe048:   0000000000000042 00007ffa09e7b00a
0x000000e038bfe058:   00007ff96ad13d6b 0000000000000010
0x000000e038bfe068:   00007ffa09e630b2 0000020e579dab40
0x000000e038bfe078:   000000000000001d 0000020e5b1cd0e9
0x000000e038bfe088:   00007ff96b002e00 0000020e14a6fdd0
0x000000e038bfe098:   0000020e14a6fdd8 0000020e5b48c2a0
0x000000e038bfe0a8:   0000020e14a67da0 0000020e14a67db0
0x000000e038bfe0b8:   0000020e14a68188 00000000000003d8
0x000000e038bfe0c8:   0000020e579dab40 00007ff96b2ad4f0
0x000000e038bfe0d8:   0000000000000000 0000000000000000
0x000000e038bfe0e8:   0000000000000000 0000000000000000
0x000000e038bfe0f8:   0000000000000000 0000000000000000
0x000000e038bfe108:   0000000000000000 0000000000000000
0x000000e038bfe118:   0000020e5b000000 000000e038bfe0d0
0x000000e038bfe128:   0000020e7b1ca580 0000000000000000
0x000000e038bfe138:   0000020e7b1ca5c2 0000020e7b1ca980
0x000000e038bfe148:   0000000000000000 00007ffa09e7b136
0x000000e038bfe158:   0000000000000010 000000e038bfe1e0
0x000000e038bfe168:   00007ffa09e67e0a 0000020e5b181ae8
0x000000e038bfe178:   0000000000000000 0000000000000000
0x000000e038bfe188:   0000000000000000 0000000000000000
0x000000e038bfe198:   0000000000000000 0000000000000000
0x000000e038bfe1a8:   0000000000000000 0000000000000000
0x000000e038bfe1b8:   000000e038020000 000000e038bfe0d0
0x000000e038bfe1c8:   0000000000000000 0000000000000000
0x000000e038bfe1d8:   0000020e7b1ca580 0000020e00000400
0x000000e038bfe1e8:   0000020e5accadf0 00007ff96b2ad490
0x000000e038bfe1f8:   0000000000000000 0000020e5b181830
0x000000e038bfe208:   0000020e5b50e660 0000000000000000
0x000000e038bfe218:   0000020e5b181800 0000000000000000
0x000000e038bfe228:   00000000000000b8 0000000000000000 

Instructions: (pc=0x00007ff96a99c9f0)
0x00007ff96a99c8f0:   00 00 00 48 8b 41 38 48 8b 80 68 09 00 00 48 8b
0x00007ff96a99c900:   48 08 48 8b 40 50 48 d3 ea 80 3c 02 01 0f 85 cd
0x00007ff96a99c910:   00 00 00 48 8b 13 0f b6 c2 24 03 3c 03 75 19 48
0x00007ff96a99c920:   83 e2 fc 74 13 48 3b da 74 11 48 8b c2 48 8b 5c
0x00007ff96a99c930:   24 38 48 83 c4 20 5e c3 48 8b d3 48 8b 46 38 0f
0x00007ff96a99c940:   be 88 f1 02 00 00 c1 e9 02 f6 c1 01 74 dc 48 89
0x00007ff96a99c950:   7c 24 30 e8 a8 e3 ff ff 48 8b 0d e9 80 bb 00 48
0x00007ff96a99c960:   8b f8 48 81 c1 70 09 00 00 8b 41 40 0f b6 57 21
0x00007ff96a99c970:   8d 42 01 88 47 21 84 d2 75 0a 48 8b d7 e8 be 39
0x00007ff96a99c980:   70 00 eb 20 80 7f 22 00 75 1a 8b 41 40 85 05 d9
0x00007ff96a99c990:   25 9b 00 74 0f b8 ff ff ff ff f0 0f c1 41 40 e8
0x00007ff96a99c9a0:   ec 39 70 00 48 8b 4e 38 4c 8b c7 48 8b d3 e8 dd
0x00007ff96a99c9b0:   f7 ff ff 0f b6 4f 21 48 8b d8 48 8b 15 87 80 bb
0x00007ff96a99c9c0:   00 8d 41 ff 88 47 21 80 f9 01 77 0f 48 8d 8a 70
0x00007ff96a99c9d0:   09 00 00 48 8b d7 e8 95 39 70 00 48 8b 7c 24 30
0x00007ff96a99c9e0:   48 8b c3 48 8b 5c 24 38 48 83 c4 20 5e c3 cc cc
0x00007ff96a99c9f0:   48 8b 01 c3 cc cc cc cc cc cc cc cc cc cc cc cc
0x00007ff96a99ca00:   4c 8b 01 4c 8b c9 48 8b 0d c3 01 b7 00 ba 44 60
0x00007ff96a99ca10:   08 00 e9 d9 f1 ff ff cc cc cc cc cc cc cc cc cc
0x00007ff96a99ca20:   48 89 5c 24 08 57 48 83 ec 20 48 8b 39 48 8b d9
0x00007ff96a99ca30:   48 85 3d 21 ef bb 00 75 0e 48 8b c7 48 8b 5c 24
0x00007ff96a99ca40:   30 48 83 c4 20 5f c3 48 8b cf e8 c1 d8 85 00 48
0x00007ff96a99ca50:   8b d0 48 85 c0 74 20 48 8b c7 f0 48 0f b1 13 74
0x00007ff96a99ca60:   16 48 85 05 f0 ee bb 00 74 0d 48 8b c8 f0 48 0f
0x00007ff96a99ca70:   b1 13 48 3b c1 75 ea 48 8b 5c 24 30 48 8b c2 48
0x00007ff96a99ca80:   83 c4 20 5f c3 cc cc cc cc cc cc cc cc cc cc cc
0x00007ff96a99ca90:   4c 8b 01 4c 8b c9 48 8b 0d 33 01 b7 00 ba 64 60
0x00007ff96a99caa0:   08 00 e9 49 f1 ff ff cc cc cc cc cc cc cc cc cc
0x00007ff96a99cab0:   8b 05 52 48 b1 00 c3 cc cc cc cc cc cc cc cc cc
0x00007ff96a99cac0:   0f b6 05 52 0a b8 00 48 8b d1 84 c0 74 16 44 8b
0x00007ff96a99cad0:   41 08 8b 0d 30 48 b1 00 49 d3 e0 4c 03 05 1e 48
0x00007ff96a99cae0:   b1 00 eb 04 4c 8b 41 08 45 8b 50 08 45 85 d2 7e 


Stack slot to memory mapping:
stack at sp + 0 slots: 0x00007ff96ad7b35a jvm.dll
stack at sp + 1 slots: 0x0000000000000073 is an unknown value
stack at sp + 2 slots: 0x0000000000000042 is an unknown value
stack at sp + 3 slots: 0x00007ffa09e7b00a JNI.dll
stack at sp + 4 slots: 0x00007ff96ad13d6b jvm.dll
stack at sp + 5 slots: 0x0000000000000010 is an unknown value
stack at sp + 6 slots: 0x00007ffa09e630b2 JNI.dll
stack at sp + 7 slots: {method} {0x0000020e579dab48} 'freerdp_copy_bitmap' '(J[BIIII)Z' in 'com/freerdp/services/LibFreeRDP'


---------------  P R O C E S S  ---------------

Threads class SMR info:
_java_thread_list=0x0000020e5b4b27d0, length=33, elements={
0x0000020e7fee3970, 0x0000020e7fee47f0, 0x0000020e7fefcd60, 0x0000020e7fefdbe0,
0x0000020e7ff01bd0, 0x0000020e7ff05960, 0x0000020e7ff065f0, 0x0000020e7ff0a8a0,
0x0000020e149a0ae0, 0x0000020e14a6a5c0, 0x0000020e14c9d360, 0x0000020e14c9d840,
0x0000020e5a449fd0, 0x0000020e5af3d580, 0x0000020e5af9e8c0, 0x0000020e5b068200,
0x0000020e5b069640, 0x0000020e5b069b50, 0x0000020e5b067cf0, 0x0000020e5b0677e0,
0x0000020e5b0663a0, 0x0000020e5b0668b0, 0x0000020e5b068710, 0x0000020e5b068c20,
0x0000020e5b069130, 0x0000020e5b066dc0, 0x0000020e5b0672d0, 0x0000020e5b181320,
0x0000020e5b183180, 0x0000020e5b1854f0, 0x0000020e5b182760, 0x0000020e5b17e080,
0x0000020e5b181830
}

Java Threads: ( => current thread )
  0x0000020e7fee3970 JavaThread "Reference Handler" daemon [_thread_blocked, id=21304, stack(0x000000e034200000,0x000000e034300000)]
  0x0000020e7fee47f0 JavaThread "Finalizer" daemon [_thread_blocked, id=36192, stack(0x000000e034300000,0x000000e034400000)]
  0x0000020e7fefcd60 JavaThread "Signal Dispatcher" daemon [_thread_blocked, id=17508, stack(0x000000e034400000,0x000000e034500000)]
  0x0000020e7fefdbe0 JavaThread "Attach Listener" daemon [_thread_blocked, id=29120, stack(0x000000e034500000,0x000000e034600000)]
  0x0000020e7ff01bd0 JavaThread "Service Thread" daemon [_thread_blocked, id=4684, stack(0x000000e034600000,0x000000e034700000)]
  0x0000020e7ff05960 JavaThread "Monitor Deflation Thread" daemon [_thread_blocked, id=44576, stack(0x000000e034700000,0x000000e034800000)]
  0x0000020e7ff065f0 JavaThread "C1 CompilerThread0" daemon [_thread_blocked, id=15312, stack(0x000000e034800000,0x000000e034900000)]
  0x0000020e7ff0a8a0 JavaThread "Sweeper thread" daemon [_thread_blocked, id=33140, stack(0x000000e034900000,0x000000e034a00000)]
  0x0000020e149a0ae0 JavaThread "Common-Cleaner" daemon [_thread_blocked, id=4924, stack(0x000000e034a00000,0x000000e034b00000)]
  0x0000020e14a6a5c0 JavaThread "C1 CompilerThread1" daemon [_thread_blocked, id=36296, stack(0x000000e034b00000,0x000000e034c00000)]
  0x0000020e14c9d360 JavaThread "Monitor Ctrl-Break" daemon [_thread_in_native, id=17152, stack(0x000000e034e00000,0x000000e034f00000)]
  0x0000020e14c9d840 JavaThread "Notification Thread" daemon [_thread_blocked, id=36460, stack(0x000000e034f00000,0x000000e035000000)]
  0x0000020e5a449fd0 JavaThread "RMI TCP Accept-0" daemon [_thread_in_native, id=40044, stack(0x000000e035000000,0x000000e035100000)]
  0x0000020e5af3d580 JavaThread "RMI TCP Connection(2)-192.168.200.123" daemon [_thread_in_native, id=38820, stack(0x000000e035d00000,0x000000e035e00000)]
  0x0000020e5af9e8c0 JavaThread "RMI Scheduler(0)" daemon [_thread_blocked, id=42632, stack(0x000000e035e00000,0x000000e035f00000)]
  0x0000020e5b068200 JavaThread "Catalina-utility-1" [_thread_blocked, id=45668, stack(0x000000e035f00000,0x000000e036000000)]
  0x0000020e5b069640 JavaThread "Catalina-utility-2" [_thread_blocked, id=48560, stack(0x000000e036000000,0x000000e036100000)]
  0x0000020e5b069b50 JavaThread "container-0" [_thread_blocked, id=45412, stack(0x000000e036100000,0x000000e036200000)]
  0x0000020e5b067cf0 JavaThread "http-nio-8080-exec-1" daemon [_thread_blocked, id=31012, stack(0x000000e036200000,0x000000e036300000)]
  0x0000020e5b0677e0 JavaThread "http-nio-8080-exec-2" daemon [_thread_blocked, id=46088, stack(0x000000e036300000,0x000000e036400000)]
  0x0000020e5b0663a0 JavaThread "http-nio-8080-exec-3" daemon [_thread_blocked, id=25976, stack(0x000000e036400000,0x000000e036500000)]
  0x0000020e5b0668b0 JavaThread "http-nio-8080-exec-4" daemon [_thread_blocked, id=24936, stack(0x000000e036500000,0x000000e036600000)]
  0x0000020e5b068710 JavaThread "http-nio-8080-exec-5" daemon [_thread_blocked, id=19344, stack(0x000000e036600000,0x000000e036700000)]
  0x0000020e5b068c20 JavaThread "http-nio-8080-exec-6" daemon [_thread_blocked, id=36472, stack(0x000000e036700000,0x000000e036800000)]
  0x0000020e5b069130 JavaThread "http-nio-8080-exec-7" daemon [_thread_blocked, id=4820, stack(0x000000e036800000,0x000000e036900000)]
  0x0000020e5b066dc0 JavaThread "http-nio-8080-exec-8" daemon [_thread_blocked, id=4664, stack(0x000000e036900000,0x000000e036a00000)]
  0x0000020e5b0672d0 JavaThread "http-nio-8080-exec-9" daemon [_thread_blocked, id=38100, stack(0x000000e036a00000,0x000000e036b00000)]
  0x0000020e5b181320 JavaThread "http-nio-8080-exec-10" daemon [_thread_blocked, id=4736, stack(0x000000e036b00000,0x000000e036c00000)]
  0x0000020e5b183180 JavaThread "http-nio-8080-Poller" daemon [_thread_in_native, id=16620, stack(0x000000e036c00000,0x000000e036d00000)]
  0x0000020e5b1854f0 JavaThread "http-nio-8080-Acceptor" daemon [_thread_in_native, id=37000, stack(0x000000e036d00000,0x000000e036e00000)]
  0x0000020e5b182760 JavaThread "DestroyJavaVM" [_thread_blocked, id=41316, stack(0x000000e033b00000,0x000000e033c00000)]
  0x0000020e5b17e080 JavaThread "WebSocket background processing" daemon [_thread_blocked, id=32464, stack(0x000000e038700000,0x000000e038800000)]
=>0x0000020e5b181830 JavaThread "Thread-2" [_thread_in_vm, id=43676, stack(0x000000e038b00000,0x000000e038c00000)]

Other Threads:
  0x0000020e7feda0e0 VMThread "VM Thread" [stack: 0x000000e034100000,0x000000e034200000] [id=29068]
  0x0000020e5a4449a0 WatcherThread [stack: 0x000000e035100000,0x000000e035200000] [id=9036]
  0x0000020e71f169b0 GCTaskThread "GC Thread#0" [stack: 0x000000e033c00000,0x000000e033d00000] [id=7672]
  0x0000020e5a7a6670 GCTaskThread "GC Thread#1" [stack: 0x000000e035200000,0x000000e035300000] [id=42044]
  0x0000020e5a7dd090 GCTaskThread "GC Thread#2" [stack: 0x000000e035300000,0x000000e035400000] [id=19520]
  0x0000020e5a7dd960 GCTaskThread "GC Thread#3" [stack: 0x000000e035400000,0x000000e035500000] [id=7336]
  0x0000020e5a806320 GCTaskThread "GC Thread#4" [stack: 0x000000e035500000,0x000000e035600000] [id=39420]
  0x0000020e5a807270 GCTaskThread "GC Thread#5" [stack: 0x000000e035600000,0x000000e035700000] [id=29676]
  0x0000020e5a80f540 GCTaskThread "GC Thread#6" [stack: 0x000000e035700000,0x000000e035800000] [id=16508]
  0x0000020e5a810090 GCTaskThread "GC Thread#7" [stack: 0x000000e035800000,0x000000e035900000] [id=50588]
  0x0000020e5a8107d0 GCTaskThread "GC Thread#8" [stack: 0x000000e035900000,0x000000e035a00000] [id=50012]
  0x0000020e5a811520 GCTaskThread "GC Thread#9" [stack: 0x000000e035a00000,0x000000e035b00000] [id=24532]
  0x0000020e7fd3c1d0 ConcurrentGCThread "G1 Main Marker" [stack: 0x000000e033d00000,0x000000e033e00000] [id=9964]
  0x0000020e7fd3cbf0 ConcurrentGCThread "G1 Conc#0" [stack: 0x000000e033e00000,0x000000e033f00000] [id=16460]
  0x0000020e5ae8c750 ConcurrentGCThread "G1 Conc#1" [stack: 0x000000e035b00000,0x000000e035c00000] [id=24684]
  0x0000020e5ae85d10 ConcurrentGCThread "G1 Conc#2" [stack: 0x000000e035c00000,0x000000e035d00000] [id=30808]
  0x0000020e7fe17df0 ConcurrentGCThread "G1 Refine#0" [stack: 0x000000e033f00000,0x000000e034000000] [id=5888]
  0x0000020e7fe18820 ConcurrentGCThread "G1 Service" [stack: 0x000000e034000000,0x000000e034100000] [id=28776]

Threads with active compile tasks:

VM state: not at safepoint (normal execution)

VM Mutex/Monitor currently owned by a thread: None

Heap address: 0x0000000602c00000, size: 8148 MB, Compressed Oops mode: Zero based, Oop shift amount: 3

CDS archive(s) mapped at: [0x0000020e15000000-0x0000020e15bb0000-0x0000020e15bb0000), size 12255232, SharedBaseAddress: 0x0000020e15000000, ArchiveRelocationMode: 1.
Compressed class space mapped at: 0x0000020e16000000-0x0000020e56000000, reserved size: 1073741824
Narrow klass base: 0x0000020e15000000, Narrow klass shift: 0, Narrow klass range: 0x100000000

GC Precious Log:
 CPUs: 12 total, 12 available
 Memory: 32578M
 Large Page Support: Disabled
 NUMA Support: Disabled
 Compressed Oops: Enabled (Zero based)
 Heap Region Size: 4M
 Heap Min Capacity: 8M
 Heap Initial Capacity: 512M
 Heap Max Capacity: 8148M
 Pre-touch: Disabled
 Parallel Workers: 10
 Concurrent Workers: 3
 Concurrent Refinement Workers: 10
 Periodic GC: Disabled

Heap:
 garbage-first heap   total 69632K, used 31581K [0x0000000602c00000, 0x0000000800000000)
  region size 4096K, 6 young (24576K), 1 survivors (4096K)
 Metaspace       used 30747K, committed 31168K, reserved 1114112K
  class space    used 4208K, committed 4416K, reserved 1048576K

Heap Regions: E=young(eden), S=young(survivor), O=old, HS=humongous(starts), HC=humongous(continues), CS=collection set, F=free, OA=open archive, CA=closed archive, TAMS=top-at-mark-start (previous, next)
|   0|0x0000000602c00000, 0x0000000603000000, 0x0000000603000000|100%| O|  |TAMS 0x0000000603000000, 0x0000000602c00000| Untracked 
|   1|0x0000000603000000, 0x0000000603000000, 0x0000000603400000|  0%| F|  |TAMS 0x0000000603000000, 0x0000000603000000| Untracked 
|   2|0x0000000603400000, 0x0000000603400000, 0x0000000603800000|  0%| F|  |TAMS 0x0000000603400000, 0x0000000603400000| Untracked 
|   3|0x0000000603800000, 0x0000000603800000, 0x0000000603c00000|  0%| F|  |TAMS 0x0000000603800000, 0x0000000603800000| Untracked 
|   4|0x0000000603c00000, 0x0000000603c00000, 0x0000000604000000|  0%| F|  |TAMS 0x0000000603c00000, 0x0000000603c00000| Untracked 
|   5|0x0000000604000000, 0x0000000604400000, 0x0000000604400000|100%| O|  |TAMS 0x0000000604000000, 0x0000000604000000| Untracked 
|   6|0x0000000604400000, 0x0000000604800000, 0x0000000604800000|100%| O|  |TAMS 0x0000000604400000, 0x0000000604400000| Untracked 
|   7|0x0000000604800000, 0x000000060495a200, 0x0000000604c00000| 33%| O|  |TAMS 0x0000000604800000, 0x0000000604800000| Untracked 
|   8|0x0000000604c00000, 0x0000000604c00000, 0x0000000605000000|  0%| F|  |TAMS 0x0000000604c00000, 0x0000000604c00000| Untracked 
|   9|0x0000000605000000, 0x0000000605000000, 0x0000000605400000|  0%| F|  |TAMS 0x0000000605000000, 0x0000000605000000| Untracked 
|  10|0x0000000605400000, 0x0000000605400000, 0x0000000605800000|  0%| F|  |TAMS 0x0000000605400000, 0x0000000605400000| Untracked 
|  11|0x0000000605800000, 0x000000060597edf8, 0x0000000605c00000| 37%| E|  |TAMS 0x0000000605800000, 0x0000000605800000| Complete 
|  12|0x0000000605c00000, 0x0000000606000000, 0x0000000606000000|100%| E|CS|TAMS 0x0000000605c00000, 0x0000000605c00000| Complete 
|  13|0x0000000606000000, 0x0000000606400000, 0x0000000606400000|100%| E|CS|TAMS 0x0000000606000000, 0x0000000606000000| Complete 
| 123|0x0000000621800000, 0x0000000621c00000, 0x0000000621c00000|100%| E|CS|TAMS 0x0000000621800000, 0x0000000621800000| Complete 
| 124|0x0000000621c00000, 0x0000000621d7d300, 0x0000000622000000| 37%| S|CS|TAMS 0x0000000621c00000, 0x0000000621c00000| Complete 
| 127|0x0000000622800000, 0x0000000622c00000, 0x0000000622c00000|100%| E|CS|TAMS 0x0000000622800000, 0x0000000622800000| Complete 

Card table byte_map: [0x0000020e00000000,0x0000020e00ff0000] _byte_map_base: 0x0000020dfcfea000

Marking Bits (Prev, Next): (CMBitMap*) 0x0000020e71f17010, (CMBitMap*) 0x0000020e71f16fd0
 Prev Bits: [0x0000020e09f30000, 0x0000020e11e80000)
 Next Bits: [0x0000020e01fe0000, 0x0000020e09f30000)

Polling page: 0x0000020e71f20000

Metaspace:

Usage:
  Non-class:     25.92 MB used.
      Class:      4.11 MB used.
       Both:     30.03 MB used.

Virtual space:
  Non-class space:       64.00 MB reserved,      26.12 MB ( 41%) committed,  1 nodes.
      Class space:        1.00 GB reserved,       4.31 MB ( <1%) committed,  1 nodes.
             Both:        1.06 GB reserved,      30.44 MB (  3%) committed. 

Chunk freelists:
   Non-Class:  5.44 MB
       Class:  11.58 MB
        Both:  17.02 MB

MaxMetaspaceSize: unlimited
CompressedClassSpaceSize: 1.00 GB
Initial GC threshold: 21.00 MB
Current GC threshold: 35.44 MB
CDS: on
MetaspaceReclaimPolicy: balanced
 - commit_granule_bytes: 65536.
 - commit_granule_words: 8192.
 - virtual_space_node_default_size: 8388608.
 - enlarge_chunks_in_place: 1.
 - new_chunks_are_fully_committed: 0.
 - uncommit_free_chunks: 1.
 - use_allocation_guard: 0.
 - handle_deallocations: 1.


Internal statistics:

num_allocs_failed_limit: 3.
num_arena_births: 656.
num_arena_deaths: 0.
num_vsnodes_births: 2.
num_vsnodes_deaths: 0.
num_space_committed: 487.
num_space_uncommitted: 0.
num_chunks_returned_to_freelist: 3.
num_chunks_taken_from_freelist: 1773.
num_chunk_merges: 3.
num_chunk_splits: 1201.
num_chunks_enlarged: 852.
num_inconsistent_stats: 0.

CodeCache: size=49152Kb used=7476Kb max_used=8496Kb free=41675Kb
 bounds [0x0000020e7b1a0000, 0x0000020e7b9f0000, 0x0000020e7e1a0000]
 total_blobs=4290 nmethods=3734 adapters=482
 compilation: enabled
              stopped_count=0, restarted_count=0
 full_count=0

Compilation events (20 events):
Event: 4.186 Thread 0x0000020e14a6a5c0 3725       1       java.nio.channels.spi.AbstractSelectionKey::isValid (13 bytes)
Event: 4.186 Thread 0x0000020e14a6a5c0 nmethod 3725 0x0000020e7b3c4e90 code [0x0000020e7b3c5020, 0x0000020e7b3c50f8]
Event: 4.208 Thread 0x0000020e14a6a5c0 3726       1       com.fasterxml.jackson.core.JsonToken::id (5 bytes)
Event: 4.208 Thread 0x0000020e14a6a5c0 nmethod 3726 0x0000020e7b3c4b90 code [0x0000020e7b3c4d20, 0x0000020e7b3c4df8]
Event: 4.227 Thread 0x0000020e14a6a5c0 3727       1       jdk.internal.misc.Unsafe::checkOffset (32 bytes)
Event: 4.227 Thread 0x0000020e7ff065f0 3728       1       java.util.concurrent.atomic.AtomicReference::get (5 bytes)
Event: 4.228 Thread 0x0000020e7ff065f0 nmethod 3728 0x0000020e7b3c4890 code [0x0000020e7b3c4a20, 0x0000020e7b3c4af8]
Event: 4.228 Thread 0x0000020e14a6a5c0 nmethod 3727 0x0000020e7b3c4490 code [0x0000020e7b3c4620, 0x0000020e7b3c4788]
Event: 4.271 Thread 0x0000020e14a6a5c0 3729       1       java.lang.Math::min (12 bytes)
Event: 4.271 Thread 0x0000020e14a6a5c0 nmethod 3729 0x0000020e7b3c4190 code [0x0000020e7b3c4320, 0x0000020e7b3c43d8]
Event: 4.323 Thread 0x0000020e14a6a5c0 3730       1       org.apache.tomcat.websocket.WsFrameBase::isOpen (5 bytes)
Event: 4.323 Thread 0x0000020e7ff065f0 3731       1       jdk.internal.misc.Unsafe::copyMemory (33 bytes)
Event: 4.324 Thread 0x0000020e14a6a5c0 nmethod 3730 0x0000020e7b3c3e90 code [0x0000020e7b3c4020, 0x0000020e7b3c40f8]
Event: 4.324 Thread 0x0000020e14a6a5c0 3732       1       jdk.internal.misc.Unsafe::copyMemoryChecks (21 bytes)
Event: 4.324 Thread 0x0000020e7ff065f0 nmethod 3731 0x0000020e7b3c3390 code [0x0000020e7b3c35c0, 0x0000020e7b3c3af8]
Event: 4.324 Thread 0x0000020e14a6a5c0 nmethod 3732 0x0000020e7b3c2910 code [0x0000020e7b3c2b20, 0x0000020e7b3c3008]
Event: 4.433 Thread 0x0000020e14a6a5c0 3733       1       java.lang.Integer::equals (29 bytes)
Event: 4.433 Thread 0x0000020e7ff065f0 3734       1       org.apache.coyote.AbstractProtocol$ConnectionHandler::getProtocol (5 bytes)
Event: 4.433 Thread 0x0000020e7ff065f0 nmethod 3734 0x0000020e7b3c2610 code [0x0000020e7b3c27a0, 0x0000020e7b3c2878]
Event: 4.433 Thread 0x0000020e14a6a5c0 nmethod 3733 0x0000020e7b3c2210 code [0x0000020e7b3c23a0, 0x0000020e7b3c2538]

GC Heap History (12 events):
Event: 0.405 GC heap before
{Heap before GC invocations=0 (full 0):
 garbage-first heap   total 524288K, used 24576K [0x0000000602c00000, 0x0000000800000000)
  region size 4096K, 6 young (24576K), 0 survivors (0K)
 Metaspace       used 8045K, committed 8256K, reserved 1114112K
  class space    used 1036K, committed 1152K, reserved 1048576K
}
Event: 0.407 GC heap after
{Heap after GC invocations=1 (full 0):
 garbage-first heap   total 524288K, used 5081K [0x0000000602c00000, 0x0000000800000000)
  region size 4096K, 1 young (4096K), 1 survivors (4096K)
 Metaspace       used 8045K, committed 8256K, reserved 1114112K
  class space    used 1036K, committed 1152K, reserved 1048576K
}
Event: 0.568 GC heap before
{Heap before GC invocations=1 (full 0):
 garbage-first heap   total 524288K, used 21465K [0x0000000602c00000, 0x0000000800000000)
  region size 4096K, 6 young (24576K), 1 survivors (4096K)
 Metaspace       used 12107K, committed 12352K, reserved 1114112K
  class space    used 1608K, committed 1728K, reserved 1048576K
}
Event: 0.570 GC heap after
{Heap after GC invocations=2 (full 0):
 garbage-first heap   total 524288K, used 6616K [0x0000000602c00000, 0x0000000800000000)
  region size 4096K, 1 young (4096K), 1 survivors (4096K)
 Metaspace       used 12107K, committed 12352K, reserved 1114112K
  class space    used 1608K, committed 1728K, reserved 1048576K
}
Event: 0.889 GC heap before
{Heap before GC invocations=2 (full 0):
 garbage-first heap   total 524288K, used 55768K [0x0000000602c00000, 0x0000000800000000)
  region size 4096K, 13 young (53248K), 1 survivors (4096K)
 Metaspace       used 19732K, committed 20032K, reserved 1114112K
  class space    used 2671K, committed 2816K, reserved 1048576K
}
Event: 0.892 GC heap after
{Heap after GC invocations=3 (full 0):
 garbage-first heap   total 524288K, used 10456K [0x0000000602c00000, 0x0000000800000000)
  region size 4096K, 2 young (8192K), 2 survivors (8192K)
 Metaspace       used 19732K, committed 20032K, reserved 1114112K
  class space    used 2671K, committed 2816K, reserved 1048576K
}
Event: 0.964 GC heap before
{Heap before GC invocations=3 (full 0):
 garbage-first heap   total 524288K, used 18648K [0x0000000602c00000, 0x0000000800000000)
  region size 4096K, 5 young (20480K), 2 survivors (8192K)
 Metaspace       used 21221K, committed 21504K, reserved 1114112K
  class space    used 2891K, committed 3008K, reserved 1048576K
}
Event: 0.966 GC heap after
{Heap after GC invocations=4 (full 0):
 garbage-first heap   total 524288K, used 11074K [0x0000000602c00000, 0x0000000800000000)
  region size 4096K, 2 young (8192K), 2 survivors (8192K)
 Metaspace       used 21221K, committed 21504K, reserved 1114112K
  class space    used 2891K, committed 3008K, reserved 1048576K
}
Event: 1.255 GC heap before
{Heap before GC invocations=5 (full 0):
 garbage-first heap   total 69632K, used 47938K [0x0000000602c00000, 0x0000000800000000)
  region size 4096K, 12 young (49152K), 2 survivors (8192K)
 Metaspace       used 26503K, committed 27008K, reserved 1114112K
  class space    used 3642K, committed 3840K, reserved 1048576K
}
Event: 1.258 GC heap after
{Heap after GC invocations=6 (full 0):
 garbage-first heap   total 69632K, used 14360K [0x0000000602c00000, 0x0000000800000000)
  region size 4096K, 3 young (12288K), 3 survivors (12288K)
 Metaspace       used 26503K, committed 27008K, reserved 1114112K
  class space    used 3642K, committed 3840K, reserved 1048576K
}
Event: 1.297 GC heap before
{Heap before GC invocations=6 (full 0):
 garbage-first heap   total 69632K, used 14360K [0x0000000602c00000, 0x0000000800000000)
  region size 4096K, 4 young (16384K), 3 survivors (12288K)
 Metaspace       used 27202K, committed 27712K, reserved 1114112K
  class space    used 3744K, committed 3968K, reserved 1048576K
}
Event: 1.300 GC heap after
{Heap after GC invocations=7 (full 0):
 garbage-first heap   total 69632K, used 15197K [0x0000000602c00000, 0x0000000800000000)
  region size 4096K, 1 young (4096K), 1 survivors (4096K)
 Metaspace       used 27202K, committed 27712K, reserved 1114112K
  class space    used 3744K, committed 3968K, reserved 1048576K
}

Dll operation events (14 events):
Event: 0.012 Loaded shared library C:\Users\ok10p\.jdks\corretto-17.0.13\bin\java.dll
Event: 0.028 Loaded shared library C:\Users\ok10p\.jdks\corretto-17.0.13\bin\jsvml.dll
Event: 0.074 Loaded shared library C:\Users\ok10p\.jdks\corretto-17.0.13\bin\zip.dll
Event: 0.077 Loaded shared library C:\Users\ok10p\.jdks\corretto-17.0.13\bin\instrument.dll
Event: 0.080 Loaded shared library C:\Users\ok10p\.jdks\corretto-17.0.13\bin\net.dll
Event: 0.082 Loaded shared library C:\Users\ok10p\.jdks\corretto-17.0.13\bin\nio.dll
Event: 0.084 Loaded shared library C:\Users\ok10p\.jdks\corretto-17.0.13\bin\zip.dll
Event: 0.108 Loaded shared library C:\Program Files\JetBrains\IntelliJ IDEA 2023.3.6\bin\breakgen64.dll
Event: 0.110 Loaded shared library C:\Users\ok10p\.jdks\corretto-17.0.13\bin\jimage.dll
Event: 0.115 Loaded shared library C:\Users\ok10p\.jdks\corretto-17.0.13\bin\extnet.dll
Event: 0.123 Loaded shared library C:\Users\ok10p\.jdks\corretto-17.0.13\bin\management.dll
Event: 0.128 Loaded shared library C:\Users\ok10p\.jdks\corretto-17.0.13\bin\management_ext.dll
Event: 0.687 Loaded shared library C:\Users\ok10p\.jdks\corretto-17.0.13\bin\sunmscapi.dll
Event: 3.567 Loaded shared library D:\Dev\Capstone_Design_II\JNI.dll

Deoptimization events (4 events):
Event: 1.172 Thread 0x0000020e71e685c0 DEOPT PACKING pc=0x0000020e7b75ee09 sp=0x000000e033bfe590
Event: 1.172 Thread 0x0000020e71e685c0 DEOPT UNPACKING pc=0x0000020e7b1f7143 sp=0x000000e033bfda20 mode 3
Event: 1.172 Thread 0x0000020e5b069640 DEOPT PACKING pc=0x0000020e7b6fea1f sp=0x000000e0360fee80
Event: 1.172 Thread 0x0000020e5b069640 DEOPT UNPACKING pc=0x0000020e7b1f7143 sp=0x000000e0360fe2d8 mode 3

Classes loaded (20 events):
Event: 3.623 Loading class java/util/Base64$Encoder
Event: 3.623 Loading class java/util/Base64$Encoder done
Event: 3.626 Loading class java/util/zip/DataFormatException
Event: 3.626 Loading class java/util/zip/DataFormatException done
Event: 3.627 Loading class java/util/zip/Deflater
Event: 3.627 Loading class java/util/zip/Deflater done
Event: 3.627 Loading class java/util/zip/Deflater$DeflaterZStreamRef
Event: 3.627 Loading class java/util/zip/Deflater$DeflaterZStreamRef done
Event: 3.629 Loading class sun/security/provider/MD5
Event: 3.629 Loading class sun/security/provider/MD5 done
Event: 3.641 Loading class java/util/concurrent/atomic/AtomicReferenceFieldUpdater
Event: 3.641 Loading class java/util/concurrent/atomic/AtomicReferenceFieldUpdater done
Event: 3.641 Loading class java/util/concurrent/atomic/AtomicReferenceFieldUpdater$AtomicReferenceFieldUpdaterImpl
Event: 3.641 Loading class java/util/concurrent/atomic/AtomicReferenceFieldUpdater$AtomicReferenceFieldUpdaterImpl done
Event: 3.641 Loading class java/util/concurrent/atomic/AtomicReferenceFieldUpdater$AtomicReferenceFieldUpdaterImpl$1
Event: 3.641 Loading class java/util/concurrent/atomic/AtomicReferenceFieldUpdater$AtomicReferenceFieldUpdaterImpl$1 done
Event: 3.651 Loading class java/util/OptionalLong
Event: 3.651 Loading class java/util/OptionalLong done
Event: 3.651 Loading class java/util/OptionalDouble
Event: 3.651 Loading class java/util/OptionalDouble done

Classes unloaded (0 events):
No events

Classes redefined (0 events):
No events

Internal exceptions (20 events):
Event: 1.026 Thread 0x0000020e71e685c0 Exception <a 'java/lang/NoSuchMethodError'{0x0000000605c25978}: 'java.lang.Object java.lang.invoke.DirectMethodHandle$Holder.invokeSpecial(java.lang.Object, java.lang.Object, java.lang.Object, java.lang.Object, int)'> (0x0000000605c25978) 
thrown [s\src\hotspot\share\interpreter\linkResolver.cpp, line 759]
Event: 1.026 Thread 0x0000020e71e685c0 Exception <a 'java/lang/NoSuchMethodError'{0x0000000605c29540}: 'java.lang.Object java.lang.invoke.Invokers$Holder.linkToTargetMethod(java.lang.Object, java.lang.Object, int, java.lang.Object)'> (0x0000000605c29540) 
thrown [s\src\hotspot\share\interpreter\linkResolver.cpp, line 759]
Event: 1.051 Thread 0x0000020e5af3d580 Exception <a 'java/lang/NoSuchMethodError'{0x0000000605466e08}: static [B.<clinit>()V> (0x0000000605466e08) 
thrown [s\src\hotspot\share\prims\jni.cpp, line 1112]
Event: 1.054 Thread 0x0000020e5af3d580 Exception <a 'java/lang/ClassNotFoundException'{0x00000006054811a8}: javax/management/remote/rmi/RMIConnectionImpl_Skel> (0x00000006054811a8) 
thrown [s\src\hotspot\share\classfile\systemDictionary.cpp, line 256]
Event: 1.057 Thread 0x0000020e5af3d580 Exception <a 'java/lang/reflect/InvocationTargetException'{0x00000006054b32b0}> (0x00000006054b32b0) 
thrown [s\src\hotspot\share\runtime\reflection.cpp, line 1128]
Event: 1.058 Thread 0x0000020e5af3d580 Exception <a 'java/lang/NoSuchMethodError'{0x0000000605007e28}: static [Ljava/lang/StackTraceElement;.<clinit>()V> (0x0000000605007e28) 
thrown [s\src\hotspot\share\prims\jni.cpp, line 1112]
Event: 1.110 Thread 0x0000020e71e685c0 Exception <a 'java/lang/NoSuchMethodError'{0x0000000604cdc530}: 'java.lang.Object java.lang.invoke.DirectMethodHandle$Holder.invokeSpecial(java.lang.Object, java.lang.Object, long, java.lang.Object, java.lang.Object, java.lang.Object, java.lang.Object, java.lang.Object, java.lang.Object)'> (0x0000000604cdc530) 
thrown [s\src\hotspot\share\interpreter\linkResolver.cpp, line 759]
Event: 1.111 Thread 0x0000020e71e685c0 Exception <a 'java/lang/NoSuchMethodError'{0x0000000604ce1058}: 'java.lang.Object java.lang.invoke.DelegatingMethodHandle$Holder.reinvoke_L(java.lang.Object, long, java.lang.Object, java.lang.Object, java.lang.Object, java.lang.Object, java.lang.Object, java.lang.Object)'> (0x0000000604ce1058) 
thrown [s\src\hotspot\share\interpreter\linkResolver.cpp, line 759]
Event: 1.132 Thread 0x0000020e71e685c0 Exception <a 'java/io/FileNotFoundException'{0x0000000604e46988}> (0x0000000604e46988) 
thrown [s\src\hotspot\share\prims\jni.cpp, line 516]
Event: 1.133 Thread 0x0000020e71e685c0 Exception <a 'java/io/FileNotFoundException'{0x0000000604e47d78}> (0x0000000604e47d78) 
thrown [s\src\hotspot\share\prims\jni.cpp, line 516]
Event: 1.145 Thread 0x0000020e71e685c0 Exception <a 'java/lang/NoSuchMethodError'{0x0000000604f76570}: 'int java.lang.invoke.DirectMethodHandle$Holder.invokeInterface(java.lang.Object, java.lang.Object, java.lang.Object, java.lang.Object)'> (0x0000000604f76570) 
thrown [s\src\hotspot\share\interpreter\linkResolver.cpp, line 759]
Event: 1.164 Thread 0x0000020e71e685c0 Exception <a 'java/lang/NoSuchMethodError'{0x00000006049519c0}: 'long java.lang.invoke.DirectMethodHandle$Holder.invokeVirtual(java.lang.Object, java.lang.Object)'> (0x00000006049519c0) 
thrown [s\src\hotspot\share\interpreter\linkResolver.cpp, line 759]
Event: 1.183 Thread 0x0000020e71e685c0 Exception <a 'sun/nio/fs/WindowsException'{0x0000000604b14900}> (0x0000000604b14900) 
thrown [s\src\hotspot\share\prims\jni.cpp, line 516]
Event: 1.279 Thread 0x0000020e71e685c0 Exception <a 'java/lang/IncompatibleClassChangeError'{0x00000006229c3440}: Found class java.lang.Object, but interface was expected> (0x00000006229c3440) 
thrown [s\src\hotspot\share\interpreter\linkResolver.cpp, line 826]
Event: 1.289 Thread 0x0000020e71e685c0 Exception <a 'java/lang/NoSuchMethodError'{0x0000000622aeb0b0}: 'void java.lang.invoke.DirectMethodHandle$Holder.invokeVirtual(java.lang.Object, java.lang.Object, long)'> (0x0000000622aeb0b0) 
thrown [s\src\hotspot\share\interpreter\linkResolver.cpp, line 759]
Event: 1.320 Thread 0x0000020e71e685c0 Exception <a 'java/lang/NoSuchMethodError'{0x00000006229e82f8}: 'int java.lang.invoke.DirectMethodHandle$Holder.invokeStaticInit(java.lang.Object, java.lang.Object, java.lang.Object, java.lang.Object)'> (0x00000006229e82f8) 
thrown [s\src\hotspot\share\interpreter\linkResolver.cpp, line 759]
Event: 1.350 Thread 0x0000020e71e685c0 Exception <a 'java/lang/NoSuchMethodError'{0x00000006218a2100}: 'java.lang.Object java.lang.invoke.DirectMethodHandle$Holder.newInvokeSpecial(java.lang.Object, java.lang.Object, int, java.lang.Object, java.lang.Object)'> (0x00000006218a2100) 
thrown [s\src\hotspot\share\interpreter\linkResolver.cpp, line 759]
Event: 3.499 Thread 0x0000020e5b067cf0 Exception <a 'java/lang/NoSuchMethodError'{0x000000060625acb0}: 'java.lang.Object java.lang.invoke.DirectMethodHandle$Holder.invokeSpecial(java.lang.Object, java.lang.Object, java.lang.Object, java.lang.Object, java.lang.Object, long)'> (0x000000060625acb0) 
thrown [s\src\hotspot\share\interpreter\linkResolver.cpp, line 759]
Event: 3.499 Thread 0x0000020e5b067cf0 Exception <a 'java/lang/NoSuchMethodError'{0x000000060625e6f0}: 'java.lang.Object java.lang.invoke.Invokers$Holder.linkToTargetMethod(java.lang.Object, java.lang.Object, java.lang.Object, long, java.lang.Object)'> (0x000000060625e6f0) 
thrown [s\src\hotspot\share\interpreter\linkResolver.cpp, line 759]
Event: 3.582 Thread 0x0000020e5b0677e0 Exception <a 'java/lang/NoSuchMethodError'{0x000000062191f278}: 'java.lang.Object java.lang.invoke.DirectMethodHandle$Holder.invokeStatic(java.lang.Object, int, int)'> (0x000000062191f278) 
thrown [s\src\hotspot\share\interpreter\linkResolver.cpp, line 759]

VM Operations (20 events):
Event: 1.297 Executing VM operation: G1CollectForAllocation
Event: 1.300 Executing VM operation: G1CollectForAllocation done
Event: 1.301 Executing VM operation: HandshakeAllThreads
Event: 1.301 Executing VM operation: HandshakeAllThreads done
Event: 2.313 Executing VM operation: Cleanup
Event: 2.313 Executing VM operation: Cleanup done
Event: 3.506 Executing VM operation: HandshakeAllThreads
Event: 3.507 Executing VM operation: HandshakeAllThreads done
Event: 3.573 Executing VM operation: HandshakeAllThreads
Event: 3.573 Executing VM operation: HandshakeAllThreads done
Event: 3.573 Executing VM operation: Cleanup
Event: 3.573 Executing VM operation: Cleanup done
Event: 3.576 Executing VM operation: HandshakeAllThreads
Event: 3.576 Executing VM operation: HandshakeAllThreads done
Event: 3.619 Executing VM operation: HandshakeAllThreads
Event: 3.620 Executing VM operation: HandshakeAllThreads done
Event: 3.656 Executing VM operation: HandshakeAllThreads
Event: 3.656 Executing VM operation: HandshakeAllThreads done
Event: 4.656 Executing VM operation: Cleanup
Event: 4.656 Executing VM operation: Cleanup done

Memory protections (0 events):
No events

Nmethod flushes (0 events):
No events

Events (20 events):
Event: 1.355 Thread 0x0000020e71e685c0 Thread added: 0x0000020e5b068710
Event: 1.355 Thread 0x0000020e71e685c0 Thread added: 0x0000020e5b068c20
Event: 1.355 Thread 0x0000020e71e685c0 Thread added: 0x0000020e5b069130
Event: 1.355 Thread 0x0000020e71e685c0 Thread added: 0x0000020e5b066dc0
Event: 1.355 Thread 0x0000020e71e685c0 Thread added: 0x0000020e5b0672d0
Event: 1.355 Thread 0x0000020e71e685c0 Thread added: 0x0000020e5b181320
Event: 1.363 Thread 0x0000020e71e685c0 Thread added: 0x0000020e5b183180
Event: 1.363 Thread 0x0000020e71e685c0 Thread added: 0x0000020e5b1854f0
Event: 1.371 Thread 0x0000020e71e685c0 Thread exited: 0x0000020e71e685c0
Event: 1.371 Thread 0x0000020e5b182760 Thread added: 0x0000020e5b182760
Event: 1.561 Thread 0x0000020e5af3d580 Thread added: 0x0000020e5b17e080
Event: 1.565 Thread 0x0000020e5b17e080 Thread exited: 0x0000020e5b17e080
Event: 1.566 Thread 0x0000020e5af3d580 Thread added: 0x0000020e5b180900
Event: 1.569 Thread 0x0000020e5b180900 Thread exited: 0x0000020e5b180900
Event: 1.570 Thread 0x0000020e5af3d580 Thread added: 0x0000020e5b183690
Event: 1.579 Thread 0x0000020e5b183690 Thread exited: 0x0000020e5b183690
Event: 3.479 Thread 0x0000020e14a70c10 Thread exited: 0x0000020e14a70c10
Event: 3.479 Thread 0x0000020e14a6eef0 Thread exited: 0x0000020e14a6eef0
Event: 3.644 Thread 0x0000020e5b0663a0 Thread added: 0x0000020e5b17e080
Event: 7.764 Thread 0x0000020e5b181830 Thread added: 0x0000020e5b181830


Dynamic libraries:
0x00007ff6a0c90000 - 0x00007ff6a0c9e000 	C:\Users\ok10p\.jdks\corretto-17.0.13\bin\java.exe
0x00007ffa3b2d0000 - 0x00007ffa3b4c8000 	C:\Windows\SYSTEM32\ntdll.dll
0x00007ffa3ad90000 - 0x00007ffa3ae52000 	C:\Windows\System32\KERNEL32.DLL
0x00007ffa38e90000 - 0x00007ffa3918e000 	C:\Windows\System32\KERNELBASE.dll
0x00007ffa38970000 - 0x00007ffa38a70000 	C:\Windows\System32\ucrtbase.dll
0x00007ff970cf0000 - 0x00007ff970d07000 	C:\Users\ok10p\.jdks\corretto-17.0.13\bin\jli.dll
0x00007ff96d450000 - 0x00007ff96d46b000 	C:\Users\ok10p\.jdks\corretto-17.0.13\bin\VCRUNTIME140.dll
0x00007ffa3a150000 - 0x00007ffa3a2ed000 	C:\Windows\System32\USER32.dll
0x00007ffa38e10000 - 0x00007ffa38e32000 	C:\Windows\System32\win32u.dll
0x00007ffa3a360000 - 0x00007ffa3a38b000 	C:\Windows\System32\GDI32.dll
0x00007ffa38cf0000 - 0x00007ffa38e07000 	C:\Windows\System32\gdi32full.dll
0x00007ffa2ee90000 - 0x00007ffa2f12a000 	C:\Windows\WinSxS\amd64_microsoft.windows.common-controls_6595b64144ccf1df_6.0.19041.4355_none_60b8b9eb71f62e16\COMCTL32.dll
0x00007ffa38c50000 - 0x00007ffa38ced000 	C:\Windows\System32\msvcp_win.dll
0x00007ffa3ac90000 - 0x00007ffa3ad2e000 	C:\Windows\System32\msvcrt.dll
0x00007ffa3a000000 - 0x00007ffa3a02f000 	C:\Windows\System32\IMM32.DLL
0x00007ffa0be40000 - 0x00007ffa0be4c000 	C:\Users\ok10p\.jdks\corretto-17.0.13\bin\vcruntime140_1.dll
0x00007ff96d270000 - 0x00007ff96d2fd000 	C:\Users\ok10p\.jdks\corretto-17.0.13\bin\msvcp140.dll
0x00007ff96a990000 - 0x00007ff96b5fc000 	C:\Users\ok10p\.jdks\corretto-17.0.13\bin\server\jvm.dll
0x00007ffa3a470000 - 0x00007ffa3a521000 	C:\Windows\System32\ADVAPI32.dll
0x00007ffa3a030000 - 0x00007ffa3a0cf000 	C:\Windows\System32\sechost.dll
0x00007ffa39ed0000 - 0x00007ffa39ff3000 	C:\Windows\System32\RPCRT4.dll
0x00007ffa38a70000 - 0x00007ffa38a97000 	C:\Windows\System32\bcrypt.dll
0x00007ffa3a2f0000 - 0x00007ffa3a35b000 	C:\Windows\System32\WS2_32.dll
0x00007ffa381e0000 - 0x00007ffa3822b000 	C:\Windows\SYSTEM32\POWRPROF.dll
0x00007ffa31a50000 - 0x00007ffa31a5a000 	C:\Windows\SYSTEM32\VERSION.dll
0x00007ffa2cb50000 - 0x00007ffa2cb77000 	C:\Windows\SYSTEM32\WINMM.dll
0x00007ffa380a0000 - 0x00007ffa380b2000 	C:\Windows\SYSTEM32\UMPDC.dll
0x00007ffa367d0000 - 0x00007ffa367e2000 	C:\Windows\SYSTEM32\kernel.appcore.dll
0x00007ffa0bb80000 - 0x00007ffa0bb8a000 	C:\Users\ok10p\.jdks\corretto-17.0.13\bin\jimage.dll
0x00007ffa2c210000 - 0x00007ffa2c3f4000 	C:\Windows\SYSTEM32\DBGHELP.DLL
0x00007ffa27760000 - 0x00007ffa27794000 	C:\Windows\SYSTEM32\dbgcore.DLL
0x00007ffa38b10000 - 0x00007ffa38b92000 	C:\Windows\System32\bcryptPrimitives.dll
0x00007ffa190f0000 - 0x00007ffa190fe000 	C:\Users\ok10p\.jdks\corretto-17.0.13\bin\instrument.dll
0x00007ff970d40000 - 0x00007ff970d65000 	C:\Users\ok10p\.jdks\corretto-17.0.13\bin\java.dll
0x00007ff96d480000 - 0x00007ff96d557000 	C:\Users\ok10p\.jdks\corretto-17.0.13\bin\jsvml.dll
0x00007ffa39350000 - 0x00007ffa39abd000 	C:\Windows\System32\SHELL32.dll
0x00007ffa369d0000 - 0x00007ffa37174000 	C:\Windows\SYSTEM32\windows.storage.dll
0x00007ffa3ae60000 - 0x00007ffa3b1b3000 	C:\Windows\System32\combase.dll
0x00007ffa382c0000 - 0x00007ffa382ee000 	C:\Windows\SYSTEM32\Wldp.dll
0x00007ffa3b1c0000 - 0x00007ffa3b28d000 	C:\Windows\System32\OLEAUT32.dll
0x00007ffa39cf0000 - 0x00007ffa39d9d000 	C:\Windows\System32\SHCORE.dll
0x00007ffa3ad30000 - 0x00007ffa3ad85000 	C:\Windows\System32\shlwapi.dll
0x00007ffa388a0000 - 0x00007ffa388c4000 	C:\Windows\SYSTEM32\profapi.dll
0x00007ff96d200000 - 0x00007ff96d218000 	C:\Users\ok10p\.jdks\corretto-17.0.13\bin\zip.dll
0x00007ff97a7c0000 - 0x00007ff97a7d9000 	C:\Users\ok10p\.jdks\corretto-17.0.13\bin\net.dll
0x00007ffa33900000 - 0x00007ffa33a0d000 	C:\Windows\SYSTEM32\WINHTTP.dll
0x00007ffa38030000 - 0x00007ffa3809a000 	C:\Windows\system32\mswsock.dll
0x00007ff96d250000 - 0x00007ff96d266000 	C:\Users\ok10p\.jdks\corretto-17.0.13\bin\nio.dll
0x00007ffa0c010000 - 0x00007ffa0c02a000 	C:\Program Files\JetBrains\IntelliJ IDEA 2023.3.6\bin\breakgen64.dll
0x00007ffa37d70000 - 0x00007ffa37e3a000 	C:\Windows\SYSTEM32\DNSAPI.dll
0x00007ffa37d30000 - 0x00007ffa37d6b000 	C:\Windows\SYSTEM32\IPHLPAPI.DLL
0x00007ffa39cd0000 - 0x00007ffa39cd8000 	C:\Windows\System32\NSI.dll
0x00007ffa0b870000 - 0x00007ffa0b879000 	C:\Users\ok10p\.jdks\corretto-17.0.13\bin\extnet.dll
0x00007ffa2f750000 - 0x00007ffa2f75a000 	C:\Windows\System32\rasadhlp.dll
0x00007ffa319d0000 - 0x00007ffa31a50000 	C:\Windows\System32\fwpuclnt.dll
0x00007ffa19040000 - 0x00007ffa19049000 	C:\Users\ok10p\.jdks\corretto-17.0.13\bin\management.dll
0x00007ffa18d50000 - 0x00007ffa18d5b000 	C:\Users\ok10p\.jdks\corretto-17.0.13\bin\management_ext.dll
0x00007ffa3a530000 - 0x00007ffa3a538000 	C:\Windows\System32\PSAPI.DLL
0x00007ffa38610000 - 0x00007ffa38628000 	C:\Windows\SYSTEM32\CRYPTSP.dll
0x00007ffa37910000 - 0x00007ffa37944000 	C:\Windows\system32\rsaenh.dll
0x00007ffa38860000 - 0x00007ffa3888e000 	C:\Windows\SYSTEM32\USERENV.dll
0x00007ffa38230000 - 0x00007ffa3823c000 	C:\Windows\SYSTEM32\CRYPTBASE.dll
0x00007ffa33a10000 - 0x00007ffa33a27000 	C:\Windows\SYSTEM32\dhcpcsvc6.DLL
0x00007ffa33780000 - 0x00007ffa3379d000 	C:\Windows\SYSTEM32\dhcpcsvc.DLL
0x00007ffa0ca00000 - 0x00007ffa0ca17000 	C:\Windows\system32\napinsp.dll
0x00007ffa17880000 - 0x00007ffa1789b000 	C:\Windows\system32\pnrpnsp.dll
0x00007ffa1dfd0000 - 0x00007ffa1dfe5000 	C:\Windows\system32\wshbth.dll
0x00007ffa34d00000 - 0x00007ffa34d1d000 	C:\Windows\system32\NLAapi.dll
0x00007ffa178d0000 - 0x00007ffa178e2000 	C:\Windows\System32\winrnr.dll
0x00007ffa350c0000 - 0x00007ffa350ce000 	C:\Users\ok10p\.jdks\corretto-17.0.13\bin\sunmscapi.dll
0x00007ffa39190000 - 0x00007ffa392ec000 	C:\Windows\System32\CRYPT32.dll
0x00007ffa38330000 - 0x00007ffa38357000 	C:\Windows\SYSTEM32\ncrypt.dll
0x00007ffa382f0000 - 0x00007ffa3832b000 	C:\Windows\SYSTEM32\NTASN1.dll
0x00007ffa1dd20000 - 0x00007ffa1dd27000 	C:\Windows\system32\wshunix.dll
0x00007ffa09e50000 - 0x00007ffa09e7f000 	D:\Dev\Capstone_Design_II\JNI.dll
0x00007ff94de50000 - 0x00007ff94df6c000 	D:\Dev\Capstone_Design_II\freerdp-client3.dll
0x00007ff945990000 - 0x00007ff945d43000 	D:\Dev\Capstone_Design_II\freerdp3.dll
0x00007ff95b830000 - 0x00007ff95b88a000 	D:\Dev\Capstone_Design_II\wfreerdp-client3.dll
0x00007ff945880000 - 0x00007ff94598a000 	D:\Dev\Capstone_Design_II\winpr3.dll
0x00007ffa3aa40000 - 0x00007ffa3ab6b000 	C:\Windows\System32\ole32.dll
0x00007ff9ed840000 - 0x00007ff9ed86b000 	C:\Windows\SYSTEM32\VCRUNTIME140D.dll
0x00007ffa2f760000 - 0x00007ffa2f767000 	C:\Windows\SYSTEM32\MSIMG32.dll
0x00007ff943740000 - 0x00007ff943907000 	C:\Windows\SYSTEM32\ucrtbased.dll
0x00007ffa1a6e0000 - 0x00007ffa1a6f9000 	C:\Windows\SYSTEM32\credui.dll
0x00007ffa2f350000 - 0x00007ffa2f3f4000 	C:\Windows\SYSTEM32\WINSPOOL.DRV
0x00007ff9ddd70000 - 0x00007ff9dddb0000 	C:\Windows\SYSTEM32\libcjson.dll
0x00007ff94a690000 - 0x00007ff94a6e4000 	C:\Windows\SYSTEM32\libzlib.dll
0x00007ff945670000 - 0x00007ff945769000 	C:\msys64\mingw64\bin\libssl-3-x64.dll
0x00007ff943240000 - 0x00007ff943733000 	C:\msys64\mingw64\bin\libcrypto-3-x64.dll
0x00007ff9c06f0000 - 0x00007ff9c0714000 	C:\msys64\mingw64\bin\ZLIB1.dll
0x00007ff971ce0000 - 0x00007ff971d07000 	C:\msys64\mingw64\lib\ossl-modules\legacy.dll
0x00007ffa1ce70000 - 0x00007ffa1ce7c000 	C:\Windows\SYSTEM32\secur32.dll
0x00007ffa38820000 - 0x00007ffa38852000 	C:\Windows\SYSTEM32\SSPICLI.DLL
0x00007ffa37fa0000 - 0x00007ffa3802b000 	C:\Windows\system32\msv1_0.DLL
0x00007ffa386a0000 - 0x00007ffa386b4000 	C:\Windows\SYSTEM32\NtlmShared.dll
0x00007ffa38680000 - 0x00007ffa38695000 	C:\Windows\SYSTEM32\cryptdll.dll

dbghelp: loaded successfully - version: 4.0.5 - missing functions: none
symbol engine: initialized successfully - sym options: 0x614 - pdb path: .;C:\Users\ok10p\.jdks\corretto-17.0.13\bin;C:\Windows\SYSTEM32;C:\Windows\WinSxS\amd64_microsoft.windows.common-controls_6595b64144ccf1df_6.0.19041.4355_none_60b8b9eb71f62e16;C:\Users\ok10p\.jdks\corretto-17.0.13\bin\server;C:\Program Files\JetBrains\IntelliJ IDEA 2023.3.6\bin;D:\Dev\Capstone_Design_II;C:\msys64\mingw64\bin;C:\msys64\mingw64\lib\ossl-modules

VM Arguments:
jvm_args: -XX:TieredStopAtLevel=1 -Dspring.output.ansi.enabled=always -Dcom.sun.management.jmxremote -Dspring.jmx.enabled=true -Dspring.liveBeansView.mbeanDomain -Dspring.application.admin.enabled=true -Dmanagement.endpoints.jmx.exposure.include=* -javaagent:C:\Program Files\JetBrains\IntelliJ IDEA 2023.3.6\lib\idea_rt.jar=63224:C:\Program Files\JetBrains\IntelliJ IDEA 2023.3.6\bin -Dfile.encoding=UTF-8 
java_command: com.freerdp.FreeRDPApplication
java_class_path (initial): D:\Dev\Capstone_Design_II\build\classes\java\main;D:\Dev\Capstone_Design_II\build\resources\main;C:\Users\ok10p\.gradle\caches\modules-2\files-2.1\org.projectlombok\lombok\1.18.34\ec547ef414ab1d2c040118fb9c1c265ada63af14\lombok-1.18.34.jar;C:\Users\ok10p\.gradle\caches\modules-2\files-2.1\org.springframework.boot\spring-boot-starter-websocket\3.3.5\f34b2713e59c3717f654eeaea7a4aa0771738d4f\spring-boot-starter-websocket-3.3.5.jar;C:\Users\ok10p\.gradle\caches\modules-2\files-2.1\org.springframework.boot\spring-boot-starter-web\3.3.5\51cc6cd5fb15f4eecfadea4ac689ed290e65c2cc\spring-boot-starter-web-3.3.5.jar;C:\Users\ok10p\.gradle\caches\modules-2\files-2.1\org.springframework\spring-websocket\6.1.14\bb2335356845bf703234fea83fcfa032b759c99\spring-websocket-6.1.14.jar;C:\Users\ok10p\.gradle\caches\modules-2\files-2.1\org.springframework\spring-messaging\6.1.14\97e6f282fc94bfaec4d0146511727186452a0af\spring-messaging-6.1.14.jar;C:\Users\ok10p\.gradle\caches\modules-2\files-2.1\org.springframework.boot\spring-boot-starter-json\3.3.5\a92dd0bc808c9de278bc62bc37db4e409027657a\spring-boot-starter-json-3.3.5.jar;C:\Users\ok10p\.gradle\caches\modules-2\files-2.1\org.springframework.boot\spring-boot-starter\3.3.5\16b7a9acf1918a8f763e871ada3794e9ffd4a980\spring-boot-starter-3.3.5.jar;C:\Users\ok10p\.gradle\caches\modules-2\files-2.1\org.springframework.boot\spring-boot-starter-tomcat\3.3.5\9fcf404e2efc06612af0c194e6d4f4162c6aac24\spring-boot-starter-tomcat-3.3.5.jar;C:\Users\ok10p\.gradle\caches\modules-2\files-2.1\org.springframework\spring-webmvc\6.1.14\804478303aac6f91ea566efd4fef3dc06380528a\spring-webmvc-6.1.14.jar;C:\Users\ok10p\.gradle\caches\modules-2\files-2.1\org.springframework\spring-web\6.1.14\b45eaad7df4f37ce224acdcb555a6a3dd5c246b2\spring-web-6.1.14.jar;C:\Users\ok10p\.gradle\caches\modules-2\files-2.1\org.springframework\spring-context\6.1.14\b3d96fb4310376a608465c3544b7cfb790293787\spring-context-6.1.14.jar;C:\Users\ok10p\.gradle\cache
Launcher Type: SUN_STANDARD

[Global flags]
     intx CICompilerCount                          = 4                                         {product} {ergonomic}
     uint ConcGCThreads                            = 3                                         {product} {ergonomic}
     uint G1ConcRefinementThreads                  = 10                                        {product} {ergonomic}
   size_t G1HeapRegionSize                         = 4194304                                   {product} {ergonomic}
    uintx GCDrainStackTargetSize                   = 64                                        {product} {ergonomic}
   size_t InitialHeapSize                          = 536870912                                 {product} {ergonomic}
     bool ManagementServer                         = true                                      {product} {command line}
   size_t MarkStackSize                            = 4194304                                   {product} {ergonomic}
   size_t MaxHeapSize                              = 8543797248                                {product} {ergonomic}
   size_t MaxNewSize                               = 5125439488                                {product} {ergonomic}
   size_t MinHeapDeltaBytes                        = 4194304                                   {product} {ergonomic}
   size_t MinHeapSize                              = 8388608                                   {product} {ergonomic}
    uintx NonProfiledCodeHeapSize                  = 0                                      {pd product} {ergonomic}
     bool ProfileInterpreter                       = false                                  {pd product} {command line}
    uintx ProfiledCodeHeapSize                     = 0                                      {pd product} {ergonomic}
   size_t SoftMaxHeapSize                          = 8543797248                             {manageable} {ergonomic}
     intx TieredStopAtLevel                        = 1                                         {product} {command line}
     bool UseCompressedClassPointers               = true                           {product lp64_product} {ergonomic}
     bool UseCompressedOops                        = true                           {product lp64_product} {ergonomic}
     bool UseG1GC                                  = true                                      {product} {ergonomic}
     bool UseLargePagesIndividualAllocation        = false                                  {pd product} {ergonomic}

Logging:
Log output configuration:
 #0: stdout all=warning uptime,level,tags
 #1: stderr all=off uptime,level,tags

Environment Variables:
JAVA_HOME=C:\Program Files\Java\jdk-19
CLASSPATH=C:\Program Files\Java\jdk-19\lib
PATH=C:\Program Files\NVIDIA GPU Computing Toolkit\CUDA\v12.3\bin;C:\Program Files\NVIDIA GPU Computing Toolkit\CUDA\v12.3\libnvvp;C:\Windows\system32;C:\Windows;C:\Windows\System32\Wbem;C:\Windows\System32\WindowsPowerShell\v1.0\;C:\Windows\System32\OpenSSH\;C:\Program Files\Bandizip\;C:\Program Files\MATLAB\R2022a\bin;C:\Program Files\Java\jdk-19\bin;C:\Program Files\PuTTY\;C:\Users\ok10p\AppData\Local\Packages\PythonSoftwareFoundation.Python.3.11_qbz5n2kfra8p0\LocalCache\local-packages\Python311\site-packages;C:\Program Files\Docker\Docker\resources\bin;C:\Program Files\NVIDIA Corporation\Nsight Compute 2023.3.0\;C:\Program Files (x86)\NVIDIA Corporation\PhysX\Common;C:\Program Files\NVIDIA Corporation\NVIDIA NvDLISR;C:\Program Files\Git\cmd;C:\msys64;C:\msys64\usr\bin;C:\msys64\mingw64\bin;C:\Program Files\CMake\bin;D:\Dev\install\ffmpeg-2024-10-24-git-153a6dc8fa-full_build\bin;D:\Dev\install\OpenSSL-Win64\bin;C:\Users\ok10p\anaconda3;C:\Users\ok10p\anaconda3\Library\mingw-w64\bin;C:\Users\ok10p\anaconda3\Library\usr\bin;C:\Users\ok10p\anaconda3\Library\bin;C:\Users\ok10p\anaconda3\Scripts;C:\Users\ok10p\AppData\Local\Microsoft\WindowsApps;C:\Users\ok10p\AppData\Local\GitHubDesktop\bin;C:\Users\ok10p\AppData\Local\Programs\Microsoft VS Code\bin;C:\Program Files\Java\jdk-22\bin;C:\Program Files\JetBrains\IntelliJ IDEA 2023.3.6\bin;;C:\msys64\ucrt64\bin;
USERNAME=ok10p
OS=Windows_NT
PROCESSOR_IDENTIFIER=Intel64 Family 6 Model 151 Stepping 5, GenuineIntel
TMP=C:\Users\ok10p\AppData\Local\Temp
TEMP=C:\Users\ok10p\AppData\Local\Temp



Periodic native trim disabled


---------------  S Y S T E M  ---------------

OS:
 Windows 10 , 64 bit Build 19041 (10.0.19041.5072)
OS uptime: 1 days 20:45 hours
Hyper-V role detected

CPU: total 12 (initial active 12) (6 cores per cpu, 2 threads per core) family 6 model 151 stepping 5 microcode 0xf, cx8, cmov, fxsr, ht, mmx, 3dnowpref, sse, sse2, sse3, ssse3, sse4.1, sse4.2, popcnt, lzcnt, tsc, tscinvbit, avx, avx2, aes, erms, clmul, bmi1, bmi2, adx, sha, fma, vzeroupper, clflush, clflushopt, clwb, hv
Processor Information for all 12 processors :
  Max Mhz: 2500, Current Mhz: 2500, Mhz Limit: 2500

Memory: 4k page, system-wide physical 32578M (16773M free)
TotalPageFile size 34626M (AvailPageFile size 10750M)
current process WorkingSet (physical memory assigned to process): 204M, peak: 204M
current process commit charge ("private bytes"): 262M, peak: 649M

vm_info: OpenJDK 64-Bit Server VM (17.0.13+11-LTS) for windows-amd64 JRE (17.0.13+11-LTS), built on Oct 10 2024 19:51:30 by "Administrator" with MS VC++ 16.10 / 16.11 (VS2019)

END.
