#
# A fatal error has been detected by the Java Runtime Environment:
#
#  EXCEPTION_ACCESS_VIOLATION (0xc0000005) at pc=0x00007ff96a99c9f0, pid=16004, tid=24320
#
# JRE version: OpenJDK Runtime Environment Corretto-17.0.13.11.1 (17.0.13+11) (build 17.0.13+11-LTS)
# Java VM: OpenJDK 64-Bit Server VM Corretto-17.0.13.11.1 (17.0.13+11-LTS, mixed mode, emulated-client, sharing, tiered, compressed oops, compressed class ptrs, g1 gc, windows-amd64)
# Problematic frame:
# V  [jvm.dll+0xc9f0]
#
# No core dump will be written. Minidumps are not enabled by default on client versions of Windows
#
# If you would like to submit a bug report, please visit:
#   https://github.com/corretto/corretto-17/issues/
#

---------------  S U M M A R Y ------------

Command Line: -XX:TieredStopAtLevel=1 -Dspring.output.ansi.enabled=always -Dcom.sun.management.jmxremote -Dspring.jmx.enabled=true -Dspring.liveBeansView.mbeanDomain -Dspring.application.admin.enabled=true -Dmanagement.endpoints.jmx.exposure.include=* -javaagent:C:\Program Files\JetBrains\IntelliJ IDEA 2023.3.6\lib\idea_rt.jar=63676:C:\Program Files\JetBrains\IntelliJ IDEA 2023.3.6\bin -Dfile.encoding=UTF-8 com.freerdp.FreeRDPApplication

Host: 12th Gen Intel(R) Core(TM) i5-12400, 12 cores, 31G,  Windows 10 , 64 bit Build 19041 (10.0.19041.5072)
Time: Tue Nov 19 16:07:29 2024  Windows 10 , 64 bit Build 19041 (10.0.19041.5072) elapsed time: 17.040688 seconds (0d 0h 0m 17s)

---------------  T H R E A D  ---------------

Current thread (0x000001ca5e23dac0):  JavaThread "Thread-2" [_thread_in_vm, id=24320, stack(0x00000031a2200000,0x00000031a2300000)]

Stack: [0x00000031a2200000,0x00000031a2300000],  sp=0x00000031a22fe428,  free space=1017k
Native frames: (J=compiled Java code, j=interpreted, Vv=VM code, C=native code)
V  [jvm.dll+0xc9f0]

Java frames: (J=compiled Java code, j=interpreted, Vv=VM code)
j  com.freerdp.services.LibFreeRDP.freerdp_copy_bitmap(J[BIIII)Z+0
j  com.freerdp.services.LibFreeRDP.copy_bitmap(J[BIIII)Z+9
j  com.freerdp.services.LibFreeRDP.OnGraphicsUpdate(JIIII)V+61
v  ~StubRoutines::call_stub

siginfo: EXCEPTION_ACCESS_VIOLATION (0xc0000005), reading address 0x0000000000000000


Registers:
RAX=0x0000000000000000, RBX=0x000001ca5e23dac0, RCX=0x0000000000000000, RDX=0x0000000000000000
RSP=0x00000031a22fe428, RBP=0x00000031a22fe480, RSI=0x000000000000001c, RDI=0x0000000000000000
R8 =0x000001ca5dd90460, R9 =0x0000000000000000, R10=0x000001ca0000d079, R11=0x000000060625cfe0
R12=0x0000000000000000, R13=0x000001ca5a9d95a0, R14=0x00000031a22fe840, R15=0x000001ca5e23dac0
RIP=0x00007ff96a99c9f0, EFLAGS=0x0000000000010246


Register to memory mapping:

RIP=0x00007ff96a99c9f0 jvm.dll
RAX=0x0 is NULL
RBX=0x000001ca5e23dac0 is a thread
RCX=0x0 is NULL
RDX=0x0 is NULL
RSP=0x00000031a22fe428 is pointing into the stack for thread: 0x000001ca5e23dac0
RBP=0x00000031a22fe480 is pointing into the stack for thread: 0x000001ca5e23dac0
RSI=0x000000000000001c is an unknown value
RDI=0x0 is NULL
R8 =0x000001ca5dd90460 points into unknown readable memory: 0x000001ca17e07010 | 10 70 e0 17 ca 01 00 00
R9 =0x0 is NULL
R10=0x000001ca0000d079 is at code_begin+889 in an Interpreter codelet
method entry point (kind = native)  [0x000001ca0000cd00, 0x000001ca0000d660]  2400 bytes
R11=0x000000060625cfe0 is an oop: java.lang.Class 
{0x000000060625cfe0} - klass: 'java/lang/Class'
 - ---- fields (total size 15 words):
 - private volatile transient 'classRedefinedCount' 'I' @12  0
 - private volatile transient 'cachedConstructor' 'Ljava/lang/reflect/Constructor;' @40  NULL (0)
 - private transient 'name' 'Ljava/lang/String;' @44  "com.freerdp.services.LibFreeRDP"{0x000000060625d068} (c0c4ba0d)
 - private transient 'module' 'Ljava/lang/Module;' @48  a 'java/lang/Module'{0x0000000602d08400} (c05a1080)
 - private final 'classLoader' 'Ljava/lang/ClassLoader;' @52  a 'jdk/internal/loader/ClassLoaders$AppClassLoader'{0x0000000602cf9800} (c059f300)
 - private transient 'classData' 'Ljava/lang/Object;' @56  NULL (0)
 - private transient 'packageName' 'Ljava/lang/String;' @60  "com.freerdp.services"{0x000000060625abf8} (c0c4b57f)
 - private final 'componentType' 'Ljava/lang/Class;' @64  NULL (0)
 - private volatile transient 'reflectionData' 'Ljava/lang/ref/SoftReference;' @68  NULL (0)
 - private volatile transient 'genericInfo' 'Lsun/reflect/generics/repository/ClassRepository;' @72  NULL (0)
 - private volatile transient 'enumConstants' '[Ljava/lang/Object;' @76  NULL (0)
 - private volatile transient 'enumConstantDirectory' 'Ljava/util/Map;' @80  NULL (0)
 - private volatile transient 'annotationData' 'Ljava/lang/Class$AnnotationData;' @84  NULL (0)
 - private volatile transient 'annotationType' 'Lsun/reflect/annotation/AnnotationType;' @88  NULL (0)
 - transient 'classValueMap' 'Ljava/lang/ClassValue$ClassValueMap;' @92  NULL (0)
 - signature: Lcom/freerdp/services/LibFreeRDP;
 - fake entry for mirror: 'com/freerdp/services/LibFreeRDP'
 - fake entry for array: NULL
 - fake entry for oop_size: 15
 - fake entry for static_oop_field_count: 1
 - private static final 'logger' 'Lorg/slf4j/Logger;' @112  a 'ch/qos/logback/classic/Logger'{0x000000060625d270} (c0c4ba4e)
R12=0x0 is NULL
R13=0x000001ca5a9d95a0 is pointing into metadata
R14=0x00000031a22fe840 is pointing into the stack for thread: 0x000001ca5e23dac0
R15=0x000001ca5e23dac0 is a thread


Top of Stack: (sp=0x00000031a22fe428)
0x00000031a22fe428:   00007ff96ad7b35a 0000000000000072
0x00000031a22fe438:   0000000000000042 00007ff9ed84b00a
0x00000031a22fe448:   00007ff96ad13d6b 0000000000000010
0x00000031a22fe458:   00007ff9ed8330b2 000001ca5a9d95c0
0x00000031a22fe468:   000000000000001c 000001ca5d678e19
0x00000031a22fe478:   00007ff96b002e00 000001ca17c8e3d0
0x00000031a22fe488:   000001ca17c8e3d8 000001ca5d9824d0
0x00000031a22fe498:   000001ca1507b860 000001ca1507b870
0x00000031a22fe4a8:   000001ca1507bc48 00000000000003d8
0x00000031a22fe4b8:   000001ca5a9d95c0 00007ff96b2ad4f0
0x00000031a22fe4c8:   0000000000000000 0000000000000000
0x00000031a22fe4d8:   0000000000000000 0000000000000000
0x00000031a22fe4e8:   0000000000000000 0000000000000000
0x00000031a22fe4f8:   0000000000000000 0000000000000000
0x00000031a22fe508:   000001ca5e000000 00000031a22fe4c0
0x00000031a22fe518:   000001ca0002a580 0000000000000000
0x00000031a22fe528:   000001ca0002a5c2 000001ca0002a980
0x00000031a22fe538:   0000000000000000 00007ff9ed84b136
0x00000031a22fe548:   0000000000000010 00000031a22fe5d0
0x00000031a22fe558:   00007ff9ed837e0a 000001ca5e23dd78
0x00000031a22fe568:   0000000000000000 0000000000000000
0x00000031a22fe578:   0000000000000000 0000000000000000
0x00000031a22fe588:   0000000000000000 0000000000000000
0x00000031a22fe598:   0000000000000000 0000000000000000
0x00000031a22fe5a8:   00000031a2020000 00000031a22fe4c0
0x00000031a22fe5b8:   0000000000000000 0000000000000000
0x00000031a22fe5c8:   000001ca0002a580 000001ca00000400
0x00000031a22fe5d8:   000001ca5dd90460 00007ff96b2ad490
0x00000031a22fe5e8:   0000000000000000 000001ca5e23dac0
0x00000031a22fe5f8:   000001ca17cf8ca0 0000000000000000
0x00000031a22fe608:   000001ca5e23da00 0000000000000000
0x00000031a22fe618:   00000000000000b8 0000000000000000 

Instructions: (pc=0x00007ff96a99c9f0)
0x00007ff96a99c8f0:   00 00 00 48 8b 41 38 48 8b 80 68 09 00 00 48 8b
0x00007ff96a99c900:   48 08 48 8b 40 50 48 d3 ea 80 3c 02 01 0f 85 cd
0x00007ff96a99c910:   00 00 00 48 8b 13 0f b6 c2 24 03 3c 03 75 19 48
0x00007ff96a99c920:   83 e2 fc 74 13 48 3b da 74 11 48 8b c2 48 8b 5c
0x00007ff96a99c930:   24 38 48 83 c4 20 5e c3 48 8b d3 48 8b 46 38 0f
0x00007ff96a99c940:   be 88 f1 02 00 00 c1 e9 02 f6 c1 01 74 dc 48 89
0x00007ff96a99c950:   7c 24 30 e8 a8 e3 ff ff 48 8b 0d e9 80 bb 00 48
0x00007ff96a99c960:   8b f8 48 81 c1 70 09 00 00 8b 41 40 0f b6 57 21
0x00007ff96a99c970:   8d 42 01 88 47 21 84 d2 75 0a 48 8b d7 e8 be 39
0x00007ff96a99c980:   70 00 eb 20 80 7f 22 00 75 1a 8b 41 40 85 05 d9
0x00007ff96a99c990:   25 9b 00 74 0f b8 ff ff ff ff f0 0f c1 41 40 e8
0x00007ff96a99c9a0:   ec 39 70 00 48 8b 4e 38 4c 8b c7 48 8b d3 e8 dd
0x00007ff96a99c9b0:   f7 ff ff 0f b6 4f 21 48 8b d8 48 8b 15 87 80 bb
0x00007ff96a99c9c0:   00 8d 41 ff 88 47 21 80 f9 01 77 0f 48 8d 8a 70
0x00007ff96a99c9d0:   09 00 00 48 8b d7 e8 95 39 70 00 48 8b 7c 24 30
0x00007ff96a99c9e0:   48 8b c3 48 8b 5c 24 38 48 83 c4 20 5e c3 cc cc
0x00007ff96a99c9f0:   48 8b 01 c3 cc cc cc cc cc cc cc cc cc cc cc cc
0x00007ff96a99ca00:   4c 8b 01 4c 8b c9 48 8b 0d c3 01 b7 00 ba 44 60
0x00007ff96a99ca10:   08 00 e9 d9 f1 ff ff cc cc cc cc cc cc cc cc cc
0x00007ff96a99ca20:   48 89 5c 24 08 57 48 83 ec 20 48 8b 39 48 8b d9
0x00007ff96a99ca30:   48 85 3d 21 ef bb 00 75 0e 48 8b c7 48 8b 5c 24
0x00007ff96a99ca40:   30 48 83 c4 20 5f c3 48 8b cf e8 c1 d8 85 00 48
0x00007ff96a99ca50:   8b d0 48 85 c0 74 20 48 8b c7 f0 48 0f b1 13 74
0x00007ff96a99ca60:   16 48 85 05 f0 ee bb 00 74 0d 48 8b c8 f0 48 0f
0x00007ff96a99ca70:   b1 13 48 3b c1 75 ea 48 8b 5c 24 30 48 8b c2 48
0x00007ff96a99ca80:   83 c4 20 5f c3 cc cc cc cc cc cc cc cc cc cc cc
0x00007ff96a99ca90:   4c 8b 01 4c 8b c9 48 8b 0d 33 01 b7 00 ba 64 60
0x00007ff96a99caa0:   08 00 e9 49 f1 ff ff cc cc cc cc cc cc cc cc cc
0x00007ff96a99cab0:   8b 05 52 48 b1 00 c3 cc cc cc cc cc cc cc cc cc
0x00007ff96a99cac0:   0f b6 05 52 0a b8 00 48 8b d1 84 c0 74 16 44 8b
0x00007ff96a99cad0:   41 08 8b 0d 30 48 b1 00 49 d3 e0 4c 03 05 1e 48
0x00007ff96a99cae0:   b1 00 eb 04 4c 8b 41 08 45 8b 50 08 45 85 d2 7e 


Stack slot to memory mapping:
stack at sp + 0 slots: 0x00007ff96ad7b35a jvm.dll
stack at sp + 1 slots: 0x0000000000000072 is an unknown value
stack at sp + 2 slots: 0x0000000000000042 is an unknown value
stack at sp + 3 slots: 0x00007ff9ed84b00a JNI.dll
stack at sp + 4 slots: 0x00007ff96ad13d6b jvm.dll
stack at sp + 5 slots: 0x0000000000000010 is an unknown value
stack at sp + 6 slots: 0x00007ff9ed8330b2 JNI.dll
stack at sp + 7 slots: {method} {0x000001ca5a9d95c8} 'freerdp_copy_bitmap' '(J[BIIII)Z' in 'com/freerdp/services/LibFreeRDP'


---------------  P R O C E S S  ---------------

Threads class SMR info:
_java_thread_list=0x000001ca5d960af0, length=32, elements={
0x000001ca15039120, 0x000001ca15039cb0, 0x000001ca15055c30, 0x000001ca15056fd0,
0x000001ca150588b0, 0x000001ca15059790, 0x000001ca1505dc20, 0x000001ca15066540,
0x000001ca17c828e0, 0x000001ca17ed64f0, 0x000001ca17ed71e0, 0x000001ca5d46ab50,
0x000001ca5e19a0b0, 0x000001ca5e1c95f0, 0x000001ca5e1e4290, 0x000001ca5e1e0ae0,
0x000001ca5e1e0ff0, 0x000001ca5e1e3360, 0x000001ca5e1e3870, 0x000001ca5e1e1500,
0x000001ca5e1e2e50, 0x000001ca5e1e1a10, 0x000001ca5e1e1f20, 0x000001ca5e1e3d80,
0x000001ca5e1e2430, 0x000001ca5e1e2940, 0x000001ca5e23c170, 0x000001ca5e23c680,
0x000001ca5e23bc60, 0x000001ca5e237a90, 0x000001ca5e237fa0, 0x000001ca5e23dac0
}

Java Threads: ( => current thread )
  0x000001ca15039120 JavaThread "Reference Handler" daemon [_thread_blocked, id=2744, stack(0x000000319d900000,0x000000319da00000)]
  0x000001ca15039cb0 JavaThread "Finalizer" daemon [_thread_blocked, id=26520, stack(0x000000319da00000,0x000000319db00000)]
  0x000001ca15055c30 JavaThread "Signal Dispatcher" daemon [_thread_blocked, id=20652, stack(0x000000319db00000,0x000000319dc00000)]
  0x000001ca15056fd0 JavaThread "Attach Listener" daemon [_thread_blocked, id=29136, stack(0x000000319dc00000,0x000000319dd00000)]
  0x000001ca150588b0 JavaThread "Service Thread" daemon [_thread_blocked, id=24612, stack(0x000000319dd00000,0x000000319de00000)]
  0x000001ca15059790 JavaThread "Monitor Deflation Thread" daemon [_thread_blocked, id=20680, stack(0x000000319de00000,0x000000319df00000)]
  0x000001ca1505dc20 JavaThread "C1 CompilerThread0" daemon [_thread_blocked, id=8364, stack(0x000000319df00000,0x000000319e000000)]
  0x000001ca15066540 JavaThread "Sweeper thread" daemon [_thread_blocked, id=27268, stack(0x000000319e000000,0x000000319e100000)]
  0x000001ca17c828e0 JavaThread "Common-Cleaner" daemon [_thread_blocked, id=41236, stack(0x000000319e100000,0x000000319e200000)]
  0x000001ca17ed64f0 JavaThread "Monitor Ctrl-Break" daemon [_thread_in_native, id=46716, stack(0x000000319e500000,0x000000319e600000)]
  0x000001ca17ed71e0 JavaThread "Notification Thread" daemon [_thread_blocked, id=37956, stack(0x000000319e600000,0x000000319e700000)]
  0x000001ca5d46ab50 JavaThread "RMI TCP Accept-0" daemon [_thread_in_native, id=47348, stack(0x000000319e700000,0x000000319e800000)]
  0x000001ca5e19a0b0 JavaThread "RMI TCP Connection(1)-192.168.200.123" daemon [_thread_in_native, id=4836, stack(0x000000319f400000,0x000000319f500000)]
  0x000001ca5e1c95f0 JavaThread "RMI Scheduler(0)" daemon [_thread_blocked, id=45500, stack(0x000000319f500000,0x000000319f600000)]
  0x000001ca5e1e4290 JavaThread "Catalina-utility-1" [_thread_blocked, id=14464, stack(0x000000319f600000,0x000000319f700000)]
  0x000001ca5e1e0ae0 JavaThread "Catalina-utility-2" [_thread_blocked, id=29708, stack(0x000000319f700000,0x000000319f800000)]
  0x000001ca5e1e0ff0 JavaThread "container-0" [_thread_blocked, id=31016, stack(0x000000319f800000,0x000000319f900000)]
  0x000001ca5e1e3360 JavaThread "http-nio-8080-exec-1" daemon [_thread_blocked, id=37960, stack(0x000000319fa00000,0x000000319fb00000)]
  0x000001ca5e1e3870 JavaThread "http-nio-8080-exec-2" daemon [_thread_blocked, id=46492, stack(0x000000319fb00000,0x000000319fc00000)]
  0x000001ca5e1e1500 JavaThread "http-nio-8080-exec-3" daemon [_thread_blocked, id=42528, stack(0x000000319fc00000,0x000000319fd00000)]
  0x000001ca5e1e2e50 JavaThread "http-nio-8080-exec-4" daemon [_thread_blocked, id=44264, stack(0x000000319fd00000,0x000000319fe00000)]
  0x000001ca5e1e1a10 JavaThread "http-nio-8080-exec-5" daemon [_thread_blocked, id=32104, stack(0x000000319fe00000,0x000000319ff00000)]
  0x000001ca5e1e1f20 JavaThread "http-nio-8080-exec-6" daemon [_thread_blocked, id=29976, stack(0x000000319ff00000,0x00000031a0000000)]
  0x000001ca5e1e3d80 JavaThread "http-nio-8080-exec-7" daemon [_thread_blocked, id=23664, stack(0x00000031a0000000,0x00000031a0100000)]
  0x000001ca5e1e2430 JavaThread "http-nio-8080-exec-8" daemon [_thread_blocked, id=30356, stack(0x00000031a0100000,0x00000031a0200000)]
  0x000001ca5e1e2940 JavaThread "http-nio-8080-exec-9" daemon [_thread_blocked, id=5272, stack(0x00000031a0200000,0x00000031a0300000)]
  0x000001ca5e23c170 JavaThread "http-nio-8080-exec-10" daemon [_thread_blocked, id=38636, stack(0x00000031a0300000,0x00000031a0400000)]
  0x000001ca5e23c680 JavaThread "http-nio-8080-Poller" daemon [_thread_in_native, id=49620, stack(0x00000031a0400000,0x00000031a0500000)]
  0x000001ca5e23bc60 JavaThread "http-nio-8080-Acceptor" daemon [_thread_in_native, id=17132, stack(0x00000031a0500000,0x00000031a0600000)]
  0x000001ca5e237a90 JavaThread "DestroyJavaVM" [_thread_blocked, id=44692, stack(0x000000319d200000,0x000000319d300000)]
  0x000001ca5e237fa0 JavaThread "WebSocket background processing" daemon [_thread_blocked, id=29624, stack(0x00000031a1e00000,0x00000031a1f00000)]
=>0x000001ca5e23dac0 JavaThread "Thread-2" [_thread_in_vm, id=24320, stack(0x00000031a2200000,0x00000031a2300000)]

Other Threads:
  0x000001ca15033c50 VMThread "VM Thread" [stack: 0x000000319d800000,0x000000319d900000] [id=18100]
  0x000001ca5d576a10 WatcherThread [stack: 0x000000319e800000,0x000000319e900000] [id=33876]
  0x000001ca772581c0 GCTaskThread "GC Thread#0" [stack: 0x000000319d300000,0x000000319d400000] [id=16248]
  0x000001ca5d754be0 GCTaskThread "GC Thread#1" [stack: 0x000000319e900000,0x000000319ea00000] [id=17624]
  0x000001ca5d754ea0 GCTaskThread "GC Thread#2" [stack: 0x000000319ea00000,0x000000319eb00000] [id=19348]
  0x000001ca5d810c80 GCTaskThread "GC Thread#3" [stack: 0x000000319eb00000,0x000000319ec00000] [id=40128]
  0x000001ca5d811750 GCTaskThread "GC Thread#4" [stack: 0x000000319ec00000,0x000000319ed00000] [id=47796]
  0x000001ca5d812ab0 GCTaskThread "GC Thread#5" [stack: 0x000000319ed00000,0x000000319ee00000] [id=7320]
  0x000001ca5d813a00 GCTaskThread "GC Thread#6" [stack: 0x000000319ee00000,0x000000319ef00000] [id=19468]
  0x000001ca5d8144d0 GCTaskThread "GC Thread#7" [stack: 0x000000319ef00000,0x000000319f000000] [id=13012]
  0x000001ca5d815830 GCTaskThread "GC Thread#8" [stack: 0x000000319f000000,0x000000319f100000] [id=32660]
  0x000001ca5d815f70 GCTaskThread "GC Thread#9" [stack: 0x000000319f100000,0x000000319f200000] [id=35436]
  0x000001ca14e8c7e0 ConcurrentGCThread "G1 Main Marker" [stack: 0x000000319d400000,0x000000319d500000] [id=11168]
  0x000001ca7725e570 ConcurrentGCThread "G1 Conc#0" [stack: 0x000000319d500000,0x000000319d600000] [id=41896]
  0x000001ca5e12ad70 ConcurrentGCThread "G1 Conc#1" [stack: 0x000000319f200000,0x000000319f300000] [id=44392]
  0x000001ca5e0c9e40 ConcurrentGCThread "G1 Conc#2" [stack: 0x000000319f300000,0x000000319f400000] [id=10912]
  0x000001ca14f6d7b0 ConcurrentGCThread "G1 Refine#0" [stack: 0x000000319d600000,0x000000319d700000] [id=40076]
  0x000001ca5e333c60 ConcurrentGCThread "G1 Refine#1" [stack: 0x000000319f900000,0x000000319fa00000] [id=20372]
  0x000001ca14f6dff0 ConcurrentGCThread "G1 Service" [stack: 0x000000319d700000,0x000000319d800000] [id=13320]

Threads with active compile tasks:

VM state: not at safepoint (normal execution)

VM Mutex/Monitor currently owned by a thread: None

Heap address: 0x0000000602c00000, size: 8148 MB, Compressed Oops mode: Zero based, Oop shift amount: 3

CDS archive(s) mapped at: [0x000001ca18000000-0x000001ca18bb0000-0x000001ca18bb0000), size 12255232, SharedBaseAddress: 0x000001ca18000000, ArchiveRelocationMode: 1.
Compressed class space mapped at: 0x000001ca19000000-0x000001ca59000000, reserved size: 1073741824
Narrow klass base: 0x000001ca18000000, Narrow klass shift: 0, Narrow klass range: 0x100000000

GC Precious Log:
 CPUs: 12 total, 12 available
 Memory: 32578M
 Large Page Support: Disabled
 NUMA Support: Disabled
 Compressed Oops: Enabled (Zero based)
 Heap Region Size: 4M
 Heap Min Capacity: 8M
 Heap Initial Capacity: 512M
 Heap Max Capacity: 8148M
 Pre-touch: Disabled
 Parallel Workers: 10
 Concurrent Workers: 3
 Concurrent Refinement Workers: 10
 Periodic GC: Disabled

Heap:
 garbage-first heap   total 69632K, used 27295K [0x0000000602c00000, 0x0000000800000000)
  region size 4096K, 5 young (20480K), 1 survivors (4096K)
 Metaspace       used 30745K, committed 31168K, reserved 1114112K
  class space    used 4204K, committed 4416K, reserved 1048576K

Heap Regions: E=young(eden), S=young(survivor), O=old, HS=humongous(starts), HC=humongous(continues), CS=collection set, F=free, OA=open archive, CA=closed archive, TAMS=top-at-mark-start (previous, next)
|   0|0x0000000602c00000, 0x0000000603000000, 0x0000000603000000|100%| O|  |TAMS 0x0000000603000000, 0x0000000602c00000| Untracked 
|   1|0x0000000603000000, 0x0000000603000000, 0x0000000603400000|  0%| F|  |TAMS 0x0000000603000000, 0x0000000603000000| Untracked 
|   2|0x0000000603400000, 0x0000000603800000, 0x0000000603800000|100%| O|  |TAMS 0x0000000603400000, 0x0000000603400000| Untracked 
|   3|0x0000000603800000, 0x0000000603c00000, 0x0000000603c00000|100%| O|  |TAMS 0x0000000603800000, 0x0000000603800000| Untracked 
|   4|0x0000000603c00000, 0x0000000603c00000, 0x0000000604000000|  0%| F|  |TAMS 0x0000000603c00000, 0x0000000603c00000| Untracked 
|   5|0x0000000604000000, 0x00000006041db600, 0x0000000604400000| 46%| O|  |TAMS 0x0000000604000000, 0x0000000604000000| Untracked 
|   6|0x0000000604400000, 0x0000000604400000, 0x0000000604800000|  0%| F|  |TAMS 0x0000000604400000, 0x0000000604400000| Untracked 
|   7|0x0000000604800000, 0x0000000604800000, 0x0000000604c00000|  0%| F|  |TAMS 0x0000000604800000, 0x0000000604800000| Untracked 
|   8|0x0000000604c00000, 0x0000000604c00000, 0x0000000605000000|  0%| F|  |TAMS 0x0000000604c00000, 0x0000000604c00000| Untracked 
|   9|0x0000000605000000, 0x0000000605000000, 0x0000000605400000|  0%| F|  |TAMS 0x0000000605000000, 0x0000000605000000| Untracked 
|  10|0x0000000605400000, 0x0000000605400000, 0x0000000605800000|  0%| F|  |TAMS 0x0000000605400000, 0x0000000605400000| Untracked 
|  11|0x0000000605800000, 0x0000000605800000, 0x0000000605c00000|  0%| F|  |TAMS 0x0000000605800000, 0x0000000605800000| Untracked 
|  12|0x0000000605c00000, 0x0000000605dd4ed8, 0x0000000606000000| 45%| E|  |TAMS 0x0000000605c00000, 0x0000000605c00000| Complete 
|  13|0x0000000606000000, 0x0000000606400000, 0x0000000606400000|100%| E|CS|TAMS 0x0000000606000000, 0x0000000606000000| Complete 
| 111|0x000000061e800000, 0x000000061ec00000, 0x000000061ec00000|100%| E|CS|TAMS 0x000000061e800000, 0x000000061e800000| Complete 
| 112|0x000000061ec00000, 0x000000061eccc6f0, 0x000000061f000000| 19%| S|CS|TAMS 0x000000061ec00000, 0x000000061ec00000| Complete 
| 127|0x0000000622800000, 0x0000000622c00000, 0x0000000622c00000|100%| E|CS|TAMS 0x0000000622800000, 0x0000000622800000| Complete 

Card table byte_map: [0x000001ca03000000,0x000001ca03ff0000] _byte_map_base: 0x000001c9fffea000

Marking Bits (Prev, Next): (CMBitMap*) 0x000001ca77259640, (CMBitMap*) 0x000001ca77259600
 Prev Bits: [0x000001ca0cf30000, 0x000001ca14e80000)
 Next Bits: [0x000001ca04fe0000, 0x000001ca0cf30000)

Polling page: 0x000001ca74f60000

Metaspace:

Usage:
  Non-class:     25.92 MB used.
      Class:      4.11 MB used.
       Both:     30.02 MB used.

Virtual space:
  Non-class space:       64.00 MB reserved,      26.12 MB ( 41%) committed,  1 nodes.
      Class space:        1.00 GB reserved,       4.31 MB ( <1%) committed,  1 nodes.
             Both:        1.06 GB reserved,      30.44 MB (  3%) committed. 

Chunk freelists:
   Non-Class:  5.44 MB
       Class:  11.70 MB
        Both:  17.14 MB

MaxMetaspaceSize: unlimited
CompressedClassSpaceSize: 1.00 GB
Initial GC threshold: 21.00 MB
Current GC threshold: 35.31 MB
CDS: on
MetaspaceReclaimPolicy: balanced
 - commit_granule_bytes: 65536.
 - commit_granule_words: 8192.
 - virtual_space_node_default_size: 8388608.
 - enlarge_chunks_in_place: 1.
 - new_chunks_are_fully_committed: 0.
 - uncommit_free_chunks: 1.
 - use_allocation_guard: 0.
 - handle_deallocations: 1.


Internal statistics:

num_allocs_failed_limit: 3.
num_arena_births: 656.
num_arena_deaths: 0.
num_vsnodes_births: 2.
num_vsnodes_deaths: 0.
num_space_committed: 487.
num_space_uncommitted: 0.
num_chunks_returned_to_freelist: 3.
num_chunks_taken_from_freelist: 1769.
num_chunk_merges: 3.
num_chunk_splits: 1198.
num_chunks_enlarged: 853.
num_inconsistent_stats: 0.

CodeCache: size=49152Kb used=6885Kb max_used=8486Kb free=42266Kb
 bounds [0x000001ca00000000, 0x000001ca00850000, 0x000001ca03000000]
 total_blobs=4275 nmethods=3719 adapters=482
 compilation: enabled
              stopped_count=0, restarted_count=0
 full_count=0

Compilation events (20 events):
Event: 11.245 Thread 0x000001ca1505dc20 3709       1       jdk.internal.loader.NativeLibraries$NativeLibraryImpl::find (6 bytes)
Event: 11.245 Thread 0x000001ca1505dc20 nmethod 3709 0x000001ca0019a990 code [0x000001ca0019ab20, 0x000001ca0019ac08]
Event: 11.246 Thread 0x000001ca1505dc20 3710       1       java.util.Properties$LineReader::readLine (584 bytes)
Event: 11.247 Thread 0x000001ca1505dc20 nmethod 3710 0x000001ca00198c90 code [0x000001ca00198f00, 0x000001ca0019a0d8]
Event: 11.248 Thread 0x000001ca1505dc20 3711       1       jdk.internal.loader.ClassLoaders::bootLoader (4 bytes)
Event: 11.248 Thread 0x000001ca1505dc20 nmethod 3711 0x000001ca00198990 code [0x000001ca00198b20, 0x000001ca00198bd8]
Event: 11.251 Thread 0x000001ca1505dc20 3712       1       java.lang.ClassLoader::getResource (41 bytes)
Event: 11.251 Thread 0x000001ca1505dc20 nmethod 3712 0x000001ca00198490 code [0x000001ca00198660, 0x000001ca00198878]
Event: 11.251 Thread 0x000001ca1505dc20 3713       1       org.apache.tomcat.util.http.MimeHeaderField::getValue (5 bytes)
Event: 11.251 Thread 0x000001ca1505dc20 nmethod 3713 0x000001ca00198190 code [0x000001ca00198320, 0x000001ca001983f8]
Event: 11.253 Thread 0x000001ca1505dc20 3714   !   1       java.io.StringReader::mark (44 bytes)
Event: 11.253 Thread 0x000001ca1505dc20 nmethod 3714 0x000001ca00197b10 code [0x000001ca00197cc0, 0x000001ca00197fd8]
Event: 11.870 Thread 0x000001ca1505dc20 3715       1       java.nio.HeapByteBuffer::put (16 bytes)
Event: 11.870 Thread 0x000001ca1505dc20 nmethod 3715 0x000001ca00197390 code [0x000001ca00197540, 0x000001ca00197708]
Event: 11.870 Thread 0x000001ca1505dc20 3716       1       java.nio.Buffer::nextPutIndex (30 bytes)
Event: 11.870 Thread 0x000001ca1505dc20 nmethod 3716 0x000001ca00196f90 code [0x000001ca00197120, 0x000001ca001972a8]
Event: 11.880 Thread 0x000001ca1505dc20 3718       1       java.nio.charset.CoderResult::isError (14 bytes)
Event: 11.880 Thread 0x000001ca1505dc20 nmethod 3718 0x000001ca00196090 code [0x000001ca00196220, 0x000001ca001962f8]
Event: 11.895 Thread 0x000001ca1505dc20 3719       1       jdk.internal.misc.Unsafe::checkSize (32 bytes)
Event: 11.895 Thread 0x000001ca1505dc20 nmethod 3719 0x000001ca00195c90 code [0x000001ca00195e20, 0x000001ca00195f88]

GC Heap History (10 events):
Event: 0.384 GC heap before
{Heap before GC invocations=0 (full 0):
 garbage-first heap   total 524288K, used 20480K [0x0000000602c00000, 0x0000000800000000)
  region size 4096K, 6 young (24576K), 0 survivors (0K)
 Metaspace       used 8044K, committed 8256K, reserved 1114112K
  class space    used 1035K, committed 1152K, reserved 1048576K
}
Event: 0.386 GC heap after
{Heap after GC invocations=1 (full 0):
 garbage-first heap   total 524288K, used 5094K [0x0000000602c00000, 0x0000000800000000)
  region size 4096K, 1 young (4096K), 1 survivors (4096K)
 Metaspace       used 8044K, committed 8256K, reserved 1114112K
  class space    used 1035K, committed 1152K, reserved 1048576K
}
Event: 0.531 GC heap before
{Heap before GC invocations=1 (full 0):
 garbage-first heap   total 524288K, used 21478K [0x0000000602c00000, 0x0000000800000000)
  region size 4096K, 6 young (24576K), 1 survivors (4096K)
 Metaspace       used 12089K, committed 12288K, reserved 1114112K
  class space    used 1604K, committed 1728K, reserved 1048576K
}
Event: 0.533 GC heap after
{Heap after GC invocations=2 (full 0):
 garbage-first heap   total 524288K, used 6532K [0x0000000602c00000, 0x0000000800000000)
  region size 4096K, 1 young (4096K), 1 survivors (4096K)
 Metaspace       used 12089K, committed 12288K, reserved 1114112K
  class space    used 1604K, committed 1728K, reserved 1048576K
}
Event: 0.953 GC heap before
{Heap before GC invocations=2 (full 0):
 garbage-first heap   total 524288K, used 59780K [0x0000000602c00000, 0x0000000800000000)
  region size 4096K, 15 young (61440K), 1 survivors (4096K)
 Metaspace       used 21220K, committed 21504K, reserved 1114112K
  class space    used 2884K, committed 3008K, reserved 1048576K
}
Event: 0.956 GC heap after
{Heap after GC invocations=3 (full 0):
 garbage-first heap   total 524288K, used 10887K [0x0000000602c00000, 0x0000000800000000)
  region size 4096K, 2 young (8192K), 2 survivors (8192K)
 Metaspace       used 21220K, committed 21504K, reserved 1114112K
  class space    used 2884K, committed 3008K, reserved 1048576K
}
Event: 1.270 GC heap before
{Heap before GC invocations=4 (full 0):
 garbage-first heap   total 69632K, used 47751K [0x0000000602c00000, 0x0000000800000000)
  region size 4096K, 12 young (49152K), 2 survivors (8192K)
 Metaspace       used 26853K, committed 27328K, reserved 1114112K
  class space    used 3690K, committed 3904K, reserved 1048576K
}
Event: 1.274 GC heap after
{Heap after GC invocations=5 (full 0):
 garbage-first heap   total 69632K, used 14183K [0x0000000602c00000, 0x0000000800000000)
  region size 4096K, 1 young (4096K), 1 survivors (4096K)
 Metaspace       used 26853K, committed 27328K, reserved 1114112K
  class space    used 3690K, committed 3904K, reserved 1048576K
}
Event: 1.314 GC heap before
{Heap before GC invocations=5 (full 0):
 garbage-first heap   total 69632K, used 18279K [0x0000000602c00000, 0x0000000800000000)
  region size 4096K, 2 young (8192K), 1 survivors (4096K)
 Metaspace       used 27645K, committed 28160K, reserved 1114112K
  class space    used 3795K, committed 4032K, reserved 1048576K
}
Event: 1.316 GC heap after
{Heap after GC invocations=6 (full 0):
 garbage-first heap   total 69632K, used 15007K [0x0000000602c00000, 0x0000000800000000)
  region size 4096K, 1 young (4096K), 1 survivors (4096K)
 Metaspace       used 27645K, committed 28160K, reserved 1114112K
  class space    used 3795K, committed 4032K, reserved 1048576K
}

Dll operation events (14 events):
Event: 0.009 Loaded shared library C:\Users\ok10p\.jdks\corretto-17.0.13\bin\java.dll
Event: 0.021 Loaded shared library C:\Users\ok10p\.jdks\corretto-17.0.13\bin\jsvml.dll
Event: 0.064 Loaded shared library C:\Users\ok10p\.jdks\corretto-17.0.13\bin\zip.dll
Event: 0.067 Loaded shared library C:\Users\ok10p\.jdks\corretto-17.0.13\bin\instrument.dll
Event: 0.070 Loaded shared library C:\Users\ok10p\.jdks\corretto-17.0.13\bin\net.dll
Event: 0.071 Loaded shared library C:\Users\ok10p\.jdks\corretto-17.0.13\bin\nio.dll
Event: 0.073 Loaded shared library C:\Users\ok10p\.jdks\corretto-17.0.13\bin\zip.dll
Event: 0.097 Loaded shared library C:\Program Files\JetBrains\IntelliJ IDEA 2023.3.6\bin\breakgen64.dll
Event: 0.099 Loaded shared library C:\Users\ok10p\.jdks\corretto-17.0.13\bin\jimage.dll
Event: 0.104 Loaded shared library C:\Users\ok10p\.jdks\corretto-17.0.13\bin\extnet.dll
Event: 0.111 Loaded shared library C:\Users\ok10p\.jdks\corretto-17.0.13\bin\management.dll
Event: 0.115 Loaded shared library C:\Users\ok10p\.jdks\corretto-17.0.13\bin\management_ext.dll
Event: 0.652 Loaded shared library C:\Users\ok10p\.jdks\corretto-17.0.13\bin\sunmscapi.dll
Event: 11.188 Loaded shared library D:\Dev\Capstone_Design_II\JNI.dll

Deoptimization events (4 events):
Event: 1.162 Thread 0x000001ca771aa150 DEOPT PACKING pc=0x000001ca005bf489 sp=0x000000319d2fe610
Event: 1.162 Thread 0x000001ca771aa150 DEOPT UNPACKING pc=0x000001ca00057143 sp=0x000000319d2fdaa0 mode 3
Event: 1.162 Thread 0x000001ca5e1e0ae0 DEOPT PACKING pc=0x000001ca0055ee9f sp=0x000000319f7fec10
Event: 1.162 Thread 0x000001ca5e1e0ae0 DEOPT UNPACKING pc=0x000001ca00057143 sp=0x000000319f7fe068 mode 3

Classes loaded (20 events):
Event: 11.241 Loading class java/util/Base64$Encoder
Event: 11.241 Loading class java/util/Base64$Encoder done
Event: 11.244 Loading class java/util/zip/DataFormatException
Event: 11.244 Loading class java/util/zip/DataFormatException done
Event: 11.244 Loading class java/util/zip/Deflater
Event: 11.244 Loading class java/util/zip/Deflater done
Event: 11.245 Loading class java/util/zip/Deflater$DeflaterZStreamRef
Event: 11.245 Loading class java/util/zip/Deflater$DeflaterZStreamRef done
Event: 11.246 Loading class sun/security/provider/MD5
Event: 11.246 Loading class sun/security/provider/MD5 done
Event: 11.259 Loading class java/util/concurrent/atomic/AtomicReferenceFieldUpdater
Event: 11.259 Loading class java/util/concurrent/atomic/AtomicReferenceFieldUpdater done
Event: 11.259 Loading class java/util/concurrent/atomic/AtomicReferenceFieldUpdater$AtomicReferenceFieldUpdaterImpl
Event: 11.259 Loading class java/util/concurrent/atomic/AtomicReferenceFieldUpdater$AtomicReferenceFieldUpdaterImpl done
Event: 11.259 Loading class java/util/concurrent/atomic/AtomicReferenceFieldUpdater$AtomicReferenceFieldUpdaterImpl$1
Event: 11.259 Loading class java/util/concurrent/atomic/AtomicReferenceFieldUpdater$AtomicReferenceFieldUpdaterImpl$1 done
Event: 11.874 Loading class java/util/OptionalLong
Event: 11.874 Loading class java/util/OptionalLong done
Event: 11.874 Loading class java/util/OptionalDouble
Event: 11.875 Loading class java/util/OptionalDouble done

Classes unloaded (0 events):
No events

Classes redefined (0 events):
No events

Internal exceptions (20 events):
Event: 1.014 Thread 0x000001ca771aa150 Exception <a 'java/lang/NoSuchMethodError'{0x00000006063d0388}: 'java.lang.Object java.lang.invoke.DirectMethodHandle$Holder.invokeSpecial(java.lang.Object, java.lang.Object, java.lang.Object, java.lang.Object, int)'> (0x00000006063d0388) 
thrown [s\src\hotspot\share\interpreter\linkResolver.cpp, line 759]
Event: 1.014 Thread 0x000001ca771aa150 Exception <a 'java/lang/NoSuchMethodError'{0x00000006063d3f50}: 'java.lang.Object java.lang.invoke.Invokers$Holder.linkToTargetMethod(java.lang.Object, java.lang.Object, int, java.lang.Object)'> (0x00000006063d3f50) 
thrown [s\src\hotspot\share\interpreter\linkResolver.cpp, line 759]
Event: 1.044 Thread 0x000001ca5e19a0b0 Exception <a 'java/lang/NoSuchMethodError'{0x0000000605bebff8}: static [B.<clinit>()V> (0x0000000605bebff8) 
thrown [s\src\hotspot\share\prims\jni.cpp, line 1112]
Event: 1.047 Thread 0x000001ca5e19a0b0 Exception <a 'java/lang/ClassNotFoundException'{0x00000006054a1e18}: javax/management/remote/rmi/RMIConnectionImpl_Skel> (0x00000006054a1e18) 
thrown [s\src\hotspot\share\classfile\systemDictionary.cpp, line 256]
Event: 1.051 Thread 0x000001ca5e19a0b0 Exception <a 'java/lang/reflect/InvocationTargetException'{0x00000006054d3f08}> (0x00000006054d3f08) 
thrown [s\src\hotspot\share\runtime\reflection.cpp, line 1128]
Event: 1.052 Thread 0x000001ca5e19a0b0 Exception <a 'java/lang/NoSuchMethodError'{0x00000006054fda60}: static [Ljava/lang/StackTraceElement;.<clinit>()V> (0x00000006054fda60) 
thrown [s\src\hotspot\share\prims\jni.cpp, line 1112]
Event: 1.102 Thread 0x000001ca771aa150 Exception <a 'java/lang/NoSuchMethodError'{0x0000000605307e10}: 'java.lang.Object java.lang.invoke.DirectMethodHandle$Holder.invokeSpecial(java.lang.Object, java.lang.Object, long, java.lang.Object, java.lang.Object, java.lang.Object, java.lang.Object, java.lang.Object, java.lang.Object)'> (0x0000000605307e10) 
thrown [s\src\hotspot\share\interpreter\linkResolver.cpp, line 759]
Event: 1.102 Thread 0x000001ca771aa150 Exception <a 'java/lang/NoSuchMethodError'{0x000000060530c938}: 'java.lang.Object java.lang.invoke.DelegatingMethodHandle$Holder.reinvoke_L(java.lang.Object, long, java.lang.Object, java.lang.Object, java.lang.Object, java.lang.Object, java.lang.Object, java.lang.Object)'> (0x000000060530c938) 
thrown [s\src\hotspot\share\interpreter\linkResolver.cpp, line 759]
Event: 1.120 Thread 0x000001ca771aa150 Exception <a 'java/io/FileNotFoundException'{0x0000000604c722c0}> (0x0000000604c722c0) 
thrown [s\src\hotspot\share\prims\jni.cpp, line 516]
Event: 1.120 Thread 0x000001ca771aa150 Exception <a 'java/io/FileNotFoundException'{0x0000000604c736b0}> (0x0000000604c736b0) 
thrown [s\src\hotspot\share\prims\jni.cpp, line 516]
Event: 1.133 Thread 0x000001ca771aa150 Exception <a 'java/lang/NoSuchMethodError'{0x0000000604da1ea8}: 'int java.lang.invoke.DirectMethodHandle$Holder.invokeInterface(java.lang.Object, java.lang.Object, java.lang.Object, java.lang.Object)'> (0x0000000604da1ea8) 
thrown [s\src\hotspot\share\interpreter\linkResolver.cpp, line 759]
Event: 1.154 Thread 0x000001ca771aa150 Exception <a 'java/lang/NoSuchMethodError'{0x0000000604f7d7f0}: 'long java.lang.invoke.DirectMethodHandle$Holder.invokeVirtual(java.lang.Object, java.lang.Object)'> (0x0000000604f7d7f0) 
thrown [s\src\hotspot\share\interpreter\linkResolver.cpp, line 759]
Event: 1.174 Thread 0x000001ca771aa150 Exception <a 'sun/nio/fs/WindowsException'{0x0000000604940460}> (0x0000000604940460) 
thrown [s\src\hotspot\share\prims\jni.cpp, line 516]
Event: 1.265 Thread 0x000001ca771aa150 Exception <a 'java/lang/IncompatibleClassChangeError'{0x0000000604379ab0}: Found class java.lang.Object, but interface was expected> (0x0000000604379ab0) 
thrown [s\src\hotspot\share\interpreter\linkResolver.cpp, line 826]
Event: 1.282 Thread 0x000001ca771aa150 Exception <a 'java/lang/NoSuchMethodError'{0x00000006228a1088}: 'void java.lang.invoke.DirectMethodHandle$Holder.invokeVirtual(java.lang.Object, java.lang.Object, long)'> (0x00000006228a1088) 
thrown [s\src\hotspot\share\interpreter\linkResolver.cpp, line 759]
Event: 1.309 Thread 0x000001ca771aa150 Exception <a 'java/lang/NoSuchMethodError'{0x0000000622b97528}: 'int java.lang.invoke.DirectMethodHandle$Holder.invokeStaticInit(java.lang.Object, java.lang.Object, java.lang.Object, java.lang.Object)'> (0x0000000622b97528) 
thrown [s\src\hotspot\share\interpreter\linkResolver.cpp, line 759]
Event: 1.342 Thread 0x000001ca771aa150 Exception <a 'java/lang/NoSuchMethodError'{0x0000000622a52290}: 'java.lang.Object java.lang.invoke.DirectMethodHandle$Holder.newInvokeSpecial(java.lang.Object, java.lang.Object, int, java.lang.Object, java.lang.Object)'> (0x0000000622a52290) 
thrown [s\src\hotspot\share\interpreter\linkResolver.cpp, line 759]
Event: 11.126 Thread 0x000001ca5e1e3360 Exception <a 'java/lang/NoSuchMethodError'{0x000000061ead8048}: 'java.lang.Object java.lang.invoke.DirectMethodHandle$Holder.invokeSpecial(java.lang.Object, java.lang.Object, java.lang.Object, java.lang.Object, java.lang.Object, long)'> (0x000000061ead8048) 
thrown [s\src\hotspot\share\interpreter\linkResolver.cpp, line 759]
Event: 11.126 Thread 0x000001ca5e1e3360 Exception <a 'java/lang/NoSuchMethodError'{0x000000061eadba88}: 'java.lang.Object java.lang.invoke.Invokers$Holder.linkToTargetMethod(java.lang.Object, java.lang.Object, java.lang.Object, long, java.lang.Object)'> (0x000000061eadba88) 
thrown [s\src\hotspot\share\interpreter\linkResolver.cpp, line 759]
Event: 11.204 Thread 0x000001ca5e1e3870 Exception <a 'java/lang/NoSuchMethodError'{0x0000000622b102f0}: 'java.lang.Object java.lang.invoke.DirectMethodHandle$Holder.invokeStatic(java.lang.Object, int, int)'> (0x0000000622b102f0) 
thrown [s\src\hotspot\share\interpreter\linkResolver.cpp, line 759]

VM Operations (20 events):
Event: 1.291 Executing VM operation: HandshakeAllThreads
Event: 1.291 Executing VM operation: HandshakeAllThreads done
Event: 1.314 Executing VM operation: G1CollectForAllocation
Event: 1.316 Executing VM operation: G1CollectForAllocation done
Event: 2.316 Executing VM operation: Cleanup
Event: 2.316 Executing VM operation: Cleanup done
Event: 11.133 Executing VM operation: HandshakeAllThreads
Event: 11.133 Executing VM operation: HandshakeAllThreads done
Event: 11.194 Executing VM operation: HandshakeAllThreads
Event: 11.194 Executing VM operation: HandshakeAllThreads done
Event: 11.194 Executing VM operation: Cleanup
Event: 11.194 Executing VM operation: Cleanup done
Event: 11.197 Executing VM operation: HandshakeAllThreads
Event: 11.197 Executing VM operation: HandshakeAllThreads done
Event: 11.238 Executing VM operation: HandshakeAllThreads
Event: 11.238 Executing VM operation: HandshakeAllThreads done
Event: 11.878 Executing VM operation: HandshakeAllThreads
Event: 11.879 Executing VM operation: HandshakeAllThreads done
Event: 12.883 Executing VM operation: Cleanup
Event: 12.883 Executing VM operation: Cleanup done

Memory protections (0 events):
No events

Nmethod flushes (0 events):
No events

Events (20 events):
Event: 1.347 Thread 0x000001ca771aa150 Thread added: 0x000001ca5e1e1f20
Event: 1.347 Thread 0x000001ca771aa150 Thread added: 0x000001ca5e1e3d80
Event: 1.347 Thread 0x000001ca771aa150 Thread added: 0x000001ca5e1e2430
Event: 1.347 Thread 0x000001ca771aa150 Thread added: 0x000001ca5e1e2940
Event: 1.347 Thread 0x000001ca771aa150 Thread added: 0x000001ca5e23c170
Event: 1.355 Thread 0x000001ca771aa150 Thread added: 0x000001ca5e23c680
Event: 1.356 Thread 0x000001ca771aa150 Thread added: 0x000001ca5e23bc60
Event: 1.364 Thread 0x000001ca771aa150 Thread exited: 0x000001ca771aa150
Event: 1.364 Thread 0x000001ca5e237a90 Thread added: 0x000001ca5e237a90
Event: 1.556 Thread 0x000001ca5e19a0b0 Thread added: 0x000001ca5e23cb90
Event: 1.559 Thread 0x000001ca5e23cb90 Thread exited: 0x000001ca5e23cb90
Event: 1.559 Thread 0x000001ca5e19a0b0 Thread added: 0x000001ca5e23dac0
Event: 1.563 Thread 0x000001ca5e23dac0 Thread exited: 0x000001ca5e23dac0
Event: 1.564 Thread 0x000001ca5e19a0b0 Thread added: 0x000001ca5e23cb90
Event: 1.569 Thread 0x000001ca5e23cb90 Thread exited: 0x000001ca5e23cb90
Event: 6.578 Thread 0x000001ca17c944e0 Thread exited: 0x000001ca17c944e0
Event: 8.363 Thread 0x000001ca17c8c230 Thread exited: 0x000001ca17c8c230
Event: 8.363 Thread 0x000001ca17c8f640 Thread exited: 0x000001ca17c8f640
Event: 11.263 Thread 0x000001ca5e1e1500 Thread added: 0x000001ca5e237fa0
Event: 17.036 Thread 0x000001ca5e23dac0 Thread added: 0x000001ca5e23dac0


Dynamic libraries:
0x00007ff6a0c90000 - 0x00007ff6a0c9e000 	C:\Users\ok10p\.jdks\corretto-17.0.13\bin\java.exe
0x00007ffa3b2d0000 - 0x00007ffa3b4c8000 	C:\Windows\SYSTEM32\ntdll.dll
0x00007ffa3ad90000 - 0x00007ffa3ae52000 	C:\Windows\System32\KERNEL32.DLL
0x00007ffa38e90000 - 0x00007ffa3918e000 	C:\Windows\System32\KERNELBASE.dll
0x00007ffa38970000 - 0x00007ffa38a70000 	C:\Windows\System32\ucrtbase.dll
0x00007ff96d450000 - 0x00007ff96d46b000 	C:\Users\ok10p\.jdks\corretto-17.0.13\bin\VCRUNTIME140.dll
0x00007ff970cf0000 - 0x00007ff970d07000 	C:\Users\ok10p\.jdks\corretto-17.0.13\bin\jli.dll
0x00007ffa3a150000 - 0x00007ffa3a2ed000 	C:\Windows\System32\USER32.dll
0x00007ffa38e10000 - 0x00007ffa38e32000 	C:\Windows\System32\win32u.dll
0x00007ffa3a360000 - 0x00007ffa3a38b000 	C:\Windows\System32\GDI32.dll
0x00007ffa38cf0000 - 0x00007ffa38e07000 	C:\Windows\System32\gdi32full.dll
0x00007ffa2ee90000 - 0x00007ffa2f12a000 	C:\Windows\WinSxS\amd64_microsoft.windows.common-controls_6595b64144ccf1df_6.0.19041.4355_none_60b8b9eb71f62e16\COMCTL32.dll
0x00007ffa38c50000 - 0x00007ffa38ced000 	C:\Windows\System32\msvcp_win.dll
0x00007ffa3ac90000 - 0x00007ffa3ad2e000 	C:\Windows\System32\msvcrt.dll
0x00007ffa3a000000 - 0x00007ffa3a02f000 	C:\Windows\System32\IMM32.DLL
0x00007ffa0be40000 - 0x00007ffa0be4c000 	C:\Users\ok10p\.jdks\corretto-17.0.13\bin\vcruntime140_1.dll
0x00007ff96d270000 - 0x00007ff96d2fd000 	C:\Users\ok10p\.jdks\corretto-17.0.13\bin\msvcp140.dll
0x00007ff96a990000 - 0x00007ff96b5fc000 	C:\Users\ok10p\.jdks\corretto-17.0.13\bin\server\jvm.dll
0x00007ffa3a470000 - 0x00007ffa3a521000 	C:\Windows\System32\ADVAPI32.dll
0x00007ffa3a030000 - 0x00007ffa3a0cf000 	C:\Windows\System32\sechost.dll
0x00007ffa39ed0000 - 0x00007ffa39ff3000 	C:\Windows\System32\RPCRT4.dll
0x00007ffa38a70000 - 0x00007ffa38a97000 	C:\Windows\System32\bcrypt.dll
0x00007ffa3a2f0000 - 0x00007ffa3a35b000 	C:\Windows\System32\WS2_32.dll
0x00007ffa381e0000 - 0x00007ffa3822b000 	C:\Windows\SYSTEM32\POWRPROF.dll
0x00007ffa2cb50000 - 0x00007ffa2cb77000 	C:\Windows\SYSTEM32\WINMM.dll
0x00007ffa31a50000 - 0x00007ffa31a5a000 	C:\Windows\SYSTEM32\VERSION.dll
0x00007ffa380a0000 - 0x00007ffa380b2000 	C:\Windows\SYSTEM32\UMPDC.dll
0x00007ffa367d0000 - 0x00007ffa367e2000 	C:\Windows\SYSTEM32\kernel.appcore.dll
0x00007ffa0bb80000 - 0x00007ffa0bb8a000 	C:\Users\ok10p\.jdks\corretto-17.0.13\bin\jimage.dll
0x00007ffa2c210000 - 0x00007ffa2c3f4000 	C:\Windows\SYSTEM32\DBGHELP.DLL
0x00007ffa27760000 - 0x00007ffa27794000 	C:\Windows\SYSTEM32\dbgcore.DLL
0x00007ffa38b10000 - 0x00007ffa38b92000 	C:\Windows\System32\bcryptPrimitives.dll
0x00007ffa20b90000 - 0x00007ffa20b9e000 	C:\Users\ok10p\.jdks\corretto-17.0.13\bin\instrument.dll
0x00007ff970d40000 - 0x00007ff970d65000 	C:\Users\ok10p\.jdks\corretto-17.0.13\bin\java.dll
0x00007ff96d480000 - 0x00007ff96d557000 	C:\Users\ok10p\.jdks\corretto-17.0.13\bin\jsvml.dll
0x00007ffa39350000 - 0x00007ffa39abd000 	C:\Windows\System32\SHELL32.dll
0x00007ffa369d0000 - 0x00007ffa37174000 	C:\Windows\SYSTEM32\windows.storage.dll
0x00007ffa3ae60000 - 0x00007ffa3b1b3000 	C:\Windows\System32\combase.dll
0x00007ffa382c0000 - 0x00007ffa382ee000 	C:\Windows\SYSTEM32\Wldp.dll
0x00007ffa3b1c0000 - 0x00007ffa3b28d000 	C:\Windows\System32\OLEAUT32.dll
0x00007ffa39cf0000 - 0x00007ffa39d9d000 	C:\Windows\System32\SHCORE.dll
0x00007ffa3ad30000 - 0x00007ffa3ad85000 	C:\Windows\System32\shlwapi.dll
0x00007ffa388a0000 - 0x00007ffa388c4000 	C:\Windows\SYSTEM32\profapi.dll
0x00007ff96d200000 - 0x00007ff96d218000 	C:\Users\ok10p\.jdks\corretto-17.0.13\bin\zip.dll
0x00007ff97a7c0000 - 0x00007ff97a7d9000 	C:\Users\ok10p\.jdks\corretto-17.0.13\bin\net.dll
0x00007ffa33900000 - 0x00007ffa33a0d000 	C:\Windows\SYSTEM32\WINHTTP.dll
0x00007ffa38030000 - 0x00007ffa3809a000 	C:\Windows\system32\mswsock.dll
0x00007ff96d250000 - 0x00007ff96d266000 	C:\Users\ok10p\.jdks\corretto-17.0.13\bin\nio.dll
0x00007ffa07090000 - 0x00007ffa070aa000 	C:\Program Files\JetBrains\IntelliJ IDEA 2023.3.6\bin\breakgen64.dll
0x00007ffa37d70000 - 0x00007ffa37e3a000 	C:\Windows\SYSTEM32\DNSAPI.dll
0x00007ffa37d30000 - 0x00007ffa37d6b000 	C:\Windows\SYSTEM32\IPHLPAPI.DLL
0x00007ffa39cd0000 - 0x00007ffa39cd8000 	C:\Windows\System32\NSI.dll
0x00007ffa0b870000 - 0x00007ffa0b879000 	C:\Users\ok10p\.jdks\corretto-17.0.13\bin\extnet.dll
0x00007ffa2f750000 - 0x00007ffa2f75a000 	C:\Windows\System32\rasadhlp.dll
0x00007ffa319d0000 - 0x00007ffa31a50000 	C:\Windows\System32\fwpuclnt.dll
0x00007ffa1d370000 - 0x00007ffa1d379000 	C:\Users\ok10p\.jdks\corretto-17.0.13\bin\management.dll
0x00007ffa190f0000 - 0x00007ffa190fb000 	C:\Users\ok10p\.jdks\corretto-17.0.13\bin\management_ext.dll
0x00007ffa3a530000 - 0x00007ffa3a538000 	C:\Windows\System32\PSAPI.DLL
0x00007ffa38610000 - 0x00007ffa38628000 	C:\Windows\SYSTEM32\CRYPTSP.dll
0x00007ffa37910000 - 0x00007ffa37944000 	C:\Windows\system32\rsaenh.dll
0x00007ffa38860000 - 0x00007ffa3888e000 	C:\Windows\SYSTEM32\USERENV.dll
0x00007ffa38230000 - 0x00007ffa3823c000 	C:\Windows\SYSTEM32\CRYPTBASE.dll
0x00007ffa33a10000 - 0x00007ffa33a27000 	C:\Windows\SYSTEM32\dhcpcsvc6.DLL
0x00007ffa33780000 - 0x00007ffa3379d000 	C:\Windows\SYSTEM32\dhcpcsvc.DLL
0x00007ffa0ca00000 - 0x00007ffa0ca17000 	C:\Windows\system32\napinsp.dll
0x00007ffa17880000 - 0x00007ffa1789b000 	C:\Windows\system32\pnrpnsp.dll
0x00007ffa1dfd0000 - 0x00007ffa1dfe5000 	C:\Windows\system32\wshbth.dll
0x00007ffa34d00000 - 0x00007ffa34d1d000 	C:\Windows\system32\NLAapi.dll
0x00007ffa178d0000 - 0x00007ffa178e2000 	C:\Windows\System32\winrnr.dll
0x00007ffa350c0000 - 0x00007ffa350ce000 	C:\Users\ok10p\.jdks\corretto-17.0.13\bin\sunmscapi.dll
0x00007ffa39190000 - 0x00007ffa392ec000 	C:\Windows\System32\CRYPT32.dll
0x00007ffa38330000 - 0x00007ffa38357000 	C:\Windows\SYSTEM32\ncrypt.dll
0x00007ffa382f0000 - 0x00007ffa3832b000 	C:\Windows\SYSTEM32\NTASN1.dll
0x00007ffa1dd20000 - 0x00007ffa1dd27000 	C:\Windows\system32\wshunix.dll
0x00007ff9ed820000 - 0x00007ff9ed84f000 	D:\Dev\Capstone_Design_II\JNI.dll
0x00007ff945920000 - 0x00007ff945a3c000 	D:\Dev\Capstone_Design_II\freerdp-client3.dll
0x00007ff95b830000 - 0x00007ff95b88a000 	D:\Dev\Capstone_Design_II\wfreerdp-client3.dll
0x00007ff945660000 - 0x00007ff94576a000 	D:\Dev\Capstone_Design_II\winpr3.dll
0x00007ff943550000 - 0x00007ff943903000 	D:\Dev\Capstone_Design_II\freerdp3.dll
0x00007ffa3aa40000 - 0x00007ffa3ab6b000 	C:\Windows\System32\ole32.dll
0x00007ff9ddd80000 - 0x00007ff9dddab000 	C:\Windows\SYSTEM32\VCRUNTIME140D.dll
0x00007ff945030000 - 0x00007ff9451f7000 	C:\Windows\SYSTEM32\ucrtbased.dll
0x00007ff9c06e0000 - 0x00007ff9c0720000 	C:\Windows\SYSTEM32\libcjson.dll
0x00007ffa2f350000 - 0x00007ffa2f3f4000 	C:\Windows\SYSTEM32\WINSPOOL.DRV
0x00007ffa2f760000 - 0x00007ffa2f767000 	C:\Windows\SYSTEM32\MSIMG32.dll
0x00007ffa1a6e0000 - 0x00007ffa1a6f9000 	C:\Windows\SYSTEM32\credui.dll
0x00007ff944f30000 - 0x00007ff945029000 	C:\msys64\mingw64\bin\libssl-3-x64.dll
0x00007ff94de20000 - 0x00007ff94de74000 	C:\Windows\SYSTEM32\libzlib.dll
0x00007ff943050000 - 0x00007ff943543000 	C:\msys64\mingw64\bin\libcrypto-3-x64.dll
0x00007ff971ce0000 - 0x00007ff971d04000 	C:\msys64\mingw64\bin\ZLIB1.dll
0x00007ff95b230000 - 0x00007ff95b257000 	C:\msys64\mingw64\lib\ossl-modules\legacy.dll
0x00007ffa1ce70000 - 0x00007ffa1ce7c000 	C:\Windows\SYSTEM32\secur32.dll
0x00007ffa38820000 - 0x00007ffa38852000 	C:\Windows\SYSTEM32\SSPICLI.DLL
0x00007ffa37fa0000 - 0x00007ffa3802b000 	C:\Windows\system32\msv1_0.DLL
0x00007ffa386a0000 - 0x00007ffa386b4000 	C:\Windows\SYSTEM32\NtlmShared.dll
0x00007ffa38680000 - 0x00007ffa38695000 	C:\Windows\SYSTEM32\cryptdll.dll

dbghelp: loaded successfully - version: 4.0.5 - missing functions: none
symbol engine: initialized successfully - sym options: 0x614 - pdb path: .;C:\Users\ok10p\.jdks\corretto-17.0.13\bin;C:\Windows\SYSTEM32;C:\Windows\WinSxS\amd64_microsoft.windows.common-controls_6595b64144ccf1df_6.0.19041.4355_none_60b8b9eb71f62e16;C:\Users\ok10p\.jdks\corretto-17.0.13\bin\server;C:\Program Files\JetBrains\IntelliJ IDEA 2023.3.6\bin;D:\Dev\Capstone_Design_II;C:\msys64\mingw64\bin;C:\msys64\mingw64\lib\ossl-modules

VM Arguments:
jvm_args: -XX:TieredStopAtLevel=1 -Dspring.output.ansi.enabled=always -Dcom.sun.management.jmxremote -Dspring.jmx.enabled=true -Dspring.liveBeansView.mbeanDomain -Dspring.application.admin.enabled=true -Dmanagement.endpoints.jmx.exposure.include=* -javaagent:C:\Program Files\JetBrains\IntelliJ IDEA 2023.3.6\lib\idea_rt.jar=63676:C:\Program Files\JetBrains\IntelliJ IDEA 2023.3.6\bin -Dfile.encoding=UTF-8 
java_command: com.freerdp.FreeRDPApplication
java_class_path (initial): D:\Dev\Capstone_Design_II\build\classes\java\main;D:\Dev\Capstone_Design_II\build\resources\main;C:\Users\ok10p\.gradle\caches\modules-2\files-2.1\org.projectlombok\lombok\1.18.34\ec547ef414ab1d2c040118fb9c1c265ada63af14\lombok-1.18.34.jar;C:\Users\ok10p\.gradle\caches\modules-2\files-2.1\org.springframework.boot\spring-boot-starter-websocket\3.3.5\f34b2713e59c3717f654eeaea7a4aa0771738d4f\spring-boot-starter-websocket-3.3.5.jar;C:\Users\ok10p\.gradle\caches\modules-2\files-2.1\org.springframework.boot\spring-boot-starter-web\3.3.5\51cc6cd5fb15f4eecfadea4ac689ed290e65c2cc\spring-boot-starter-web-3.3.5.jar;C:\Users\ok10p\.gradle\caches\modules-2\files-2.1\org.springframework\spring-websocket\6.1.14\bb2335356845bf703234fea83fcfa032b759c99\spring-websocket-6.1.14.jar;C:\Users\ok10p\.gradle\caches\modules-2\files-2.1\org.springframework\spring-messaging\6.1.14\97e6f282fc94bfaec4d0146511727186452a0af\spring-messaging-6.1.14.jar;C:\Users\ok10p\.gradle\caches\modules-2\files-2.1\org.springframework.boot\spring-boot-starter-json\3.3.5\a92dd0bc808c9de278bc62bc37db4e409027657a\spring-boot-starter-json-3.3.5.jar;C:\Users\ok10p\.gradle\caches\modules-2\files-2.1\org.springframework.boot\spring-boot-starter\3.3.5\16b7a9acf1918a8f763e871ada3794e9ffd4a980\spring-boot-starter-3.3.5.jar;C:\Users\ok10p\.gradle\caches\modules-2\files-2.1\org.springframework.boot\spring-boot-starter-tomcat\3.3.5\9fcf404e2efc06612af0c194e6d4f4162c6aac24\spring-boot-starter-tomcat-3.3.5.jar;C:\Users\ok10p\.gradle\caches\modules-2\files-2.1\org.springframework\spring-webmvc\6.1.14\804478303aac6f91ea566efd4fef3dc06380528a\spring-webmvc-6.1.14.jar;C:\Users\ok10p\.gradle\caches\modules-2\files-2.1\org.springframework\spring-web\6.1.14\b45eaad7df4f37ce224acdcb555a6a3dd5c246b2\spring-web-6.1.14.jar;C:\Users\ok10p\.gradle\caches\modules-2\files-2.1\org.springframework\spring-context\6.1.14\b3d96fb4310376a608465c3544b7cfb790293787\spring-context-6.1.14.jar;C:\Users\ok10p\.gradle\cache
Launcher Type: SUN_STANDARD

[Global flags]
     intx CICompilerCount                          = 4                                         {product} {ergonomic}
     uint ConcGCThreads                            = 3                                         {product} {ergonomic}
     uint G1ConcRefinementThreads                  = 10                                        {product} {ergonomic}
   size_t G1HeapRegionSize                         = 4194304                                   {product} {ergonomic}
    uintx GCDrainStackTargetSize                   = 64                                        {product} {ergonomic}
   size_t InitialHeapSize                          = 536870912                                 {product} {ergonomic}
     bool ManagementServer                         = true                                      {product} {command line}
   size_t MarkStackSize                            = 4194304                                   {product} {ergonomic}
   size_t MaxHeapSize                              = 8543797248                                {product} {ergonomic}
   size_t MaxNewSize                               = 5125439488                                {product} {ergonomic}
   size_t MinHeapDeltaBytes                        = 4194304                                   {product} {ergonomic}
   size_t MinHeapSize                              = 8388608                                   {product} {ergonomic}
    uintx NonProfiledCodeHeapSize                  = 0                                      {pd product} {ergonomic}
     bool ProfileInterpreter                       = false                                  {pd product} {command line}
    uintx ProfiledCodeHeapSize                     = 0                                      {pd product} {ergonomic}
   size_t SoftMaxHeapSize                          = 8543797248                             {manageable} {ergonomic}
     intx TieredStopAtLevel                        = 1                                         {product} {command line}
     bool UseCompressedClassPointers               = true                           {product lp64_product} {ergonomic}
     bool UseCompressedOops                        = true                           {product lp64_product} {ergonomic}
     bool UseG1GC                                  = true                                      {product} {ergonomic}
     bool UseLargePagesIndividualAllocation        = false                                  {pd product} {ergonomic}

Logging:
Log output configuration:
 #0: stdout all=warning uptime,level,tags
 #1: stderr all=off uptime,level,tags

Environment Variables:
JAVA_HOME=C:\Program Files\Java\jdk-19
CLASSPATH=C:\Program Files\Java\jdk-19\lib
PATH=C:\Program Files\NVIDIA GPU Computing Toolkit\CUDA\v12.3\bin;C:\Program Files\NVIDIA GPU Computing Toolkit\CUDA\v12.3\libnvvp;C:\Windows\system32;C:\Windows;C:\Windows\System32\Wbem;C:\Windows\System32\WindowsPowerShell\v1.0\;C:\Windows\System32\OpenSSH\;C:\Program Files\Bandizip\;C:\Program Files\MATLAB\R2022a\bin;C:\Program Files\Java\jdk-19\bin;C:\Program Files\PuTTY\;C:\Users\ok10p\AppData\Local\Packages\PythonSoftwareFoundation.Python.3.11_qbz5n2kfra8p0\LocalCache\local-packages\Python311\site-packages;C:\Program Files\Docker\Docker\resources\bin;C:\Program Files\NVIDIA Corporation\Nsight Compute 2023.3.0\;C:\Program Files (x86)\NVIDIA Corporation\PhysX\Common;C:\Program Files\NVIDIA Corporation\NVIDIA NvDLISR;C:\Program Files\Git\cmd;C:\msys64;C:\msys64\usr\bin;C:\msys64\mingw64\bin;C:\Program Files\CMake\bin;D:\Dev\install\ffmpeg-2024-10-24-git-153a6dc8fa-full_build\bin;D:\Dev\install\OpenSSL-Win64\bin;C:\Users\ok10p\anaconda3;C:\Users\ok10p\anaconda3\Library\mingw-w64\bin;C:\Users\ok10p\anaconda3\Library\usr\bin;C:\Users\ok10p\anaconda3\Library\bin;C:\Users\ok10p\anaconda3\Scripts;C:\Users\ok10p\AppData\Local\Microsoft\WindowsApps;C:\Users\ok10p\AppData\Local\GitHubDesktop\bin;C:\Users\ok10p\AppData\Local\Programs\Microsoft VS Code\bin;C:\Program Files\Java\jdk-22\bin;C:\Program Files\JetBrains\IntelliJ IDEA 2023.3.6\bin;;C:\msys64\ucrt64\bin;
USERNAME=ok10p
OS=Windows_NT
PROCESSOR_IDENTIFIER=Intel64 Family 6 Model 151 Stepping 5, GenuineIntel
TMP=C:\Users\ok10p\AppData\Local\Temp
TEMP=C:\Users\ok10p\AppData\Local\Temp



Periodic native trim disabled


---------------  S Y S T E M  ---------------

OS:
 Windows 10 , 64 bit Build 19041 (10.0.19041.5072)
OS uptime: 1 days 20:55 hours
Hyper-V role detected

CPU: total 12 (initial active 12) (6 cores per cpu, 2 threads per core) family 6 model 151 stepping 5 microcode 0xf, cx8, cmov, fxsr, ht, mmx, 3dnowpref, sse, sse2, sse3, ssse3, sse4.1, sse4.2, popcnt, lzcnt, tsc, tscinvbit, avx, avx2, aes, erms, clmul, bmi1, bmi2, adx, sha, fma, vzeroupper, clflush, clflushopt, clwb, hv
Processor Information for all 12 processors :
  Max Mhz: 2500, Current Mhz: 2500, Mhz Limit: 2500

Memory: 4k page, system-wide physical 32578M (16385M free)
TotalPageFile size 34626M (AvailPageFile size 10508M)
current process WorkingSet (physical memory assigned to process): 204M, peak: 204M
current process commit charge ("private bytes"): 260M, peak: 649M

vm_info: OpenJDK 64-Bit Server VM (17.0.13+11-LTS) for windows-amd64 JRE (17.0.13+11-LTS), built on Oct 10 2024 19:51:30 by "Administrator" with MS VC++ 16.10 / 16.11 (VS2019)

END.
