#
# A fatal error has been detected by the Java Runtime Environment:
#
#  EXCEPTION_ACCESS_VIOLATION (0xc0000005) at pc=0x00007ff96a99c9f0, pid=13020, tid=50916
#
# JRE version: OpenJDK Runtime Environment Corretto-17.0.13.11.1 (17.0.13+11) (build 17.0.13+11-LTS)
# Java VM: OpenJDK 64-Bit Server VM Corretto-17.0.13.11.1 (17.0.13+11-LTS, mixed mode, emulated-client, sharing, tiered, compressed oops, compressed class ptrs, g1 gc, windows-amd64)
# Problematic frame:
# V  [jvm.dll+0xc9f0]
#
# No core dump will be written. Minidumps are not enabled by default on client versions of Windows
#
# If you would like to submit a bug report, please visit:
#   https://github.com/corretto/corretto-17/issues/
#

---------------  S U M M A R Y ------------

Command Line: -XX:TieredStopAtLevel=1 -Dspring.output.ansi.enabled=always -Dcom.sun.management.jmxremote -Dspring.jmx.enabled=true -Dspring.liveBeansView.mbeanDomain -Dspring.application.admin.enabled=true -Dmanagement.endpoints.jmx.exposure.include=* -javaagent:C:\Program Files\JetBrains\IntelliJ IDEA 2023.3.6\lib\idea_rt.jar=63733:C:\Program Files\JetBrains\IntelliJ IDEA 2023.3.6\bin -Dfile.encoding=UTF-8 com.freerdp.FreeRDPApplication

Host: 12th Gen Intel(R) Core(TM) i5-12400, 12 cores, 31G,  Windows 10 , 64 bit Build 19041 (10.0.19041.5072)
Time: Tue Nov 19 16:08:04 2024  Windows 10 , 64 bit Build 19041 (10.0.19041.5072) elapsed time: 4.374994 seconds (0d 0h 0m 4s)

---------------  T H R E A D  ---------------

Current thread (0x0000021ca629e5f0):  JavaThread "Thread-2" [_thread_in_vm, id=50916, stack(0x000000b6a1d00000,0x000000b6a1e00000)]

Stack: [0x000000b6a1d00000,0x000000b6a1e00000],  sp=0x000000b6a1dfe5f8,  free space=1017k
Native frames: (J=compiled Java code, j=interpreted, Vv=VM code, C=native code)
V  [jvm.dll+0xc9f0]

Java frames: (J=compiled Java code, j=interpreted, Vv=VM code)
j  com.freerdp.services.LibFreeRDP.freerdp_copy_bitmap(J[BIIII)Z+0
j  com.freerdp.services.LibFreeRDP.copy_bitmap(J[BIIII)Z+9
j  com.freerdp.services.LibFreeRDP.OnGraphicsUpdate(JIIII)V+61
v  ~StubRoutines::call_stub

siginfo: EXCEPTION_ACCESS_VIOLATION (0xc0000005), reading address 0x0000000000000000


Registers:
RAX=0x0000000000000000, RBX=0x0000021ca629e5f0, RCX=0x0000000000000000, RDX=0x0000000000000000
RSP=0x000000b6a1dfe5f8, RBP=0x000000b6a1dfe650, RSI=0x000000000000001c, RDI=0x0000000000000000
R8 =0x0000021ca5c96db0, R9 =0x0000000000000000, R10=0x0000021c46b2d079, R11=0x00000006062ea098
R12=0x0000000000000000, R13=0x0000021ca29d9370, R14=0x000000b6a1dfea10, R15=0x0000021ca629e5f0
RIP=0x00007ff96a99c9f0, EFLAGS=0x0000000000010246


Register to memory mapping:

RIP=0x00007ff96a99c9f0 jvm.dll
RAX=0x0 is NULL
RBX=0x0000021ca629e5f0 is a thread
RCX=0x0 is NULL
RDX=0x0 is NULL
RSP=0x000000b6a1dfe5f8 is pointing into the stack for thread: 0x0000021ca629e5f0
RBP=0x000000b6a1dfe650 is pointing into the stack for thread: 0x0000021ca629e5f0
RSI=0x000000000000001c is an unknown value
RDI=0x0 is NULL
R8 =0x0000021ca5c96db0 points into unknown readable memory: 0x0000021ca62f0010 | 10 00 2f a6 1c 02 00 00
R9 =0x0 is NULL
R10=0x0000021c46b2d079 is at code_begin+889 in an Interpreter codelet
method entry point (kind = native)  [0x0000021c46b2cd00, 0x0000021c46b2d660]  2400 bytes
R11=0x00000006062ea098 is an oop: java.lang.Class 
{0x00000006062ea098} - klass: 'java/lang/Class'
 - ---- fields (total size 15 words):
 - private volatile transient 'classRedefinedCount' 'I' @12  0
 - private volatile transient 'cachedConstructor' 'Ljava/lang/reflect/Constructor;' @40  NULL (0)
 - private transient 'name' 'Ljava/lang/String;' @44  "com.freerdp.services.LibFreeRDP"{0x00000006062ea120} (c0c5d424)
 - private transient 'module' 'Ljava/lang/Module;' @48  a 'java/lang/Module'{0x0000000602d19030} (c05a3206)
 - private final 'classLoader' 'Ljava/lang/ClassLoader;' @52  a 'jdk/internal/loader/ClassLoaders$AppClassLoader'{0x0000000602d18c70} (c05a318e)
 - private transient 'classData' 'Ljava/lang/Object;' @56  NULL (0)
 - private transient 'packageName' 'Ljava/lang/String;' @60  "com.freerdp.services"{0x00000006062e7cb0} (c0c5cf96)
 - private final 'componentType' 'Ljava/lang/Class;' @64  NULL (0)
 - private volatile transient 'reflectionData' 'Ljava/lang/ref/SoftReference;' @68  NULL (0)
 - private volatile transient 'genericInfo' 'Lsun/reflect/generics/repository/ClassRepository;' @72  NULL (0)
 - private volatile transient 'enumConstants' '[Ljava/lang/Object;' @76  NULL (0)
 - private volatile transient 'enumConstantDirectory' 'Ljava/util/Map;' @80  NULL (0)
 - private volatile transient 'annotationData' 'Ljava/lang/Class$AnnotationData;' @84  NULL (0)
 - private volatile transient 'annotationType' 'Lsun/reflect/annotation/AnnotationType;' @88  NULL (0)
 - transient 'classValueMap' 'Ljava/lang/ClassValue$ClassValueMap;' @92  NULL (0)
 - signature: Lcom/freerdp/services/LibFreeRDP;
 - fake entry for mirror: 'com/freerdp/services/LibFreeRDP'
 - fake entry for array: NULL
 - fake entry for oop_size: 15
 - fake entry for static_oop_field_count: 1
 - private static final 'logger' 'Lorg/slf4j/Logger;' @112  a 'ch/qos/logback/classic/Logger'{0x00000006062ea328} (c0c5d465)
R12=0x0 is NULL
R13=0x0000021ca29d9370 is pointing into metadata
R14=0x000000b6a1dfea10 is pointing into the stack for thread: 0x0000021ca629e5f0
R15=0x0000021ca629e5f0 is a thread


Top of Stack: (sp=0x000000b6a1dfe5f8)
0x000000b6a1dfe5f8:   00007ff96ad7b35a 0000000000000073
0x000000b6a1dfe608:   0000000000000042 00007ffa0058b00a
0x000000b6a1dfe618:   00007ff96ad13d6b 0000000000000010
0x000000b6a1dfe628:   00007ffa005730b2 0000021ca29d9390
0x000000b6a1dfe638:   000000000000001c 0000021ca61c6369
0x000000b6a1dfe648:   00007ff96b002e00 0000021c5fab5120
0x000000b6a1dfe658:   0000021c5fab5128 0000021c5fb13ec0
0x000000b6a1dfe668:   0000021ca6294c70 0000021ca6294c80
0x000000b6a1dfe678:   0000021ca6295058 00000000000003d8
0x000000b6a1dfe688:   0000021ca29d9390 00007ff96b2ad4f0
0x000000b6a1dfe698:   0000000000000000 0000000000000000
0x000000b6a1dfe6a8:   0000000000000000 0000000000000000
0x000000b6a1dfe6b8:   0000000000000000 0000000000000000
0x000000b6a1dfe6c8:   0000000000000000 0000000000000000
0x000000b6a1dfe6d8:   0000021ca6000000 000000b6a1dfe690
0x000000b6a1dfe6e8:   0000021c46b4a580 0000000000000000
0x000000b6a1dfe6f8:   0000021c46b4a5c2 0000021c46b4a980
0x000000b6a1dfe708:   0000000000000000 00007ffa0058b136
0x000000b6a1dfe718:   0000000000000010 000000b6a1dfe7a0
0x000000b6a1dfe728:   00007ffa00577e0a 0000021ca629e8a8
0x000000b6a1dfe738:   0000000000000000 0000000000000000
0x000000b6a1dfe748:   0000000000000000 0000000000000000
0x000000b6a1dfe758:   0000000000000000 0000000000000000
0x000000b6a1dfe768:   0000000000000000 0000000000000000
0x000000b6a1dfe778:   000000b6a1020000 000000b6a1dfe690
0x000000b6a1dfe788:   0000000000000000 0000000000000000
0x000000b6a1dfe798:   0000021c46b4a580 0000021c00000400
0x000000b6a1dfe7a8:   0000021ca5c96db0 00007ff96b2ad490
0x000000b6a1dfe7b8:   0000000000000000 0000021ca629e5f0
0x000000b6a1dfe7c8:   0000021ca6632810 0000000000000000
0x000000b6a1dfe7d8:   0000021ca629e500 0000000000000000
0x000000b6a1dfe7e8:   00000000000000b8 0000000000000000 

Instructions: (pc=0x00007ff96a99c9f0)
0x00007ff96a99c8f0:   00 00 00 48 8b 41 38 48 8b 80 68 09 00 00 48 8b
0x00007ff96a99c900:   48 08 48 8b 40 50 48 d3 ea 80 3c 02 01 0f 85 cd
0x00007ff96a99c910:   00 00 00 48 8b 13 0f b6 c2 24 03 3c 03 75 19 48
0x00007ff96a99c920:   83 e2 fc 74 13 48 3b da 74 11 48 8b c2 48 8b 5c
0x00007ff96a99c930:   24 38 48 83 c4 20 5e c3 48 8b d3 48 8b 46 38 0f
0x00007ff96a99c940:   be 88 f1 02 00 00 c1 e9 02 f6 c1 01 74 dc 48 89
0x00007ff96a99c950:   7c 24 30 e8 a8 e3 ff ff 48 8b 0d e9 80 bb 00 48
0x00007ff96a99c960:   8b f8 48 81 c1 70 09 00 00 8b 41 40 0f b6 57 21
0x00007ff96a99c970:   8d 42 01 88 47 21 84 d2 75 0a 48 8b d7 e8 be 39
0x00007ff96a99c980:   70 00 eb 20 80 7f 22 00 75 1a 8b 41 40 85 05 d9
0x00007ff96a99c990:   25 9b 00 74 0f b8 ff ff ff ff f0 0f c1 41 40 e8
0x00007ff96a99c9a0:   ec 39 70 00 48 8b 4e 38 4c 8b c7 48 8b d3 e8 dd
0x00007ff96a99c9b0:   f7 ff ff 0f b6 4f 21 48 8b d8 48 8b 15 87 80 bb
0x00007ff96a99c9c0:   00 8d 41 ff 88 47 21 80 f9 01 77 0f 48 8d 8a 70
0x00007ff96a99c9d0:   09 00 00 48 8b d7 e8 95 39 70 00 48 8b 7c 24 30
0x00007ff96a99c9e0:   48 8b c3 48 8b 5c 24 38 48 83 c4 20 5e c3 cc cc
0x00007ff96a99c9f0:   48 8b 01 c3 cc cc cc cc cc cc cc cc cc cc cc cc
0x00007ff96a99ca00:   4c 8b 01 4c 8b c9 48 8b 0d c3 01 b7 00 ba 44 60
0x00007ff96a99ca10:   08 00 e9 d9 f1 ff ff cc cc cc cc cc cc cc cc cc
0x00007ff96a99ca20:   48 89 5c 24 08 57 48 83 ec 20 48 8b 39 48 8b d9
0x00007ff96a99ca30:   48 85 3d 21 ef bb 00 75 0e 48 8b c7 48 8b 5c 24
0x00007ff96a99ca40:   30 48 83 c4 20 5f c3 48 8b cf e8 c1 d8 85 00 48
0x00007ff96a99ca50:   8b d0 48 85 c0 74 20 48 8b c7 f0 48 0f b1 13 74
0x00007ff96a99ca60:   16 48 85 05 f0 ee bb 00 74 0d 48 8b c8 f0 48 0f
0x00007ff96a99ca70:   b1 13 48 3b c1 75 ea 48 8b 5c 24 30 48 8b c2 48
0x00007ff96a99ca80:   83 c4 20 5f c3 cc cc cc cc cc cc cc cc cc cc cc
0x00007ff96a99ca90:   4c 8b 01 4c 8b c9 48 8b 0d 33 01 b7 00 ba 64 60
0x00007ff96a99caa0:   08 00 e9 49 f1 ff ff cc cc cc cc cc cc cc cc cc
0x00007ff96a99cab0:   8b 05 52 48 b1 00 c3 cc cc cc cc cc cc cc cc cc
0x00007ff96a99cac0:   0f b6 05 52 0a b8 00 48 8b d1 84 c0 74 16 44 8b
0x00007ff96a99cad0:   41 08 8b 0d 30 48 b1 00 49 d3 e0 4c 03 05 1e 48
0x00007ff96a99cae0:   b1 00 eb 04 4c 8b 41 08 45 8b 50 08 45 85 d2 7e 


Stack slot to memory mapping:
stack at sp + 0 slots: 0x00007ff96ad7b35a jvm.dll
stack at sp + 1 slots: 0x0000000000000073 is an unknown value
stack at sp + 2 slots: 0x0000000000000042 is an unknown value
stack at sp + 3 slots: 0x00007ffa0058b00a JNI.dll
stack at sp + 4 slots: 0x00007ff96ad13d6b jvm.dll
stack at sp + 5 slots: 0x0000000000000010 is an unknown value
stack at sp + 6 slots: 0x00007ffa005730b2 JNI.dll
stack at sp + 7 slots: {method} {0x0000021ca29d9398} 'freerdp_copy_bitmap' '(J[BIIII)Z' in 'com/freerdp/services/LibFreeRDP'


---------------  P R O C E S S  ---------------

Threads class SMR info:
_java_thread_list=0x0000021ca66964d0, length=34, elements={
0x0000021c5ce75860, 0x0000021c5ce766e0, 0x0000021c5ce92760, 0x0000021c5ce935e0,
0x0000021c5ce97760, 0x0000021c5ce988c0, 0x0000021c5ce9cfd0, 0x0000021c5ce9e170,
0x0000021c5f9f0c00, 0x0000021c5faafef0, 0x0000021c5fab4420, 0x0000021c5fceccf0,
0x0000021c5fced1d0, 0x0000021ca544de30, 0x0000021ca60c2de0, 0x0000021ca61133b0,
0x0000021ca61619d0, 0x0000021ca6160aa0, 0x0000021ca6163320, 0x0000021ca61614c0,
0x0000021ca6161ee0, 0x0000021ca6160fb0, 0x0000021ca61623f0, 0x0000021ca6162900,
0x0000021ca6163830, 0x0000021ca6160080, 0x0000021ca6162e10, 0x0000021ca6160590,
0x0000021ca629cca0, 0x0000021ca629d1b0, 0x0000021ca629d6c0, 0x0000021ca629dbd0,
0x0000021ca629e0e0, 0x0000021ca629e5f0
}

Java Threads: ( => current thread )
  0x0000021c5ce75860 JavaThread "Reference Handler" daemon [_thread_blocked, id=37920, stack(0x000000b69d200000,0x000000b69d300000)]
  0x0000021c5ce766e0 JavaThread "Finalizer" daemon [_thread_blocked, id=33336, stack(0x000000b69d300000,0x000000b69d400000)]
  0x0000021c5ce92760 JavaThread "Signal Dispatcher" daemon [_thread_blocked, id=25056, stack(0x000000b69d400000,0x000000b69d500000)]
  0x0000021c5ce935e0 JavaThread "Attach Listener" daemon [_thread_blocked, id=38452, stack(0x000000b69d500000,0x000000b69d600000)]
  0x0000021c5ce97760 JavaThread "Service Thread" daemon [_thread_blocked, id=26584, stack(0x000000b69d600000,0x000000b69d700000)]
  0x0000021c5ce988c0 JavaThread "Monitor Deflation Thread" daemon [_thread_blocked, id=12848, stack(0x000000b69d700000,0x000000b69d800000)]
  0x0000021c5ce9cfd0 JavaThread "C1 CompilerThread0" daemon [_thread_blocked, id=46440, stack(0x000000b69d800000,0x000000b69d900000)]
  0x0000021c5ce9e170 JavaThread "Sweeper thread" daemon [_thread_blocked, id=36608, stack(0x000000b69d900000,0x000000b69da00000)]
  0x0000021c5f9f0c00 JavaThread "Common-Cleaner" daemon [_thread_blocked, id=50292, stack(0x000000b69da00000,0x000000b69db00000)]
  0x0000021c5faafef0 JavaThread "C1 CompilerThread1" daemon [_thread_blocked, id=8308, stack(0x000000b69db00000,0x000000b69dc00000)]
  0x0000021c5fab4420 JavaThread "C1 CompilerThread2" daemon [_thread_blocked, id=49144, stack(0x000000b69dc00000,0x000000b69dd00000)]
  0x0000021c5fceccf0 JavaThread "Monitor Ctrl-Break" daemon [_thread_in_native, id=14492, stack(0x000000b69de00000,0x000000b69df00000)]
  0x0000021c5fced1d0 JavaThread "Notification Thread" daemon [_thread_blocked, id=45560, stack(0x000000b69df00000,0x000000b69e000000)]
  0x0000021ca544de30 JavaThread "RMI TCP Accept-0" daemon [_thread_in_native, id=49364, stack(0x000000b69e000000,0x000000b69e100000)]
  0x0000021ca60c2de0 JavaThread "RMI TCP Connection(2)-192.168.200.123" daemon [_thread_in_native, id=18184, stack(0x000000b69ed00000,0x000000b69ee00000)]
  0x0000021ca61133b0 JavaThread "RMI Scheduler(0)" daemon [_thread_blocked, id=6776, stack(0x000000b69ee00000,0x000000b69ef00000)]
  0x0000021ca61619d0 JavaThread "Catalina-utility-1" [_thread_blocked, id=22876, stack(0x000000b69ef00000,0x000000b69f000000)]
  0x0000021ca6160aa0 JavaThread "Catalina-utility-2" [_thread_blocked, id=31932, stack(0x000000b69f000000,0x000000b69f100000)]
  0x0000021ca6163320 JavaThread "container-0" [_thread_blocked, id=23096, stack(0x000000b69f100000,0x000000b69f200000)]
  0x0000021ca61614c0 JavaThread "http-nio-8080-exec-1" daemon [_thread_blocked, id=5276, stack(0x000000b69f200000,0x000000b69f300000)]
  0x0000021ca6161ee0 JavaThread "http-nio-8080-exec-2" daemon [_thread_blocked, id=36244, stack(0x000000b69f300000,0x000000b69f400000)]
  0x0000021ca6160fb0 JavaThread "http-nio-8080-exec-3" daemon [_thread_blocked, id=27900, stack(0x000000b69f400000,0x000000b69f500000)]
  0x0000021ca61623f0 JavaThread "http-nio-8080-exec-4" daemon [_thread_blocked, id=13096, stack(0x000000b69f500000,0x000000b69f600000)]
  0x0000021ca6162900 JavaThread "http-nio-8080-exec-5" daemon [_thread_blocked, id=45396, stack(0x000000b69f600000,0x000000b69f700000)]
  0x0000021ca6163830 JavaThread "http-nio-8080-exec-6" daemon [_thread_blocked, id=48452, stack(0x000000b69f700000,0x000000b69f800000)]
  0x0000021ca6160080 JavaThread "http-nio-8080-exec-7" daemon [_thread_blocked, id=47812, stack(0x000000b69f800000,0x000000b69f900000)]
  0x0000021ca6162e10 JavaThread "http-nio-8080-exec-8" daemon [_thread_blocked, id=39412, stack(0x000000b69f900000,0x000000b69fa00000)]
  0x0000021ca6160590 JavaThread "http-nio-8080-exec-9" daemon [_thread_blocked, id=31056, stack(0x000000b69fa00000,0x000000b69fb00000)]
  0x0000021ca629cca0 JavaThread "http-nio-8080-exec-10" daemon [_thread_blocked, id=26016, stack(0x000000b69fb00000,0x000000b69fc00000)]
  0x0000021ca629d1b0 JavaThread "http-nio-8080-Poller" daemon [_thread_in_native, id=5148, stack(0x000000b69fc00000,0x000000b69fd00000)]
  0x0000021ca629d6c0 JavaThread "http-nio-8080-Acceptor" daemon [_thread_in_native, id=41860, stack(0x000000b69fd00000,0x000000b69fe00000)]
  0x0000021ca629dbd0 JavaThread "DestroyJavaVM" [_thread_blocked, id=3816, stack(0x000000b69cb00000,0x000000b69cc00000)]
  0x0000021ca629e0e0 JavaThread "WebSocket background processing" daemon [_thread_blocked, id=51036, stack(0x000000b6a1900000,0x000000b6a1a00000)]
=>0x0000021ca629e5f0 JavaThread "Thread-2" [_thread_in_vm, id=50916, stack(0x000000b6a1d00000,0x000000b6a1e00000)]

Other Threads:
  0x0000021c5ce6b600 VMThread "VM Thread" [stack: 0x000000b69d100000,0x000000b69d200000] [id=26368]
  0x0000021ca5452040 WatcherThread [stack: 0x000000b69e100000,0x000000b69e200000] [id=29220]
  0x0000021c3f0956c0 GCTaskThread "GC Thread#0" [stack: 0x000000b69cc00000,0x000000b69cd00000] [id=27908]
  0x0000021ca57fb9d0 GCTaskThread "GC Thread#1" [stack: 0x000000b69e200000,0x000000b69e300000] [id=45244]
  0x0000021ca57d3aa0 GCTaskThread "GC Thread#2" [stack: 0x000000b69e300000,0x000000b69e400000] [id=19340]
  0x0000021ca57fa540 GCTaskThread "GC Thread#3" [stack: 0x000000b69e400000,0x000000b69e500000] [id=22988]
  0x0000021ca57fac10 GCTaskThread "GC Thread#4" [stack: 0x000000b69e500000,0x000000b69e600000] [id=36056]
  0x0000021ca57faed0 GCTaskThread "GC Thread#5" [stack: 0x000000b69e600000,0x000000b69e700000] [id=23804]
  0x0000021ca58136c0 GCTaskThread "GC Thread#6" [stack: 0x000000b69e700000,0x000000b69e800000] [id=19628]
  0x0000021ca5814410 GCTaskThread "GC Thread#7" [stack: 0x000000b69e800000,0x000000b69e900000] [id=20124]
  0x0000021ca5816b60 GCTaskThread "GC Thread#8" [stack: 0x000000b69e900000,0x000000b69ea00000] [id=19940]
  0x0000021ca58178b0 GCTaskThread "GC Thread#9" [stack: 0x000000b69ea00000,0x000000b69eb00000] [id=46196]
  0x0000021c3f09e540 ConcurrentGCThread "G1 Main Marker" [stack: 0x000000b69cd00000,0x000000b69ce00000] [id=40612]
  0x0000021c5ccc8780 ConcurrentGCThread "G1 Conc#0" [stack: 0x000000b69ce00000,0x000000b69cf00000] [id=48892]
  0x0000021ca5fc8700 ConcurrentGCThread "G1 Conc#1" [stack: 0x000000b69eb00000,0x000000b69ec00000] [id=9132]
  0x0000021ca5fafea0 ConcurrentGCThread "G1 Conc#2" [stack: 0x000000b69ec00000,0x000000b69ed00000] [id=18256]
  0x0000021c5cda9c00 ConcurrentGCThread "G1 Refine#0" [stack: 0x000000b69cf00000,0x000000b69d000000] [id=44416]
  0x0000021c5cdaa630 ConcurrentGCThread "G1 Service" [stack: 0x000000b69d000000,0x000000b69d100000] [id=17688]

Threads with active compile tasks:

VM state: not at safepoint (normal execution)

VM Mutex/Monitor currently owned by a thread: None

Heap address: 0x0000000602c00000, size: 8148 MB, Compressed Oops mode: Zero based, Oop shift amount: 3

CDS archive(s) mapped at: [0x0000021c60000000-0x0000021c60bb0000-0x0000021c60bb0000), size 12255232, SharedBaseAddress: 0x0000021c60000000, ArchiveRelocationMode: 1.
Compressed class space mapped at: 0x0000021c61000000-0x0000021ca1000000, reserved size: 1073741824
Narrow klass base: 0x0000021c60000000, Narrow klass shift: 0, Narrow klass range: 0x100000000

GC Precious Log:
 CPUs: 12 total, 12 available
 Memory: 32578M
 Large Page Support: Disabled
 NUMA Support: Disabled
 Compressed Oops: Enabled (Zero based)
 Heap Region Size: 4M
 Heap Min Capacity: 8M
 Heap Initial Capacity: 512M
 Heap Max Capacity: 8148M
 Pre-touch: Disabled
 Parallel Workers: 10
 Concurrent Workers: 3
 Concurrent Refinement Workers: 10
 Periodic GC: Disabled

Heap:
 garbage-first heap   total 69632K, used 27701K [0x0000000602c00000, 0x0000000800000000)
  region size 4096K, 5 young (20480K), 1 survivors (4096K)
 Metaspace       used 30721K, committed 31168K, reserved 1114112K
  class space    used 4194K, committed 4416K, reserved 1048576K

Heap Regions: E=young(eden), S=young(survivor), O=old, HS=humongous(starts), HC=humongous(continues), CS=collection set, F=free, OA=open archive, CA=closed archive, TAMS=top-at-mark-start (previous, next)
|   0|0x0000000602c00000, 0x0000000603000000, 0x0000000603000000|100%| O|  |TAMS 0x0000000603000000, 0x0000000602c00000| Untracked 
|   1|0x0000000603000000, 0x0000000603000000, 0x0000000603400000|  0%| F|  |TAMS 0x0000000603000000, 0x0000000603000000| Untracked 
|   2|0x0000000603400000, 0x0000000603400000, 0x0000000603800000|  0%| F|  |TAMS 0x0000000603400000, 0x0000000603400000| Untracked 
|   3|0x0000000603800000, 0x0000000603800000, 0x0000000603c00000|  0%| F|  |TAMS 0x0000000603800000, 0x0000000603800000| Untracked 
|   4|0x0000000603c00000, 0x0000000603c00000, 0x0000000604000000|  0%| F|  |TAMS 0x0000000603c00000, 0x0000000603c00000| Untracked 
|   5|0x0000000604000000, 0x0000000604400000, 0x0000000604400000|100%| O|  |TAMS 0x0000000604000000, 0x0000000604000000| Untracked 
|   6|0x0000000604400000, 0x0000000604800000, 0x0000000604800000|100%| O|  |TAMS 0x0000000604400000, 0x0000000604400000| Untracked 
|   7|0x0000000604800000, 0x000000060498f600, 0x0000000604c00000| 39%| O|  |TAMS 0x0000000604800000, 0x0000000604800000| Untracked 
|   8|0x0000000604c00000, 0x0000000604c00000, 0x0000000605000000|  0%| F|  |TAMS 0x0000000604c00000, 0x0000000604c00000| Untracked 
|   9|0x0000000605000000, 0x0000000605000000, 0x0000000605400000|  0%| F|  |TAMS 0x0000000605000000, 0x0000000605000000| Untracked 
|  10|0x0000000605400000, 0x0000000605400000, 0x0000000605800000|  0%| F|  |TAMS 0x0000000605400000, 0x0000000605400000| Untracked 
|  11|0x0000000605800000, 0x0000000605800000, 0x0000000605c00000|  0%| F|  |TAMS 0x0000000605800000, 0x0000000605800000| Untracked 
|  12|0x0000000605c00000, 0x0000000605e69458, 0x0000000606000000| 60%| E|  |TAMS 0x0000000605c00000, 0x0000000605c00000| Complete 
|  13|0x0000000606000000, 0x0000000606400000, 0x0000000606400000|100%| E|CS|TAMS 0x0000000606000000, 0x0000000606000000| Complete 
| 111|0x000000061e800000, 0x000000061ec00000, 0x000000061ec00000|100%| E|CS|TAMS 0x000000061e800000, 0x000000061e800000| Complete 
| 112|0x000000061ec00000, 0x000000061ed7e180, 0x000000061f000000| 37%| S|CS|TAMS 0x000000061ec00000, 0x000000061ec00000| Complete 
| 127|0x0000000622800000, 0x0000000622c00000, 0x0000000622c00000|100%| E|CS|TAMS 0x0000000622800000, 0x0000000622800000| Complete 

Card table byte_map: [0x0000021c4ae40000,0x0000021c4be30000] _byte_map_base: 0x0000021c47e2a000

Marking Bits (Prev, Next): (CMBitMap*) 0x0000021c3f095d20, (CMBitMap*) 0x0000021c3f095ce0
 Prev Bits: [0x0000021c54d70000, 0x0000021c5ccc0000)
 Next Bits: [0x0000021c4ce20000, 0x0000021c54d70000)

Polling page: 0x0000021c3cf60000

Metaspace:

Usage:
  Non-class:     25.90 MB used.
      Class:      4.10 MB used.
       Both:     30.00 MB used.

Virtual space:
  Non-class space:       64.00 MB reserved,      26.12 MB ( 41%) committed,  1 nodes.
      Class space:        1.00 GB reserved,       4.31 MB ( <1%) committed,  1 nodes.
             Both:        1.06 GB reserved,      30.44 MB (  3%) committed. 

Chunk freelists:
   Non-Class:  5.45 MB
       Class:  11.70 MB
        Both:  17.16 MB

MaxMetaspaceSize: unlimited
CompressedClassSpaceSize: 1.00 GB
Initial GC threshold: 21.00 MB
Current GC threshold: 35.44 MB
CDS: on
MetaspaceReclaimPolicy: balanced
 - commit_granule_bytes: 65536.
 - commit_granule_words: 8192.
 - virtual_space_node_default_size: 8388608.
 - enlarge_chunks_in_place: 1.
 - new_chunks_are_fully_committed: 0.
 - uncommit_free_chunks: 1.
 - use_allocation_guard: 0.
 - handle_deallocations: 1.


Internal statistics:

num_allocs_failed_limit: 3.
num_arena_births: 656.
num_arena_deaths: 0.
num_vsnodes_births: 2.
num_vsnodes_deaths: 0.
num_space_committed: 487.
num_space_uncommitted: 0.
num_chunks_returned_to_freelist: 3.
num_chunks_taken_from_freelist: 1768.
num_chunk_merges: 3.
num_chunk_splits: 1197.
num_chunks_enlarged: 843.
num_inconsistent_stats: 0.

CodeCache: size=49152Kb used=8008Kb max_used=8566Kb free=41143Kb
 bounds [0x0000021c46b20000, 0x0000021c47380000, 0x0000021c49b20000]
 total_blobs=4269 nmethods=3712 adapters=482
 compilation: enabled
              stopped_count=0, restarted_count=0
 full_count=0

Compilation events (20 events):
Event: 3.247 Thread 0x0000021c5ce9cfd0 3703       1       java.util.regex.Pattern$Node::<init> (12 bytes)
Event: 3.247 Thread 0x0000021c5fab4420 3704       1       java.util.regex.Pattern::next (33 bytes)
Event: 3.247 Thread 0x0000021c5ce9cfd0 nmethod 3703 0x0000021c47378c90 code [0x0000021c47378e20, 0x0000021c47378f58]
Event: 3.247 Thread 0x0000021c5fab4420 nmethod 3704 0x0000021c47379010 code [0x0000021c473791a0, 0x0000021c473792e8]
Event: 3.257 Thread 0x0000021c5fab4420 3705       1       jdk.internal.loader.NativeLibraries$NativeLibraryImpl::find (6 bytes)
Event: 3.257 Thread 0x0000021c5fab4420 nmethod 3705 0x0000021c4737a610 code [0x0000021c4737a7a0, 0x0000021c4737a888]
Event: 3.258 Thread 0x0000021c5fab4420 3706       1       java.util.Properties$LineReader::readLine (584 bytes)
Event: 3.259 Thread 0x0000021c5fab4420 nmethod 3706 0x0000021c4737a910 code [0x0000021c4737ab80, 0x0000021c4737bd58]
Event: 3.259 Thread 0x0000021c5fab4420 3707       1       jdk.internal.loader.ClassLoaders::bootLoader (4 bytes)
Event: 3.259 Thread 0x0000021c5fab4420 nmethod 3707 0x0000021c4737c610 code [0x0000021c4737c7a0, 0x0000021c4737c858]
Event: 3.262 Thread 0x0000021c5fab4420 3708       1       java.lang.ClassLoader::getResource (41 bytes)
Event: 3.262 Thread 0x0000021c5fab4420 nmethod 3708 0x0000021c4737c910 code [0x0000021c4737cae0, 0x0000021c4737ccf8]
Event: 3.262 Thread 0x0000021c5ce9cfd0 3709       1       org.apache.tomcat.util.http.MimeHeaderField::getValue (5 bytes)
Event: 3.262 Thread 0x0000021c5ce9cfd0 nmethod 3709 0x0000021c4737ce10 code [0x0000021c4737cfa0, 0x0000021c4737d078]
Event: 3.264 Thread 0x0000021c5ce9cfd0 3710   !   1       java.io.StringReader::mark (44 bytes)
Event: 3.264 Thread 0x0000021c5ce9cfd0 nmethod 3710 0x0000021c4737d110 code [0x0000021c4737d2c0, 0x0000021c4737d5d8]
Event: 4.160 Thread 0x0000021c5ce9cfd0 3711       1       java.nio.HeapByteBuffer::put (16 bytes)
Event: 4.160 Thread 0x0000021c5faafef0 3712       1       java.nio.Buffer::nextPutIndex (30 bytes)
Event: 4.161 Thread 0x0000021c5faafef0 nmethod 3712 0x0000021c46de5210 code [0x0000021c46de53a0, 0x0000021c46de5528]
Event: 4.161 Thread 0x0000021c5ce9cfd0 nmethod 3711 0x0000021c46de4d90 code [0x0000021c46de4f40, 0x0000021c46de5108]

GC Heap History (10 events):
Event: 0.390 GC heap before
{Heap before GC invocations=0 (full 0):
 garbage-first heap   total 524288K, used 20480K [0x0000000602c00000, 0x0000000800000000)
  region size 4096K, 6 young (24576K), 0 survivors (0K)
 Metaspace       used 8045K, committed 8256K, reserved 1114112K
  class space    used 1036K, committed 1152K, reserved 1048576K
}
Event: 0.392 GC heap after
{Heap after GC invocations=1 (full 0):
 garbage-first heap   total 524288K, used 5100K [0x0000000602c00000, 0x0000000800000000)
  region size 4096K, 1 young (4096K), 1 survivors (4096K)
 Metaspace       used 8045K, committed 8256K, reserved 1114112K
  class space    used 1036K, committed 1152K, reserved 1048576K
}
Event: 0.533 GC heap before
{Heap before GC invocations=1 (full 0):
 garbage-first heap   total 524288K, used 21484K [0x0000000602c00000, 0x0000000800000000)
  region size 4096K, 6 young (24576K), 1 survivors (4096K)
 Metaspace       used 12099K, committed 12352K, reserved 1114112K
  class space    used 1606K, committed 1728K, reserved 1048576K
}
Event: 0.535 GC heap after
{Heap after GC invocations=2 (full 0):
 garbage-first heap   total 524288K, used 6597K [0x0000000602c00000, 0x0000000800000000)
  region size 4096K, 1 young (4096K), 1 survivors (4096K)
 Metaspace       used 12099K, committed 12352K, reserved 1114112K
  class space    used 1606K, committed 1728K, reserved 1048576K
}
Event: 0.895 GC heap before
{Heap before GC invocations=2 (full 0):
 garbage-first heap   total 524288K, used 59845K [0x0000000602c00000, 0x0000000800000000)
  region size 4096K, 15 young (61440K), 1 survivors (4096K)
 Metaspace       used 21222K, committed 21504K, reserved 1114112K
  class space    used 2885K, committed 3008K, reserved 1048576K
}
Event: 0.897 GC heap after
{Heap after GC invocations=3 (full 0):
 garbage-first heap   total 524288K, used 10951K [0x0000000602c00000, 0x0000000800000000)
  region size 4096K, 2 young (8192K), 2 survivors (8192K)
 Metaspace       used 21222K, committed 21504K, reserved 1114112K
  class space    used 2885K, committed 3008K, reserved 1048576K
}
Event: 1.197 GC heap before
{Heap before GC invocations=4 (full 0):
 garbage-first heap   total 69632K, used 47815K [0x0000000602c00000, 0x0000000800000000)
  region size 4096K, 12 young (49152K), 2 survivors (8192K)
 Metaspace       used 26854K, committed 27328K, reserved 1114112K
  class space    used 3689K, committed 3904K, reserved 1048576K
}
Event: 1.201 GC heap after
{Heap after GC invocations=5 (full 0):
 garbage-first heap   total 69632K, used 14495K [0x0000000602c00000, 0x0000000800000000)
  region size 4096K, 3 young (12288K), 3 survivors (12288K)
 Metaspace       used 26854K, committed 27328K, reserved 1114112K
  class space    used 3689K, committed 3904K, reserved 1048576K
}
Event: 1.238 GC heap before
{Heap before GC invocations=5 (full 0):
 garbage-first heap   total 69632K, used 18591K [0x0000000602c00000, 0x0000000800000000)
  region size 4096K, 4 young (16384K), 3 survivors (12288K)
 Metaspace       used 27659K, committed 28160K, reserved 1114112K
  class space    used 3795K, committed 4032K, reserved 1048576K
}
Event: 1.241 GC heap after
{Heap after GC invocations=6 (full 0):
 garbage-first heap   total 69632K, used 15413K [0x0000000602c00000, 0x0000000800000000)
  region size 4096K, 1 young (4096K), 1 survivors (4096K)
 Metaspace       used 27659K, committed 28160K, reserved 1114112K
  class space    used 3795K, committed 4032K, reserved 1048576K
}

Dll operation events (14 events):
Event: 0.009 Loaded shared library C:\Users\ok10p\.jdks\corretto-17.0.13\bin\java.dll
Event: 0.022 Loaded shared library C:\Users\ok10p\.jdks\corretto-17.0.13\bin\jsvml.dll
Event: 0.064 Loaded shared library C:\Users\ok10p\.jdks\corretto-17.0.13\bin\zip.dll
Event: 0.067 Loaded shared library C:\Users\ok10p\.jdks\corretto-17.0.13\bin\instrument.dll
Event: 0.070 Loaded shared library C:\Users\ok10p\.jdks\corretto-17.0.13\bin\net.dll
Event: 0.071 Loaded shared library C:\Users\ok10p\.jdks\corretto-17.0.13\bin\nio.dll
Event: 0.074 Loaded shared library C:\Users\ok10p\.jdks\corretto-17.0.13\bin\zip.dll
Event: 0.100 Loaded shared library C:\Program Files\JetBrains\IntelliJ IDEA 2023.3.6\bin\breakgen64.dll
Event: 0.103 Loaded shared library C:\Users\ok10p\.jdks\corretto-17.0.13\bin\jimage.dll
Event: 0.108 Loaded shared library C:\Users\ok10p\.jdks\corretto-17.0.13\bin\extnet.dll
Event: 0.115 Loaded shared library C:\Users\ok10p\.jdks\corretto-17.0.13\bin\management.dll
Event: 0.119 Loaded shared library C:\Users\ok10p\.jdks\corretto-17.0.13\bin\management_ext.dll
Event: 0.647 Loaded shared library C:\Users\ok10p\.jdks\corretto-17.0.13\bin\sunmscapi.dll
Event: 3.208 Loaded shared library D:\Dev\Capstone_Design_II\JNI.dll

Deoptimization events (4 events):
Event: 1.097 Thread 0x0000021c3efe9390 DEOPT PACKING pc=0x0000021c470da809 sp=0x000000b69cbfecd0
Event: 1.097 Thread 0x0000021c3efe9390 DEOPT UNPACKING pc=0x0000021c46b77143 sp=0x000000b69cbfe160 mode 3
Event: 1.097 Thread 0x0000021ca6160aa0 DEOPT PACKING pc=0x0000021c4707c41f sp=0x000000b69f0fee90
Event: 1.097 Thread 0x0000021ca6160aa0 DEOPT UNPACKING pc=0x0000021c46b77143 sp=0x000000b69f0fe2e8 mode 3

Classes loaded (20 events):
Event: 3.254 Loading class java/util/Base64$Encoder
Event: 3.254 Loading class java/util/Base64$Encoder done
Event: 3.256 Loading class java/util/zip/DataFormatException
Event: 3.256 Loading class java/util/zip/DataFormatException done
Event: 3.256 Loading class java/util/zip/Deflater
Event: 3.256 Loading class java/util/zip/Deflater done
Event: 3.257 Loading class java/util/zip/Deflater$DeflaterZStreamRef
Event: 3.257 Loading class java/util/zip/Deflater$DeflaterZStreamRef done
Event: 3.258 Loading class sun/security/provider/MD5
Event: 3.258 Loading class sun/security/provider/MD5 done
Event: 3.269 Loading class java/util/concurrent/atomic/AtomicReferenceFieldUpdater
Event: 3.269 Loading class java/util/concurrent/atomic/AtomicReferenceFieldUpdater done
Event: 3.269 Loading class java/util/concurrent/atomic/AtomicReferenceFieldUpdater$AtomicReferenceFieldUpdaterImpl
Event: 3.269 Loading class java/util/concurrent/atomic/AtomicReferenceFieldUpdater$AtomicReferenceFieldUpdaterImpl done
Event: 3.269 Loading class java/util/concurrent/atomic/AtomicReferenceFieldUpdater$AtomicReferenceFieldUpdaterImpl$1
Event: 3.269 Loading class java/util/concurrent/atomic/AtomicReferenceFieldUpdater$AtomicReferenceFieldUpdaterImpl$1 done
Event: 4.168 Loading class java/util/OptionalLong
Event: 4.168 Loading class java/util/OptionalLong done
Event: 4.168 Loading class java/util/OptionalDouble
Event: 4.168 Loading class java/util/OptionalDouble done

Classes unloaded (0 events):
No events

Classes redefined (0 events):
No events

Internal exceptions (20 events):
Event: 0.953 Thread 0x0000021c3efe9390 Exception <a 'java/lang/NoSuchMethodError'{0x00000006063bf598}: 'java.lang.Object java.lang.invoke.DirectMethodHandle$Holder.invokeSpecial(java.lang.Object, java.lang.Object, java.lang.Object, java.lang.Object, int)'> (0x00000006063bf598) 
thrown [s\src\hotspot\share\interpreter\linkResolver.cpp, line 759]
Event: 0.953 Thread 0x0000021c3efe9390 Exception <a 'java/lang/NoSuchMethodError'{0x00000006063c3160}: 'java.lang.Object java.lang.invoke.Invokers$Holder.linkToTargetMethod(java.lang.Object, java.lang.Object, int, java.lang.Object)'> (0x00000006063c3160) 
thrown [s\src\hotspot\share\interpreter\linkResolver.cpp, line 759]
Event: 1.037 Thread 0x0000021c3efe9390 Exception <a 'java/lang/NoSuchMethodError'{0x0000000605721fb0}: 'java.lang.Object java.lang.invoke.DirectMethodHandle$Holder.invokeSpecial(java.lang.Object, java.lang.Object, long, java.lang.Object, java.lang.Object, java.lang.Object, java.lang.Object, java.lang.Object, java.lang.Object)'> (0x0000000605721fb0) 
thrown [s\src\hotspot\share\interpreter\linkResolver.cpp, line 759]
Event: 1.037 Thread 0x0000021c3efe9390 Exception <a 'java/lang/NoSuchMethodError'{0x0000000605726ad8}: 'java.lang.Object java.lang.invoke.DelegatingMethodHandle$Holder.reinvoke_L(java.lang.Object, long, java.lang.Object, java.lang.Object, java.lang.Object, java.lang.Object, java.lang.Object, java.lang.Object)'> (0x0000000605726ad8) 
thrown [s\src\hotspot\share\interpreter\linkResolver.cpp, line 759]
Event: 1.043 Thread 0x0000021ca60c2de0 Exception <a 'java/lang/NoSuchMethodError'{0x00000006051e1bf0}: static [B.<clinit>()V> (0x00000006051e1bf0) 
thrown [s\src\hotspot\share\prims\jni.cpp, line 1112]
Event: 1.046 Thread 0x0000021ca60c2de0 Exception <a 'java/lang/ClassNotFoundException'{0x00000006051fbde0}: javax/management/remote/rmi/RMIConnectionImpl_Skel> (0x00000006051fbde0) 
thrown [s\src\hotspot\share\classfile\systemDictionary.cpp, line 256]
Event: 1.049 Thread 0x0000021ca60c2de0 Exception <a 'java/lang/reflect/InvocationTargetException'{0x000000060535d020}> (0x000000060535d020) 
thrown [s\src\hotspot\share\runtime\reflection.cpp, line 1128]
Event: 1.051 Thread 0x0000021ca60c2de0 Exception <a 'java/lang/NoSuchMethodError'{0x0000000605386af8}: static [Ljava/lang/StackTraceElement;.<clinit>()V> (0x0000000605386af8) 
thrown [s\src\hotspot\share\prims\jni.cpp, line 1112]
Event: 1.057 Thread 0x0000021c3efe9390 Exception <a 'java/io/FileNotFoundException'{0x0000000604c65da8}> (0x0000000604c65da8) 
thrown [s\src\hotspot\share\prims\jni.cpp, line 516]
Event: 1.057 Thread 0x0000021c3efe9390 Exception <a 'java/io/FileNotFoundException'{0x0000000604c67198}> (0x0000000604c67198) 
thrown [s\src\hotspot\share\prims\jni.cpp, line 516]
Event: 1.070 Thread 0x0000021c3efe9390 Exception <a 'java/lang/NoSuchMethodError'{0x0000000604d95990}: 'int java.lang.invoke.DirectMethodHandle$Holder.invokeInterface(java.lang.Object, java.lang.Object, java.lang.Object, java.lang.Object)'> (0x0000000604d95990) 
thrown [s\src\hotspot\share\interpreter\linkResolver.cpp, line 759]
Event: 1.090 Thread 0x0000021c3efe9390 Exception <a 'java/lang/NoSuchMethodError'{0x0000000604f713c8}: 'long java.lang.invoke.DirectMethodHandle$Holder.invokeVirtual(java.lang.Object, java.lang.Object)'> (0x0000000604f713c8) 
thrown [s\src\hotspot\share\interpreter\linkResolver.cpp, line 759]
Event: 1.107 Thread 0x0000021c3efe9390 Exception <a 'sun/nio/fs/WindowsException'{0x00000006049343f8}> (0x00000006049343f8) 
thrown [s\src\hotspot\share\prims\jni.cpp, line 516]
Event: 1.192 Thread 0x0000021c3efe9390 Exception <a 'java/lang/IncompatibleClassChangeError'{0x0000000604369a80}: Found class java.lang.Object, but interface was expected> (0x0000000604369a80) 
thrown [s\src\hotspot\share\interpreter\linkResolver.cpp, line 826]
Event: 1.207 Thread 0x0000021c3efe9390 Exception <a 'java/lang/NoSuchMethodError'{0x00000006228911c8}: 'void java.lang.invoke.DirectMethodHandle$Holder.invokeVirtual(java.lang.Object, java.lang.Object, long)'> (0x00000006228911c8) 
thrown [s\src\hotspot\share\interpreter\linkResolver.cpp, line 759]
Event: 1.232 Thread 0x0000021c3efe9390 Exception <a 'java/lang/NoSuchMethodError'{0x0000000622b86c30}: 'int java.lang.invoke.DirectMethodHandle$Holder.invokeStaticInit(java.lang.Object, java.lang.Object, java.lang.Object, java.lang.Object)'> (0x0000000622b86c30) 
thrown [s\src\hotspot\share\interpreter\linkResolver.cpp, line 759]
Event: 1.265 Thread 0x0000021c3efe9390 Exception <a 'java/lang/NoSuchMethodError'{0x0000000622a432d8}: 'java.lang.Object java.lang.invoke.DirectMethodHandle$Holder.newInvokeSpecial(java.lang.Object, java.lang.Object, int, java.lang.Object, java.lang.Object)'> (0x0000000622a432d8) 
thrown [s\src\hotspot\share\interpreter\linkResolver.cpp, line 759]
Event: 3.162 Thread 0x0000021ca61614c0 Exception <a 'java/lang/NoSuchMethodError'{0x000000061eb657c0}: 'java.lang.Object java.lang.invoke.DirectMethodHandle$Holder.invokeSpecial(java.lang.Object, java.lang.Object, java.lang.Object, java.lang.Object, java.lang.Object, long)'> (0x000000061eb657c0) 
thrown [s\src\hotspot\share\interpreter\linkResolver.cpp, line 759]
Event: 3.163 Thread 0x0000021ca61614c0 Exception <a 'java/lang/NoSuchMethodError'{0x000000061eb69200}: 'java.lang.Object java.lang.invoke.Invokers$Holder.linkToTargetMethod(java.lang.Object, java.lang.Object, java.lang.Object, long, java.lang.Object)'> (0x000000061eb69200) 
thrown [s\src\hotspot\share\interpreter\linkResolver.cpp, line 759]
Event: 3.222 Thread 0x0000021ca6161ee0 Exception <a 'java/lang/NoSuchMethodError'{0x0000000622ab6b00}: 'java.lang.Object java.lang.invoke.DirectMethodHandle$Holder.invokeStatic(java.lang.Object, int, int)'> (0x0000000622ab6b00) 
thrown [s\src\hotspot\share\interpreter\linkResolver.cpp, line 759]

VM Operations (20 events):
Event: 1.197 Executing VM operation: G1CollectForAllocation
Event: 1.201 Executing VM operation: G1CollectForAllocation done
Event: 1.215 Executing VM operation: HandshakeAllThreads
Event: 1.215 Executing VM operation: HandshakeAllThreads done
Event: 1.238 Executing VM operation: G1CollectForAllocation
Event: 1.241 Executing VM operation: G1CollectForAllocation done
Event: 2.242 Executing VM operation: Cleanup
Event: 2.243 Executing VM operation: Cleanup done
Event: 3.170 Executing VM operation: HandshakeAllThreads
Event: 3.170 Executing VM operation: HandshakeAllThreads done
Event: 3.213 Executing VM operation: HandshakeAllThreads
Event: 3.213 Executing VM operation: HandshakeAllThreads done
Event: 3.217 Executing VM operation: HandshakeAllThreads
Event: 3.217 Executing VM operation: HandshakeAllThreads done
Event: 3.250 Executing VM operation: HandshakeAllThreads
Event: 3.251 Executing VM operation: HandshakeAllThreads done
Event: 3.251 Executing VM operation: Cleanup
Event: 3.251 Executing VM operation: Cleanup done
Event: 4.172 Executing VM operation: HandshakeAllThreads
Event: 4.172 Executing VM operation: HandshakeAllThreads done

Memory protections (0 events):
No events

Nmethod flushes (0 events):
No events

Events (20 events):
Event: 1.270 Thread 0x0000021c3efe9390 Thread added: 0x0000021ca61623f0
Event: 1.270 Thread 0x0000021c3efe9390 Thread added: 0x0000021ca6162900
Event: 1.270 Thread 0x0000021c3efe9390 Thread added: 0x0000021ca6163830
Event: 1.270 Thread 0x0000021c3efe9390 Thread added: 0x0000021ca6160080
Event: 1.270 Thread 0x0000021c3efe9390 Thread added: 0x0000021ca6162e10
Event: 1.270 Thread 0x0000021c3efe9390 Thread added: 0x0000021ca6160590
Event: 1.270 Thread 0x0000021c3efe9390 Thread added: 0x0000021ca629cca0
Event: 1.278 Thread 0x0000021c3efe9390 Thread added: 0x0000021ca629d1b0
Event: 1.279 Thread 0x0000021c3efe9390 Thread added: 0x0000021ca629d6c0
Event: 1.286 Thread 0x0000021c3efe9390 Thread exited: 0x0000021c3efe9390
Event: 1.286 Thread 0x0000021ca629dbd0 Thread added: 0x0000021ca629dbd0
Event: 1.553 Thread 0x0000021ca60c2de0 Thread added: 0x0000021ca629e0e0
Event: 1.559 Thread 0x0000021ca629e0e0 Thread exited: 0x0000021ca629e0e0
Event: 1.559 Thread 0x0000021ca60c2de0 Thread added: 0x0000021ca629ae40
Event: 1.563 Thread 0x0000021ca629ae40 Thread exited: 0x0000021ca629ae40
Event: 1.564 Thread 0x0000021ca60c2de0 Thread added: 0x0000021ca629c790
Event: 1.569 Thread 0x0000021ca629c790 Thread exited: 0x0000021ca629c790
Event: 3.272 Thread 0x0000021ca6160fb0 Thread added: 0x0000021ca629e0e0
Event: 4.160 Thread 0x0000021c5fab5950 Thread exited: 0x0000021c5fab5950
Event: 4.370 Thread 0x0000021ca629e5f0 Thread added: 0x0000021ca629e5f0


Dynamic libraries:
0x00007ff6a0c90000 - 0x00007ff6a0c9e000 	C:\Users\ok10p\.jdks\corretto-17.0.13\bin\java.exe
0x00007ffa3b2d0000 - 0x00007ffa3b4c8000 	C:\Windows\SYSTEM32\ntdll.dll
0x00007ffa3ad90000 - 0x00007ffa3ae52000 	C:\Windows\System32\KERNEL32.DLL
0x00007ffa38e90000 - 0x00007ffa3918e000 	C:\Windows\System32\KERNELBASE.dll
0x00007ffa38970000 - 0x00007ffa38a70000 	C:\Windows\System32\ucrtbase.dll
0x00007ff970cf0000 - 0x00007ff970d07000 	C:\Users\ok10p\.jdks\corretto-17.0.13\bin\jli.dll
0x00007ff96d450000 - 0x00007ff96d46b000 	C:\Users\ok10p\.jdks\corretto-17.0.13\bin\VCRUNTIME140.dll
0x00007ffa3a150000 - 0x00007ffa3a2ed000 	C:\Windows\System32\USER32.dll
0x00007ffa38e10000 - 0x00007ffa38e32000 	C:\Windows\System32\win32u.dll
0x00007ffa3a360000 - 0x00007ffa3a38b000 	C:\Windows\System32\GDI32.dll
0x00007ffa38cf0000 - 0x00007ffa38e07000 	C:\Windows\System32\gdi32full.dll
0x00007ffa2ee90000 - 0x00007ffa2f12a000 	C:\Windows\WinSxS\amd64_microsoft.windows.common-controls_6595b64144ccf1df_6.0.19041.4355_none_60b8b9eb71f62e16\COMCTL32.dll
0x00007ffa38c50000 - 0x00007ffa38ced000 	C:\Windows\System32\msvcp_win.dll
0x00007ffa3ac90000 - 0x00007ffa3ad2e000 	C:\Windows\System32\msvcrt.dll
0x00007ffa3a000000 - 0x00007ffa3a02f000 	C:\Windows\System32\IMM32.DLL
0x00007ffa0be40000 - 0x00007ffa0be4c000 	C:\Users\ok10p\.jdks\corretto-17.0.13\bin\vcruntime140_1.dll
0x00007ff96d270000 - 0x00007ff96d2fd000 	C:\Users\ok10p\.jdks\corretto-17.0.13\bin\msvcp140.dll
0x00007ff96a990000 - 0x00007ff96b5fc000 	C:\Users\ok10p\.jdks\corretto-17.0.13\bin\server\jvm.dll
0x00007ffa3a470000 - 0x00007ffa3a521000 	C:\Windows\System32\ADVAPI32.dll
0x00007ffa3a030000 - 0x00007ffa3a0cf000 	C:\Windows\System32\sechost.dll
0x00007ffa39ed0000 - 0x00007ffa39ff3000 	C:\Windows\System32\RPCRT4.dll
0x00007ffa38a70000 - 0x00007ffa38a97000 	C:\Windows\System32\bcrypt.dll
0x00007ffa3a2f0000 - 0x00007ffa3a35b000 	C:\Windows\System32\WS2_32.dll
0x00007ffa31a50000 - 0x00007ffa31a5a000 	C:\Windows\SYSTEM32\VERSION.dll
0x00007ffa381e0000 - 0x00007ffa3822b000 	C:\Windows\SYSTEM32\POWRPROF.dll
0x00007ffa2cb50000 - 0x00007ffa2cb77000 	C:\Windows\SYSTEM32\WINMM.dll
0x00007ffa380a0000 - 0x00007ffa380b2000 	C:\Windows\SYSTEM32\UMPDC.dll
0x00007ffa367d0000 - 0x00007ffa367e2000 	C:\Windows\SYSTEM32\kernel.appcore.dll
0x00007ffa0bb80000 - 0x00007ffa0bb8a000 	C:\Users\ok10p\.jdks\corretto-17.0.13\bin\jimage.dll
0x00007ffa2c210000 - 0x00007ffa2c3f4000 	C:\Windows\SYSTEM32\DBGHELP.DLL
0x00007ffa27760000 - 0x00007ffa27794000 	C:\Windows\SYSTEM32\dbgcore.DLL
0x00007ffa38b10000 - 0x00007ffa38b92000 	C:\Windows\System32\bcryptPrimitives.dll
0x00007ffa20ba0000 - 0x00007ffa20bae000 	C:\Users\ok10p\.jdks\corretto-17.0.13\bin\instrument.dll
0x00007ff970d40000 - 0x00007ff970d65000 	C:\Users\ok10p\.jdks\corretto-17.0.13\bin\java.dll
0x00007ff96d480000 - 0x00007ff96d557000 	C:\Users\ok10p\.jdks\corretto-17.0.13\bin\jsvml.dll
0x00007ffa39350000 - 0x00007ffa39abd000 	C:\Windows\System32\SHELL32.dll
0x00007ffa369d0000 - 0x00007ffa37174000 	C:\Windows\SYSTEM32\windows.storage.dll
0x00007ffa3ae60000 - 0x00007ffa3b1b3000 	C:\Windows\System32\combase.dll
0x00007ffa382c0000 - 0x00007ffa382ee000 	C:\Windows\SYSTEM32\Wldp.dll
0x00007ffa3b1c0000 - 0x00007ffa3b28d000 	C:\Windows\System32\OLEAUT32.dll
0x00007ffa39cf0000 - 0x00007ffa39d9d000 	C:\Windows\System32\SHCORE.dll
0x00007ffa3ad30000 - 0x00007ffa3ad85000 	C:\Windows\System32\shlwapi.dll
0x00007ffa388a0000 - 0x00007ffa388c4000 	C:\Windows\SYSTEM32\profapi.dll
0x00007ff96d200000 - 0x00007ff96d218000 	C:\Users\ok10p\.jdks\corretto-17.0.13\bin\zip.dll
0x00007ff97a7c0000 - 0x00007ff97a7d9000 	C:\Users\ok10p\.jdks\corretto-17.0.13\bin\net.dll
0x00007ffa33900000 - 0x00007ffa33a0d000 	C:\Windows\SYSTEM32\WINHTTP.dll
0x00007ffa38030000 - 0x00007ffa3809a000 	C:\Windows\system32\mswsock.dll
0x00007ff96d250000 - 0x00007ff96d266000 	C:\Users\ok10p\.jdks\corretto-17.0.13\bin\nio.dll
0x00007ffa0c010000 - 0x00007ffa0c02a000 	C:\Program Files\JetBrains\IntelliJ IDEA 2023.3.6\bin\breakgen64.dll
0x00007ffa37d70000 - 0x00007ffa37e3a000 	C:\Windows\SYSTEM32\DNSAPI.dll
0x00007ffa37d30000 - 0x00007ffa37d6b000 	C:\Windows\SYSTEM32\IPHLPAPI.DLL
0x00007ffa39cd0000 - 0x00007ffa39cd8000 	C:\Windows\System32\NSI.dll
0x00007ffa0b870000 - 0x00007ffa0b879000 	C:\Users\ok10p\.jdks\corretto-17.0.13\bin\extnet.dll
0x00007ffa2f750000 - 0x00007ffa2f75a000 	C:\Windows\System32\rasadhlp.dll
0x00007ffa319d0000 - 0x00007ffa31a50000 	C:\Windows\System32\fwpuclnt.dll
0x00007ffa20b90000 - 0x00007ffa20b99000 	C:\Users\ok10p\.jdks\corretto-17.0.13\bin\management.dll
0x00007ffa1d370000 - 0x00007ffa1d37b000 	C:\Users\ok10p\.jdks\corretto-17.0.13\bin\management_ext.dll
0x00007ffa3a530000 - 0x00007ffa3a538000 	C:\Windows\System32\PSAPI.DLL
0x00007ffa38610000 - 0x00007ffa38628000 	C:\Windows\SYSTEM32\CRYPTSP.dll
0x00007ffa37910000 - 0x00007ffa37944000 	C:\Windows\system32\rsaenh.dll
0x00007ffa38860000 - 0x00007ffa3888e000 	C:\Windows\SYSTEM32\USERENV.dll
0x00007ffa38230000 - 0x00007ffa3823c000 	C:\Windows\SYSTEM32\CRYPTBASE.dll
0x00007ffa33a10000 - 0x00007ffa33a27000 	C:\Windows\SYSTEM32\dhcpcsvc6.DLL
0x00007ffa33780000 - 0x00007ffa3379d000 	C:\Windows\SYSTEM32\dhcpcsvc.DLL
0x00007ffa0ca00000 - 0x00007ffa0ca17000 	C:\Windows\system32\napinsp.dll
0x00007ffa17880000 - 0x00007ffa1789b000 	C:\Windows\system32\pnrpnsp.dll
0x00007ffa1dfd0000 - 0x00007ffa1dfe5000 	C:\Windows\system32\wshbth.dll
0x00007ffa34d00000 - 0x00007ffa34d1d000 	C:\Windows\system32\NLAapi.dll
0x00007ffa178d0000 - 0x00007ffa178e2000 	C:\Windows\System32\winrnr.dll
0x00007ffa350c0000 - 0x00007ffa350ce000 	C:\Users\ok10p\.jdks\corretto-17.0.13\bin\sunmscapi.dll
0x00007ffa39190000 - 0x00007ffa392ec000 	C:\Windows\System32\CRYPT32.dll
0x00007ffa38330000 - 0x00007ffa38357000 	C:\Windows\SYSTEM32\ncrypt.dll
0x00007ffa382f0000 - 0x00007ffa3832b000 	C:\Windows\SYSTEM32\NTASN1.dll
0x00007ffa1dd20000 - 0x00007ffa1dd27000 	C:\Windows\system32\wshunix.dll
0x00007ffa00560000 - 0x00007ffa0058f000 	D:\Dev\Capstone_Design_II\JNI.dll
0x00007ff95b830000 - 0x00007ff95b88a000 	D:\Dev\Capstone_Design_II\wfreerdp-client3.dll
0x00007ff943550000 - 0x00007ff943903000 	D:\Dev\Capstone_Design_II\freerdp3.dll
0x00007ff94de60000 - 0x00007ff94df6a000 	D:\Dev\Capstone_Design_II\winpr3.dll
0x00007ff945920000 - 0x00007ff945a3c000 	D:\Dev\Capstone_Design_II\freerdp-client3.dll
0x00007ffa3aa40000 - 0x00007ffa3ab6b000 	C:\Windows\System32\ole32.dll
0x00007ffa2f760000 - 0x00007ffa2f767000 	C:\Windows\SYSTEM32\MSIMG32.dll
0x00007ff9ed820000 - 0x00007ff9ed84b000 	C:\Windows\SYSTEM32\VCRUNTIME140D.dll
0x00007ffa1a6e0000 - 0x00007ffa1a6f9000 	C:\Windows\SYSTEM32\credui.dll
0x00007ff945030000 - 0x00007ff9451f7000 	C:\Windows\SYSTEM32\ucrtbased.dll
0x00007ffa2f350000 - 0x00007ffa2f3f4000 	C:\Windows\SYSTEM32\WINSPOOL.DRV
0x00007ff9ddd70000 - 0x00007ff9dddb0000 	C:\Windows\SYSTEM32\libcjson.dll
0x00007ff94de00000 - 0x00007ff94de54000 	C:\Windows\SYSTEM32\libzlib.dll
0x00007ff945670000 - 0x00007ff945769000 	C:\msys64\mingw64\bin\libssl-3-x64.dll
0x00007ff943050000 - 0x00007ff943543000 	C:\msys64\mingw64\bin\libcrypto-3-x64.dll
0x00007ff9c06f0000 - 0x00007ff9c0714000 	C:\msys64\mingw64\bin\ZLIB1.dll
0x00007ff971ce0000 - 0x00007ff971d07000 	C:\msys64\mingw64\lib\ossl-modules\legacy.dll
0x00007ffa1ce70000 - 0x00007ffa1ce7c000 	C:\Windows\SYSTEM32\secur32.dll
0x00007ffa38820000 - 0x00007ffa38852000 	C:\Windows\SYSTEM32\SSPICLI.DLL
0x00007ffa37fa0000 - 0x00007ffa3802b000 	C:\Windows\system32\msv1_0.DLL
0x00007ffa386a0000 - 0x00007ffa386b4000 	C:\Windows\SYSTEM32\NtlmShared.dll
0x00007ffa38680000 - 0x00007ffa38695000 	C:\Windows\SYSTEM32\cryptdll.dll

dbghelp: loaded successfully - version: 4.0.5 - missing functions: none
symbol engine: initialized successfully - sym options: 0x614 - pdb path: .;C:\Users\ok10p\.jdks\corretto-17.0.13\bin;C:\Windows\SYSTEM32;C:\Windows\WinSxS\amd64_microsoft.windows.common-controls_6595b64144ccf1df_6.0.19041.4355_none_60b8b9eb71f62e16;C:\Users\ok10p\.jdks\corretto-17.0.13\bin\server;C:\Program Files\JetBrains\IntelliJ IDEA 2023.3.6\bin;D:\Dev\Capstone_Design_II;C:\msys64\mingw64\bin;C:\msys64\mingw64\lib\ossl-modules

VM Arguments:
jvm_args: -XX:TieredStopAtLevel=1 -Dspring.output.ansi.enabled=always -Dcom.sun.management.jmxremote -Dspring.jmx.enabled=true -Dspring.liveBeansView.mbeanDomain -Dspring.application.admin.enabled=true -Dmanagement.endpoints.jmx.exposure.include=* -javaagent:C:\Program Files\JetBrains\IntelliJ IDEA 2023.3.6\lib\idea_rt.jar=63733:C:\Program Files\JetBrains\IntelliJ IDEA 2023.3.6\bin -Dfile.encoding=UTF-8 
java_command: com.freerdp.FreeRDPApplication
java_class_path (initial): D:\Dev\Capstone_Design_II\build\classes\java\main;D:\Dev\Capstone_Design_II\build\resources\main;C:\Users\ok10p\.gradle\caches\modules-2\files-2.1\org.projectlombok\lombok\1.18.34\ec547ef414ab1d2c040118fb9c1c265ada63af14\lombok-1.18.34.jar;C:\Users\ok10p\.gradle\caches\modules-2\files-2.1\org.springframework.boot\spring-boot-starter-websocket\3.3.5\f34b2713e59c3717f654eeaea7a4aa0771738d4f\spring-boot-starter-websocket-3.3.5.jar;C:\Users\ok10p\.gradle\caches\modules-2\files-2.1\org.springframework.boot\spring-boot-starter-web\3.3.5\51cc6cd5fb15f4eecfadea4ac689ed290e65c2cc\spring-boot-starter-web-3.3.5.jar;C:\Users\ok10p\.gradle\caches\modules-2\files-2.1\org.springframework\spring-websocket\6.1.14\bb2335356845bf703234fea83fcfa032b759c99\spring-websocket-6.1.14.jar;C:\Users\ok10p\.gradle\caches\modules-2\files-2.1\org.springframework\spring-messaging\6.1.14\97e6f282fc94bfaec4d0146511727186452a0af\spring-messaging-6.1.14.jar;C:\Users\ok10p\.gradle\caches\modules-2\files-2.1\org.springframework.boot\spring-boot-starter-json\3.3.5\a92dd0bc808c9de278bc62bc37db4e409027657a\spring-boot-starter-json-3.3.5.jar;C:\Users\ok10p\.gradle\caches\modules-2\files-2.1\org.springframework.boot\spring-boot-starter\3.3.5\16b7a9acf1918a8f763e871ada3794e9ffd4a980\spring-boot-starter-3.3.5.jar;C:\Users\ok10p\.gradle\caches\modules-2\files-2.1\org.springframework.boot\spring-boot-starter-tomcat\3.3.5\9fcf404e2efc06612af0c194e6d4f4162c6aac24\spring-boot-starter-tomcat-3.3.5.jar;C:\Users\ok10p\.gradle\caches\modules-2\files-2.1\org.springframework\spring-webmvc\6.1.14\804478303aac6f91ea566efd4fef3dc06380528a\spring-webmvc-6.1.14.jar;C:\Users\ok10p\.gradle\caches\modules-2\files-2.1\org.springframework\spring-web\6.1.14\b45eaad7df4f37ce224acdcb555a6a3dd5c246b2\spring-web-6.1.14.jar;C:\Users\ok10p\.gradle\caches\modules-2\files-2.1\org.springframework\spring-context\6.1.14\b3d96fb4310376a608465c3544b7cfb790293787\spring-context-6.1.14.jar;C:\Users\ok10p\.gradle\cache
Launcher Type: SUN_STANDARD

[Global flags]
     intx CICompilerCount                          = 4                                         {product} {ergonomic}
     uint ConcGCThreads                            = 3                                         {product} {ergonomic}
     uint G1ConcRefinementThreads                  = 10                                        {product} {ergonomic}
   size_t G1HeapRegionSize                         = 4194304                                   {product} {ergonomic}
    uintx GCDrainStackTargetSize                   = 64                                        {product} {ergonomic}
   size_t InitialHeapSize                          = 536870912                                 {product} {ergonomic}
     bool ManagementServer                         = true                                      {product} {command line}
   size_t MarkStackSize                            = 4194304                                   {product} {ergonomic}
   size_t MaxHeapSize                              = 8543797248                                {product} {ergonomic}
   size_t MaxNewSize                               = 5125439488                                {product} {ergonomic}
   size_t MinHeapDeltaBytes                        = 4194304                                   {product} {ergonomic}
   size_t MinHeapSize                              = 8388608                                   {product} {ergonomic}
    uintx NonProfiledCodeHeapSize                  = 0                                      {pd product} {ergonomic}
     bool ProfileInterpreter                       = false                                  {pd product} {command line}
    uintx ProfiledCodeHeapSize                     = 0                                      {pd product} {ergonomic}
   size_t SoftMaxHeapSize                          = 8543797248                             {manageable} {ergonomic}
     intx TieredStopAtLevel                        = 1                                         {product} {command line}
     bool UseCompressedClassPointers               = true                           {product lp64_product} {ergonomic}
     bool UseCompressedOops                        = true                           {product lp64_product} {ergonomic}
     bool UseG1GC                                  = true                                      {product} {ergonomic}
     bool UseLargePagesIndividualAllocation        = false                                  {pd product} {ergonomic}

Logging:
Log output configuration:
 #0: stdout all=warning uptime,level,tags
 #1: stderr all=off uptime,level,tags

Environment Variables:
JAVA_HOME=C:\Program Files\Java\jdk-19
CLASSPATH=C:\Program Files\Java\jdk-19\lib
PATH=C:\Program Files\NVIDIA GPU Computing Toolkit\CUDA\v12.3\bin;C:\Program Files\NVIDIA GPU Computing Toolkit\CUDA\v12.3\libnvvp;C:\Windows\system32;C:\Windows;C:\Windows\System32\Wbem;C:\Windows\System32\WindowsPowerShell\v1.0\;C:\Windows\System32\OpenSSH\;C:\Program Files\Bandizip\;C:\Program Files\MATLAB\R2022a\bin;C:\Program Files\Java\jdk-19\bin;C:\Program Files\PuTTY\;C:\Users\ok10p\AppData\Local\Packages\PythonSoftwareFoundation.Python.3.11_qbz5n2kfra8p0\LocalCache\local-packages\Python311\site-packages;C:\Program Files\Docker\Docker\resources\bin;C:\Program Files\NVIDIA Corporation\Nsight Compute 2023.3.0\;C:\Program Files (x86)\NVIDIA Corporation\PhysX\Common;C:\Program Files\NVIDIA Corporation\NVIDIA NvDLISR;C:\Program Files\Git\cmd;C:\msys64;C:\msys64\usr\bin;C:\msys64\mingw64\bin;C:\Program Files\CMake\bin;D:\Dev\install\ffmpeg-2024-10-24-git-153a6dc8fa-full_build\bin;D:\Dev\install\OpenSSL-Win64\bin;C:\Users\ok10p\anaconda3;C:\Users\ok10p\anaconda3\Library\mingw-w64\bin;C:\Users\ok10p\anaconda3\Library\usr\bin;C:\Users\ok10p\anaconda3\Library\bin;C:\Users\ok10p\anaconda3\Scripts;C:\Users\ok10p\AppData\Local\Microsoft\WindowsApps;C:\Users\ok10p\AppData\Local\GitHubDesktop\bin;C:\Users\ok10p\AppData\Local\Programs\Microsoft VS Code\bin;C:\Program Files\Java\jdk-22\bin;C:\Program Files\JetBrains\IntelliJ IDEA 2023.3.6\bin;;C:\msys64\ucrt64\bin;
USERNAME=ok10p
OS=Windows_NT
PROCESSOR_IDENTIFIER=Intel64 Family 6 Model 151 Stepping 5, GenuineIntel
TMP=C:\Users\ok10p\AppData\Local\Temp
TEMP=C:\Users\ok10p\AppData\Local\Temp



Periodic native trim disabled


---------------  S Y S T E M  ---------------

OS:
 Windows 10 , 64 bit Build 19041 (10.0.19041.5072)
OS uptime: 1 days 20:56 hours
Hyper-V role detected

CPU: total 12 (initial active 12) (6 cores per cpu, 2 threads per core) family 6 model 151 stepping 5 microcode 0xf, cx8, cmov, fxsr, ht, mmx, 3dnowpref, sse, sse2, sse3, ssse3, sse4.1, sse4.2, popcnt, lzcnt, tsc, tscinvbit, avx, avx2, aes, erms, clmul, bmi1, bmi2, adx, sha, fma, vzeroupper, clflush, clflushopt, clwb, hv
Processor Information for all 12 processors :
  Max Mhz: 2500, Current Mhz: 2500, Mhz Limit: 2500

Memory: 4k page, system-wide physical 32578M (16562M free)
TotalPageFile size 34626M (AvailPageFile size 10521M)
current process WorkingSet (physical memory assigned to process): 203M, peak: 203M
current process commit charge ("private bytes"): 263M, peak: 649M

vm_info: OpenJDK 64-Bit Server VM (17.0.13+11-LTS) for windows-amd64 JRE (17.0.13+11-LTS), built on Oct 10 2024 19:51:30 by "Administrator" with MS VC++ 16.10 / 16.11 (VS2019)

END.
