#
# A fatal error has been detected by the Java Runtime Environment:
#
#  EXCEPTION_ACCESS_VIOLATION (0xc0000005) at pc=0x00007ff96a99c9f0, pid=30968, tid=19780
#
# JRE version: OpenJDK Runtime Environment Corretto-17.0.13.11.1 (17.0.13+11) (build 17.0.13+11-LTS)
# Java VM: OpenJDK 64-Bit Server VM Corretto-17.0.13.11.1 (17.0.13+11-LTS, mixed mode, emulated-client, sharing, tiered, compressed oops, compressed class ptrs, g1 gc, windows-amd64)
# Problematic frame:
# V  [jvm.dll+0xc9f0]
#
# No core dump will be written. Minidumps are not enabled by default on client versions of Windows
#
# If you would like to submit a bug report, please visit:
#   https://github.com/corretto/corretto-17/issues/
#

---------------  S U M M A R Y ------------

Command Line: -XX:TieredStopAtLevel=1 -Dspring.output.ansi.enabled=always -Dcom.sun.management.jmxremote -Dspring.jmx.enabled=true -Dspring.liveBeansView.mbeanDomain -Dspring.application.admin.enabled=true -Dmanagement.endpoints.jmx.exposure.include=* -javaagent:C:\Program Files\JetBrains\IntelliJ IDEA 2023.3.6\lib\idea_rt.jar=63846:C:\Program Files\JetBrains\IntelliJ IDEA 2023.3.6\bin -Dfile.encoding=UTF-8 com.freerdp.FreeRDPApplication

Host: 12th Gen Intel(R) Core(TM) i5-12400, 12 cores, 31G,  Windows 10 , 64 bit Build 19041 (10.0.19041.5072)
Time: Tue Nov 19 16:11:22 2024  Windows 10 , 64 bit Build 19041 (10.0.19041.5072) elapsed time: 4.211745 seconds (0d 0h 0m 4s)

---------------  T H R E A D  ---------------

Current thread (0x00000213a384a3c0):  JavaThread "Thread-2" [_thread_in_vm, id=19780, stack(0x0000006d8b500000,0x0000006d8b600000)]

Stack: [0x0000006d8b500000,0x0000006d8b600000],  sp=0x0000006d8b5fe498,  free space=1017k
Native frames: (J=compiled Java code, j=interpreted, Vv=VM code, C=native code)
V  [jvm.dll+0xc9f0]

Java frames: (J=compiled Java code, j=interpreted, Vv=VM code)
j  com.freerdp.services.LibFreeRDP.freerdp_copy_bitmap(J[BIIII)Z+0
j  com.freerdp.services.LibFreeRDP.copy_bitmap(J[BIIII)Z+9
j  com.freerdp.services.LibFreeRDP.OnGraphicsUpdate(JIIII)V+61
v  ~StubRoutines::call_stub

siginfo: EXCEPTION_ACCESS_VIOLATION (0xc0000005), reading address 0x0000000000000000


Registers:
RAX=0x0000000000000000, RBX=0x00000213a384a3c0, RCX=0x0000000000000000, RDX=0x0000000000000000
RSP=0x0000006d8b5fe498, RBP=0x0000006d8b5fe4f0, RSI=0x000000000000001d, RDI=0x0000000000000000
R8 =0x000002139ef266d0, R9 =0x0000000000000000, R10=0x000002134396d079, R11=0x0000000605ddfcb8
R12=0x0000000000000000, R13=0x00000213a09da440, R14=0x0000006d8b5fe8b0, R15=0x00000213a384a3c0
RIP=0x00007ff96a99c9f0, EFLAGS=0x0000000000010246


Register to memory mapping:

RIP=0x00007ff96a99c9f0 jvm.dll
RAX=0x0 is NULL
RBX=0x00000213a384a3c0 is a thread
RCX=0x0 is NULL
RDX=0x0 is NULL
RSP=0x0000006d8b5fe498 is pointing into the stack for thread: 0x00000213a384a3c0
RBP=0x0000006d8b5fe4f0 is pointing into the stack for thread: 0x00000213a384a3c0
RSI=0x000000000000001d is an unknown value
RDI=0x0 is NULL
R8 =0x000002139ef266d0 points into unknown readable memory: 0x00000213a38c92d0 | d0 92 8c a3 13 02 00 00
R9 =0x0 is NULL
R10=0x000002134396d079 is at code_begin+889 in an Interpreter codelet
method entry point (kind = native)  [0x000002134396cd00, 0x000002134396d660]  2400 bytes
R11=0x0000000605ddfcb8 is an oop: java.lang.Class 
{0x0000000605ddfcb8} - klass: 'java/lang/Class'
 - ---- fields (total size 15 words):
 - private volatile transient 'classRedefinedCount' 'I' @12  0
 - private volatile transient 'cachedConstructor' 'Ljava/lang/reflect/Constructor;' @40  NULL (0)
 - private transient 'name' 'Ljava/lang/String;' @44  "com.freerdp.services.LibFreeRDP"{0x0000000605ddfd40} (c0bbbfa8)
 - private transient 'module' 'Ljava/lang/Module;' @48  a 'java/lang/Module'{0x0000000602d16090} (c05a2c12)
 - private final 'classLoader' 'Ljava/lang/ClassLoader;' @52  a 'jdk/internal/loader/ClassLoaders$AppClassLoader'{0x0000000602d00b10} (c05a0162)
 - private transient 'classData' 'Ljava/lang/Object;' @56  NULL (0)
 - private transient 'packageName' 'Ljava/lang/String;' @60  "com.freerdp.services"{0x0000000605ddd898} (c0bbbb13)
 - private final 'componentType' 'Ljava/lang/Class;' @64  NULL (0)
 - private volatile transient 'reflectionData' 'Ljava/lang/ref/SoftReference;' @68  NULL (0)
 - private volatile transient 'genericInfo' 'Lsun/reflect/generics/repository/ClassRepository;' @72  NULL (0)
 - private volatile transient 'enumConstants' '[Ljava/lang/Object;' @76  NULL (0)
 - private volatile transient 'enumConstantDirectory' 'Ljava/util/Map;' @80  NULL (0)
 - private volatile transient 'annotationData' 'Ljava/lang/Class$AnnotationData;' @84  NULL (0)
 - private volatile transient 'annotationType' 'Lsun/reflect/annotation/AnnotationType;' @88  NULL (0)
 - transient 'classValueMap' 'Ljava/lang/ClassValue$ClassValueMap;' @92  NULL (0)
 - signature: Lcom/freerdp/services/LibFreeRDP;
 - fake entry for mirror: 'com/freerdp/services/LibFreeRDP'
 - fake entry for array: NULL
 - fake entry for oop_size: 15
 - fake entry for static_oop_field_count: 1
 - private static final 'logger' 'Lorg/slf4j/Logger;' @112  a 'ch/qos/logback/classic/Logger'{0x0000000605ddff48} (c0bbbfe9)
R12=0x0 is NULL
R13=0x00000213a09da440 is pointing into metadata
R14=0x0000006d8b5fe8b0 is pointing into the stack for thread: 0x00000213a384a3c0
R15=0x00000213a384a3c0 is a thread


Top of Stack: (sp=0x0000006d8b5fe498)
0x0000006d8b5fe498:   00007ff96ad7b35a 0000000000000073
0x0000006d8b5fe4a8:   0000000000000042 00007ffa0058b00a
0x0000006d8b5fe4b8:   00007ff96ad13d6b 0000000000000010
0x0000006d8b5fe4c8:   00007ffa005730b2 00000213a09da460
0x0000006d8b5fe4d8:   000000000000001d 00000213a3897649
0x0000006d8b5fe4e8:   00007ff96b002e00 00000213a37a9be0
0x0000006d8b5fe4f8:   00000213a37a9be8 00000213a3bf0b30
0x0000006d8b5fe508:   000002139e0b4560 000002139e0b4570
0x0000006d8b5fe518:   000002139e0b4948 00000000000003d8
0x0000006d8b5fe528:   00000213a09da460 00007ff96b2ad4f0
0x0000006d8b5fe538:   0000000000000000 0000000000000000
0x0000006d8b5fe548:   0000000000000000 0000000000000000
0x0000006d8b5fe558:   0000000000000000 0000000000000000
0x0000006d8b5fe568:   0000000000000000 0000000000000000
0x0000006d8b5fe578:   00000213a3000000 0000006d8b5fe530
0x0000006d8b5fe588:   000002134398a580 0000000000000000
0x0000006d8b5fe598:   000002134398a5c2 000002134398a980
0x0000006d8b5fe5a8:   0000000000000000 00007ffa0058b136
0x0000006d8b5fe5b8:   0000000000000010 0000006d8b5fe640
0x0000006d8b5fe5c8:   00007ffa00577e0a 00000213a384a678
0x0000006d8b5fe5d8:   0000000000000000 0000000000000000
0x0000006d8b5fe5e8:   0000000000000000 0000000000000000
0x0000006d8b5fe5f8:   0000000000000000 0000000000000000
0x0000006d8b5fe608:   0000000000000000 0000000000000000
0x0000006d8b5fe618:   0000006d8b020000 0000006d8b5fe530
0x0000006d8b5fe628:   0000000000000000 0000000000000000
0x0000006d8b5fe638:   000002134398a580 0000021300000400
0x0000006d8b5fe648:   000002139ef266d0 00007ff96b2ad490
0x0000006d8b5fe658:   0000000000000000 00000213a384a3c0
0x0000006d8b5fe668:   00000213a3bb5050 0000000000000000
0x0000006d8b5fe678:   00000213a384a300 0000000000000000
0x0000006d8b5fe688:   00000000000000b8 0000000000000000 

Instructions: (pc=0x00007ff96a99c9f0)
0x00007ff96a99c8f0:   00 00 00 48 8b 41 38 48 8b 80 68 09 00 00 48 8b
0x00007ff96a99c900:   48 08 48 8b 40 50 48 d3 ea 80 3c 02 01 0f 85 cd
0x00007ff96a99c910:   00 00 00 48 8b 13 0f b6 c2 24 03 3c 03 75 19 48
0x00007ff96a99c920:   83 e2 fc 74 13 48 3b da 74 11 48 8b c2 48 8b 5c
0x00007ff96a99c930:   24 38 48 83 c4 20 5e c3 48 8b d3 48 8b 46 38 0f
0x00007ff96a99c940:   be 88 f1 02 00 00 c1 e9 02 f6 c1 01 74 dc 48 89
0x00007ff96a99c950:   7c 24 30 e8 a8 e3 ff ff 48 8b 0d e9 80 bb 00 48
0x00007ff96a99c960:   8b f8 48 81 c1 70 09 00 00 8b 41 40 0f b6 57 21
0x00007ff96a99c970:   8d 42 01 88 47 21 84 d2 75 0a 48 8b d7 e8 be 39
0x00007ff96a99c980:   70 00 eb 20 80 7f 22 00 75 1a 8b 41 40 85 05 d9
0x00007ff96a99c990:   25 9b 00 74 0f b8 ff ff ff ff f0 0f c1 41 40 e8
0x00007ff96a99c9a0:   ec 39 70 00 48 8b 4e 38 4c 8b c7 48 8b d3 e8 dd
0x00007ff96a99c9b0:   f7 ff ff 0f b6 4f 21 48 8b d8 48 8b 15 87 80 bb
0x00007ff96a99c9c0:   00 8d 41 ff 88 47 21 80 f9 01 77 0f 48 8d 8a 70
0x00007ff96a99c9d0:   09 00 00 48 8b d7 e8 95 39 70 00 48 8b 7c 24 30
0x00007ff96a99c9e0:   48 8b c3 48 8b 5c 24 38 48 83 c4 20 5e c3 cc cc
0x00007ff96a99c9f0:   48 8b 01 c3 cc cc cc cc cc cc cc cc cc cc cc cc
0x00007ff96a99ca00:   4c 8b 01 4c 8b c9 48 8b 0d c3 01 b7 00 ba 44 60
0x00007ff96a99ca10:   08 00 e9 d9 f1 ff ff cc cc cc cc cc cc cc cc cc
0x00007ff96a99ca20:   48 89 5c 24 08 57 48 83 ec 20 48 8b 39 48 8b d9
0x00007ff96a99ca30:   48 85 3d 21 ef bb 00 75 0e 48 8b c7 48 8b 5c 24
0x00007ff96a99ca40:   30 48 83 c4 20 5f c3 48 8b cf e8 c1 d8 85 00 48
0x00007ff96a99ca50:   8b d0 48 85 c0 74 20 48 8b c7 f0 48 0f b1 13 74
0x00007ff96a99ca60:   16 48 85 05 f0 ee bb 00 74 0d 48 8b c8 f0 48 0f
0x00007ff96a99ca70:   b1 13 48 3b c1 75 ea 48 8b 5c 24 30 48 8b c2 48
0x00007ff96a99ca80:   83 c4 20 5f c3 cc cc cc cc cc cc cc cc cc cc cc
0x00007ff96a99ca90:   4c 8b 01 4c 8b c9 48 8b 0d 33 01 b7 00 ba 64 60
0x00007ff96a99caa0:   08 00 e9 49 f1 ff ff cc cc cc cc cc cc cc cc cc
0x00007ff96a99cab0:   8b 05 52 48 b1 00 c3 cc cc cc cc cc cc cc cc cc
0x00007ff96a99cac0:   0f b6 05 52 0a b8 00 48 8b d1 84 c0 74 16 44 8b
0x00007ff96a99cad0:   41 08 8b 0d 30 48 b1 00 49 d3 e0 4c 03 05 1e 48
0x00007ff96a99cae0:   b1 00 eb 04 4c 8b 41 08 45 8b 50 08 45 85 d2 7e 


Stack slot to memory mapping:
stack at sp + 0 slots: 0x00007ff96ad7b35a jvm.dll
stack at sp + 1 slots: 0x0000000000000073 is an unknown value
stack at sp + 2 slots: 0x0000000000000042 is an unknown value
stack at sp + 3 slots: 0x00007ffa0058b00a JNI.dll
stack at sp + 4 slots: 0x00007ff96ad13d6b jvm.dll
stack at sp + 5 slots: 0x0000000000000010 is an unknown value
stack at sp + 6 slots: 0x00007ffa005730b2 JNI.dll
stack at sp + 7 slots: {method} {0x00000213a09da468} 'freerdp_copy_bitmap' '(J[BIIII)Z' in 'com/freerdp/services/LibFreeRDP'


---------------  P R O C E S S  ---------------

Threads class SMR info:
_java_thread_list=0x00000213a331b8a0, length=34, elements={
0x000002135a534f50, 0x000002135a535dd0, 0x000002135a553110, 0x000002135a553f90,
0x000002135a557970, 0x000002135a558330, 0x000002135a55c2a0, 0x000002139e089fb0,
0x000002135a51ecf0, 0x000002135a51f540, 0x000002139e169150, 0x000002139e3b1860,
0x000002139e3b1d40, 0x000002139e91ca20, 0x00000213a35bc8d0, 0x00000213a363ae00,
0x00000213a370da90, 0x00000213a3710820, 0x00000213a370d070, 0x00000213a370d580,
0x00000213a370eed0, 0x00000213a370dfa0, 0x00000213a370e4b0, 0x00000213a370f8f0,
0x00000213a370fe00, 0x00000213a370e9c0, 0x00000213a370f3e0, 0x00000213a3710310,
0x00000213a384b2f0, 0x00000213a384ade0, 0x00000213a384b800, 0x00000213a3845ce0,
0x00000213a3848f80, 0x00000213a384a3c0
}

Java Threads: ( => current thread )
  0x000002135a534f50 JavaThread "Reference Handler" daemon [_thread_blocked, id=35480, stack(0x0000006d86b00000,0x0000006d86c00000)]
  0x000002135a535dd0 JavaThread "Finalizer" daemon [_thread_blocked, id=37240, stack(0x0000006d86c00000,0x0000006d86d00000)]
  0x000002135a553110 JavaThread "Signal Dispatcher" daemon [_thread_blocked, id=49360, stack(0x0000006d86d00000,0x0000006d86e00000)]
  0x000002135a553f90 JavaThread "Attach Listener" daemon [_thread_blocked, id=50320, stack(0x0000006d86e00000,0x0000006d86f00000)]
  0x000002135a557970 JavaThread "Service Thread" daemon [_thread_blocked, id=21828, stack(0x0000006d86f00000,0x0000006d87000000)]
  0x000002135a558330 JavaThread "Monitor Deflation Thread" daemon [_thread_blocked, id=28304, stack(0x0000006d87000000,0x0000006d87100000)]
  0x000002135a55c2a0 JavaThread "C1 CompilerThread0" daemon [_thread_blocked, id=3944, stack(0x0000006d87100000,0x0000006d87200000)]
  0x000002139e089fb0 JavaThread "Sweeper thread" daemon [_thread_blocked, id=44352, stack(0x0000006d87200000,0x0000006d87300000)]
  0x000002135a51ecf0 JavaThread "Common-Cleaner" daemon [_thread_blocked, id=30396, stack(0x0000006d87300000,0x0000006d87400000)]
  0x000002135a51f540 JavaThread "C1 CompilerThread1" daemon [_thread_blocked, id=29768, stack(0x0000006d87400000,0x0000006d87500000)]
  0x000002139e169150 JavaThread "C1 CompilerThread2" daemon [_thread_blocked, id=48636, stack(0x0000006d87500000,0x0000006d87600000)]
  0x000002139e3b1860 JavaThread "Monitor Ctrl-Break" daemon [_thread_in_native, id=31964, stack(0x0000006d87700000,0x0000006d87800000)]
  0x000002139e3b1d40 JavaThread "Notification Thread" daemon [_thread_blocked, id=34848, stack(0x0000006d87800000,0x0000006d87900000)]
  0x000002139e91ca20 JavaThread "RMI TCP Accept-0" daemon [_thread_in_native, id=45204, stack(0x0000006d87900000,0x0000006d87a00000)]
  0x00000213a35bc8d0 JavaThread "RMI TCP Connection(2)-192.168.200.123" daemon [_thread_in_native, id=34112, stack(0x0000006d88600000,0x0000006d88700000)]
  0x00000213a363ae00 JavaThread "RMI Scheduler(0)" daemon [_thread_blocked, id=22084, stack(0x0000006d88700000,0x0000006d88800000)]
  0x00000213a370da90 JavaThread "Catalina-utility-1" [_thread_blocked, id=48820, stack(0x0000006d88800000,0x0000006d88900000)]
  0x00000213a3710820 JavaThread "Catalina-utility-2" [_thread_blocked, id=25684, stack(0x0000006d88900000,0x0000006d88a00000)]
  0x00000213a370d070 JavaThread "container-0" [_thread_blocked, id=43032, stack(0x0000006d88a00000,0x0000006d88b00000)]
  0x00000213a370d580 JavaThread "http-nio-8080-exec-1" daemon [_thread_blocked, id=28876, stack(0x0000006d88b00000,0x0000006d88c00000)]
  0x00000213a370eed0 JavaThread "http-nio-8080-exec-2" daemon [_thread_blocked, id=40132, stack(0x0000006d88c00000,0x0000006d88d00000)]
  0x00000213a370dfa0 JavaThread "http-nio-8080-exec-3" daemon [_thread_blocked, id=41068, stack(0x0000006d88d00000,0x0000006d88e00000)]
  0x00000213a370e4b0 JavaThread "http-nio-8080-exec-4" daemon [_thread_blocked, id=16096, stack(0x0000006d88e00000,0x0000006d88f00000)]
  0x00000213a370f8f0 JavaThread "http-nio-8080-exec-5" daemon [_thread_blocked, id=38900, stack(0x0000006d88f00000,0x0000006d89000000)]
  0x00000213a370fe00 JavaThread "http-nio-8080-exec-6" daemon [_thread_blocked, id=12940, stack(0x0000006d89000000,0x0000006d89100000)]
  0x00000213a370e9c0 JavaThread "http-nio-8080-exec-7" daemon [_thread_blocked, id=23444, stack(0x0000006d89100000,0x0000006d89200000)]
  0x00000213a370f3e0 JavaThread "http-nio-8080-exec-8" daemon [_thread_blocked, id=50392, stack(0x0000006d89200000,0x0000006d89300000)]
  0x00000213a3710310 JavaThread "http-nio-8080-exec-9" daemon [_thread_blocked, id=29160, stack(0x0000006d89300000,0x0000006d89400000)]
  0x00000213a384b2f0 JavaThread "http-nio-8080-exec-10" daemon [_thread_blocked, id=21868, stack(0x0000006d89400000,0x0000006d89500000)]
  0x00000213a384ade0 JavaThread "http-nio-8080-Poller" daemon [_thread_in_native, id=49172, stack(0x0000006d89500000,0x0000006d89600000)]
  0x00000213a384b800 JavaThread "http-nio-8080-Acceptor" daemon [_thread_in_native, id=9436, stack(0x0000006d89600000,0x0000006d89700000)]
  0x00000213a3845ce0 JavaThread "DestroyJavaVM" [_thread_blocked, id=41628, stack(0x0000006d86400000,0x0000006d86500000)]
  0x00000213a3848f80 JavaThread "WebSocket background processing" daemon [_thread_blocked, id=36968, stack(0x0000006d8b100000,0x0000006d8b200000)]
=>0x00000213a384a3c0 JavaThread "Thread-2" [_thread_in_vm, id=19780, stack(0x0000006d8b500000,0x0000006d8b600000)]

Other Threads:
  0x000002135a52e8a0 VMThread "VM Thread" [stack: 0x0000006d86a00000,0x0000006d86b00000] [id=47968]
  0x000002139e91cf00 WatcherThread [stack: 0x0000006d87a00000,0x0000006d87b00000] [id=48792]
  0x000002133a6f70b0 GCTaskThread "GC Thread#0" [stack: 0x0000006d86500000,0x0000006d86600000] [id=47752]
  0x000002139ec79db0 GCTaskThread "GC Thread#1" [stack: 0x0000006d87b00000,0x0000006d87c00000] [id=48080]
  0x000002139ec7a070 GCTaskThread "GC Thread#2" [stack: 0x0000006d87c00000,0x0000006d87d00000] [id=42500]
  0x000002139ec97450 GCTaskThread "GC Thread#3" [stack: 0x0000006d87d00000,0x0000006d87e00000] [id=27748]
  0x000002139ec97f30 GCTaskThread "GC Thread#4" [stack: 0x0000006d87e00000,0x0000006d87f00000] [id=16972]
  0x000002139ecb0460 GCTaskThread "GC Thread#5" [stack: 0x0000006d87f00000,0x0000006d88000000] [id=31240]
  0x000002139ecb0720 GCTaskThread "GC Thread#6" [stack: 0x0000006d88000000,0x0000006d88100000] [id=32856]
  0x000002139ecb2cd0 GCTaskThread "GC Thread#7" [stack: 0x0000006d88100000,0x0000006d88200000] [id=46200]
  0x000002139ecb21d0 GCTaskThread "GC Thread#8" [stack: 0x0000006d88200000,0x0000006d88300000] [id=17684]
  0x000002139ecb3250 GCTaskThread "GC Thread#9" [stack: 0x0000006d88300000,0x0000006d88400000] [id=29116]
  0x000002135a36c1d0 ConcurrentGCThread "G1 Main Marker" [stack: 0x0000006d86600000,0x0000006d86700000] [id=35920]
  0x000002135a36cbf0 ConcurrentGCThread "G1 Conc#0" [stack: 0x0000006d86700000,0x0000006d86800000] [id=34372]
  0x000002139ecb1990 ConcurrentGCThread "G1 Conc#1" [stack: 0x0000006d88400000,0x0000006d88500000] [id=21208]
  0x000002139ecb1c50 ConcurrentGCThread "G1 Conc#2" [stack: 0x0000006d88500000,0x0000006d88600000] [id=4920]
  0x000002135a469580 ConcurrentGCThread "G1 Refine#0" [stack: 0x0000006d86800000,0x0000006d86900000] [id=34712]
  0x000002135a469fb0 ConcurrentGCThread "G1 Service" [stack: 0x0000006d86900000,0x0000006d86a00000] [id=38236]

Threads with active compile tasks:

VM state: not at safepoint (normal execution)

VM Mutex/Monitor currently owned by a thread: None

Heap address: 0x0000000602c00000, size: 8148 MB, Compressed Oops mode: Zero based, Oop shift amount: 3

CDS archive(s) mapped at: [0x000002135d000000-0x000002135dbb0000-0x000002135dbb0000), size 12255232, SharedBaseAddress: 0x000002135d000000, ArchiveRelocationMode: 1.
Compressed class space mapped at: 0x000002135e000000-0x000002139e000000, reserved size: 1073741824
Narrow klass base: 0x000002135d000000, Narrow klass shift: 0, Narrow klass range: 0x100000000

GC Precious Log:
 CPUs: 12 total, 12 available
 Memory: 32578M
 Large Page Support: Disabled
 NUMA Support: Disabled
 Compressed Oops: Enabled (Zero based)
 Heap Region Size: 4M
 Heap Min Capacity: 8M
 Heap Initial Capacity: 512M
 Heap Max Capacity: 8148M
 Pre-touch: Disabled
 Parallel Workers: 10
 Concurrent Workers: 3
 Concurrent Refinement Workers: 10
 Periodic GC: Disabled

Heap:
 garbage-first heap   total 69632K, used 31434K [0x0000000602c00000, 0x0000000800000000)
  region size 4096K, 6 young (24576K), 1 survivors (4096K)
 Metaspace       used 30748K, committed 31168K, reserved 1114112K
  class space    used 4208K, committed 4416K, reserved 1048576K

Heap Regions: E=young(eden), S=young(survivor), O=old, HS=humongous(starts), HC=humongous(continues), CS=collection set, F=free, OA=open archive, CA=closed archive, TAMS=top-at-mark-start (previous, next)
|   0|0x0000000602c00000, 0x0000000603000000, 0x0000000603000000|100%| O|  |TAMS 0x0000000603000000, 0x0000000602c00000| Untracked 
|   1|0x0000000603000000, 0x0000000603000000, 0x0000000603400000|  0%| F|  |TAMS 0x0000000603000000, 0x0000000603000000| Untracked 
|   2|0x0000000603400000, 0x0000000603400000, 0x0000000603800000|  0%| F|  |TAMS 0x0000000603400000, 0x0000000603400000| Untracked 
|   3|0x0000000603800000, 0x0000000603800000, 0x0000000603c00000|  0%| F|  |TAMS 0x0000000603800000, 0x0000000603800000| Untracked 
|   4|0x0000000603c00000, 0x0000000603c00000, 0x0000000604000000|  0%| F|  |TAMS 0x0000000603c00000, 0x0000000603c00000| Untracked 
|   5|0x0000000604000000, 0x0000000604400000, 0x0000000604400000|100%| O|  |TAMS 0x0000000604000000, 0x0000000604000000| Untracked 
|   6|0x0000000604400000, 0x0000000604800000, 0x0000000604800000|100%| O|  |TAMS 0x0000000604400000, 0x0000000604400000| Untracked 
|   7|0x0000000604800000, 0x0000000604937c00, 0x0000000604c00000| 30%| O|  |TAMS 0x0000000604800000, 0x0000000604800000| Untracked 
|   8|0x0000000604c00000, 0x0000000604c00000, 0x0000000605000000|  0%| F|  |TAMS 0x0000000604c00000, 0x0000000604c00000| Untracked 
|   9|0x0000000605000000, 0x0000000605000000, 0x0000000605400000|  0%| F|  |TAMS 0x0000000605000000, 0x0000000605000000| Untracked 
|  10|0x0000000605400000, 0x0000000605400000, 0x0000000605800000|  0%| F|  |TAMS 0x0000000605400000, 0x0000000605400000| Untracked 
|  11|0x0000000605800000, 0x000000060598cb20, 0x0000000605c00000| 38%| E|  |TAMS 0x0000000605800000, 0x0000000605800000| Complete 
|  12|0x0000000605c00000, 0x0000000606000000, 0x0000000606000000|100%| E|CS|TAMS 0x0000000605c00000, 0x0000000605c00000| Complete 
|  13|0x0000000606000000, 0x0000000606400000, 0x0000000606400000|100%| E|CS|TAMS 0x0000000606000000, 0x0000000606000000| Complete 
| 123|0x0000000621800000, 0x0000000621c00000, 0x0000000621c00000|100%| E|CS|TAMS 0x0000000621800000, 0x0000000621800000| Complete 
| 124|0x0000000621c00000, 0x0000000621d7aec0, 0x0000000622000000| 37%| S|CS|TAMS 0x0000000621c00000, 0x0000000621c00000| Complete 
| 127|0x0000000622800000, 0x0000000622c00000, 0x0000000622c00000|100%| E|CS|TAMS 0x0000000622800000, 0x0000000622800000| Complete 

Card table byte_map: [0x0000021348450000,0x0000021349440000] _byte_map_base: 0x000002134543a000

Marking Bits (Prev, Next): (CMBitMap*) 0x000002133a6f7710, (CMBitMap*) 0x000002133a6f76d0
 Prev Bits: [0x0000021352380000, 0x000002135a2d0000)
 Next Bits: [0x000002134a430000, 0x0000021352380000)

Polling page: 0x000002133a460000

Metaspace:

Usage:
  Non-class:     25.92 MB used.
      Class:      4.11 MB used.
       Both:     30.03 MB used.

Virtual space:
  Non-class space:       64.00 MB reserved,      26.12 MB ( 41%) committed,  1 nodes.
      Class space:        1.00 GB reserved,       4.31 MB ( <1%) committed,  1 nodes.
             Both:        1.06 GB reserved,      30.44 MB (  3%) committed. 

Chunk freelists:
   Non-Class:  5.44 MB
       Class:  11.70 MB
        Both:  17.14 MB

MaxMetaspaceSize: unlimited
CompressedClassSpaceSize: 1.00 GB
Initial GC threshold: 21.00 MB
Current GC threshold: 35.44 MB
CDS: on
MetaspaceReclaimPolicy: balanced
 - commit_granule_bytes: 65536.
 - commit_granule_words: 8192.
 - virtual_space_node_default_size: 8388608.
 - enlarge_chunks_in_place: 1.
 - new_chunks_are_fully_committed: 0.
 - uncommit_free_chunks: 1.
 - use_allocation_guard: 0.
 - handle_deallocations: 1.


Internal statistics:

num_allocs_failed_limit: 3.
num_arena_births: 656.
num_arena_deaths: 0.
num_vsnodes_births: 2.
num_vsnodes_deaths: 0.
num_space_committed: 487.
num_space_uncommitted: 0.
num_chunks_returned_to_freelist: 3.
num_chunks_taken_from_freelist: 1777.
num_chunk_merges: 3.
num_chunk_splits: 1201.
num_chunks_enlarged: 848.
num_inconsistent_stats: 0.

CodeCache: size=49152Kb used=8128Kb max_used=8482Kb free=41023Kb
 bounds [0x0000021343960000, 0x00000213441b0000, 0x0000021346960000]
 total_blobs=4374 nmethods=3816 adapters=482
 compilation: enabled
              stopped_count=0, restarted_count=0
 full_count=0

Compilation events (20 events):
Event: 3.804 Thread 0x000002135a51f540 3806       1       org.apache.tomcat.util.threads.ThreadPoolExecutor::workerCountOf (5 bytes)
Event: 3.804 Thread 0x000002135a51f540 nmethod 3806 0x0000021343bf9e90 code [0x0000021343bfa020, 0x0000021343bfa0d8]
Event: 3.810 Thread 0x000002135a51f540 3807       1       java.nio.CharBuffer::flip (7 bytes)
Event: 3.810 Thread 0x000002135a51f540 nmethod 3807 0x0000021343bf9b90 code [0x0000021343bf9d20, 0x0000021343bf9df8]
Event: 3.816 Thread 0x000002135a51f540 3808       1       java.lang.Thread::setContextClassLoader (28 bytes)
Event: 3.816 Thread 0x000002135a51f540 nmethod 3808 0x0000021343bf9690 code [0x0000021343bf9840, 0x0000021343bf9ad8]
Event: 3.828 Thread 0x000002135a51f540 3809       1       sun.nio.ch.SelectorImpl::ensureOpen (16 bytes)
Event: 3.828 Thread 0x000002135a51f540 nmethod 3809 0x0000021343bf9310 code [0x0000021343bf94a0, 0x0000021343bf95e8]
Event: 3.828 Thread 0x000002135a51f540 3810   !   1       org.apache.tomcat.util.net.NioEndpoint$Poller::events (266 bytes)
Event: 3.828 Thread 0x000002139e169150 3811  s    1       org.apache.tomcat.util.collections.SynchronizedQueue::size (23 bytes)
Event: 3.828 Thread 0x000002139e169150 nmethod 3811 0x0000021343bf8f10 code [0x0000021343bf90a0, 0x0000021343bf9238]
Event: 3.829 Thread 0x000002135a51f540 nmethod 3810 0x0000021343bf7c10 code [0x0000021343bf7ea0, 0x0000021343bf8778]
Event: 3.846 Thread 0x000002135a51f540 3812       1       com.fasterxml.jackson.core.json.ReaderBasedJsonParser::_skipComma (169 bytes)
Event: 3.846 Thread 0x000002135a51f540 nmethod 3812 0x0000021343bf7110 code [0x0000021343bf7360, 0x0000021343bf78d8]
Event: 3.853 Thread 0x000002135a51f540 3813       1       org.apache.tomcat.util.net.SocketWrapperBase::isClosed (8 bytes)
Event: 3.853 Thread 0x000002135a51f540 nmethod 3813 0x0000021343bf6d90 code [0x0000021343bf6f20, 0x0000021343bf7018]
Event: 3.877 Thread 0x000002135a51f540 3814       1       sun.nio.ch.SocketDispatcher::read (8 bytes)
Event: 3.878 Thread 0x000002135a51f540 nmethod 3814 0x0000021343bf6a90 code [0x0000021343bf6c20, 0x0000021343bf6d08]
Event: 3.907 Thread 0x000002135a51f540 3815       1       com.fasterxml.jackson.databind.node.ObjectNode::replace (24 bytes)
Event: 3.908 Thread 0x000002135a51f540 nmethod 3815 0x0000021343bf6610 code [0x0000021343bf67c0, 0x0000021343bf6938]

GC Heap History (12 events):
Event: 0.394 GC heap before
{Heap before GC invocations=0 (full 0):
 garbage-first heap   total 524288K, used 24576K [0x0000000602c00000, 0x0000000800000000)
  region size 4096K, 6 young (24576K), 0 survivors (0K)
 Metaspace       used 8044K, committed 8256K, reserved 1114112K
  class space    used 1035K, committed 1152K, reserved 1048576K
}
Event: 0.396 GC heap after
{Heap after GC invocations=1 (full 0):
 garbage-first heap   total 524288K, used 5088K [0x0000000602c00000, 0x0000000800000000)
  region size 4096K, 1 young (4096K), 1 survivors (4096K)
 Metaspace       used 8044K, committed 8256K, reserved 1114112K
  class space    used 1035K, committed 1152K, reserved 1048576K
}
Event: 0.555 GC heap before
{Heap before GC invocations=1 (full 0):
 garbage-first heap   total 524288K, used 21472K [0x0000000602c00000, 0x0000000800000000)
  region size 4096K, 6 young (24576K), 1 survivors (4096K)
 Metaspace       used 12114K, committed 12352K, reserved 1114112K
  class space    used 1607K, committed 1728K, reserved 1048576K
}
Event: 0.557 GC heap after
{Heap after GC invocations=2 (full 0):
 garbage-first heap   total 524288K, used 6494K [0x0000000602c00000, 0x0000000800000000)
  region size 4096K, 1 young (4096K), 1 survivors (4096K)
 Metaspace       used 12114K, committed 12352K, reserved 1114112K
  class space    used 1607K, committed 1728K, reserved 1048576K
}
Event: 0.859 GC heap before
{Heap before GC invocations=2 (full 0):
 garbage-first heap   total 524288K, used 55646K [0x0000000602c00000, 0x0000000800000000)
  region size 4096K, 13 young (53248K), 1 survivors (4096K)
 Metaspace       used 19728K, committed 20032K, reserved 1114112K
  class space    used 2669K, committed 2816K, reserved 1048576K
}
Event: 0.862 GC heap after
{Heap after GC invocations=3 (full 0):
 garbage-first heap   total 524288K, used 10238K [0x0000000602c00000, 0x0000000800000000)
  region size 4096K, 2 young (8192K), 2 survivors (8192K)
 Metaspace       used 19728K, committed 20032K, reserved 1114112K
  class space    used 2669K, committed 2816K, reserved 1048576K
}
Event: 0.933 GC heap before
{Heap before GC invocations=3 (full 0):
 garbage-first heap   total 524288K, used 18430K [0x0000000602c00000, 0x0000000800000000)
  region size 4096K, 5 young (20480K), 2 survivors (8192K)
 Metaspace       used 21222K, committed 21504K, reserved 1114112K
  class space    used 2890K, committed 3008K, reserved 1048576K
}
Event: 0.935 GC heap after
{Heap after GC invocations=4 (full 0):
 garbage-first heap   total 524288K, used 11171K [0x0000000602c00000, 0x0000000800000000)
  region size 4096K, 2 young (8192K), 2 survivors (8192K)
 Metaspace       used 21222K, committed 21504K, reserved 1114112K
  class space    used 2890K, committed 3008K, reserved 1048576K
}
Event: 1.216 GC heap before
{Heap before GC invocations=5 (full 0):
 garbage-first heap   total 69632K, used 48035K [0x0000000602c00000, 0x0000000800000000)
  region size 4096K, 12 young (49152K), 2 survivors (8192K)
 Metaspace       used 26501K, committed 26944K, reserved 1114112K
  class space    used 3642K, committed 3840K, reserved 1048576K
}
Event: 1.219 GC heap after
{Heap after GC invocations=6 (full 0):
 garbage-first heap   total 69632K, used 14106K [0x0000000602c00000, 0x0000000800000000)
  region size 4096K, 3 young (12288K), 3 survivors (12288K)
 Metaspace       used 26501K, committed 26944K, reserved 1114112K
  class space    used 3642K, committed 3840K, reserved 1048576K
}
Event: 1.257 GC heap before
{Heap before GC invocations=6 (full 0):
 garbage-first heap   total 69632K, used 18202K [0x0000000602c00000, 0x0000000800000000)
  region size 4096K, 4 young (16384K), 3 survivors (12288K)
 Metaspace       used 27186K, committed 27712K, reserved 1114112K
  class space    used 3740K, committed 3968K, reserved 1048576K
}
Event: 1.260 GC heap after
{Heap after GC invocations=7 (full 0):
 garbage-first heap   total 69632K, used 15050K [0x0000000602c00000, 0x0000000800000000)
  region size 4096K, 1 young (4096K), 1 survivors (4096K)
 Metaspace       used 27186K, committed 27712K, reserved 1114112K
  class space    used 3740K, committed 3968K, reserved 1048576K
}

Dll operation events (14 events):
Event: 0.009 Loaded shared library C:\Users\ok10p\.jdks\corretto-17.0.13\bin\java.dll
Event: 0.023 Loaded shared library C:\Users\ok10p\.jdks\corretto-17.0.13\bin\jsvml.dll
Event: 0.067 Loaded shared library C:\Users\ok10p\.jdks\corretto-17.0.13\bin\zip.dll
Event: 0.070 Loaded shared library C:\Users\ok10p\.jdks\corretto-17.0.13\bin\instrument.dll
Event: 0.073 Loaded shared library C:\Users\ok10p\.jdks\corretto-17.0.13\bin\net.dll
Event: 0.075 Loaded shared library C:\Users\ok10p\.jdks\corretto-17.0.13\bin\nio.dll
Event: 0.077 Loaded shared library C:\Users\ok10p\.jdks\corretto-17.0.13\bin\zip.dll
Event: 0.099 Loaded shared library C:\Program Files\JetBrains\IntelliJ IDEA 2023.3.6\bin\breakgen64.dll
Event: 0.102 Loaded shared library C:\Users\ok10p\.jdks\corretto-17.0.13\bin\jimage.dll
Event: 0.107 Loaded shared library C:\Users\ok10p\.jdks\corretto-17.0.13\bin\extnet.dll
Event: 0.114 Loaded shared library C:\Users\ok10p\.jdks\corretto-17.0.13\bin\management.dll
Event: 0.119 Loaded shared library C:\Users\ok10p\.jdks\corretto-17.0.13\bin\management_ext.dll
Event: 0.674 Loaded shared library C:\Users\ok10p\.jdks\corretto-17.0.13\bin\sunmscapi.dll
Event: 2.972 Loaded shared library D:\Dev\Capstone_Design_II\JNI.dll

Deoptimization events (4 events):
Event: 1.140 Thread 0x000002133a649030 DEOPT PACKING pc=0x0000021343f19a09 sp=0x0000006d864fe550
Event: 1.140 Thread 0x000002133a649030 DEOPT UNPACKING pc=0x00000213439b7143 sp=0x0000006d864fd9e0 mode 3
Event: 1.140 Thread 0x00000213a3710820 DEOPT PACKING pc=0x0000021343ebdc1f sp=0x0000006d889ff160
Event: 1.140 Thread 0x00000213a3710820 DEOPT UNPACKING pc=0x00000213439b7143 sp=0x0000006d889fe5b8 mode 3

Classes loaded (20 events):
Event: 3.020 Loading class java/util/Base64$Encoder
Event: 3.020 Loading class java/util/Base64$Encoder done
Event: 3.023 Loading class java/util/zip/DataFormatException
Event: 3.023 Loading class java/util/zip/DataFormatException done
Event: 3.023 Loading class java/util/zip/Deflater
Event: 3.023 Loading class java/util/zip/Deflater done
Event: 3.024 Loading class java/util/zip/Deflater$DeflaterZStreamRef
Event: 3.024 Loading class java/util/zip/Deflater$DeflaterZStreamRef done
Event: 3.025 Loading class sun/security/provider/MD5
Event: 3.025 Loading class sun/security/provider/MD5 done
Event: 3.036 Loading class java/util/concurrent/atomic/AtomicReferenceFieldUpdater
Event: 3.037 Loading class java/util/concurrent/atomic/AtomicReferenceFieldUpdater done
Event: 3.037 Loading class java/util/concurrent/atomic/AtomicReferenceFieldUpdater$AtomicReferenceFieldUpdaterImpl
Event: 3.037 Loading class java/util/concurrent/atomic/AtomicReferenceFieldUpdater$AtomicReferenceFieldUpdaterImpl done
Event: 3.037 Loading class java/util/concurrent/atomic/AtomicReferenceFieldUpdater$AtomicReferenceFieldUpdaterImpl$1
Event: 3.037 Loading class java/util/concurrent/atomic/AtomicReferenceFieldUpdater$AtomicReferenceFieldUpdaterImpl$1 done
Event: 3.152 Loading class java/util/OptionalLong
Event: 3.152 Loading class java/util/OptionalLong done
Event: 3.152 Loading class java/util/OptionalDouble
Event: 3.152 Loading class java/util/OptionalDouble done

Classes unloaded (0 events):
No events

Classes redefined (0 events):
No events

Internal exceptions (20 events):
Event: 0.994 Thread 0x000002133a649030 Exception <a 'java/lang/NoSuchMethodError'{0x0000000605c4ce00}: 'java.lang.Object java.lang.invoke.DirectMethodHandle$Holder.invokeSpecial(java.lang.Object, java.lang.Object, java.lang.Object, java.lang.Object, int)'> (0x0000000605c4ce00) 
thrown [s\src\hotspot\share\interpreter\linkResolver.cpp, line 759]
Event: 0.994 Thread 0x000002133a649030 Exception <a 'java/lang/NoSuchMethodError'{0x0000000605c509c8}: 'java.lang.Object java.lang.invoke.Invokers$Holder.linkToTargetMethod(java.lang.Object, java.lang.Object, int, java.lang.Object)'> (0x0000000605c509c8) 
thrown [s\src\hotspot\share\interpreter\linkResolver.cpp, line 759]
Event: 1.049 Thread 0x00000213a35bc8d0 Exception <a 'java/lang/NoSuchMethodError'{0x0000000605666e08}: static [B.<clinit>()V> (0x0000000605666e08) 
thrown [s\src\hotspot\share\prims\jni.cpp, line 1112]
Event: 1.053 Thread 0x00000213a35bc8d0 Exception <a 'java/lang/ClassNotFoundException'{0x0000000605681358}: javax/management/remote/rmi/RMIConnectionImpl_Skel> (0x0000000605681358) 
thrown [s\src\hotspot\share\classfile\systemDictionary.cpp, line 256]
Event: 1.056 Thread 0x00000213a35bc8d0 Exception <a 'java/lang/reflect/InvocationTargetException'{0x00000006056b3318}> (0x00000006056b3318) 
thrown [s\src\hotspot\share\runtime\reflection.cpp, line 1128]
Event: 1.057 Thread 0x00000213a35bc8d0 Exception <a 'java/lang/NoSuchMethodError'{0x00000006056dce70}: static [Ljava/lang/StackTraceElement;.<clinit>()V> (0x00000006056dce70) 
thrown [s\src\hotspot\share\prims\jni.cpp, line 1112]
Event: 1.084 Thread 0x000002133a649030 Exception <a 'java/lang/NoSuchMethodError'{0x0000000604cadde8}: 'java.lang.Object java.lang.invoke.DirectMethodHandle$Holder.invokeSpecial(java.lang.Object, java.lang.Object, long, java.lang.Object, java.lang.Object, java.lang.Object, java.lang.Object, java.lang.Object, java.lang.Object)'> (0x0000000604cadde8) 
thrown [s\src\hotspot\share\interpreter\linkResolver.cpp, line 759]
Event: 1.084 Thread 0x000002133a649030 Exception <a 'java/lang/NoSuchMethodError'{0x0000000604cb2910}: 'java.lang.Object java.lang.invoke.DelegatingMethodHandle$Holder.reinvoke_L(java.lang.Object, long, java.lang.Object, java.lang.Object, java.lang.Object, java.lang.Object, java.lang.Object, java.lang.Object)'> (0x0000000604cb2910) 
thrown [s\src\hotspot\share\interpreter\linkResolver.cpp, line 759]
Event: 1.101 Thread 0x000002133a649030 Exception <a 'java/io/FileNotFoundException'{0x0000000604e18578}> (0x0000000604e18578) 
thrown [s\src\hotspot\share\prims\jni.cpp, line 516]
Event: 1.101 Thread 0x000002133a649030 Exception <a 'java/io/FileNotFoundException'{0x0000000604e19968}> (0x0000000604e19968) 
thrown [s\src\hotspot\share\prims\jni.cpp, line 516]
Event: 1.113 Thread 0x000002133a649030 Exception <a 'java/lang/NoSuchMethodError'{0x0000000604f48160}: 'int java.lang.invoke.DirectMethodHandle$Holder.invokeInterface(java.lang.Object, java.lang.Object, java.lang.Object, java.lang.Object)'> (0x0000000604f48160) 
thrown [s\src\hotspot\share\interpreter\linkResolver.cpp, line 759]
Event: 1.132 Thread 0x000002133a649030 Exception <a 'java/lang/NoSuchMethodError'{0x0000000604923df0}: 'long java.lang.invoke.DirectMethodHandle$Holder.invokeVirtual(java.lang.Object, java.lang.Object)'> (0x0000000604923df0) 
thrown [s\src\hotspot\share\interpreter\linkResolver.cpp, line 759]
Event: 1.150 Thread 0x000002133a649030 Exception <a 'sun/nio/fs/WindowsException'{0x00000006044dab08}> (0x00000006044dab08) 
thrown [s\src\hotspot\share\prims\jni.cpp, line 516]
Event: 1.239 Thread 0x000002133a649030 Exception <a 'java/lang/IncompatibleClassChangeError'{0x00000006229e21e0}: Found class java.lang.Object, but interface was expected> (0x00000006229e21e0) 
thrown [s\src\hotspot\share\interpreter\linkResolver.cpp, line 826]
Event: 1.249 Thread 0x000002133a649030 Exception <a 'java/lang/NoSuchMethodError'{0x0000000622b09fa8}: 'void java.lang.invoke.DirectMethodHandle$Holder.invokeVirtual(java.lang.Object, java.lang.Object, long)'> (0x0000000622b09fa8) 
thrown [s\src\hotspot\share\interpreter\linkResolver.cpp, line 759]
Event: 1.277 Thread 0x000002133a649030 Exception <a 'java/lang/NoSuchMethodError'{0x00000006229ffb18}: 'int java.lang.invoke.DirectMethodHandle$Holder.invokeStaticInit(java.lang.Object, java.lang.Object, java.lang.Object, java.lang.Object)'> (0x00000006229ffb18) 
thrown [s\src\hotspot\share\interpreter\linkResolver.cpp, line 759]
Event: 1.305 Thread 0x000002133a649030 Exception <a 'java/lang/NoSuchMethodError'{0x00000006218bc0b0}: 'java.lang.Object java.lang.invoke.DirectMethodHandle$Holder.newInvokeSpecial(java.lang.Object, java.lang.Object, int, java.lang.Object, java.lang.Object)'> (0x00000006218bc0b0) 
thrown [s\src\hotspot\share\interpreter\linkResolver.cpp, line 759]
Event: 2.926 Thread 0x00000213a370d580 Exception <a 'java/lang/NoSuchMethodError'{0x000000060625a908}: 'java.lang.Object java.lang.invoke.DirectMethodHandle$Holder.invokeSpecial(java.lang.Object, java.lang.Object, java.lang.Object, java.lang.Object, java.lang.Object, long)'> (0x000000060625a908) 
thrown [s\src\hotspot\share\interpreter\linkResolver.cpp, line 759]
Event: 2.926 Thread 0x00000213a370d580 Exception <a 'java/lang/NoSuchMethodError'{0x000000060625e348}: 'java.lang.Object java.lang.invoke.Invokers$Holder.linkToTargetMethod(java.lang.Object, java.lang.Object, java.lang.Object, long, java.lang.Object)'> (0x000000060625e348) 
thrown [s\src\hotspot\share\interpreter\linkResolver.cpp, line 759]
Event: 2.989 Thread 0x00000213a370eed0 Exception <a 'java/lang/NoSuchMethodError'{0x000000062199c320}: 'java.lang.Object java.lang.invoke.DirectMethodHandle$Holder.invokeStatic(java.lang.Object, int, int)'> (0x000000062199c320) 
thrown [s\src\hotspot\share\interpreter\linkResolver.cpp, line 759]

VM Operations (20 events):
Event: 1.227 Executing VM operation: HandshakeAllThreads
Event: 1.227 Executing VM operation: HandshakeAllThreads done
Event: 1.257 Executing VM operation: G1CollectForAllocation
Event: 1.260 Executing VM operation: G1CollectForAllocation done
Event: 1.261 Executing VM operation: HandshakeAllThreads
Event: 1.261 Executing VM operation: HandshakeAllThreads done
Event: 2.265 Executing VM operation: Cleanup
Event: 2.265 Executing VM operation: Cleanup done
Event: 2.932 Executing VM operation: HandshakeAllThreads
Event: 2.932 Executing VM operation: HandshakeAllThreads done
Event: 2.978 Executing VM operation: HandshakeAllThreads
Event: 2.978 Executing VM operation: HandshakeAllThreads done
Event: 2.982 Executing VM operation: HandshakeAllThreads
Event: 2.982 Executing VM operation: HandshakeAllThreads done
Event: 3.017 Executing VM operation: HandshakeAllThreads
Event: 3.017 Executing VM operation: HandshakeAllThreads done
Event: 3.158 Executing VM operation: HandshakeAllThreads
Event: 3.158 Executing VM operation: HandshakeAllThreads done
Event: 4.158 Executing VM operation: Cleanup
Event: 4.158 Executing VM operation: Cleanup done

Memory protections (0 events):
No events

Nmethod flushes (0 events):
No events

Events (20 events):
Event: 1.309 Thread 0x000002133a649030 Thread added: 0x00000213a370e4b0
Event: 1.309 Thread 0x000002133a649030 Thread added: 0x00000213a370f8f0
Event: 1.309 Thread 0x000002133a649030 Thread added: 0x00000213a370fe00
Event: 1.309 Thread 0x000002133a649030 Thread added: 0x00000213a370e9c0
Event: 1.309 Thread 0x000002133a649030 Thread added: 0x00000213a370f3e0
Event: 1.309 Thread 0x000002133a649030 Thread added: 0x00000213a3710310
Event: 1.309 Thread 0x000002133a649030 Thread added: 0x00000213a384b2f0
Event: 1.317 Thread 0x000002133a649030 Thread added: 0x00000213a384ade0
Event: 1.318 Thread 0x000002133a649030 Thread added: 0x00000213a384b800
Event: 1.325 Thread 0x000002133a649030 Thread exited: 0x000002133a649030
Event: 1.326 Thread 0x00000213a3845ce0 Thread added: 0x00000213a3845ce0
Event: 1.561 Thread 0x00000213a35bc8d0 Thread added: 0x00000213a38457d0
Event: 1.566 Thread 0x00000213a38457d0 Thread exited: 0x00000213a38457d0
Event: 1.567 Thread 0x00000213a35bc8d0 Thread added: 0x00000213a3846c10
Event: 1.570 Thread 0x00000213a3846c10 Thread exited: 0x00000213a3846c10
Event: 1.571 Thread 0x00000213a35bc8d0 Thread added: 0x00000213a38461f0
Event: 1.575 Thread 0x00000213a38461f0 Thread exited: 0x00000213a38461f0
Event: 2.255 Thread 0x000002139e16a910 Thread exited: 0x000002139e16a910
Event: 3.040 Thread 0x00000213a370dfa0 Thread added: 0x00000213a3848f80
Event: 4.207 Thread 0x00000213a384a3c0 Thread added: 0x00000213a384a3c0


Dynamic libraries:
0x00007ff6a0c90000 - 0x00007ff6a0c9e000 	C:\Users\ok10p\.jdks\corretto-17.0.13\bin\java.exe
0x00007ffa3b2d0000 - 0x00007ffa3b4c8000 	C:\Windows\SYSTEM32\ntdll.dll
0x00007ffa3ad90000 - 0x00007ffa3ae52000 	C:\Windows\System32\KERNEL32.DLL
0x00007ffa38e90000 - 0x00007ffa3918e000 	C:\Windows\System32\KERNELBASE.dll
0x00007ffa38970000 - 0x00007ffa38a70000 	C:\Windows\System32\ucrtbase.dll
0x00007ff970cf0000 - 0x00007ff970d07000 	C:\Users\ok10p\.jdks\corretto-17.0.13\bin\jli.dll
0x00007ff96d450000 - 0x00007ff96d46b000 	C:\Users\ok10p\.jdks\corretto-17.0.13\bin\VCRUNTIME140.dll
0x00007ffa3a150000 - 0x00007ffa3a2ed000 	C:\Windows\System32\USER32.dll
0x00007ffa38e10000 - 0x00007ffa38e32000 	C:\Windows\System32\win32u.dll
0x00007ffa3a360000 - 0x00007ffa3a38b000 	C:\Windows\System32\GDI32.dll
0x00007ffa2ee90000 - 0x00007ffa2f12a000 	C:\Windows\WinSxS\amd64_microsoft.windows.common-controls_6595b64144ccf1df_6.0.19041.4355_none_60b8b9eb71f62e16\COMCTL32.dll
0x00007ffa38cf0000 - 0x00007ffa38e07000 	C:\Windows\System32\gdi32full.dll
0x00007ffa3ac90000 - 0x00007ffa3ad2e000 	C:\Windows\System32\msvcrt.dll
0x00007ffa38c50000 - 0x00007ffa38ced000 	C:\Windows\System32\msvcp_win.dll
0x00007ffa3a000000 - 0x00007ffa3a02f000 	C:\Windows\System32\IMM32.DLL
0x00007ffa0be40000 - 0x00007ffa0be4c000 	C:\Users\ok10p\.jdks\corretto-17.0.13\bin\vcruntime140_1.dll
0x00007ff96d270000 - 0x00007ff96d2fd000 	C:\Users\ok10p\.jdks\corretto-17.0.13\bin\msvcp140.dll
0x00007ff96a990000 - 0x00007ff96b5fc000 	C:\Users\ok10p\.jdks\corretto-17.0.13\bin\server\jvm.dll
0x00007ffa3a470000 - 0x00007ffa3a521000 	C:\Windows\System32\ADVAPI32.dll
0x00007ffa3a030000 - 0x00007ffa3a0cf000 	C:\Windows\System32\sechost.dll
0x00007ffa39ed0000 - 0x00007ffa39ff3000 	C:\Windows\System32\RPCRT4.dll
0x00007ffa38a70000 - 0x00007ffa38a97000 	C:\Windows\System32\bcrypt.dll
0x00007ffa3a2f0000 - 0x00007ffa3a35b000 	C:\Windows\System32\WS2_32.dll
0x00007ffa381e0000 - 0x00007ffa3822b000 	C:\Windows\SYSTEM32\POWRPROF.dll
0x00007ffa2cb50000 - 0x00007ffa2cb77000 	C:\Windows\SYSTEM32\WINMM.dll
0x00007ffa31a50000 - 0x00007ffa31a5a000 	C:\Windows\SYSTEM32\VERSION.dll
0x00007ffa380a0000 - 0x00007ffa380b2000 	C:\Windows\SYSTEM32\UMPDC.dll
0x00007ffa367d0000 - 0x00007ffa367e2000 	C:\Windows\SYSTEM32\kernel.appcore.dll
0x00007ffa0bb80000 - 0x00007ffa0bb8a000 	C:\Users\ok10p\.jdks\corretto-17.0.13\bin\jimage.dll
0x00007ffa2c210000 - 0x00007ffa2c3f4000 	C:\Windows\SYSTEM32\DBGHELP.DLL
0x00007ffa27760000 - 0x00007ffa27794000 	C:\Windows\SYSTEM32\dbgcore.DLL
0x00007ffa38b10000 - 0x00007ffa38b92000 	C:\Windows\System32\bcryptPrimitives.dll
0x00007ffa20ba0000 - 0x00007ffa20bae000 	C:\Users\ok10p\.jdks\corretto-17.0.13\bin\instrument.dll
0x00007ff970d40000 - 0x00007ff970d65000 	C:\Users\ok10p\.jdks\corretto-17.0.13\bin\java.dll
0x00007ff96d480000 - 0x00007ff96d557000 	C:\Users\ok10p\.jdks\corretto-17.0.13\bin\jsvml.dll
0x00007ffa39350000 - 0x00007ffa39abd000 	C:\Windows\System32\SHELL32.dll
0x00007ffa369d0000 - 0x00007ffa37174000 	C:\Windows\SYSTEM32\windows.storage.dll
0x00007ffa3ae60000 - 0x00007ffa3b1b3000 	C:\Windows\System32\combase.dll
0x00007ffa382c0000 - 0x00007ffa382ee000 	C:\Windows\SYSTEM32\Wldp.dll
0x00007ffa3b1c0000 - 0x00007ffa3b28d000 	C:\Windows\System32\OLEAUT32.dll
0x00007ffa39cf0000 - 0x00007ffa39d9d000 	C:\Windows\System32\SHCORE.dll
0x00007ffa3ad30000 - 0x00007ffa3ad85000 	C:\Windows\System32\shlwapi.dll
0x00007ffa388a0000 - 0x00007ffa388c4000 	C:\Windows\SYSTEM32\profapi.dll
0x00007ff96d200000 - 0x00007ff96d218000 	C:\Users\ok10p\.jdks\corretto-17.0.13\bin\zip.dll
0x00007ff97a7c0000 - 0x00007ff97a7d9000 	C:\Users\ok10p\.jdks\corretto-17.0.13\bin\net.dll
0x00007ffa33900000 - 0x00007ffa33a0d000 	C:\Windows\SYSTEM32\WINHTTP.dll
0x00007ffa38030000 - 0x00007ffa3809a000 	C:\Windows\system32\mswsock.dll
0x00007ff96d250000 - 0x00007ff96d266000 	C:\Users\ok10p\.jdks\corretto-17.0.13\bin\nio.dll
0x00007ffa0c010000 - 0x00007ffa0c02a000 	C:\Program Files\JetBrains\IntelliJ IDEA 2023.3.6\bin\breakgen64.dll
0x00007ffa37d70000 - 0x00007ffa37e3a000 	C:\Windows\SYSTEM32\DNSAPI.dll
0x00007ffa37d30000 - 0x00007ffa37d6b000 	C:\Windows\SYSTEM32\IPHLPAPI.DLL
0x00007ffa39cd0000 - 0x00007ffa39cd8000 	C:\Windows\System32\NSI.dll
0x00007ffa0b870000 - 0x00007ffa0b879000 	C:\Users\ok10p\.jdks\corretto-17.0.13\bin\extnet.dll
0x00007ffa2f750000 - 0x00007ffa2f75a000 	C:\Windows\System32\rasadhlp.dll
0x00007ffa319d0000 - 0x00007ffa31a50000 	C:\Windows\System32\fwpuclnt.dll
0x00007ffa20b90000 - 0x00007ffa20b99000 	C:\Users\ok10p\.jdks\corretto-17.0.13\bin\management.dll
0x00007ffa1d370000 - 0x00007ffa1d37b000 	C:\Users\ok10p\.jdks\corretto-17.0.13\bin\management_ext.dll
0x00007ffa3a530000 - 0x00007ffa3a538000 	C:\Windows\System32\PSAPI.DLL
0x00007ffa38610000 - 0x00007ffa38628000 	C:\Windows\SYSTEM32\CRYPTSP.dll
0x00007ffa37910000 - 0x00007ffa37944000 	C:\Windows\system32\rsaenh.dll
0x00007ffa38860000 - 0x00007ffa3888e000 	C:\Windows\SYSTEM32\USERENV.dll
0x00007ffa38230000 - 0x00007ffa3823c000 	C:\Windows\SYSTEM32\CRYPTBASE.dll
0x00007ffa33a10000 - 0x00007ffa33a27000 	C:\Windows\SYSTEM32\dhcpcsvc6.DLL
0x00007ffa33780000 - 0x00007ffa3379d000 	C:\Windows\SYSTEM32\dhcpcsvc.DLL
0x00007ffa0ca00000 - 0x00007ffa0ca17000 	C:\Windows\system32\napinsp.dll
0x00007ffa17880000 - 0x00007ffa1789b000 	C:\Windows\system32\pnrpnsp.dll
0x00007ffa1dfd0000 - 0x00007ffa1dfe5000 	C:\Windows\system32\wshbth.dll
0x00007ffa34d00000 - 0x00007ffa34d1d000 	C:\Windows\system32\NLAapi.dll
0x00007ffa178d0000 - 0x00007ffa178e2000 	C:\Windows\System32\winrnr.dll
0x00007ffa350c0000 - 0x00007ffa350ce000 	C:\Users\ok10p\.jdks\corretto-17.0.13\bin\sunmscapi.dll
0x00007ffa39190000 - 0x00007ffa392ec000 	C:\Windows\System32\CRYPT32.dll
0x00007ffa38330000 - 0x00007ffa38357000 	C:\Windows\SYSTEM32\ncrypt.dll
0x00007ffa382f0000 - 0x00007ffa3832b000 	C:\Windows\SYSTEM32\NTASN1.dll
0x00007ffa1dd20000 - 0x00007ffa1dd27000 	C:\Windows\system32\wshunix.dll
0x00007ffa00560000 - 0x00007ffa0058f000 	D:\Dev\Capstone_Design_II\JNI.dll
0x00007ff95b830000 - 0x00007ff95b88a000 	D:\Dev\Capstone_Design_II\wfreerdp-client3.dll
0x00007ff94de60000 - 0x00007ff94df6a000 	D:\Dev\Capstone_Design_II\winpr3.dll
0x00007ff945920000 - 0x00007ff945a3c000 	D:\Dev\Capstone_Design_II\freerdp-client3.dll
0x00007ff943550000 - 0x00007ff943903000 	D:\Dev\Capstone_Design_II\freerdp3.dll
0x00007ffa3aa40000 - 0x00007ffa3ab6b000 	C:\Windows\System32\ole32.dll
0x00007ff9ed820000 - 0x00007ff9ed84b000 	C:\Windows\SYSTEM32\VCRUNTIME140D.dll
0x00007ff945030000 - 0x00007ff9451f7000 	C:\Windows\SYSTEM32\ucrtbased.dll
0x00007ffa1a6e0000 - 0x00007ffa1a6f9000 	C:\Windows\SYSTEM32\credui.dll
0x00007ffa2f760000 - 0x00007ffa2f767000 	C:\Windows\SYSTEM32\MSIMG32.dll
0x00007ffa2f350000 - 0x00007ffa2f3f4000 	C:\Windows\SYSTEM32\WINSPOOL.DRV
0x00007ff9ddd70000 - 0x00007ff9dddb0000 	C:\Windows\SYSTEM32\libcjson.dll
0x00007ff94de00000 - 0x00007ff94de54000 	C:\Windows\SYSTEM32\libzlib.dll
0x00007ff945670000 - 0x00007ff945769000 	C:\msys64\mingw64\bin\libssl-3-x64.dll
0x00007ff943050000 - 0x00007ff943543000 	C:\msys64\mingw64\bin\libcrypto-3-x64.dll
0x00007ff9c06f0000 - 0x00007ff9c0714000 	C:\msys64\mingw64\bin\ZLIB1.dll
0x00007ff971ce0000 - 0x00007ff971d07000 	C:\msys64\mingw64\lib\ossl-modules\legacy.dll
0x00007ffa1ce70000 - 0x00007ffa1ce7c000 	C:\Windows\SYSTEM32\secur32.dll
0x00007ffa38820000 - 0x00007ffa38852000 	C:\Windows\SYSTEM32\SSPICLI.DLL
0x00007ffa37fa0000 - 0x00007ffa3802b000 	C:\Windows\system32\msv1_0.DLL
0x00007ffa386a0000 - 0x00007ffa386b4000 	C:\Windows\SYSTEM32\NtlmShared.dll
0x00007ffa38680000 - 0x00007ffa38695000 	C:\Windows\SYSTEM32\cryptdll.dll

dbghelp: loaded successfully - version: 4.0.5 - missing functions: none
symbol engine: initialized successfully - sym options: 0x614 - pdb path: .;C:\Users\ok10p\.jdks\corretto-17.0.13\bin;C:\Windows\SYSTEM32;C:\Windows\WinSxS\amd64_microsoft.windows.common-controls_6595b64144ccf1df_6.0.19041.4355_none_60b8b9eb71f62e16;C:\Users\ok10p\.jdks\corretto-17.0.13\bin\server;C:\Program Files\JetBrains\IntelliJ IDEA 2023.3.6\bin;D:\Dev\Capstone_Design_II;C:\msys64\mingw64\bin;C:\msys64\mingw64\lib\ossl-modules

VM Arguments:
jvm_args: -XX:TieredStopAtLevel=1 -Dspring.output.ansi.enabled=always -Dcom.sun.management.jmxremote -Dspring.jmx.enabled=true -Dspring.liveBeansView.mbeanDomain -Dspring.application.admin.enabled=true -Dmanagement.endpoints.jmx.exposure.include=* -javaagent:C:\Program Files\JetBrains\IntelliJ IDEA 2023.3.6\lib\idea_rt.jar=63846:C:\Program Files\JetBrains\IntelliJ IDEA 2023.3.6\bin -Dfile.encoding=UTF-8 
java_command: com.freerdp.FreeRDPApplication
java_class_path (initial): D:\Dev\Capstone_Design_II\build\classes\java\main;D:\Dev\Capstone_Design_II\build\resources\main;C:\Users\ok10p\.gradle\caches\modules-2\files-2.1\org.projectlombok\lombok\1.18.34\ec547ef414ab1d2c040118fb9c1c265ada63af14\lombok-1.18.34.jar;C:\Users\ok10p\.gradle\caches\modules-2\files-2.1\org.springframework.boot\spring-boot-starter-websocket\3.3.5\f34b2713e59c3717f654eeaea7a4aa0771738d4f\spring-boot-starter-websocket-3.3.5.jar;C:\Users\ok10p\.gradle\caches\modules-2\files-2.1\org.springframework.boot\spring-boot-starter-web\3.3.5\51cc6cd5fb15f4eecfadea4ac689ed290e65c2cc\spring-boot-starter-web-3.3.5.jar;C:\Users\ok10p\.gradle\caches\modules-2\files-2.1\org.springframework\spring-websocket\6.1.14\bb2335356845bf703234fea83fcfa032b759c99\spring-websocket-6.1.14.jar;C:\Users\ok10p\.gradle\caches\modules-2\files-2.1\org.springframework\spring-messaging\6.1.14\97e6f282fc94bfaec4d0146511727186452a0af\spring-messaging-6.1.14.jar;C:\Users\ok10p\.gradle\caches\modules-2\files-2.1\org.springframework.boot\spring-boot-starter-json\3.3.5\a92dd0bc808c9de278bc62bc37db4e409027657a\spring-boot-starter-json-3.3.5.jar;C:\Users\ok10p\.gradle\caches\modules-2\files-2.1\org.springframework.boot\spring-boot-starter\3.3.5\16b7a9acf1918a8f763e871ada3794e9ffd4a980\spring-boot-starter-3.3.5.jar;C:\Users\ok10p\.gradle\caches\modules-2\files-2.1\org.springframework.boot\spring-boot-starter-tomcat\3.3.5\9fcf404e2efc06612af0c194e6d4f4162c6aac24\spring-boot-starter-tomcat-3.3.5.jar;C:\Users\ok10p\.gradle\caches\modules-2\files-2.1\org.springframework\spring-webmvc\6.1.14\804478303aac6f91ea566efd4fef3dc06380528a\spring-webmvc-6.1.14.jar;C:\Users\ok10p\.gradle\caches\modules-2\files-2.1\org.springframework\spring-web\6.1.14\b45eaad7df4f37ce224acdcb555a6a3dd5c246b2\spring-web-6.1.14.jar;C:\Users\ok10p\.gradle\caches\modules-2\files-2.1\org.springframework\spring-context\6.1.14\b3d96fb4310376a608465c3544b7cfb790293787\spring-context-6.1.14.jar;C:\Users\ok10p\.gradle\cache
Launcher Type: SUN_STANDARD

[Global flags]
     intx CICompilerCount                          = 4                                         {product} {ergonomic}
     uint ConcGCThreads                            = 3                                         {product} {ergonomic}
     uint G1ConcRefinementThreads                  = 10                                        {product} {ergonomic}
   size_t G1HeapRegionSize                         = 4194304                                   {product} {ergonomic}
    uintx GCDrainStackTargetSize                   = 64                                        {product} {ergonomic}
   size_t InitialHeapSize                          = 536870912                                 {product} {ergonomic}
     bool ManagementServer                         = true                                      {product} {command line}
   size_t MarkStackSize                            = 4194304                                   {product} {ergonomic}
   size_t MaxHeapSize                              = 8543797248                                {product} {ergonomic}
   size_t MaxNewSize                               = 5125439488                                {product} {ergonomic}
   size_t MinHeapDeltaBytes                        = 4194304                                   {product} {ergonomic}
   size_t MinHeapSize                              = 8388608                                   {product} {ergonomic}
    uintx NonProfiledCodeHeapSize                  = 0                                      {pd product} {ergonomic}
     bool ProfileInterpreter                       = false                                  {pd product} {command line}
    uintx ProfiledCodeHeapSize                     = 0                                      {pd product} {ergonomic}
   size_t SoftMaxHeapSize                          = 8543797248                             {manageable} {ergonomic}
     intx TieredStopAtLevel                        = 1                                         {product} {command line}
     bool UseCompressedClassPointers               = true                           {product lp64_product} {ergonomic}
     bool UseCompressedOops                        = true                           {product lp64_product} {ergonomic}
     bool UseG1GC                                  = true                                      {product} {ergonomic}
     bool UseLargePagesIndividualAllocation        = false                                  {pd product} {ergonomic}

Logging:
Log output configuration:
 #0: stdout all=warning uptime,level,tags
 #1: stderr all=off uptime,level,tags

Environment Variables:
JAVA_HOME=C:\Program Files\Java\jdk-19
CLASSPATH=C:\Program Files\Java\jdk-19\lib
PATH=C:\Program Files\NVIDIA GPU Computing Toolkit\CUDA\v12.3\bin;C:\Program Files\NVIDIA GPU Computing Toolkit\CUDA\v12.3\libnvvp;C:\Windows\system32;C:\Windows;C:\Windows\System32\Wbem;C:\Windows\System32\WindowsPowerShell\v1.0\;C:\Windows\System32\OpenSSH\;C:\Program Files\Bandizip\;C:\Program Files\MATLAB\R2022a\bin;C:\Program Files\Java\jdk-19\bin;C:\Program Files\PuTTY\;C:\Users\ok10p\AppData\Local\Packages\PythonSoftwareFoundation.Python.3.11_qbz5n2kfra8p0\LocalCache\local-packages\Python311\site-packages;C:\Program Files\Docker\Docker\resources\bin;C:\Program Files\NVIDIA Corporation\Nsight Compute 2023.3.0\;C:\Program Files (x86)\NVIDIA Corporation\PhysX\Common;C:\Program Files\NVIDIA Corporation\NVIDIA NvDLISR;C:\Program Files\Git\cmd;C:\msys64;C:\msys64\usr\bin;C:\msys64\mingw64\bin;C:\Program Files\CMake\bin;D:\Dev\install\ffmpeg-2024-10-24-git-153a6dc8fa-full_build\bin;D:\Dev\install\OpenSSL-Win64\bin;C:\Users\ok10p\anaconda3;C:\Users\ok10p\anaconda3\Library\mingw-w64\bin;C:\Users\ok10p\anaconda3\Library\usr\bin;C:\Users\ok10p\anaconda3\Library\bin;C:\Users\ok10p\anaconda3\Scripts;C:\Users\ok10p\AppData\Local\Microsoft\WindowsApps;C:\Users\ok10p\AppData\Local\GitHubDesktop\bin;C:\Users\ok10p\AppData\Local\Programs\Microsoft VS Code\bin;C:\Program Files\Java\jdk-22\bin;C:\Program Files\JetBrains\IntelliJ IDEA 2023.3.6\bin;;C:\msys64\ucrt64\bin;
USERNAME=ok10p
OS=Windows_NT
PROCESSOR_IDENTIFIER=Intel64 Family 6 Model 151 Stepping 5, GenuineIntel
TMP=C:\Users\ok10p\AppData\Local\Temp
TEMP=C:\Users\ok10p\AppData\Local\Temp



Periodic native trim disabled


---------------  S Y S T E M  ---------------

OS:
 Windows 10 , 64 bit Build 19041 (10.0.19041.5072)
OS uptime: 1 days 20:59 hours
Hyper-V role detected

CPU: total 12 (initial active 12) (6 cores per cpu, 2 threads per core) family 6 model 151 stepping 5 microcode 0xf, cx8, cmov, fxsr, ht, mmx, 3dnowpref, sse, sse2, sse3, ssse3, sse4.1, sse4.2, popcnt, lzcnt, tsc, tscinvbit, avx, avx2, aes, erms, clmul, bmi1, bmi2, adx, sha, fma, vzeroupper, clflush, clflushopt, clwb, hv
Processor Information for all 12 processors :
  Max Mhz: 2500, Current Mhz: 2500, Mhz Limit: 2500

Memory: 4k page, system-wide physical 32578M (16694M free)
TotalPageFile size 34626M (AvailPageFile size 11150M)
current process WorkingSet (physical memory assigned to process): 201M, peak: 201M
current process commit charge ("private bytes"): 262M, peak: 649M

vm_info: OpenJDK 64-Bit Server VM (17.0.13+11-LTS) for windows-amd64 JRE (17.0.13+11-LTS), built on Oct 10 2024 19:51:30 by "Administrator" with MS VC++ 16.10 / 16.11 (VS2019)

END.
