#
# A fatal error has been detected by the Java Runtime Environment:
#
#  EXCEPTION_ACCESS_VIOLATION (0xc0000005) at pc=0x00007ffc41fac9f0, pid=43020, tid=16920
#
# JRE version: OpenJDK Runtime Environment Corretto-17.0.13.11.1 (17.0.13+11) (build 17.0.13+11-LTS)
# Java VM: OpenJDK 64-Bit Server VM Corretto-17.0.13.11.1 (17.0.13+11-LTS, mixed mode, emulated-client, sharing, tiered, compressed oops, compressed class ptrs, g1 gc, windows-amd64)
# Problematic frame:
# V  [jvm.dll+0xc9f0]
#
# No core dump will be written. Minidumps are not enabled by default on client versions of Windows
#
# If you would like to submit a bug report, please visit:
#   https://github.com/corretto/corretto-17/issues/
#

---------------  S U M M A R Y ------------

Command Line: -XX:TieredStopAtLevel=1 -Dspring.output.ansi.enabled=always -Dcom.sun.management.jmxremote -Dspring.jmx.enabled=true -Dspring.liveBeansView.mbeanDomain -Dspring.application.admin.enabled=true -Dmanagement.endpoints.jmx.exposure.include=* -javaagent:C:\Program Files\JetBrains\IntelliJ IDEA 2023.3.6\lib\idea_rt.jar=60617:C:\Program Files\JetBrains\IntelliJ IDEA 2023.3.6\bin -Dfile.encoding=UTF-8 com.freerdp.FreeRDPApplication

Host: 12th Gen Intel(R) Core(TM) i5-12400, 12 cores, 31G,  Windows 10 , 64 bit Build 19041 (10.0.19041.5072)
Time: Thu Nov 28 17:00:16 2024  Windows 10 , 64 bit Build 19041 (10.0.19041.5072) elapsed time: 22.171582 seconds (0d 0h 0m 22s)

---------------  T H R E A D  ---------------

Current thread (0x00000282febb9c70):  JavaThread "Thread-2" [_thread_in_vm, id=16920, stack(0x00000083fad00000,0x00000083fae00000)]

Stack: [0x00000083fad00000,0x00000083fae00000],  sp=0x00000083fadfe1f8,  free space=1016k
Native frames: (J=compiled Java code, j=interpreted, Vv=VM code, C=native code)
V  [jvm.dll+0xc9f0]

Java frames: (J=compiled Java code, j=interpreted, Vv=VM code)
j  com.freerdp.services.LibFreeRDP.freerdp_copy_bitmap(J[BIIII)Z+0
j  com.freerdp.services.LibFreeRDP.copy_bitmap(J[BIIII)Z+9
j  com.freerdp.services.LibFreeRDP.OnGraphicsUpdate(JIIII)V+32
v  ~StubRoutines::call_stub

siginfo: EXCEPTION_ACCESS_VIOLATION (0xc0000005), reading address 0x0000000000000000


Registers:
RAX=0x0000000000000000, RBX=0x00000282febb9c70, RCX=0x0000000000000000, RDX=0x0000000000000000
RSP=0x00000083fadfe1f8, RBP=0x00000083fadfe260, RSI=0x0000000000000000, RDI=0x0000000000000000
R8 =0x0000000000000000, R9 =0x0000000000000000, R10=0x00000282dfced079, R11=0x0000000603974bc0
R12=0x0000000000000000, R13=0x00000282fa58ae20, R14=0x00000083fadfe600, R15=0x00000282febb9c70
RIP=0x00007ffc41fac9f0, EFLAGS=0x0000000000010246


Register to memory mapping:

RIP=0x00007ffc41fac9f0 jvm.dll
RAX=0x0 is NULL
RBX=0x00000282febb9c70 is a thread
RCX=0x0 is NULL
RDX=0x0 is NULL
RSP=0x00000083fadfe1f8 is pointing into the stack for thread: 0x00000282febb9c70
RBP=0x00000083fadfe260 is pointing into the stack for thread: 0x00000282febb9c70
RSI=0x0 is NULL
RDI=0x0 is NULL
R8 =0x0 is NULL
R9 =0x0 is NULL
R10=0x00000282dfced079 is at code_begin+889 in an Interpreter codelet
method entry point (kind = native)  [0x00000282dfcecd00, 0x00000282dfced660]  2400 bytes
R11=0x0000000603974bc0 is an oop: java.lang.Class 
{0x0000000603974bc0} - klass: 'java/lang/Class'
 - ---- fields (total size 15 words):
 - private volatile transient 'classRedefinedCount' 'I' @12  0
 - private volatile transient 'cachedConstructor' 'Ljava/lang/reflect/Constructor;' @40  NULL (0)
 - private transient 'name' 'Ljava/lang/String;' @44  "com.freerdp.services.LibFreeRDP"{0x0000000603a8cea8} (c07519d5)
 - private transient 'module' 'Ljava/lang/Module;' @48  a 'java/lang/Module'{0x0000000602d29e20} (c05a53c4)
 - private final 'classLoader' 'Ljava/lang/ClassLoader;' @52  a 'jdk/internal/loader/ClassLoaders$AppClassLoader'{0x0000000602d1e280} (c05a3c50)
 - private transient 'classData' 'Ljava/lang/Object;' @56  NULL (0)
 - private transient 'packageName' 'Ljava/lang/String;' @60  "com.freerdp.services"{0x0000000603aeb3c0} (c075d678)
 - private final 'componentType' 'Ljava/lang/Class;' @64  NULL (0)
 - private volatile transient 'reflectionData' 'Ljava/lang/ref/SoftReference;' @68  NULL (0)
 - private volatile transient 'genericInfo' 'Lsun/reflect/generics/repository/ClassRepository;' @72  NULL (0)
 - private volatile transient 'enumConstants' '[Ljava/lang/Object;' @76  NULL (0)
 - private volatile transient 'enumConstantDirectory' 'Ljava/util/Map;' @80  NULL (0)
 - private volatile transient 'annotationData' 'Ljava/lang/Class$AnnotationData;' @84  NULL (0)
 - private volatile transient 'annotationType' 'Lsun/reflect/annotation/AnnotationType;' @88  NULL (0)
 - transient 'classValueMap' 'Ljava/lang/ClassValue$ClassValueMap;' @92  NULL (0)
 - signature: Lcom/freerdp/services/LibFreeRDP;
 - fake entry for mirror: 'com/freerdp/services/LibFreeRDP'
 - fake entry for array: NULL
 - fake entry for oop_size: 15
 - fake entry for static_oop_field_count: 1
 - private static final 'logger' 'Lorg/slf4j/Logger;' @112  a 'ch/qos/logback/classic/Logger'{0x0000000603a8ce78} (c07519cf)
R12=0x0 is NULL
R13=0x00000282fa58ae20 is pointing into metadata
R14=0x00000083fadfe600 is pointing into the stack for thread: 0x00000282febb9c70
R15=0x00000282febb9c70 is a thread


Top of Stack: (sp=0x00000083fadfe1f8)
0x00000083fadfe1f8:   00007ffc4238c899 00000282febb9c70
0x00000083fadfe208:   00007ffc42323d6b 00000083fadfe310
0x00000083fadfe218:   0000000015555b69 00000282febb9c70
0x00000083fadfe228:   00000083fadfeb70 00000282fa58ae40
0x00000083fadfe238:   00007ffcb0371e0e 00000083fadfe260
0x00000083fadfe248:   0000000000000000 00000282fde6ef90
0x00000083fadfe258:   00000282febb9c70 00000282f8c74490
0x00000083fadfe268:   00000282f8c74868 00000000000003d8
0x00000083fadfe278:   00000282fa58ae40 00007ffc428bd4f0
0x00000083fadfe288:   0000000000000000 0000000000000000
0x00000083fadfe298:   0000000000000000 0000000000000000
0x00000083fadfe2a8:   0000000000000000 0000000000000000
0x00000083fadfe2b8:   0000000000000000 0000000000000000
0x00000083fadfe2c8:   00000282fe000000 00000083fadfe280
0x00000083fadfe2d8:   00000282dfd0a580 0000000000000000
0x00000083fadfe2e8:   00000282dfd0a5c2 00000282dfd0a980
0x00000083fadfe2f8:   0000000000000000 0000000000000000
0x00000083fadfe308:   0000000000000000 00000282dfd0a580
0x00000083fadfe318:   0000000000010000 00007ffcb038b136
0x00000083fadfe328:   00000282febb9c70 00000083fadfe3b0
0x00000083fadfe338:   00007ffcb03769ad 00000282febb9f28
0x00000083fadfe348:   0000000000000000 0000000000000000
0x00000083fadfe358:   0000000000000000 0000000000000000
0x00000083fadfe368:   00000083fa020000 00000083fadfe280
0x00000083fadfe378:   0000000000000000 0000000000000000
0x00000083fadfe388:   00000282dfd0a580 0000028200000400
0x00000083fadfe398:   00000083fadfe3a0 00007ffc428bd490
0x00000083fadfe3a8:   0000000000000000 00000282febb9c70
0x00000083fadfe3b8:   00000282fde03580 0000000000000000
0x00000083fadfe3c8:   00000282febb9c00 0000000000000000
0x00000083fadfe3d8:   00000282f8cc77f0 0000000000000000
0x00000083fadfe3e8:   0000000000000000 00000282febb9c00 

Instructions: (pc=0x00007ffc41fac9f0)
0x00007ffc41fac8f0:   00 00 00 48 8b 41 38 48 8b 80 68 09 00 00 48 8b
0x00007ffc41fac900:   48 08 48 8b 40 50 48 d3 ea 80 3c 02 01 0f 85 cd
0x00007ffc41fac910:   00 00 00 48 8b 13 0f b6 c2 24 03 3c 03 75 19 48
0x00007ffc41fac920:   83 e2 fc 74 13 48 3b da 74 11 48 8b c2 48 8b 5c
0x00007ffc41fac930:   24 38 48 83 c4 20 5e c3 48 8b d3 48 8b 46 38 0f
0x00007ffc41fac940:   be 88 f1 02 00 00 c1 e9 02 f6 c1 01 74 dc 48 89
0x00007ffc41fac950:   7c 24 30 e8 a8 e3 ff ff 48 8b 0d e9 80 bb 00 48
0x00007ffc41fac960:   8b f8 48 81 c1 70 09 00 00 8b 41 40 0f b6 57 21
0x00007ffc41fac970:   8d 42 01 88 47 21 84 d2 75 0a 48 8b d7 e8 be 39
0x00007ffc41fac980:   70 00 eb 20 80 7f 22 00 75 1a 8b 41 40 85 05 d9
0x00007ffc41fac990:   25 9b 00 74 0f b8 ff ff ff ff f0 0f c1 41 40 e8
0x00007ffc41fac9a0:   ec 39 70 00 48 8b 4e 38 4c 8b c7 48 8b d3 e8 dd
0x00007ffc41fac9b0:   f7 ff ff 0f b6 4f 21 48 8b d8 48 8b 15 87 80 bb
0x00007ffc41fac9c0:   00 8d 41 ff 88 47 21 80 f9 01 77 0f 48 8d 8a 70
0x00007ffc41fac9d0:   09 00 00 48 8b d7 e8 95 39 70 00 48 8b 7c 24 30
0x00007ffc41fac9e0:   48 8b c3 48 8b 5c 24 38 48 83 c4 20 5e c3 cc cc
0x00007ffc41fac9f0:   48 8b 01 c3 cc cc cc cc cc cc cc cc cc cc cc cc
0x00007ffc41faca00:   4c 8b 01 4c 8b c9 48 8b 0d c3 01 b7 00 ba 44 60
0x00007ffc41faca10:   08 00 e9 d9 f1 ff ff cc cc cc cc cc cc cc cc cc
0x00007ffc41faca20:   48 89 5c 24 08 57 48 83 ec 20 48 8b 39 48 8b d9
0x00007ffc41faca30:   48 85 3d 21 ef bb 00 75 0e 48 8b c7 48 8b 5c 24
0x00007ffc41faca40:   30 48 83 c4 20 5f c3 48 8b cf e8 c1 d8 85 00 48
0x00007ffc41faca50:   8b d0 48 85 c0 74 20 48 8b c7 f0 48 0f b1 13 74
0x00007ffc41faca60:   16 48 85 05 f0 ee bb 00 74 0d 48 8b c8 f0 48 0f
0x00007ffc41faca70:   b1 13 48 3b c1 75 ea 48 8b 5c 24 30 48 8b c2 48
0x00007ffc41faca80:   83 c4 20 5f c3 cc cc cc cc cc cc cc cc cc cc cc
0x00007ffc41faca90:   4c 8b 01 4c 8b c9 48 8b 0d 33 01 b7 00 ba 64 60
0x00007ffc41facaa0:   08 00 e9 49 f1 ff ff cc cc cc cc cc cc cc cc cc
0x00007ffc41facab0:   8b 05 52 48 b1 00 c3 cc cc cc cc cc cc cc cc cc
0x00007ffc41facac0:   0f b6 05 52 0a b8 00 48 8b d1 84 c0 74 16 44 8b
0x00007ffc41facad0:   41 08 8b 0d 30 48 b1 00 49 d3 e0 4c 03 05 1e 48
0x00007ffc41facae0:   b1 00 eb 04 4c 8b 41 08 45 8b 50 08 45 85 d2 7e 


Stack slot to memory mapping:
stack at sp + 0 slots: 0x00007ffc4238c899 jvm.dll
stack at sp + 1 slots: 0x00000282febb9c70 is a thread
stack at sp + 2 slots: 0x00007ffc42323d6b jvm.dll
stack at sp + 3 slots: 0x00000083fadfe310 is pointing into the stack for thread: 0x00000282febb9c70
stack at sp + 4 slots: 0x0000000015555b69 is an unknown value
stack at sp + 5 slots: 0x00000282febb9c70 is a thread
stack at sp + 6 slots: 0x00000083fadfeb70 is pointing into the stack for thread: 0x00000282febb9c70
stack at sp + 7 slots: {method} {0x00000282fa58ae48} 'freerdp_copy_bitmap' '(J[BIIII)Z' in 'com/freerdp/services/LibFreeRDP'


---------------  P R O C E S S  ---------------

Threads class SMR info:
_java_thread_list=0x00000282fe356110, length=32, elements={
0x00000282f60c5a10, 0x00000282f60c6890, 0x00000282f60e39b0, 0x00000282f60e4830,
0x00000282f60e6ba0, 0x00000282f60e9d10, 0x00000282f60eea30, 0x00000282f8c61fe0,
0x00000282f8c40ae0, 0x00000282f8f64d80, 0x00000282f8f65260, 0x00000282fd68f020,
0x00000282fe262020, 0x00000282fe262500, 0x00000282fe2a93a0, 0x00000282fe2a8e90,
0x00000282fe2a8980, 0x00000282fe2a98b0, 0x00000282fe2a9dc0, 0x00000282fe2aa2d0,
0x00000282fe2aa7e0, 0x00000282fe2aacf0, 0x00000282fe2ab200, 0x00000282fe2a7a50,
0x00000282fe2a7f60, 0x00000282fe2a8470, 0x00000282febb64c0, 0x00000282febb4b70,
0x00000282febb5590, 0x00000282febb5fb0, 0x00000282febb3730, 0x00000282febb9c70
}

Java Threads: ( => current thread )
  0x00000282f60c5a10 JavaThread "Reference Handler" daemon [_thread_blocked, id=24160, stack(0x00000083f6400000,0x00000083f6500000)]
  0x00000282f60c6890 JavaThread "Finalizer" daemon [_thread_blocked, id=28484, stack(0x00000083f6500000,0x00000083f6600000)]
  0x00000282f60e39b0 JavaThread "Signal Dispatcher" daemon [_thread_blocked, id=11744, stack(0x00000083f6600000,0x00000083f6700000)]
  0x00000282f60e4830 JavaThread "Attach Listener" daemon [_thread_blocked, id=28888, stack(0x00000083f6700000,0x00000083f6800000)]
  0x00000282f60e6ba0 JavaThread "Service Thread" daemon [_thread_blocked, id=32208, stack(0x00000083f6800000,0x00000083f6900000)]
  0x00000282f60e9d10 JavaThread "Monitor Deflation Thread" daemon [_thread_blocked, id=48008, stack(0x00000083f6900000,0x00000083f6a00000)]
  0x00000282f60eea30 JavaThread "C1 CompilerThread0" daemon [_thread_blocked, id=14532, stack(0x00000083f6a00000,0x00000083f6b00000)]
  0x00000282f8c61fe0 JavaThread "Sweeper thread" daemon [_thread_blocked, id=15932, stack(0x00000083f6b00000,0x00000083f6c00000)]
  0x00000282f8c40ae0 JavaThread "Common-Cleaner" daemon [_thread_blocked, id=13136, stack(0x00000083f6c00000,0x00000083f6d00000)]
  0x00000282f8f64d80 JavaThread "Monitor Ctrl-Break" daemon [_thread_in_native, id=49280, stack(0x00000083f7000000,0x00000083f7100000)]
  0x00000282f8f65260 JavaThread "Notification Thread" daemon [_thread_blocked, id=51484, stack(0x00000083f7100000,0x00000083f7200000)]
  0x00000282fd68f020 JavaThread "RMI TCP Accept-0" daemon [_thread_in_native, id=33168, stack(0x00000083f7200000,0x00000083f7300000)]
  0x00000282fe262020 JavaThread "RMI TCP Connection(1)-192.168.200.123" daemon [_thread_in_native, id=40580, stack(0x00000083f7f00000,0x00000083f8000000)]
  0x00000282fe262500 JavaThread "RMI Scheduler(0)" daemon [_thread_blocked, id=48900, stack(0x00000083f8000000,0x00000083f8100000)]
  0x00000282fe2a93a0 JavaThread "Catalina-utility-1" [_thread_blocked, id=45580, stack(0x00000083f8100000,0x00000083f8200000)]
  0x00000282fe2a8e90 JavaThread "Catalina-utility-2" [_thread_blocked, id=46376, stack(0x00000083f8200000,0x00000083f8300000)]
  0x00000282fe2a8980 JavaThread "container-0" [_thread_blocked, id=52580, stack(0x00000083f8300000,0x00000083f8400000)]
  0x00000282fe2a98b0 JavaThread "http-nio-8080-exec-1" daemon [_thread_blocked, id=51904, stack(0x00000083f8500000,0x00000083f8600000)]
  0x00000282fe2a9dc0 JavaThread "http-nio-8080-exec-2" daemon [_thread_blocked, id=51092, stack(0x00000083f8600000,0x00000083f8700000)]
  0x00000282fe2aa2d0 JavaThread "http-nio-8080-exec-3" daemon [_thread_blocked, id=12264, stack(0x00000083f8700000,0x00000083f8800000)]
  0x00000282fe2aa7e0 JavaThread "http-nio-8080-exec-4" daemon [_thread_blocked, id=38316, stack(0x00000083f8800000,0x00000083f8900000)]
  0x00000282fe2aacf0 JavaThread "http-nio-8080-exec-5" daemon [_thread_blocked, id=32436, stack(0x00000083f8900000,0x00000083f8a00000)]
  0x00000282fe2ab200 JavaThread "http-nio-8080-exec-6" daemon [_thread_blocked, id=55020, stack(0x00000083f8a00000,0x00000083f8b00000)]
  0x00000282fe2a7a50 JavaThread "http-nio-8080-exec-7" daemon [_thread_blocked, id=53604, stack(0x00000083f8b00000,0x00000083f8c00000)]
  0x00000282fe2a7f60 JavaThread "http-nio-8080-exec-8" daemon [_thread_blocked, id=26684, stack(0x00000083f8c00000,0x00000083f8d00000)]
  0x00000282fe2a8470 JavaThread "http-nio-8080-exec-9" daemon [_thread_blocked, id=31372, stack(0x00000083f8d00000,0x00000083f8e00000)]
  0x00000282febb64c0 JavaThread "http-nio-8080-exec-10" daemon [_thread_blocked, id=48828, stack(0x00000083f8e00000,0x00000083f8f00000)]
  0x00000282febb4b70 JavaThread "http-nio-8080-Poller" daemon [_thread_in_native, id=41092, stack(0x00000083f8f00000,0x00000083f9000000)]
  0x00000282febb5590 JavaThread "http-nio-8080-Acceptor" daemon [_thread_in_native, id=19644, stack(0x00000083f9000000,0x00000083f9100000)]
  0x00000282febb5fb0 JavaThread "DestroyJavaVM" [_thread_blocked, id=50168, stack(0x00000083f5d00000,0x00000083f5e00000)]
  0x00000282febb3730 JavaThread "WebSocket background processing" daemon [_thread_blocked, id=44268, stack(0x00000083f6d00000,0x00000083f6e00000)]
=>0x00000282febb9c70 JavaThread "Thread-2" [_thread_in_vm, id=16920, stack(0x00000083fad00000,0x00000083fae00000)]

Other Threads:
  0x00000282f60bfbd0 VMThread "VM Thread" [stack: 0x00000083f6300000,0x00000083f6400000] [id=50880]
  0x00000282fd4d8520 WatcherThread [stack: 0x00000083f7300000,0x00000083f7400000] [id=31516]
  0x00000282f5f50b90 GCTaskThread "GC Thread#0" [stack: 0x00000083f5e00000,0x00000083f5f00000] [id=8492]
  0x00000282fd860700 GCTaskThread "GC Thread#1" [stack: 0x00000083f7400000,0x00000083f7500000] [id=40740]
  0x00000282fd8609c0 GCTaskThread "GC Thread#2" [stack: 0x00000083f7500000,0x00000083f7600000] [id=44372]
  0x00000282fd861490 GCTaskThread "GC Thread#3" [stack: 0x00000083f7600000,0x00000083f7700000] [id=52556]
  0x00000282fd8bd470 GCTaskThread "GC Thread#4" [stack: 0x00000083f7700000,0x00000083f7800000] [id=27688]
  0x00000282fd8bdbb0 GCTaskThread "GC Thread#5" [stack: 0x00000083f7800000,0x00000083f7900000] [id=43824]
  0x00000282fd8be680 GCTaskThread "GC Thread#6" [stack: 0x00000083f7900000,0x00000083f7a00000] [id=4240]
  0x00000282fd8bf3d0 GCTaskThread "GC Thread#7" [stack: 0x00000083f7a00000,0x00000083f7b00000] [id=14992]
  0x00000282fd8bfb10 GCTaskThread "GC Thread#8" [stack: 0x00000083f7b00000,0x00000083f7c00000] [id=39216]
  0x00000282fd8c0860 GCTaskThread "GC Thread#9" [stack: 0x00000083f7c00000,0x00000083f7d00000] [id=11016]
  0x00000282d8227890 ConcurrentGCThread "G1 Main Marker" [stack: 0x00000083f5f00000,0x00000083f6000000] [id=47200]
  0x00000282d8228a50 ConcurrentGCThread "G1 Conc#0" [stack: 0x00000083f6000000,0x00000083f6100000] [id=15892]
  0x00000282fe10ff10 ConcurrentGCThread "G1 Conc#1" [stack: 0x00000083f7d00000,0x00000083f7e00000] [id=44784]
  0x00000282fe15c420 ConcurrentGCThread "G1 Conc#2" [stack: 0x00000083f7e00000,0x00000083f7f00000] [id=41164]
  0x00000282d825ec80 ConcurrentGCThread "G1 Refine#0" [stack: 0x00000083f6100000,0x00000083f6200000] [id=35620]
  0x00000282fe0c3350 ConcurrentGCThread "G1 Refine#1" [stack: 0x00000083f8400000,0x00000083f8500000] [id=33572]
  0x00000282f5ffe810 ConcurrentGCThread "G1 Service" [stack: 0x00000083f6200000,0x00000083f6300000] [id=13476]

Threads with active compile tasks:

VM state: not at safepoint (normal execution)

VM Mutex/Monitor currently owned by a thread: None

Heap address: 0x0000000602c00000, size: 8148 MB, Compressed Oops mode: Zero based, Oop shift amount: 3

CDS archive(s) mapped at: [0x0000028280000000-0x0000028280bb0000-0x0000028280bb0000), size 12255232, SharedBaseAddress: 0x0000028280000000, ArchiveRelocationMode: 1.
Compressed class space mapped at: 0x0000028281000000-0x00000282c1000000, reserved size: 1073741824
Narrow klass base: 0x0000028280000000, Narrow klass shift: 0, Narrow klass range: 0x100000000

GC Precious Log:
 CPUs: 12 total, 12 available
 Memory: 32578M
 Large Page Support: Disabled
 NUMA Support: Disabled
 Compressed Oops: Enabled (Zero based)
 Heap Region Size: 4M
 Heap Min Capacity: 8M
 Heap Initial Capacity: 512M
 Heap Max Capacity: 8148M
 Pre-touch: Disabled
 Parallel Workers: 10
 Concurrent Workers: 3
 Concurrent Refinement Workers: 10
 Periodic GC: Disabled

Heap:
 garbage-first heap   total 69632K, used 35486K [0x0000000602c00000, 0x0000000800000000)
  region size 4096K, 6 young (24576K), 1 survivors (4096K)
 Metaspace       used 31866K, committed 32320K, reserved 1114112K
  class space    used 4335K, committed 4544K, reserved 1048576K

Heap Regions: E=young(eden), S=young(survivor), O=old, HS=humongous(starts), HC=humongous(continues), CS=collection set, F=free, OA=open archive, CA=closed archive, TAMS=top-at-mark-start (previous, next)
|   0|0x0000000602c00000, 0x0000000603000000, 0x0000000603000000|100%| O|  |TAMS 0x0000000603000000, 0x0000000602c00000| Untracked 
|   1|0x0000000603000000, 0x0000000603000000, 0x0000000603400000|  0%| F|  |TAMS 0x0000000603000000, 0x0000000603000000| Untracked 
|   2|0x0000000603400000, 0x0000000603800000, 0x0000000603800000|100%| O|  |TAMS 0x0000000603400000, 0x0000000603400000| Untracked 
|   3|0x0000000603800000, 0x0000000603c00000, 0x0000000603c00000|100%| O|  |TAMS 0x0000000603800000, 0x0000000603800000| Untracked 
|   4|0x0000000603c00000, 0x0000000603c00000, 0x0000000604000000|  0%| F|  |TAMS 0x0000000603c00000, 0x0000000603c00000| Untracked 
|   5|0x0000000604000000, 0x00000006041dac00, 0x0000000604400000| 46%| O|  |TAMS 0x0000000604000000, 0x0000000604000000| Untracked 
|   6|0x0000000604400000, 0x0000000604800000, 0x0000000604800000|100%|HS|  |TAMS 0x0000000604400000, 0x0000000604400000| Complete 
|   7|0x0000000604800000, 0x0000000604c00000, 0x0000000604c00000|100%|HC|  |TAMS 0x0000000604800000, 0x0000000604800000| Complete 
|   8|0x0000000604c00000, 0x0000000604c00000, 0x0000000605000000|  0%| F|  |TAMS 0x0000000604c00000, 0x0000000604c00000| Untracked 
|   9|0x0000000605000000, 0x0000000605000000, 0x0000000605400000|  0%| F|  |TAMS 0x0000000605000000, 0x0000000605000000| Untracked 
|  10|0x0000000605400000, 0x0000000605400000, 0x0000000605800000|  0%| F|  |TAMS 0x0000000605400000, 0x0000000605400000| Untracked 
|  11|0x0000000605800000, 0x00000006058ea478, 0x0000000605c00000| 22%| E|  |TAMS 0x0000000605800000, 0x0000000605800000| Complete 
|  12|0x0000000605c00000, 0x0000000606000000, 0x0000000606000000|100%| E|CS|TAMS 0x0000000605c00000, 0x0000000605c00000| Complete 
|  13|0x0000000606000000, 0x0000000606400000, 0x0000000606400000|100%| E|CS|TAMS 0x0000000606000000, 0x0000000606000000| Complete 
| 111|0x000000061e800000, 0x000000061ec00000, 0x000000061ec00000|100%| E|  |TAMS 0x000000061e800000, 0x000000061e800000| Complete 
| 112|0x000000061ec00000, 0x000000061eccccd8, 0x000000061f000000| 20%| S|CS|TAMS 0x000000061ec00000, 0x000000061ec00000| Complete 
| 127|0x0000000622800000, 0x0000000622c00000, 0x0000000622c00000|100%| E|CS|TAMS 0x0000000622800000, 0x0000000622800000| Complete 

Card table byte_map: [0x00000282e4000000,0x00000282e4ff0000] _byte_map_base: 0x00000282e0fea000

Marking Bits (Prev, Next): (CMBitMap*) 0x00000282d8217110, (CMBitMap*) 0x00000282d82170d0
 Prev Bits: [0x00000282edf30000, 0x00000282f5e80000)
 Next Bits: [0x00000282e5fe0000, 0x00000282edf30000)

Polling page: 0x00000282d6000000

Metaspace:

Usage:
  Non-class:     26.89 MB used.
      Class:      4.23 MB used.
       Both:     31.12 MB used.

Virtual space:
  Non-class space:       64.00 MB reserved,      27.12 MB ( 42%) committed,  1 nodes.
      Class space:        1.00 GB reserved,       4.44 MB ( <1%) committed,  1 nodes.
             Both:        1.06 GB reserved,      31.56 MB (  3%) committed. 

Chunk freelists:
   Non-Class:  4.89 MB
       Class:  11.50 MB
        Both:  16.39 MB

MaxMetaspaceSize: unlimited
CompressedClassSpaceSize: 1.00 GB
Initial GC threshold: 21.00 MB
Current GC threshold: 35.44 MB
CDS: on
MetaspaceReclaimPolicy: balanced
 - commit_granule_bytes: 65536.
 - commit_granule_words: 8192.
 - virtual_space_node_default_size: 8388608.
 - enlarge_chunks_in_place: 1.
 - new_chunks_are_fully_committed: 0.
 - uncommit_free_chunks: 1.
 - use_allocation_guard: 0.
 - handle_deallocations: 1.


Internal statistics:

num_allocs_failed_limit: 3.
num_arena_births: 656.
num_arena_deaths: 0.
num_vsnodes_births: 2.
num_vsnodes_deaths: 0.
num_space_committed: 505.
num_space_uncommitted: 0.
num_chunks_returned_to_freelist: 3.
num_chunks_taken_from_freelist: 1794.
num_chunk_merges: 3.
num_chunk_splits: 1219.
num_chunks_enlarged: 863.
num_inconsistent_stats: 0.

CodeCache: size=49152Kb used=7220Kb max_used=8544Kb free=41931Kb
 bounds [0x00000282dfce0000, 0x00000282e0540000, 0x00000282e2ce0000]
 total_blobs=4503 nmethods=3926 adapters=503
 compilation: enabled
              stopped_count=0, restarted_count=0
 full_count=0

Compilation events (20 events):
Event: 21.594 Thread 0x00000282f60eea30 3918       1       java.util.concurrent.locks.LockSupport::setCurrentBlocker (14 bytes)
Event: 21.594 Thread 0x00000282f60eea30 nmethod 3918 0x00000282dff4b890 code [0x00000282dff4ba20, 0x00000282dff4bb38]
Event: 21.597 Thread 0x00000282f60eea30 3919       1       com.fasterxml.jackson.databind.node.ObjectNode::replace (24 bytes)
Event: 21.597 Thread 0x00000282f60eea30 nmethod 3919 0x00000282dff4b410 code [0x00000282dff4b5c0, 0x00000282dff4b738]
Event: 21.598 Thread 0x00000282f60eea30 3920       1       java.util.concurrent.locks.AbstractQueuedSynchronizer$ConditionObject::signal (34 bytes)
Event: 21.598 Thread 0x00000282f60eea30 nmethod 3920 0x00000282dff4af90 code [0x00000282dff4b140, 0x00000282dff4b308]
Event: 21.610 Thread 0x00000282f60eea30 3921       1       sun.nio.ch.IOUtil::acquireScope (11 bytes)
Event: 21.610 Thread 0x00000282f60eea30 nmethod 3921 0x00000282dff4ac90 code [0x00000282dff4ae20, 0x00000282dff4aee8]
Event: 21.610 Thread 0x00000282f60eea30 3922       1       java.nio.Buffer$1::acquireScope (41 bytes)
Event: 21.610 Thread 0x00000282f60eea30 nmethod 3922 0x00000282dff4a710 code [0x00000282dff4a8e0, 0x00000282dff4ab38]
Event: 21.610 Thread 0x00000282f60eea30 3923       1       sun.nio.ch.IOUtil::bufferAddress (10 bytes)
Event: 21.610 Thread 0x00000282f60eea30 nmethod 3923 0x00000282dff4a410 code [0x00000282dff4a5a0, 0x00000282dff4a658]
Event: 21.610 Thread 0x00000282f60eea30 3924       1       java.nio.Buffer$1::getBufferAddress (5 bytes)
Event: 21.611 Thread 0x00000282f60eea30 nmethod 3924 0x00000282dff4a110 code [0x00000282dff4a2a0, 0x00000282dff4a378]
Event: 21.611 Thread 0x00000282f60eea30 3925   !   1       sun.nio.ch.IOUtil::releaseScope (31 bytes)
Event: 21.611 Thread 0x00000282f60eea30 nmethod 3925 0x00000282dff49c90 code [0x00000282dff49e40, 0x00000282dff4a008]
Event: 21.611 Thread 0x00000282f60eea30 3926       1       java.nio.MappedByteBuffer::flip (5 bytes)
Event: 21.611 Thread 0x00000282f60eea30 nmethod 3926 0x00000282dff49990 code [0x00000282dff49b20, 0x00000282dff49bf8]
Event: 21.611 Thread 0x00000282f60eea30 3927       1       java.nio.MappedByteBuffer::flip (7 bytes)
Event: 21.611 Thread 0x00000282f60eea30 nmethod 3927 0x00000282dff49690 code [0x00000282dff49820, 0x00000282dff498f8]

GC Heap History (10 events):
Event: 0.383 GC heap before
{Heap before GC invocations=0 (full 0):
 garbage-first heap   total 524288K, used 24576K [0x0000000602c00000, 0x0000000800000000)
  region size 4096K, 6 young (24576K), 0 survivors (0K)
 Metaspace       used 8105K, committed 8256K, reserved 1114112K
  class space    used 1045K, committed 1152K, reserved 1048576K
}
Event: 0.385 GC heap after
{Heap after GC invocations=1 (full 0):
 garbage-first heap   total 524288K, used 5119K [0x0000000602c00000, 0x0000000800000000)
  region size 4096K, 1 young (4096K), 1 survivors (4096K)
 Metaspace       used 8105K, committed 8256K, reserved 1114112K
  class space    used 1045K, committed 1152K, reserved 1048576K
}
Event: 0.520 GC heap before
{Heap before GC invocations=1 (full 0):
 garbage-first heap   total 524288K, used 25599K [0x0000000602c00000, 0x0000000800000000)
  region size 4096K, 6 young (24576K), 1 survivors (4096K)
 Metaspace       used 12178K, committed 12416K, reserved 1114112K
  class space    used 1620K, committed 1728K, reserved 1048576K
}
Event: 0.522 GC heap after
{Heap after GC invocations=2 (full 0):
 garbage-first heap   total 524288K, used 6538K [0x0000000602c00000, 0x0000000800000000)
  region size 4096K, 1 young (4096K), 1 survivors (4096K)
 Metaspace       used 12178K, committed 12416K, reserved 1114112K
  class space    used 1620K, committed 1728K, reserved 1048576K
}
Event: 0.902 GC heap before
{Heap before GC invocations=2 (full 0):
 garbage-first heap   total 524288K, used 59786K [0x0000000602c00000, 0x0000000800000000)
  region size 4096K, 15 young (61440K), 1 survivors (4096K)
 Metaspace       used 21228K, committed 21504K, reserved 1114112K
  class space    used 2893K, committed 3008K, reserved 1048576K
}
Event: 0.905 GC heap after
{Heap after GC invocations=3 (full 0):
 garbage-first heap   total 524288K, used 10927K [0x0000000602c00000, 0x0000000800000000)
  region size 4096K, 2 young (8192K), 2 survivors (8192K)
 Metaspace       used 21228K, committed 21504K, reserved 1114112K
  class space    used 2893K, committed 3008K, reserved 1048576K
}
Event: 1.235 GC heap before
{Heap before GC invocations=4 (full 0):
 garbage-first heap   total 69632K, used 47791K [0x0000000602c00000, 0x0000000800000000)
  region size 4096K, 12 young (49152K), 2 survivors (8192K)
 Metaspace       used 26909K, committed 27392K, reserved 1114112K
  class space    used 3700K, committed 3904K, reserved 1048576K
}
Event: 1.238 GC heap after
{Heap after GC invocations=5 (full 0):
 garbage-first heap   total 69632K, used 14433K [0x0000000602c00000, 0x0000000800000000)
  region size 4096K, 1 young (4096K), 1 survivors (4096K)
 Metaspace       used 26909K, committed 27392K, reserved 1114112K
  class space    used 3700K, committed 3904K, reserved 1048576K
}
Event: 1.277 GC heap before
{Heap before GC invocations=5 (full 0):
 garbage-first heap   total 69632K, used 18529K [0x0000000602c00000, 0x0000000800000000)
  region size 4096K, 2 young (8192K), 1 survivors (4096K)
 Metaspace       used 27702K, committed 28224K, reserved 1114112K
  class space    used 3805K, committed 4032K, reserved 1048576K
}
Event: 1.279 GC heap after
{Heap after GC invocations=6 (full 0):
 garbage-first heap   total 69632K, used 15006K [0x0000000602c00000, 0x0000000800000000)
  region size 4096K, 1 young (4096K), 1 survivors (4096K)
 Metaspace       used 27702K, committed 28224K, reserved 1114112K
  class space    used 3805K, committed 4032K, reserved 1048576K
}

Dll operation events (15 events):
Event: 0.008 Loaded shared library C:\Users\ok10p\.jdks\corretto-17.0.13\bin\java.dll
Event: 0.022 Loaded shared library C:\Users\ok10p\.jdks\corretto-17.0.13\bin\jsvml.dll
Event: 0.067 Loaded shared library C:\Users\ok10p\.jdks\corretto-17.0.13\bin\zip.dll
Event: 0.070 Loaded shared library C:\Users\ok10p\.jdks\corretto-17.0.13\bin\instrument.dll
Event: 0.073 Loaded shared library C:\Users\ok10p\.jdks\corretto-17.0.13\bin\net.dll
Event: 0.075 Loaded shared library C:\Users\ok10p\.jdks\corretto-17.0.13\bin\nio.dll
Event: 0.078 Loaded shared library C:\Users\ok10p\.jdks\corretto-17.0.13\bin\zip.dll
Event: 0.102 Loaded shared library C:\Program Files\JetBrains\IntelliJ IDEA 2023.3.6\bin\breakgen64.dll
Event: 0.104 Loaded shared library C:\Users\ok10p\.jdks\corretto-17.0.13\bin\jimage.dll
Event: 0.109 Loaded shared library C:\Users\ok10p\.jdks\corretto-17.0.13\bin\extnet.dll
Event: 0.116 Loaded shared library C:\Users\ok10p\.jdks\corretto-17.0.13\bin\management.dll
Event: 0.121 Loaded shared library C:\Users\ok10p\.jdks\corretto-17.0.13\bin\management_ext.dll
Event: 0.637 Loaded shared library C:\Users\ok10p\.jdks\corretto-17.0.13\bin\sunmscapi.dll
Event: 1.128 Loaded shared library D:\Dev\Capstone_Design_II\JNI.dll
Event: 20.749 Loaded shared library C:\Users\ok10p\.jdks\corretto-17.0.13\bin\awt.dll

Deoptimization events (4 events):
Event: 1.100 Thread 0x00000282d81aa6d0 DEOPT PACKING pc=0x00000282e029da89 sp=0x00000083f5dfe730
Event: 1.100 Thread 0x00000282d81aa6d0 DEOPT UNPACKING pc=0x00000282dfd37143 sp=0x00000083f5dfdbc0 mode 3
Event: 1.100 Thread 0x00000282fe2a8e90 DEOPT PACKING pc=0x00000282e023d19f sp=0x00000083f82feee0
Event: 1.100 Thread 0x00000282fe2a8e90 DEOPT UNPACKING pc=0x00000282dfd37143 sp=0x00000083f82fe338 mode 3

Classes loaded (20 events):
Event: 20.756 Loading class java/awt/Toolkit$4
Event: 20.756 Loading class java/awt/Toolkit$4 done
Event: 20.756 Loading class java/util/ResourceBundle$3
Event: 20.756 Loading class java/util/ResourceBundle$3 done
Event: 20.756 Loading class sun/awt/resources/awt
Event: 20.756 Loading class sun/awt/resources/awt done
Event: 20.756 Loading class sun/awt/resources/awt_ko
Event: 20.756 Loading class sun/awt/resources/awt_ko done
Event: 20.756 Loading class sun/awt/resources/awt_ko_KR
Event: 20.756 Loading class sun/awt/resources/awt_ko_KR done
Event: 20.756 Loading class sun/awt/resources/awt_ko_KR
Event: 20.756 Loading class sun/awt/resources/awt_ko_KR done
Event: 20.756 Loading class java/awt/Toolkit$2
Event: 20.756 Loading class java/awt/Toolkit$2 done
Event: 20.757 Loading class java/awt/Toolkit$1
Event: 20.757 Loading class java/awt/Toolkit$1 done
Event: 20.758 Loading class java/awt/Insets
Event: 20.758 Loading class java/awt/Insets done
Event: 20.758 Loading class java/awt/GraphicsEnvironment
Event: 20.758 Loading class java/awt/GraphicsEnvironment done

Classes unloaded (0 events):
No events

Classes redefined (0 events):
No events

Internal exceptions (20 events):
Event: 1.042 Thread 0x00000282d81aa6d0 Exception <a 'java/lang/NoSuchMethodError'{0x00000006050f2a68}: 'java.lang.Object java.lang.invoke.DirectMethodHandle$Holder.invokeSpecial(java.lang.Object, java.lang.Object, long, java.lang.Object, java.lang.Object, java.lang.Object, java.lang.Object, java.lang.Object, java.lang.Object)'> (0x00000006050f2a68) 
thrown [s\src\hotspot\share\interpreter\linkResolver.cpp, line 759]
Event: 1.042 Thread 0x00000282d81aa6d0 Exception <a 'java/lang/NoSuchMethodError'{0x00000006050f7590}: 'java.lang.Object java.lang.invoke.DelegatingMethodHandle$Holder.reinvoke_L(java.lang.Object, long, java.lang.Object, java.lang.Object, java.lang.Object, java.lang.Object, java.lang.Object, java.lang.Object)'> (0x00000006050f7590) 
thrown [s\src\hotspot\share\interpreter\linkResolver.cpp, line 759]
Event: 1.045 Thread 0x00000282fe262020 Exception <a 'java/lang/ClassNotFoundException'{0x0000000605080fc8}: javax/management/remote/rmi/RMIConnectionImpl_Skel> (0x0000000605080fc8) 
thrown [s\src\hotspot\share\classfile\systemDictionary.cpp, line 256]
Event: 1.048 Thread 0x00000282fe262020 Exception <a 'java/lang/reflect/InvocationTargetException'{0x00000006053d1bc0}> (0x00000006053d1bc0) 
thrown [s\src\hotspot\share\runtime\reflection.cpp, line 1128]
Event: 1.049 Thread 0x00000282fe262020 Exception <a 'java/lang/NoSuchMethodError'{0x00000006053fb698}: static [Ljava/lang/StackTraceElement;.<clinit>()V> (0x00000006053fb698) 
thrown [s\src\hotspot\share\prims\jni.cpp, line 1112]
Event: 1.061 Thread 0x00000282d81aa6d0 Exception <a 'java/io/FileNotFoundException'{0x000000060525d170}> (0x000000060525d170) 
thrown [s\src\hotspot\share\prims\jni.cpp, line 516]
Event: 1.061 Thread 0x00000282d81aa6d0 Exception <a 'java/io/FileNotFoundException'{0x000000060525e560}> (0x000000060525e560) 
thrown [s\src\hotspot\share\prims\jni.cpp, line 516]
Event: 1.073 Thread 0x00000282d81aa6d0 Exception <a 'java/lang/NoSuchMethodError'{0x0000000604d8d278}: 'int java.lang.invoke.DirectMethodHandle$Holder.invokeInterface(java.lang.Object, java.lang.Object, java.lang.Object, java.lang.Object)'> (0x0000000604d8d278) 
thrown [s\src\hotspot\share\interpreter\linkResolver.cpp, line 759]
Event: 1.093 Thread 0x00000282d81aa6d0 Exception <a 'java/lang/NoSuchMethodError'{0x0000000604f68590}: 'long java.lang.invoke.DirectMethodHandle$Holder.invokeVirtual(java.lang.Object, java.lang.Object)'> (0x0000000604f68590) 
thrown [s\src\hotspot\share\interpreter\linkResolver.cpp, line 759]
Event: 1.145 Thread 0x00000282d81aa6d0 Exception <a 'sun/nio/fs/WindowsException'{0x000000060495a0b8}> (0x000000060495a0b8) 
thrown [s\src\hotspot\share\prims\jni.cpp, line 516]
Event: 1.230 Thread 0x00000282d81aa6d0 Exception <a 'java/lang/IncompatibleClassChangeError'{0x000000060437c6e0}: Found class java.lang.Object, but interface was expected> (0x000000060437c6e0) 
thrown [s\src\hotspot\share\interpreter\linkResolver.cpp, line 826]
Event: 1.245 Thread 0x00000282d81aa6d0 Exception <a 'java/lang/NoSuchMethodError'{0x00000006228a3db8}: 'void java.lang.invoke.DirectMethodHandle$Holder.invokeVirtual(java.lang.Object, java.lang.Object, long)'> (0x00000006228a3db8) 
thrown [s\src\hotspot\share\interpreter\linkResolver.cpp, line 759]
Event: 1.273 Thread 0x00000282d81aa6d0 Exception <a 'java/lang/NoSuchMethodError'{0x0000000622b99a80}: 'int java.lang.invoke.DirectMethodHandle$Holder.invokeStaticInit(java.lang.Object, java.lang.Object, java.lang.Object, java.lang.Object)'> (0x0000000622b99a80) 
thrown [s\src\hotspot\share\interpreter\linkResolver.cpp, line 759]
Event: 1.302 Thread 0x00000282d81aa6d0 Exception <a 'java/lang/NoSuchMethodError'{0x0000000622a57920}: 'java.lang.Object java.lang.invoke.DirectMethodHandle$Holder.newInvokeSpecial(java.lang.Object, java.lang.Object, int, java.lang.Object, java.lang.Object)'> (0x0000000622a57920) 
thrown [s\src\hotspot\share\interpreter\linkResolver.cpp, line 759]
Event: 4.309 Thread 0x00000282fe2a98b0 Exception <a 'java/lang/NoSuchMethodError'{0x000000061eae89c8}: 'java.lang.Object java.lang.invoke.DirectMethodHandle$Holder.invokeSpecial(java.lang.Object, java.lang.Object, java.lang.Object, java.lang.Object, java.lang.Object, long)'> (0x000000061eae89c8) 
thrown [s\src\hotspot\share\interpreter\linkResolver.cpp, line 759]
Event: 4.309 Thread 0x00000282fe2a98b0 Exception <a 'java/lang/NoSuchMethodError'{0x000000061eaec408}: 'java.lang.Object java.lang.invoke.Invokers$Holder.linkToTargetMethod(java.lang.Object, java.lang.Object, java.lang.Object, long, java.lang.Object)'> (0x000000061eaec408) 
thrown [s\src\hotspot\share\interpreter\linkResolver.cpp, line 759]
Event: 4.347 Thread 0x00000282fe2a98b0 Exception <a 'java/lang/NoSuchMethodError'{0x00000006061e1b60}: 'java.lang.Object java.lang.invoke.DirectMethodHandle$Holder.invokeStatic(java.lang.Object, int, int)'> (0x00000006061e1b60) 
thrown [s\src\hotspot\share\interpreter\linkResolver.cpp, line 759]
Event: 20.756 Thread 0x00000282fe2a7f60 Exception <a 'java/lang/ClassNotFoundException'{0x0000000605889e40}: sun/awt/resources/spi/awtProvider> (0x0000000605889e40) 
thrown [s\src\hotspot\share\classfile\systemDictionary.cpp, line 256]
Event: 20.757 Thread 0x00000282fe2a7f60 Exception <a 'java/io/FileNotFoundException'{0x0000000605894040}> (0x0000000605894040) 
thrown [s\src\hotspot\share\prims\jni.cpp, line 516]
Event: 20.758 Thread 0x00000282fe2a7f60 Exception <a 'java/io/FileNotFoundException'{0x0000000605895a20}> (0x0000000605895a20) 
thrown [s\src\hotspot\share\prims\jni.cpp, line 516]

VM Operations (20 events):
Event: 2.290 Executing VM operation: Cleanup
Event: 2.290 Executing VM operation: Cleanup done
Event: 4.318 Executing VM operation: HandshakeAllThreads
Event: 4.318 Executing VM operation: HandshakeAllThreads done
Event: 4.341 Executing VM operation: HandshakeAllThreads
Event: 4.341 Executing VM operation: HandshakeAllThreads done
Event: 4.341 Executing VM operation: Cleanup
Event: 4.341 Executing VM operation: Cleanup done
Event: 4.427 Executing VM operation: HandshakeAllThreads
Event: 4.427 Executing VM operation: HandshakeAllThreads done
Event: 4.449 Executing VM operation: HandshakeAllThreads
Event: 4.449 Executing VM operation: HandshakeAllThreads done
Event: 5.459 Executing VM operation: Cleanup
Event: 5.459 Executing VM operation: Cleanup done
Event: 20.707 Executing VM operation: HandshakeAllThreads
Event: 20.708 Executing VM operation: HandshakeAllThreads done
Event: 20.708 Executing VM operation: Cleanup
Event: 20.708 Executing VM operation: Cleanup done
Event: 21.713 Executing VM operation: Cleanup
Event: 21.713 Executing VM operation: Cleanup done

Memory protections (0 events):
No events

Nmethod flushes (0 events):
No events

Events (20 events):
Event: 1.307 Thread 0x00000282d81aa6d0 Thread added: 0x00000282fe2ab200
Event: 1.307 Thread 0x00000282d81aa6d0 Thread added: 0x00000282fe2a7a50
Event: 1.307 Thread 0x00000282d81aa6d0 Thread added: 0x00000282fe2a7f60
Event: 1.307 Thread 0x00000282d81aa6d0 Thread added: 0x00000282fe2a8470
Event: 1.307 Thread 0x00000282d81aa6d0 Thread added: 0x00000282febb64c0
Event: 1.314 Thread 0x00000282d81aa6d0 Thread added: 0x00000282febb4b70
Event: 1.315 Thread 0x00000282d81aa6d0 Thread added: 0x00000282febb5590
Event: 1.322 Thread 0x00000282d81aa6d0 Thread exited: 0x00000282d81aa6d0
Event: 1.322 Thread 0x00000282febb5fb0 Thread added: 0x00000282febb5fb0
Event: 1.552 Thread 0x00000282fe262020 Thread added: 0x00000282febb5aa0
Event: 1.556 Thread 0x00000282febb5aa0 Thread exited: 0x00000282febb5aa0
Event: 1.557 Thread 0x00000282fe262020 Thread added: 0x00000282febb3730
Event: 1.559 Thread 0x00000282febb3730 Thread exited: 0x00000282febb3730
Event: 1.560 Thread 0x00000282fe262020 Thread added: 0x00000282febb6ee0
Event: 1.565 Thread 0x00000282febb6ee0 Thread exited: 0x00000282febb6ee0
Event: 4.309 Thread 0x00000282f8d25560 Thread exited: 0x00000282f8d25560
Event: 9.472 Thread 0x00000282f8d24720 Thread exited: 0x00000282f8d24720
Event: 9.472 Thread 0x00000282f8d24c40 Thread exited: 0x00000282f8d24c40
Event: 20.736 Thread 0x00000282fe2a7f60 Thread added: 0x00000282febb3730
Event: 22.167 Thread 0x00000282febb9c70 Thread added: 0x00000282febb9c70


Dynamic libraries:
0x00007ff7d66f0000 - 0x00007ff7d66fe000 	C:\Users\ok10p\.jdks\corretto-17.0.13\bin\java.exe
0x00007ffd04370000 - 0x00007ffd04568000 	C:\Windows\SYSTEM32\ntdll.dll
0x00007ffd04230000 - 0x00007ffd042f2000 	C:\Windows\System32\KERNEL32.DLL
0x00007ffd01c60000 - 0x00007ffd01f5e000 	C:\Windows\System32\KERNELBASE.dll
0x00007ffd02170000 - 0x00007ffd02270000 	C:\Windows\System32\ucrtbase.dll
0x00007ffc42ca0000 - 0x00007ffc42cbb000 	C:\Users\ok10p\.jdks\corretto-17.0.13\bin\VCRUNTIME140.dll
0x00007ffc47b20000 - 0x00007ffc47b37000 	C:\Users\ok10p\.jdks\corretto-17.0.13\bin\jli.dll
0x00007ffd03e80000 - 0x00007ffd0401d000 	C:\Windows\System32\USER32.dll
0x00007ffd02360000 - 0x00007ffd02382000 	C:\Windows\System32\win32u.dll
0x00007ffd04300000 - 0x00007ffd0432b000 	C:\Windows\System32\GDI32.dll
0x00007ffd01a80000 - 0x00007ffd01b97000 	C:\Windows\System32\gdi32full.dll
0x00007ffd022c0000 - 0x00007ffd0235d000 	C:\Windows\System32\msvcp_win.dll
0x00007ffcf80c0000 - 0x00007ffcf835a000 	C:\Windows\WinSxS\amd64_microsoft.windows.common-controls_6595b64144ccf1df_6.0.19041.4355_none_60b8b9eb71f62e16\COMCTL32.dll
0x00007ffd02460000 - 0x00007ffd024fe000 	C:\Windows\System32\msvcrt.dll
0x00007ffd03130000 - 0x00007ffd0315f000 	C:\Windows\System32\IMM32.DLL
0x00007ffcd8640000 - 0x00007ffcd864c000 	C:\Users\ok10p\.jdks\corretto-17.0.13\bin\vcruntime140_1.dll
0x00007ffc42c10000 - 0x00007ffc42c9d000 	C:\Users\ok10p\.jdks\corretto-17.0.13\bin\msvcp140.dll
0x00007ffc41fa0000 - 0x00007ffc42c0c000 	C:\Users\ok10p\.jdks\corretto-17.0.13\bin\server\jvm.dll
0x00007ffd02740000 - 0x00007ffd027f1000 	C:\Windows\System32\ADVAPI32.dll
0x00007ffd03cc0000 - 0x00007ffd03d5f000 	C:\Windows\System32\sechost.dll
0x00007ffd02500000 - 0x00007ffd02623000 	C:\Windows\System32\RPCRT4.dll
0x00007ffd01c30000 - 0x00007ffd01c57000 	C:\Windows\System32\bcrypt.dll
0x00007ffd03240000 - 0x00007ffd032ab000 	C:\Windows\System32\WS2_32.dll
0x00007ffd01060000 - 0x00007ffd010ab000 	C:\Windows\SYSTEM32\POWRPROF.dll
0x00007ffcf5ca0000 - 0x00007ffcf5cc7000 	C:\Windows\SYSTEM32\WINMM.dll
0x00007ffcfb540000 - 0x00007ffcfb54a000 	C:\Windows\SYSTEM32\VERSION.dll
0x00007ffd01040000 - 0x00007ffd01052000 	C:\Windows\SYSTEM32\UMPDC.dll
0x00007ffcff870000 - 0x00007ffcff882000 	C:\Windows\SYSTEM32\kernel.appcore.dll
0x00007ffcd8430000 - 0x00007ffcd843a000 	C:\Users\ok10p\.jdks\corretto-17.0.13\bin\jimage.dll
0x00007ffcf5330000 - 0x00007ffcf5514000 	C:\Windows\SYSTEM32\DBGHELP.DLL
0x00007ffcf17b0000 - 0x00007ffcf17e4000 	C:\Windows\SYSTEM32\dbgcore.DLL
0x00007ffd01ba0000 - 0x00007ffd01c22000 	C:\Windows\System32\bcryptPrimitives.dll
0x00007ffcd6070000 - 0x00007ffcd607e000 	C:\Users\ok10p\.jdks\corretto-17.0.13\bin\instrument.dll
0x00007ffc41f70000 - 0x00007ffc41f95000 	C:\Users\ok10p\.jdks\corretto-17.0.13\bin\java.dll
0x00007ffc41e90000 - 0x00007ffc41f67000 	C:\Users\ok10p\.jdks\corretto-17.0.13\bin\jsvml.dll
0x00007ffd02800000 - 0x00007ffd02f6d000 	C:\Windows\System32\SHELL32.dll
0x00007ffcffa70000 - 0x00007ffd00214000 	C:\Windows\SYSTEM32\windows.storage.dll
0x00007ffd03890000 - 0x00007ffd03be3000 	C:\Windows\System32\combase.dll
0x00007ffd01360000 - 0x00007ffd0138e000 	C:\Windows\SYSTEM32\Wldp.dll
0x00007ffd037c0000 - 0x00007ffd0388d000 	C:\Windows\System32\OLEAUT32.dll
0x00007ffd02630000 - 0x00007ffd026dd000 	C:\Windows\System32\SHCORE.dll
0x00007ffd02390000 - 0x00007ffd023e5000 	C:\Windows\System32\shlwapi.dll
0x00007ffd01940000 - 0x00007ffd01964000 	C:\Windows\SYSTEM32\profapi.dll
0x00007ffc47d60000 - 0x00007ffc47d78000 	C:\Users\ok10p\.jdks\corretto-17.0.13\bin\zip.dll
0x00007ffc41e70000 - 0x00007ffc41e89000 	C:\Users\ok10p\.jdks\corretto-17.0.13\bin\net.dll
0x00007ffcfc050000 - 0x00007ffcfc15d000 	C:\Windows\SYSTEM32\WINHTTP.dll
0x00007ffd01140000 - 0x00007ffd011aa000 	C:\Windows\system32\mswsock.dll
0x00007ffc47d80000 - 0x00007ffc47d96000 	C:\Users\ok10p\.jdks\corretto-17.0.13\bin\nio.dll
0x00007ffcd6000000 - 0x00007ffcd601a000 	C:\Program Files\JetBrains\IntelliJ IDEA 2023.3.6\bin\breakgen64.dll
0x00007ffd00e10000 - 0x00007ffd00eda000 	C:\Windows\SYSTEM32\DNSAPI.dll
0x00007ffd00dd0000 - 0x00007ffd00e0b000 	C:\Windows\SYSTEM32\IPHLPAPI.DLL
0x00007ffd03720000 - 0x00007ffd03728000 	C:\Windows\System32\NSI.dll
0x00007ffcd7470000 - 0x00007ffcd7479000 	C:\Users\ok10p\.jdks\corretto-17.0.13\bin\extnet.dll
0x00007ffcf6f60000 - 0x00007ffcf6f6a000 	C:\Windows\System32\rasadhlp.dll
0x00007ffcfaa10000 - 0x00007ffcfaa90000 	C:\Windows\System32\fwpuclnt.dll
0x00007ffcd6060000 - 0x00007ffcd6069000 	C:\Users\ok10p\.jdks\corretto-17.0.13\bin\management.dll
0x00007ffcd5320000 - 0x00007ffcd532b000 	C:\Users\ok10p\.jdks\corretto-17.0.13\bin\management_ext.dll
0x00007ffd02f70000 - 0x00007ffd02f78000 	C:\Windows\System32\PSAPI.DLL
0x00007ffd016a0000 - 0x00007ffd016b8000 	C:\Windows\SYSTEM32\CRYPTSP.dll
0x00007ffd009b0000 - 0x00007ffd009e4000 	C:\Windows\system32\rsaenh.dll
0x00007ffd018c0000 - 0x00007ffd018ee000 	C:\Windows\SYSTEM32\USERENV.dll
0x00007ffd012d0000 - 0x00007ffd012dc000 	C:\Windows\SYSTEM32\CRYPTBASE.dll
0x00007ffcfd0c0000 - 0x00007ffcfd0d7000 	C:\Windows\SYSTEM32\dhcpcsvc6.DLL
0x00007ffcfd0a0000 - 0x00007ffcfd0bd000 	C:\Windows\SYSTEM32\dhcpcsvc.DLL
0x00007ffcd8760000 - 0x00007ffcd8777000 	C:\Windows\system32\napinsp.dll
0x00007ffcd8740000 - 0x00007ffcd875b000 	C:\Windows\system32\pnrpnsp.dll
0x00007ffce6f80000 - 0x00007ffce6f95000 	C:\Windows\system32\wshbth.dll
0x00007ffcfcbe0000 - 0x00007ffcfcbfd000 	C:\Windows\system32\NLAapi.dll
0x00007ffcd8780000 - 0x00007ffcd8792000 	C:\Windows\System32\winrnr.dll
0x00007ffcd5310000 - 0x00007ffcd531e000 	C:\Users\ok10p\.jdks\corretto-17.0.13\bin\sunmscapi.dll
0x00007ffd02010000 - 0x00007ffd0216c000 	C:\Windows\System32\CRYPT32.dll
0x00007ffd013d0000 - 0x00007ffd013f7000 	C:\Windows\SYSTEM32\ncrypt.dll
0x00007ffd01390000 - 0x00007ffd013cb000 	C:\Windows\SYSTEM32\NTASN1.dll
0x00007ffcb0360000 - 0x00007ffcb038f000 	D:\Dev\Capstone_Design_II\JNI.dll
0x00007ffcad7f0000 - 0x00007ffcad81b000 	C:\Windows\SYSTEM32\VCRUNTIME140D.dll
0x00007ffc47840000 - 0x00007ffc4794a000 	D:\Dev\Capstone_Design_II\winpr3.dll
0x00007ffc47500000 - 0x00007ffc4761c000 	D:\Dev\Capstone_Design_II\freerdp-client3.dll
0x00007ffc74370000 - 0x00007ffc74723000 	D:\Dev\Capstone_Design_II\freerdp3.dll
0x00007ffc15ad0000 - 0x00007ffc15c97000 	C:\Windows\SYSTEM32\ucrtbased.dll
0x00007ffd03000000 - 0x00007ffd0312b000 	C:\Windows\System32\ole32.dll
0x00007ffc9f660000 - 0x00007ffc9f6a0000 	C:\Windows\SYSTEM32\libcjson.dll
0x00007ffcf8010000 - 0x00007ffcf80b4000 	C:\Windows\SYSTEM32\WINSPOOL.DRV
0x00007ffc87c60000 - 0x00007ffc87cb4000 	C:\Windows\SYSTEM32\libzlib.dll
0x00007ffce1f50000 - 0x00007ffce1f69000 	C:\Windows\SYSTEM32\credui.dll
0x00007ffc0dd40000 - 0x00007ffc0e233000 	C:\msys64\mingw64\bin\libcrypto-3-x64.dll
0x00007ffc47400000 - 0x00007ffc474f9000 	C:\msys64\mingw64\bin\libssl-3-x64.dll
0x00007ffce6fb0000 - 0x00007ffce6fb7000 	C:\Windows\system32\wshunix.dll
0x00007ffc10760000 - 0x00007ffc108f0000 	C:\Users\ok10p\.jdks\corretto-17.0.13\bin\awt.dll
0x00007ffcfebe0000 - 0x00007ffcfec74000 	C:\Windows\SYSTEM32\apphelp.dll
0x00007ffc73a80000 - 0x00007ffc73aa4000 	C:\msys64\mingw64\bin\ZLIB1.dll
0x00007ffc47bd0000 - 0x00007ffc47bf7000 	C:\msys64\mingw64\lib\ossl-modules\legacy.dll
0x00007ffce50c0000 - 0x00007ffce50cc000 	C:\Windows\SYSTEM32\secur32.dll
0x00007ffd018f0000 - 0x00007ffd01922000 	C:\Windows\SYSTEM32\SSPICLI.DLL
0x00007ffd010b0000 - 0x00007ffd0113b000 	C:\Windows\system32\msv1_0.DLL
0x00007ffd01740000 - 0x00007ffd01754000 	C:\Windows\SYSTEM32\NtlmShared.dll
0x00007ffd01720000 - 0x00007ffd01735000 	C:\Windows\SYSTEM32\cryptdll.dll

dbghelp: loaded successfully - version: 4.0.5 - missing functions: none
symbol engine: initialized successfully - sym options: 0x614 - pdb path: .;C:\Users\ok10p\.jdks\corretto-17.0.13\bin;C:\Windows\SYSTEM32;C:\Windows\WinSxS\amd64_microsoft.windows.common-controls_6595b64144ccf1df_6.0.19041.4355_none_60b8b9eb71f62e16;C:\Users\ok10p\.jdks\corretto-17.0.13\bin\server;C:\Program Files\JetBrains\IntelliJ IDEA 2023.3.6\bin;D:\Dev\Capstone_Design_II;C:\msys64\mingw64\bin;C:\msys64\mingw64\lib\ossl-modules

VM Arguments:
jvm_args: -XX:TieredStopAtLevel=1 -Dspring.output.ansi.enabled=always -Dcom.sun.management.jmxremote -Dspring.jmx.enabled=true -Dspring.liveBeansView.mbeanDomain -Dspring.application.admin.enabled=true -Dmanagement.endpoints.jmx.exposure.include=* -javaagent:C:\Program Files\JetBrains\IntelliJ IDEA 2023.3.6\lib\idea_rt.jar=60617:C:\Program Files\JetBrains\IntelliJ IDEA 2023.3.6\bin -Dfile.encoding=UTF-8 
java_command: com.freerdp.FreeRDPApplication
java_class_path (initial): D:\Dev\Capstone_Design_II\build\classes\java\main;D:\Dev\Capstone_Design_II\build\resources\main;C:\Users\ok10p\.gradle\caches\modules-2\files-2.1\org.projectlombok\lombok\1.18.34\ec547ef414ab1d2c040118fb9c1c265ada63af14\lombok-1.18.34.jar;C:\Users\ok10p\.gradle\caches\modules-2\files-2.1\org.springframework.boot\spring-boot-starter-websocket\3.3.5\f34b2713e59c3717f654eeaea7a4aa0771738d4f\spring-boot-starter-websocket-3.3.5.jar;C:\Users\ok10p\.gradle\caches\modules-2\files-2.1\org.springframework.boot\spring-boot-starter-web\3.3.5\51cc6cd5fb15f4eecfadea4ac689ed290e65c2cc\spring-boot-starter-web-3.3.5.jar;C:\Users\ok10p\.gradle\caches\modules-2\files-2.1\org.springframework\spring-websocket\6.1.14\bb2335356845bf703234fea83fcfa032b759c99\spring-websocket-6.1.14.jar;C:\Users\ok10p\.gradle\caches\modules-2\files-2.1\org.springframework\spring-messaging\6.1.14\97e6f282fc94bfaec4d0146511727186452a0af\spring-messaging-6.1.14.jar;C:\Users\ok10p\.gradle\caches\modules-2\files-2.1\org.springframework.boot\spring-boot-starter-json\3.3.5\a92dd0bc808c9de278bc62bc37db4e409027657a\spring-boot-starter-json-3.3.5.jar;C:\Users\ok10p\.gradle\caches\modules-2\files-2.1\org.springframework.boot\spring-boot-starter\3.3.5\16b7a9acf1918a8f763e871ada3794e9ffd4a980\spring-boot-starter-3.3.5.jar;C:\Users\ok10p\.gradle\caches\modules-2\files-2.1\org.springframework.boot\spring-boot-starter-tomcat\3.3.5\9fcf404e2efc06612af0c194e6d4f4162c6aac24\spring-boot-starter-tomcat-3.3.5.jar;C:\Users\ok10p\.gradle\caches\modules-2\files-2.1\org.springframework\spring-webmvc\6.1.14\804478303aac6f91ea566efd4fef3dc06380528a\spring-webmvc-6.1.14.jar;C:\Users\ok10p\.gradle\caches\modules-2\files-2.1\org.springframework\spring-web\6.1.14\b45eaad7df4f37ce224acdcb555a6a3dd5c246b2\spring-web-6.1.14.jar;C:\Users\ok10p\.gradle\caches\modules-2\files-2.1\org.springframework\spring-context\6.1.14\b3d96fb4310376a608465c3544b7cfb790293787\spring-context-6.1.14.jar;C:\Users\ok10p\.gradle\cache
Launcher Type: SUN_STANDARD

[Global flags]
     intx CICompilerCount                          = 4                                         {product} {ergonomic}
     uint ConcGCThreads                            = 3                                         {product} {ergonomic}
     uint G1ConcRefinementThreads                  = 10                                        {product} {ergonomic}
   size_t G1HeapRegionSize                         = 4194304                                   {product} {ergonomic}
    uintx GCDrainStackTargetSize                   = 64                                        {product} {ergonomic}
   size_t InitialHeapSize                          = 536870912                                 {product} {ergonomic}
     bool ManagementServer                         = true                                      {product} {command line}
   size_t MarkStackSize                            = 4194304                                   {product} {ergonomic}
   size_t MaxHeapSize                              = 8543797248                                {product} {ergonomic}
   size_t MaxNewSize                               = 5125439488                                {product} {ergonomic}
   size_t MinHeapDeltaBytes                        = 4194304                                   {product} {ergonomic}
   size_t MinHeapSize                              = 8388608                                   {product} {ergonomic}
    uintx NonProfiledCodeHeapSize                  = 0                                      {pd product} {ergonomic}
     bool ProfileInterpreter                       = false                                  {pd product} {command line}
    uintx ProfiledCodeHeapSize                     = 0                                      {pd product} {ergonomic}
   size_t SoftMaxHeapSize                          = 8543797248                             {manageable} {ergonomic}
     intx TieredStopAtLevel                        = 1                                         {product} {command line}
     bool UseCompressedClassPointers               = true                           {product lp64_product} {ergonomic}
     bool UseCompressedOops                        = true                           {product lp64_product} {ergonomic}
     bool UseG1GC                                  = true                                      {product} {ergonomic}
     bool UseLargePagesIndividualAllocation        = false                                  {pd product} {ergonomic}

Logging:
Log output configuration:
 #0: stdout all=warning uptime,level,tags
 #1: stderr all=off uptime,level,tags

Environment Variables:
JAVA_HOME=C:\Program Files\Java\jdk-19
CLASSPATH=C:\Program Files\Java\jdk-19\lib
PATH=C:\Program Files\NVIDIA GPU Computing Toolkit\CUDA\v12.3\bin;C:\Program Files\NVIDIA GPU Computing Toolkit\CUDA\v12.3\libnvvp;C:\Windows\system32;C:\Windows;C:\Windows\System32\Wbem;C:\Windows\System32\WindowsPowerShell\v1.0\;C:\Windows\System32\OpenSSH\;C:\Program Files\Bandizip\;C:\Program Files\MATLAB\R2022a\bin;C:\Program Files\Java\jdk-19\bin;C:\Program Files\PuTTY\;C:\Users\ok10p\AppData\Local\Packages\PythonSoftwareFoundation.Python.3.11_qbz5n2kfra8p0\LocalCache\local-packages\Python311\site-packages;C:\Program Files\Docker\Docker\resources\bin;C:\Program Files\NVIDIA Corporation\Nsight Compute 2023.3.0\;C:\Program Files (x86)\NVIDIA Corporation\PhysX\Common;C:\Program Files\NVIDIA Corporation\NVIDIA NvDLISR;C:\Program Files\Git\cmd;C:\msys64;C:\msys64\usr\bin;C:\msys64\mingw64\bin;C:\Program Files\CMake\bin;D:\Dev\install\ffmpeg-2024-10-24-git-153a6dc8fa-full_build\bin;D:\Dev\install\OpenSSL-Win64\bin;C:\Users\ok10p\anaconda3;C:\Users\ok10p\anaconda3\Library\mingw-w64\bin;C:\Users\ok10p\anaconda3\Library\usr\bin;C:\Users\ok10p\anaconda3\Library\bin;C:\Users\ok10p\anaconda3\Scripts;C:\Users\ok10p\AppData\Local\Microsoft\WindowsApps;C:\Users\ok10p\AppData\Local\GitHubDesktop\bin;C:\Users\ok10p\AppData\Local\Programs\Microsoft VS Code\bin;C:\Program Files\Java\jdk-22\bin;C:\Program Files\JetBrains\IntelliJ IDEA 2023.3.6\bin;;C:\msys64\ucrt64\bin;
USERNAME=ok10p
OS=Windows_NT
PROCESSOR_IDENTIFIER=Intel64 Family 6 Model 151 Stepping 5, GenuineIntel
TMP=C:\Users\ok10p\AppData\Local\Temp
TEMP=C:\Users\ok10p\AppData\Local\Temp



Periodic native trim disabled


---------------  S Y S T E M  ---------------

OS:
 Windows 10 , 64 bit Build 19041 (10.0.19041.5072)
OS uptime: 3 days 22:45 hours
Hyper-V role detected

CPU: total 12 (initial active 12) (6 cores per cpu, 2 threads per core) family 6 model 151 stepping 5 microcode 0xf, cx8, cmov, fxsr, ht, mmx, 3dnowpref, sse, sse2, sse3, ssse3, sse4.1, sse4.2, popcnt, lzcnt, tsc, tscinvbit, avx, avx2, aes, erms, clmul, bmi1, bmi2, adx, sha, fma, vzeroupper, clflush, clflushopt, clwb, hv
Processor Information for all 12 processors :
  Max Mhz: 2500, Current Mhz: 2500, Mhz Limit: 2500

Memory: 4k page, system-wide physical 32578M (17854M free)
TotalPageFile size 34626M (AvailPageFile size 15722M)
current process WorkingSet (physical memory assigned to process): 271M, peak: 271M
current process commit charge ("private bytes"): 342M, peak: 650M

vm_info: OpenJDK 64-Bit Server VM (17.0.13+11-LTS) for windows-amd64 JRE (17.0.13+11-LTS), built on Oct 10 2024 19:51:30 by "Administrator" with MS VC++ 16.10 / 16.11 (VS2019)

END.
